2024-07-02 19:00:21,801{GMT}	INFO	[jepsen test runner] jepsen.core: Test version b3926f177e3be377c9798eaa8d8491acc2e57ecd (plus uncommitted changes)
2024-07-02 19:00:21,802{GMT}	INFO	[jepsen test runner] jepsen.core: Command line:
lein run test -w broadcast --bin /go/bin/broadcast --node-count 5 --time-limit 20 --rate 10 --nemesis partition
2024-07-02 19:00:21,928{GMT}	INFO	[jepsen test runner] jepsen.core: Running test:
{:args []
 :remote
 #jepsen.control.retry.Remote{:remote #jepsen.control.scp.Remote{:cmd-remote #jepsen.control.sshj.SSHJRemote{:concurrency-limit 6,
                                                                                                             :conn-spec nil,
                                                                                                             :client nil,
                                                                                                             :semaphore nil},
                                                                 :conn-spec nil},
                              :conn nil}
 :log-net-send false
 :node-count 5
 :availability nil
 :max-txn-length 4
 :concurrency 5
 :db
 #object[maelstrom.db$db$reify__16142
         "0x41d1bcbd"
         "maelstrom.db$db$reify__16142@41d1bcbd"]
 :max-writes-per-key 16
 :leave-db-running? false
 :name "broadcast"
 :logging-json? false
 :start-time
 #object[org.joda.time.DateTime "0x24a696c0" "2024-07-02T19:00:21.758Z"]
 :nemesis-interval 10
 :net
 #object[maelstrom.net$jepsen_net$reify__15251
         "0x78fb4f7f"
         "maelstrom.net$jepsen_net$reify__15251@78fb4f7f"]
 :client
 #object[maelstrom.workload.broadcast$client$reify__16644
         "0x6a7c1725"
         "maelstrom.workload.broadcast$client$reify__16644@6a7c1725"]
 :barrier
 #object[java.util.concurrent.CyclicBarrier
         "0x756476a3"
         "java.util.concurrent.CyclicBarrier@756476a3"]
 :log-stderr false
 :pure-generators true
 :ssh {:dummy? true}
 :rate 10.0
 :checker
 #object[jepsen.checker$compose$reify__11881
         "0x65e4ee59"
         "jepsen.checker$compose$reify__11881@65e4ee59"]
 :argv
 ("test"
  "-w"
  "broadcast"
  "--bin"
  "/go/bin/broadcast"
  "--node-count"
  "5"
  "--time-limit"
  "20"
  "--rate"
  "10"
  "--nemesis"
  "partition")
 :nemesis
 (jepsen.nemesis.ReflCompose
  {:fm {:start-partition 0,
        :stop-partition 0,
        :kill 1,
        :start 1,
        :pause 1,
        :resume 1},
   :nemeses [#unprintable "jepsen.nemesis.combined$partition_nemesis$reify__16416@4746d52d"
             #unprintable "jepsen.nemesis.combined$db_nemesis$reify__16397@4d0927df"]})
 :nodes ["n0" "n1" "n2" "n3" "n4"]
 :test-count 1
 :latency {:mean 0, :dist :constant}
 :bin "/go/bin/broadcast"
 :generator
 ((jepsen.generator.Synchronize
   {:gen (jepsen.generator.TimeLimit
          {:limit 20000000000,
           :cutoff nil,
           :gen (jepsen.generator.Any
                 {:gens [(jepsen.generator.OnThreads
                          {:f #{:nemesis},
                           :context-filter #object[jepsen.generator.context$make_thread_filter$lazy_filter__9167
                                                   "0x7e86ff3b"
                                                   "jepsen.generator.context$make_thread_filter$lazy_filter__9167@7e86ff3b"],
                           :gen (jepsen.generator.Stagger
                                 {:dt 20000000000,
                                  :next-time nil,
                                  :gen (jepsen.generator.FlipFlop
                                        {:gens [#object[jepsen.nemesis.combined$partition_package$start__16420
                                                        "0x4936dca9"
                                                        "jepsen.nemesis.combined$partition_package$start__16420@4936dca9"]
                                                ({:type :info,
                                                  :f :stop-partition,
                                                  :value nil}
                                                 {:type :info,
                                                  :f :stop-partition,
                                                  :value nil}
                                                 {:type :info,
                                                  :f :stop-partition,
                                                  :value nil}
                                                 {:type :info,
                                                  :f :stop-partition,
                                                  :value nil}
                                                 {:type :info,
                                                  :f :stop-partition,
                                                  :value nil}
                                                 {:type :info,
                                                  :f :stop-partition,
                                                  :value nil}
                                                 {:type :info,
                                                  :f :stop-partition,
                                                  :value nil}
                                                 {:type :info,
                                                  :f :stop-partition,
                                                  :value nil}
                                                 ...)],
                                         :i 0})})})
                         (jepsen.generator.OnThreads
                          {:f #jepsen.generator.context.AllBut{:element :nemesis},
                           :context-filter #object[jepsen.generator.context$make_thread_filter$lazy_filter__9167
                                                   "0x56de370d"
                                                   "jepsen.generator.context$make_thread_filter$lazy_filter__9167@56de370d"],
                           :gen (jepsen.generator.Stagger
                                 {:dt 200000000,
                                  :next-time nil,
                                  :gen (jepsen.generator.Mix
                                        {:i 0,
                                         :gens [({:f :broadcast, :value 0}
                                                 {:f :broadcast, :value 1}
                                                 {:f :broadcast, :value 2}
                                                 {:f :broadcast, :value 3}
                                                 {:f :broadcast, :value 4}
                                                 {:f :broadcast, :value 5}
                                                 {:f :broadcast, :value 6}
                                                 {:f :broadcast, :value 7}
                                                 ...)
                                                ({:f :read}
                                                 {:f :read}
                                                 {:f :read}
                                                 {:f :read}
                                                 {:f :read}
                                                 {:f :read}
                                                 {:f :read}
                                                 {:f :read}
                                                 ...)]})})})]})})})
  (jepsen.generator.Synchronize
   {:gen (jepsen.generator.OnThreads
          {:f #{:nemesis},
           :context-filter #object[jepsen.generator.context$make_thread_filter$lazy_filter__9167
                                   "0x1f6865ca"
                                   "jepsen.generator.context$make_thread_filter$lazy_filter__9167@1f6865ca"],
           :gen ({:type :info, :f :stop-partition, :value nil})})})
  (jepsen.generator.Synchronize
   {:gen {:type :log, :value "Waiting for recovery..."}})
  (jepsen.generator.Synchronize {:gen {:type :sleep, :value 10}})
  (jepsen.generator.Synchronize
   {:gen (jepsen.generator.OnThreads
          {:f #jepsen.generator.context.AllBut{:element :nemesis},
           :context-filter #object[jepsen.generator.context$make_thread_filter$lazy_filter__9167
                                   "0x6044311a"
                                   "jepsen.generator.context$make_thread_filter$lazy_filter__9167@6044311a"],
           :gen (jepsen.generator.EachThread
                 {:fresh-gen {:f :read, :final? true},
                  :context-filters #object[clojure.core$promise$reify__8591
                                           "0x7416b560"
                                           {:status :pending, :val nil}],
                  :gens {}})})}))
 :log-net-recv false
 :os
 #object[maelstrom.net$jepsen_os$reify__15254
         "0x53d782b0"
         "maelstrom.net$jepsen_os$reify__15254@53d782b0"]
 :time-limit 20
 :workload :broadcast
 :consistency-models [:strict-serializable]
 :topology :grid}

2024-07-02 19:00:24,252{GMT}	INFO	[jepsen node n0] maelstrom.net: Starting Maelstrom network
2024-07-02 19:00:24,253{GMT}	INFO	[jepsen test runner] jepsen.db: Tearing down DB
2024-07-02 19:00:24,255{GMT}	INFO	[jepsen test runner] jepsen.db: Setting up DB
2024-07-02 19:00:24,257{GMT}	INFO	[jepsen node n1] maelstrom.db: Setting up n1
2024-07-02 19:00:24,257{GMT}	INFO	[jepsen node n1] maelstrom.process: launching /go/bin/broadcast []
2024-07-02 19:00:24,260{GMT}	INFO	[jepsen node n2] maelstrom.db: Setting up n2
2024-07-02 19:00:24,260{GMT}	INFO	[jepsen node n2] maelstrom.process: launching /go/bin/broadcast []
2024-07-02 19:00:24,263{GMT}	INFO	[jepsen node n0] maelstrom.service: Starting services: (lin-kv lin-tso lww-kv seq-kv)
2024-07-02 19:00:24,270{GMT}	INFO	[jepsen node n4] maelstrom.db: Setting up n4
2024-07-02 19:00:24,270{GMT}	INFO	[jepsen node n4] maelstrom.process: launching /go/bin/broadcast []
2024-07-02 19:00:24,270{GMT}	INFO	[jepsen node n3] maelstrom.db: Setting up n3
2024-07-02 19:00:24,274{GMT}	INFO	[jepsen node n3] maelstrom.process: launching /go/bin/broadcast []
2024-07-02 19:00:24,283{GMT}	INFO	[jepsen node n0] maelstrom.db: Setting up n0
2024-07-02 19:00:24,284{GMT}	INFO	[jepsen node n0] maelstrom.process: launching /go/bin/broadcast []
2024-07-02 19:00:24,335{GMT}	INFO	[jepsen test runner] jepsen.core: Relative time begins now
2024-07-02 19:00:24,380{GMT}	INFO	[jepsen worker 0] jepsen.util: 0	:invoke	:broadcast	0
2024-07-02 19:00:24,397{GMT}	INFO	[jepsen worker 0] jepsen.util: 0	:ok	:broadcast	0
2024-07-02 19:00:24,397{GMT}	INFO	[jepsen worker nemesis] jepsen.util: :nemesis	:info	:start-partition	:majorities-ring
2024-07-02 19:00:24,408{GMT}	INFO	[jepsen worker nemesis] jepsen.util: :nemesis	:info	:start-partition	[:isolated {"n2" #{"n1" "n3"}, "n0" #{"n1" "n4"}, "n3" #{"n2" "n4"}, "n1" #{"n2" "n0"}, "n4" #{"n0" "n3"}}]
2024-07-02 19:00:24,553{GMT}	INFO	[jepsen worker 2] jepsen.util: 2	:invoke	:broadcast	1
2024-07-02 19:00:24,560{GMT}	INFO	[jepsen worker 2] jepsen.util: 2	:ok	:broadcast	1
2024-07-02 19:00:24,562{GMT}	INFO	[jepsen worker 3] jepsen.util: 3	:invoke	:broadcast	2
2024-07-02 19:00:24,568{GMT}	INFO	[jepsen worker 3] jepsen.util: 3	:ok	:broadcast	2
2024-07-02 19:00:24,712{GMT}	INFO	[jepsen worker 4] jepsen.util: 4	:invoke	:broadcast	3
2024-07-02 19:00:24,715{GMT}	INFO	[jepsen worker 4] jepsen.util: 4	:ok	:broadcast	3
2024-07-02 19:00:24,790{GMT}	INFO	[jepsen worker 0] jepsen.util: 0	:invoke	:broadcast	4
2024-07-02 19:00:24,795{GMT}	INFO	[jepsen worker 0] jepsen.util: 0	:ok	:broadcast	4
2024-07-02 19:00:24,851{GMT}	INFO	[jepsen worker 0] jepsen.util: 0	:invoke	:read	nil
2024-07-02 19:00:24,853{GMT}	INFO	[jepsen worker 0] jepsen.util: 0	:ok	:read	[0 1 2 4]
2024-07-02 19:00:25,042{GMT}	INFO	[jepsen worker 1] jepsen.util: 1	:invoke	:broadcast	5
2024-07-02 19:00:25,049{GMT}	INFO	[jepsen worker 1] jepsen.util: 1	:ok	:broadcast	5
2024-07-02 19:00:25,062{GMT}	INFO	[jepsen worker 2] jepsen.util: 2	:invoke	:read	nil
2024-07-02 19:00:25,071{GMT}	INFO	[jepsen worker 2] jepsen.util: 2	:ok	:read	[0 1 3 4]
2024-07-02 19:00:25,181{GMT}	INFO	[jepsen worker 3] jepsen.util: 3	:invoke	:read	nil
2024-07-02 19:00:25,185{GMT}	INFO	[jepsen worker 3] jepsen.util: 3	:ok	:read	[0 2 4 5]
2024-07-02 19:00:25,244{GMT}	INFO	[jepsen worker 4] jepsen.util: 4	:invoke	:broadcast	6
2024-07-02 19:00:25,247{GMT}	INFO	[jepsen worker 4] jepsen.util: 4	:ok	:broadcast	6
2024-07-02 19:00:25,328{GMT}	INFO	[jepsen worker 0] jepsen.util: 0	:invoke	:read	nil
2024-07-02 19:00:25,331{GMT}	INFO	[jepsen worker 0] jepsen.util: 0	:ok	:read	[0 1 2 4]
2024-07-02 19:00:25,516{GMT}	INFO	[jepsen worker 0] jepsen.util: 0	:invoke	:broadcast	7
2024-07-02 19:00:25,519{GMT}	INFO	[jepsen worker 0] jepsen.util: 0	:ok	:broadcast	7
2024-07-02 19:00:25,582{GMT}	INFO	[jepsen worker 1] jepsen.util: 1	:invoke	:read	nil
2024-07-02 19:00:25,584{GMT}	INFO	[jepsen worker 1] jepsen.util: 1	:ok	:read	[0 2 3 5 6]
2024-07-02 19:00:25,641{GMT}	INFO	[jepsen worker 2] jepsen.util: 2	:invoke	:read	nil
2024-07-02 19:00:25,642{GMT}	INFO	[jepsen worker 2] jepsen.util: 2	:ok	:read	[0 1 3 4 6 7]
2024-07-02 19:00:25,722{GMT}	INFO	[jepsen worker 3] jepsen.util: 3	:invoke	:broadcast	8
2024-07-02 19:00:25,726{GMT}	INFO	[jepsen worker 3] jepsen.util: 3	:ok	:broadcast	8
2024-07-02 19:00:25,872{GMT}	INFO	[jepsen worker 4] jepsen.util: 4	:invoke	:broadcast	9
2024-07-02 19:00:25,875{GMT}	INFO	[jepsen worker 4] jepsen.util: 4	:ok	:broadcast	9
2024-07-02 19:00:26,040{GMT}	INFO	[jepsen worker 0] jepsen.util: 0	:invoke	:read	nil
2024-07-02 19:00:26,041{GMT}	INFO	[jepsen worker 0] jepsen.util: 0	:ok	:read	[0 1 2 4 7 8]
2024-07-02 19:00:26,188{GMT}	INFO	[jepsen worker 0] jepsen.util: 0	:invoke	:read	nil
2024-07-02 19:00:26,191{GMT}	INFO	[jepsen worker 0] jepsen.util: 0	:ok	:read	[0 1 2 4 7 8]
2024-07-02 19:00:26,239{GMT}	INFO	[jepsen worker 1] jepsen.util: 1	:invoke	:read	nil
2024-07-02 19:00:26,240{GMT}	INFO	[jepsen worker 1] jepsen.util: 1	:ok	:read	[0 2 3 5 6 8 9]
2024-07-02 19:00:26,348{GMT}	INFO	[jepsen worker 2] jepsen.util: 2	:invoke	:broadcast	10
2024-07-02 19:00:26,351{GMT}	INFO	[jepsen worker 2] jepsen.util: 2	:ok	:broadcast	10
2024-07-02 19:00:26,514{GMT}	INFO	[jepsen worker 3] jepsen.util: 3	:invoke	:broadcast	11
2024-07-02 19:00:26,517{GMT}	INFO	[jepsen worker 3] jepsen.util: 3	:ok	:broadcast	11
2024-07-02 19:00:26,642{GMT}	INFO	[jepsen worker 4] jepsen.util: 4	:invoke	:read	nil
2024-07-02 19:00:26,643{GMT}	INFO	[jepsen worker 4] jepsen.util: 4	:ok	:read	[0 0 1 1 3 5 5 6 9 10 10]
2024-07-02 19:00:26,716{GMT}	INFO	[jepsen worker 0] jepsen.util: 0	:invoke	:broadcast	12
2024-07-02 19:00:26,720{GMT}	INFO	[jepsen worker 0] jepsen.util: 0	:ok	:broadcast	12
2024-07-02 19:00:26,815{GMT}	INFO	[jepsen worker 0] jepsen.util: 0	:invoke	:broadcast	13
2024-07-02 19:00:26,821{GMT}	INFO	[jepsen worker 0] jepsen.util: 0	:ok	:broadcast	13
2024-07-02 19:00:26,826{GMT}	INFO	[jepsen worker 1] jepsen.util: 1	:invoke	:broadcast	14
2024-07-02 19:00:26,832{GMT}	INFO	[jepsen worker 1] jepsen.util: 1	:ok	:broadcast	14
2024-07-02 19:00:26,980{GMT}	INFO	[jepsen worker 2] jepsen.util: 2	:invoke	:read	nil
2024-07-02 19:00:26,982{GMT}	INFO	[jepsen worker 2] jepsen.util: 2	:ok	:read	[0 1 3 4 6 7 9 10 12 13]
2024-07-02 19:00:27,007{GMT}	INFO	[jepsen worker 3] jepsen.util: 3	:invoke	:read	nil
2024-07-02 19:00:27,010{GMT}	INFO	[jepsen worker 3] jepsen.util: 3	:ok	:read	[0 2 4 5 7 8 11 12 13 14]
2024-07-02 19:00:27,059{GMT}	INFO	[jepsen worker 4] jepsen.util: 4	:invoke	:read	nil
2024-07-02 19:00:27,060{GMT}	INFO	[jepsen worker 4] jepsen.util: 4	:ok	:read	[0 0 1 1 3 5 5 6 9 10 10 14 14]
2024-07-02 19:00:27,068{GMT}	INFO	[jepsen worker 0] jepsen.util: 0	:invoke	:read	nil
2024-07-02 19:00:27,069{GMT}	INFO	[jepsen worker 0] jepsen.util: 0	:ok	:read	[0 1 2 4 7 8 10 11 12 13]
2024-07-02 19:00:27,072{GMT}	INFO	[jepsen worker 0] jepsen.util: 0	:invoke	:broadcast	15
2024-07-02 19:00:27,076{GMT}	INFO	[jepsen worker 0] jepsen.util: 0	:ok	:broadcast	15
2024-07-02 19:00:27,241{GMT}	INFO	[jepsen worker 1] jepsen.util: 1	:invoke	:read	nil
2024-07-02 19:00:27,243{GMT}	INFO	[jepsen worker 1] jepsen.util: 1	:ok	:read	[0 2 3 5 6 8 9 11 14]
2024-07-02 19:00:27,305{GMT}	INFO	[jepsen worker 2] jepsen.util: 2	:invoke	:broadcast	16
2024-07-02 19:00:27,309{GMT}	INFO	[jepsen worker 2] jepsen.util: 2	:ok	:broadcast	16
2024-07-02 19:00:27,383{GMT}	INFO	[jepsen worker 3] jepsen.util: 3	:invoke	:read	nil
2024-07-02 19:00:27,385{GMT}	INFO	[jepsen worker 3] jepsen.util: 3	:ok	:read	[0 2 4 5 7 8 11 12 13 14 15]
2024-07-02 19:00:27,403{GMT}	INFO	[jepsen worker 4] jepsen.util: 4	:invoke	:read	nil
2024-07-02 19:00:27,405{GMT}	INFO	[jepsen worker 4] jepsen.util: 4	:ok	:read	[0 0 1 1 3 5 5 6 9 10 10 14 14 16 16]
2024-07-02 19:00:27,455{GMT}	INFO	[jepsen worker 0] jepsen.util: 0	:invoke	:read	nil
2024-07-02 19:00:27,457{GMT}	INFO	[jepsen worker 0] jepsen.util: 0	:ok	:read	[0 1 2 4 7 8 10 11 12 13 15 16]
2024-07-02 19:00:27,515{GMT}	INFO	[jepsen worker 0] jepsen.util: 0	:invoke	:broadcast	17
2024-07-02 19:00:27,518{GMT}	INFO	[jepsen worker 0] jepsen.util: 0	:ok	:broadcast	17
2024-07-02 19:00:27,567{GMT}	INFO	[jepsen worker 1] jepsen.util: 1	:invoke	:read	nil
2024-07-02 19:00:27,569{GMT}	INFO	[jepsen worker 1] jepsen.util: 1	:ok	:read	[0 2 3 5 6 8 9 11 14]
2024-07-02 19:00:27,628{GMT}	INFO	[jepsen worker 2] jepsen.util: 2	:invoke	:broadcast	18
2024-07-02 19:00:27,631{GMT}	INFO	[jepsen worker 2] jepsen.util: 2	:ok	:broadcast	18
2024-07-02 19:00:27,700{GMT}	INFO	[jepsen worker 3] jepsen.util: 3	:invoke	:broadcast	19
2024-07-02 19:00:27,707{GMT}	INFO	[jepsen worker 3] jepsen.util: 3	:ok	:broadcast	19
2024-07-02 19:00:27,829{GMT}	INFO	[jepsen worker 4] jepsen.util: 4	:invoke	:read	nil
2024-07-02 19:00:27,830{GMT}	INFO	[jepsen worker 4] jepsen.util: 4	:ok	:read	[0 0 1 1 3 5 5 6 9 10 10 14 14 16 16 18 18]
2024-07-02 19:00:27,871{GMT}	INFO	[jepsen worker 0] jepsen.util: 0	:invoke	:broadcast	20
2024-07-02 19:00:27,874{GMT}	INFO	[jepsen worker 0] jepsen.util: 0	:ok	:broadcast	20
2024-07-02 19:00:27,888{GMT}	INFO	[jepsen worker 0] jepsen.util: 0	:invoke	:broadcast	21
2024-07-02 19:00:27,890{GMT}	INFO	[jepsen worker 0] jepsen.util: 0	:ok	:broadcast	21
2024-07-02 19:00:28,023{GMT}	INFO	[jepsen worker 1] jepsen.util: 1	:invoke	:broadcast	22
2024-07-02 19:00:28,027{GMT}	INFO	[jepsen worker 1] jepsen.util: 1	:ok	:broadcast	22
2024-07-02 19:00:28,109{GMT}	INFO	[jepsen worker 2] jepsen.util: 2	:invoke	:read	nil
2024-07-02 19:00:28,110{GMT}	INFO	[jepsen worker 2] jepsen.util: 2	:ok	:read	[0 1 3 4 6 7 9 10 12 13 15 16 17 18 20 21]
2024-07-02 19:00:28,188{GMT}	INFO	[jepsen worker 3] jepsen.util: 3	:invoke	:broadcast	23
2024-07-02 19:00:28,190{GMT}	INFO	[jepsen worker 3] jepsen.util: 3	:ok	:broadcast	23
2024-07-02 19:00:28,215{GMT}	INFO	[jepsen worker 4] jepsen.util: 4	:invoke	:read	nil
2024-07-02 19:00:28,216{GMT}	INFO	[jepsen worker 4] jepsen.util: 4	:ok	:read	[0 0 1 1 3 5 5 6 9 10 10 14 14 16 16 18 18 22 22]
2024-07-02 19:00:28,298{GMT}	INFO	[jepsen worker 0] jepsen.util: 0	:invoke	:read	nil
2024-07-02 19:00:28,300{GMT}	INFO	[jepsen worker 0] jepsen.util: 0	:ok	:read	[0 1 2 4 7 8 10 11 12 13 15 16 17 18 19 20 21 23]
2024-07-02 19:00:28,355{GMT}	INFO	[jepsen worker 0] jepsen.util: 0	:invoke	:read	nil
2024-07-02 19:00:28,356{GMT}	INFO	[jepsen worker 0] jepsen.util: 0	:ok	:read	[0 1 2 4 7 8 10 11 12 13 15 16 17 18 19 20 21 23]
2024-07-02 19:00:28,484{GMT}	INFO	[jepsen worker 1] jepsen.util: 1	:invoke	:broadcast	24
2024-07-02 19:00:28,487{GMT}	INFO	[jepsen worker 1] jepsen.util: 1	:ok	:broadcast	24
2024-07-02 19:00:28,534{GMT}	INFO	[jepsen worker 2] jepsen.util: 2	:invoke	:read	nil
2024-07-02 19:00:28,535{GMT}	INFO	[jepsen worker 2] jepsen.util: 2	:ok	:read	[0 1 3 4 6 7 9 10 12 13 15 16 17 18 20 21]
2024-07-02 19:00:28,667{GMT}	INFO	[jepsen worker 3] jepsen.util: 3	:invoke	:read	nil
2024-07-02 19:00:28,669{GMT}	INFO	[jepsen worker 3] jepsen.util: 3	:ok	:read	[0 2 4 5 7 8 11 12 13 14 15 17 19 20 21 22 23 24]
2024-07-02 19:00:28,847{GMT}	INFO	[jepsen worker 4] jepsen.util: 4	:invoke	:broadcast	25
2024-07-02 19:00:28,849{GMT}	INFO	[jepsen worker 4] jepsen.util: 4	:ok	:broadcast	25
2024-07-02 19:00:28,961{GMT}	INFO	[jepsen worker 0] jepsen.util: 0	:invoke	:read	nil
2024-07-02 19:00:28,962{GMT}	INFO	[jepsen worker 0] jepsen.util: 0	:ok	:read	[0 1 2 4 7 8 10 11 12 13 15 16 17 18 19 20 21 23]
2024-07-02 19:00:29,153{GMT}	INFO	[jepsen worker 0] jepsen.util: 0	:invoke	:broadcast	26
2024-07-02 19:00:29,156{GMT}	INFO	[jepsen worker 0] jepsen.util: 0	:ok	:broadcast	26
2024-07-02 19:00:29,303{GMT}	INFO	[jepsen worker 1] jepsen.util: 1	:invoke	:read	nil
2024-07-02 19:00:29,304{GMT}	INFO	[jepsen worker 1] jepsen.util: 1	:ok	:read	[0 2 3 5 6 8 9 11 14 19 22 23 24 25]
2024-07-02 19:00:29,485{GMT}	INFO	[jepsen worker 2] jepsen.util: 2	:invoke	:broadcast	27
2024-07-02 19:00:29,487{GMT}	INFO	[jepsen worker 2] jepsen.util: 2	:ok	:broadcast	27
2024-07-02 19:00:29,601{GMT}	INFO	[jepsen worker 3] jepsen.util: 3	:invoke	:read	nil
2024-07-02 19:00:29,602{GMT}	INFO	[jepsen worker 3] jepsen.util: 3	:ok	:read	[0 2 4 5 7 8 11 12 13 14 15 17 19 20 21 22 23 24 26]
2024-07-02 19:00:29,779{GMT}	INFO	[jepsen worker 4] jepsen.util: 4	:invoke	:read	nil
2024-07-02 19:00:29,780{GMT}	INFO	[jepsen worker 4] jepsen.util: 4	:ok	:read	[0 0 1 1 3 5 5 6 9 10 10 14 14 16 16 18 18 22 22 24 24 25 27 27]
2024-07-02 19:00:29,887{GMT}	INFO	[jepsen worker 0] jepsen.util: 0	:invoke	:read	nil
2024-07-02 19:00:29,888{GMT}	INFO	[jepsen worker 0] jepsen.util: 0	:ok	:read	[0 1 2 4 7 8 10 11 12 13 15 16 17 18 19 20 21 23 26 27]
2024-07-02 19:00:29,936{GMT}	INFO	[jepsen worker 0] jepsen.util: 0	:invoke	:broadcast	28
2024-07-02 19:00:29,938{GMT}	INFO	[jepsen worker 0] jepsen.util: 0	:ok	:broadcast	28
2024-07-02 19:00:30,013{GMT}	INFO	[jepsen worker 1] jepsen.util: 1	:invoke	:broadcast	29
2024-07-02 19:00:30,016{GMT}	INFO	[jepsen worker 1] jepsen.util: 1	:ok	:broadcast	29
2024-07-02 19:00:30,150{GMT}	INFO	[jepsen worker 2] jepsen.util: 2	:invoke	:broadcast	30
2024-07-02 19:00:30,153{GMT}	INFO	[jepsen worker 2] jepsen.util: 2	:ok	:broadcast	30
2024-07-02 19:00:30,242{GMT}	INFO	[jepsen worker 3] jepsen.util: 3	:invoke	:broadcast	31
2024-07-02 19:00:30,244{GMT}	INFO	[jepsen worker 3] jepsen.util: 3	:ok	:broadcast	31
2024-07-02 19:00:30,277{GMT}	INFO	[jepsen worker 4] jepsen.util: 4	:invoke	:read	nil
2024-07-02 19:00:30,278{GMT}	INFO	[jepsen worker 4] jepsen.util: 4	:ok	:read	[0 0 1 1 3 5 5 6 9 10 10 14 14 16 16 18 18 22 22 24 24 25 27 27 29 29 30 30]
2024-07-02 19:00:30,451{GMT}	INFO	[jepsen worker 0] jepsen.util: 0	:invoke	:read	nil
2024-07-02 19:00:30,453{GMT}	INFO	[jepsen worker 0] jepsen.util: 0	:ok	:read	[0 1 2 4 7 8 10 11 12 13 15 16 17 18 19 20 21 23 26 27 28 30 31]
2024-07-02 19:00:30,631{GMT}	INFO	[jepsen worker 0] jepsen.util: 0	:invoke	:broadcast	32
2024-07-02 19:00:30,633{GMT}	INFO	[jepsen worker 0] jepsen.util: 0	:ok	:broadcast	32
2024-07-02 19:00:30,764{GMT}	INFO	[jepsen worker 1] jepsen.util: 1	:invoke	:broadcast	33
2024-07-02 19:00:30,766{GMT}	INFO	[jepsen worker 1] jepsen.util: 1	:ok	:broadcast	33
2024-07-02 19:00:30,880{GMT}	INFO	[jepsen worker 2] jepsen.util: 2	:invoke	:broadcast	34
2024-07-02 19:00:30,882{GMT}	INFO	[jepsen worker 2] jepsen.util: 2	:ok	:broadcast	34
2024-07-02 19:00:31,005{GMT}	INFO	[jepsen worker 3] jepsen.util: 3	:invoke	:broadcast	35
2024-07-02 19:00:31,007{GMT}	INFO	[jepsen worker 3] jepsen.util: 3	:ok	:broadcast	35
2024-07-02 19:00:31,013{GMT}	INFO	[jepsen worker 4] jepsen.util: 4	:invoke	:read	nil
2024-07-02 19:00:31,014{GMT}	INFO	[jepsen worker 4] jepsen.util: 4	:ok	:read	[0 0 1 1 3 5 5 6 9 10 10 14 14 16 16 18 18 22 22 24 24 25 27 27 29 29 30 30 33 33 34 34]
2024-07-02 19:00:31,126{GMT}	INFO	[jepsen worker 0] jepsen.util: 0	:invoke	:broadcast	36
2024-07-02 19:00:31,127{GMT}	INFO	[jepsen worker 0] jepsen.util: 0	:ok	:broadcast	36
2024-07-02 19:00:31,213{GMT}	INFO	[jepsen worker nemesis] jepsen.util: :nemesis	:info	:stop-partition	nil
2024-07-02 19:00:31,214{GMT}	INFO	[jepsen worker nemesis] jepsen.util: :nemesis	:info	:stop-partition	:network-healed
2024-07-02 19:00:31,322{GMT}	INFO	[jepsen worker 1] jepsen.util: 1	:invoke	:broadcast	37
2024-07-02 19:00:31,324{GMT}	INFO	[jepsen worker 1] jepsen.util: 1	:ok	:broadcast	37
2024-07-02 19:00:31,354{GMT}	INFO	[jepsen worker 2] jepsen.util: 2	:invoke	:broadcast	38
2024-07-02 19:00:31,356{GMT}	INFO	[jepsen worker 2] jepsen.util: 2	:ok	:broadcast	38
2024-07-02 19:00:31,495{GMT}	INFO	[jepsen worker 3] jepsen.util: 3	:invoke	:broadcast	39
2024-07-02 19:00:31,499{GMT}	INFO	[jepsen worker 3] jepsen.util: 3	:ok	:broadcast	39
2024-07-02 19:00:31,694{GMT}	INFO	[jepsen worker 4] jepsen.util: 4	:invoke	:read	nil
2024-07-02 19:00:31,695{GMT}	INFO	[jepsen worker 4] jepsen.util: 4	:ok	:read	[0 0 1 1 3 5 5 6 9 10 10 14 14 16 16 18 18 22 22 24 24 25 27 27 29 29 30 30 33 33 34 34 37 37 38 38 39 39]
2024-07-02 19:00:31,767{GMT}	INFO	[jepsen worker 0] jepsen.util: 0	:invoke	:broadcast	40
2024-07-02 19:00:31,769{GMT}	INFO	[jepsen worker 0] jepsen.util: 0	:ok	:broadcast	40
2024-07-02 19:00:31,776{GMT}	INFO	[jepsen worker 0] jepsen.util: 0	:invoke	:broadcast	41
2024-07-02 19:00:31,778{GMT}	INFO	[jepsen worker 0] jepsen.util: 0	:ok	:broadcast	41
2024-07-02 19:00:31,887{GMT}	INFO	[jepsen worker 1] jepsen.util: 1	:invoke	:broadcast	42
2024-07-02 19:00:31,888{GMT}	INFO	[jepsen worker 1] jepsen.util: 1	:ok	:broadcast	42
2024-07-02 19:00:31,911{GMT}	INFO	[jepsen worker 2] jepsen.util: 2	:invoke	:read	nil
2024-07-02 19:00:31,912{GMT}	INFO	[jepsen worker 2] jepsen.util: 2	:ok	:read	[0 1 3 4 6 7 9 10 12 13 15 16 17 18 20 21 25 26 27 28 30 32 34 36 37 38 39 40 41 42]
2024-07-02 19:00:31,963{GMT}	INFO	[jepsen worker 3] jepsen.util: 3	:invoke	:broadcast	43
2024-07-02 19:00:31,965{GMT}	INFO	[jepsen worker 3] jepsen.util: 3	:ok	:broadcast	43
2024-07-02 19:00:32,058{GMT}	INFO	[jepsen worker 4] jepsen.util: 4	:invoke	:read	nil
2024-07-02 19:00:32,060{GMT}	INFO	[jepsen worker 4] jepsen.util: 4	:ok	:read	[0 0 1 1 3 5 5 6 9 10 10 14 14 16 16 18 18 22 22 24 24 25 27 27 29 29 30 30 33 33 34 34 37 37 38 38 39 39 40 40 41 41 42 42 43 43]
2024-07-02 19:00:32,219{GMT}	INFO	[jepsen worker 0] jepsen.util: 0	:invoke	:broadcast	44
2024-07-02 19:00:32,221{GMT}	INFO	[jepsen worker 0] jepsen.util: 0	:ok	:broadcast	44
2024-07-02 19:00:32,235{GMT}	INFO	[jepsen worker 0] jepsen.util: 0	:invoke	:broadcast	45
2024-07-02 19:00:32,237{GMT}	INFO	[jepsen worker 0] jepsen.util: 0	:ok	:broadcast	45
2024-07-02 19:00:32,373{GMT}	INFO	[jepsen worker 1] jepsen.util: 1	:invoke	:broadcast	46
2024-07-02 19:00:32,377{GMT}	INFO	[jepsen worker 1] jepsen.util: 1	:ok	:broadcast	46
2024-07-02 19:00:32,414{GMT}	INFO	[jepsen worker 2] jepsen.util: 2	:invoke	:broadcast	47
2024-07-02 19:00:32,418{GMT}	INFO	[jepsen worker 2] jepsen.util: 2	:ok	:broadcast	47
2024-07-02 19:00:32,575{GMT}	INFO	[jepsen worker 3] jepsen.util: 3	:invoke	:read	nil
2024-07-02 19:00:32,577{GMT}	INFO	[jepsen worker 3] jepsen.util: 3	:ok	:read	[0 2 4 5 7 8 11 12 13 14 15 17 19 20 21 22 23 24 26 28 29 31 32 33 35 36 37 38 39 40 41 42 43 44 45 46 47]
2024-07-02 19:00:32,663{GMT}	INFO	[jepsen worker 4] jepsen.util: 4	:invoke	:broadcast	48
2024-07-02 19:00:32,665{GMT}	INFO	[jepsen worker 4] jepsen.util: 4	:ok	:broadcast	48
2024-07-02 19:00:32,755{GMT}	INFO	[jepsen worker 0] jepsen.util: 0	:invoke	:broadcast	49
2024-07-02 19:00:32,757{GMT}	INFO	[jepsen worker 0] jepsen.util: 0	:ok	:broadcast	49
2024-07-02 19:00:32,878{GMT}	INFO	[jepsen worker 0] jepsen.util: 0	:invoke	:read	nil
2024-07-02 19:00:32,880{GMT}	INFO	[jepsen worker 0] jepsen.util: 0	:ok	:read	[0 1 2 4 7 8 10 11 12 13 15 16 17 18 19 20 21 23 26 27 28 30 31 32 34 35 36 37 38 39 40 41 42 43 44 45 46 47 48 49]
2024-07-02 19:00:32,963{GMT}	INFO	[jepsen worker 1] jepsen.util: 1	:invoke	:broadcast	50
2024-07-02 19:00:32,966{GMT}	INFO	[jepsen worker 1] jepsen.util: 1	:ok	:broadcast	50
2024-07-02 19:00:32,997{GMT}	INFO	[jepsen worker 2] jepsen.util: 2	:invoke	:broadcast	51
2024-07-02 19:00:32,998{GMT}	INFO	[jepsen worker 2] jepsen.util: 2	:ok	:broadcast	51
2024-07-02 19:00:33,025{GMT}	INFO	[jepsen worker 3] jepsen.util: 3	:invoke	:broadcast	52
2024-07-02 19:00:33,027{GMT}	INFO	[jepsen worker 3] jepsen.util: 3	:ok	:broadcast	52
2024-07-02 19:00:33,140{GMT}	INFO	[jepsen worker 4] jepsen.util: 4	:invoke	:read	nil
2024-07-02 19:00:33,142{GMT}	INFO	[jepsen worker 4] jepsen.util: 4	:ok	:read	[0 0 1 1 3 5 5 6 9 10 10 14 14 16 16 18 18 22 22 24 24 25 27 27 29 29 30 30 33 33 34 34 37 37 38 38 39 39 40 40 41 41 42 42 43 43 44 44 45 45 46 46 47 47 48 49 49 50 50 51 51 52 52]
2024-07-02 19:00:33,144{GMT}	INFO	[jepsen worker 0] jepsen.util: 0	:invoke	:broadcast	53
2024-07-02 19:00:33,146{GMT}	INFO	[jepsen worker 0] jepsen.util: 0	:ok	:broadcast	53
2024-07-02 19:00:33,177{GMT}	INFO	[jepsen worker 0] jepsen.util: 0	:invoke	:broadcast	54
2024-07-02 19:00:33,178{GMT}	INFO	[jepsen worker 0] jepsen.util: 0	:ok	:broadcast	54
2024-07-02 19:00:33,216{GMT}	INFO	[jepsen worker 1] jepsen.util: 1	:invoke	:broadcast	55
2024-07-02 19:00:33,219{GMT}	INFO	[jepsen worker 2] jepsen.util: 2	:invoke	:broadcast	56
2024-07-02 19:00:33,219{GMT}	INFO	[jepsen worker 1] jepsen.util: 1	:ok	:broadcast	55
2024-07-02 19:00:33,221{GMT}	INFO	[jepsen worker 2] jepsen.util: 2	:ok	:broadcast	56
2024-07-02 19:00:33,273{GMT}	INFO	[jepsen worker 3] jepsen.util: 3	:invoke	:broadcast	57
2024-07-02 19:00:33,276{GMT}	INFO	[jepsen worker 3] jepsen.util: 3	:ok	:broadcast	57
2024-07-02 19:00:33,311{GMT}	INFO	[jepsen worker 4] jepsen.util: 4	:invoke	:broadcast	58
2024-07-02 19:00:33,313{GMT}	INFO	[jepsen worker 4] jepsen.util: 4	:ok	:broadcast	58
2024-07-02 19:00:33,464{GMT}	INFO	[jepsen worker 0] jepsen.util: 0	:invoke	:read	nil
2024-07-02 19:00:33,465{GMT}	INFO	[jepsen worker 0] jepsen.util: 0	:ok	:read	[0 1 2 4 7 8 10 11 12 13 15 16 17 18 19 20 21 23 26 27 28 30 31 32 34 35 36 37 38 39 40 41 42 43 44 45 46 47 48 49 50 51 52 53 54 55 56 57 58]
2024-07-02 19:00:33,558{GMT}	INFO	[jepsen worker 0] jepsen.util: 0	:invoke	:broadcast	59
2024-07-02 19:00:33,560{GMT}	INFO	[jepsen worker 0] jepsen.util: 0	:ok	:broadcast	59
2024-07-02 19:00:33,593{GMT}	INFO	[jepsen worker 1] jepsen.util: 1	:invoke	:broadcast	60
2024-07-02 19:00:33,594{GMT}	INFO	[jepsen worker 1] jepsen.util: 1	:ok	:broadcast	60
2024-07-02 19:00:33,720{GMT}	INFO	[jepsen worker 2] jepsen.util: 2	:invoke	:read	nil
2024-07-02 19:00:33,721{GMT}	INFO	[jepsen worker 2] jepsen.util: 2	:ok	:read	[0 1 3 4 6 7 9 10 12 13 15 16 17 18 20 21 25 26 27 28 30 32 34 36 37 38 39 40 41 42 43 44 45 46 47 48 49 50 51 52 53 54 55 56 57 58 59 60]
2024-07-02 19:00:33,806{GMT}	INFO	[jepsen worker 3] jepsen.util: 3	:invoke	:broadcast	61
2024-07-02 19:00:33,809{GMT}	INFO	[jepsen worker 3] jepsen.util: 3	:ok	:broadcast	61
2024-07-02 19:00:33,869{GMT}	INFO	[jepsen worker 4] jepsen.util: 4	:invoke	:broadcast	62
2024-07-02 19:00:33,871{GMT}	INFO	[jepsen worker 4] jepsen.util: 4	:ok	:broadcast	62
2024-07-02 19:00:34,053{GMT}	INFO	[jepsen worker 0] jepsen.util: 0	:invoke	:broadcast	63
2024-07-02 19:00:34,057{GMT}	INFO	[jepsen worker 0] jepsen.util: 0	:ok	:broadcast	63
2024-07-02 19:00:34,191{GMT}	INFO	[jepsen worker 0] jepsen.util: 0	:invoke	:read	nil
2024-07-02 19:00:34,192{GMT}	INFO	[jepsen worker 0] jepsen.util: 0	:ok	:read	[0 1 2 4 7 8 10 11 12 13 15 16 17 18 19 20 21 23 26 27 28 30 31 32 34 35 36 37 38 39 40 41 42 43 44 45 46 47 48 49 50 51 52 53 54 55 56 57 58 59 60 61 62 63]
2024-07-02 19:00:34,331{GMT}	INFO	[jepsen worker 1] jepsen.util: 1	:invoke	:broadcast	64
2024-07-02 19:00:34,332{GMT}	INFO	[jepsen worker 1] jepsen.util: 1	:ok	:broadcast	64
2024-07-02 19:00:34,380{GMT}	INFO	[jepsen worker 2] jepsen.util: 2	:invoke	:broadcast	65
2024-07-02 19:00:34,381{GMT}	INFO	[jepsen worker 2] jepsen.util: 2	:ok	:broadcast	65
2024-07-02 19:00:34,539{GMT}	INFO	[jepsen worker 3] jepsen.util: 3	:invoke	:broadcast	66
2024-07-02 19:00:34,541{GMT}	INFO	[jepsen worker 3] jepsen.util: 3	:ok	:broadcast	66
2024-07-02 19:00:34,558{GMT}	INFO	[jepsen worker 4] jepsen.util: 4	:invoke	:broadcast	67
2024-07-02 19:00:34,562{GMT}	INFO	[jepsen worker 4] jepsen.util: 4	:ok	:broadcast	67
2024-07-02 19:00:34,614{GMT}	INFO	[jepsen worker 0] jepsen.util: 0	:invoke	:read	nil
2024-07-02 19:00:34,615{GMT}	INFO	[jepsen worker 0] jepsen.util: 0	:ok	:read	[0 1 2 4 7 8 10 11 12 13 15 16 17 18 19 20 21 23 26 27 28 30 31 32 34 35 36 37 38 39 40 41 42 43 44 45 46 47 48 49 50 51 52 53 54 55 56 57 58 59 60 61 62 63 64 65 66 67]
2024-07-02 19:00:34,684{GMT}	INFO	[jepsen worker 0] jepsen.util: 0	:invoke	:broadcast	68
2024-07-02 19:00:34,686{GMT}	INFO	[jepsen worker 0] jepsen.util: 0	:ok	:broadcast	68
2024-07-02 19:00:34,820{GMT}	INFO	[jepsen worker 1] jepsen.util: 1	:invoke	:broadcast	69
2024-07-02 19:00:34,822{GMT}	INFO	[jepsen worker 1] jepsen.util: 1	:ok	:broadcast	69
2024-07-02 19:00:34,991{GMT}	INFO	[jepsen worker 2] jepsen.util: 2	:invoke	:read	nil
2024-07-02 19:00:34,992{GMT}	INFO	[jepsen worker 2] jepsen.util: 2	:ok	:read	[0 1 3 4 6 7 9 10 12 13 15 16 17 18 20 21 25 26 27 28 30 32 34 36 37 38 39 40 41 42 43 44 45 46 47 48 49 50 51 52 53 54 55 56 57 58 59 60 61 62 63 64 65 66 67 68 69]
2024-07-02 19:00:35,026{GMT}	INFO	[jepsen worker 3] jepsen.util: 3	:invoke	:broadcast	70
2024-07-02 19:00:35,027{GMT}	INFO	[jepsen worker 3] jepsen.util: 3	:ok	:broadcast	70
2024-07-02 19:00:35,112{GMT}	INFO	[jepsen worker 4] jepsen.util: 4	:invoke	:read	nil
2024-07-02 19:00:35,114{GMT}	INFO	[jepsen worker 4] jepsen.util: 4	:ok	:read	[0 0 1 1 3 5 5 6 9 10 10 14 14 16 16 18 18 22 22 24 24 25 27 27 29 29 30 30 33 33 34 34 37 37 38 38 39 39 40 40 41 41 42 42 43 43 44 44 45 45 46 46 47 47 48 49 49 50 50 51 51 52 52 53 53 54 54 55 55 56 56 57 57 58 59 59 60 60 61 61 62 63 63 64 64 65 65 66 66 67 68 68 69 69 70 70]
2024-07-02 19:00:35,293{GMT}	INFO	[jepsen worker 0] jepsen.util: 0	:invoke	:broadcast	71
2024-07-02 19:00:35,296{GMT}	INFO	[jepsen worker 0] jepsen.util: 0	:ok	:broadcast	71
2024-07-02 19:00:35,483{GMT}	INFO	[jepsen worker 0] jepsen.util: 0	:invoke	:read	nil
2024-07-02 19:00:35,485{GMT}	INFO	[jepsen worker 0] jepsen.util: 0	:ok	:read	[0 1 2 4 7 8 10 11 12 13 15 16 17 18 19 20 21 23 26 27 28 30 31 32 34 35 36 37 38 39 40 41 42 43 44 45 46 47 48 49 50 51 52 53 54 55 56 57 58 59 60 61 62 63 64 65 66 67 68 69 70 71]
2024-07-02 19:00:35,676{GMT}	INFO	[jepsen worker 1] jepsen.util: 1	:invoke	:broadcast	72
2024-07-02 19:00:35,679{GMT}	INFO	[jepsen worker 1] jepsen.util: 1	:ok	:broadcast	72
2024-07-02 19:00:35,741{GMT}	INFO	[jepsen worker 2] jepsen.util: 2	:invoke	:read	nil
2024-07-02 19:00:35,745{GMT}	INFO	[jepsen worker 2] jepsen.util: 2	:ok	:read	[0 1 3 4 6 7 9 10 12 13 15 16 17 18 20 21 25 26 27 28 30 32 34 36 37 38 39 40 41 42 43 44 45 46 47 48 49 50 51 52 53 54 55 56 57 58 59 60 61 62 63 64 65 66 67 68 69 70 71 72]
2024-07-02 19:00:35,804{GMT}	INFO	[jepsen worker 3] jepsen.util: 3	:invoke	:broadcast	73
2024-07-02 19:00:35,806{GMT}	INFO	[jepsen worker 3] jepsen.util: 3	:ok	:broadcast	73
2024-07-02 19:00:35,922{GMT}	INFO	[jepsen worker 4] jepsen.util: 4	:invoke	:read	nil
2024-07-02 19:00:35,923{GMT}	INFO	[jepsen worker 4] jepsen.util: 4	:ok	:read	[0 0 1 1 3 5 5 6 9 10 10 14 14 16 16 18 18 22 22 24 24 25 27 27 29 29 30 30 33 33 34 34 37 37 38 38 39 39 40 40 41 41 42 42 43 43 44 44 45 45 46 46 47 47 48 49 49 50 50 51 51 52 52 53 53 54 54 55 55 56 56 57 57 58 59 59 60 60 61 61 62 63 63 64 64 65 65 66 66 67 68 68 69 69 70 70 71 71 72 72 73 73]
2024-07-02 19:00:36,011{GMT}	INFO	[jepsen worker 0] jepsen.util: 0	:invoke	:read	nil
2024-07-02 19:00:36,011{GMT}	INFO	[jepsen worker 0] jepsen.util: 0	:ok	:read	[0 1 2 4 7 8 10 11 12 13 15 16 17 18 19 20 21 23 26 27 28 30 31 32 34 35 36 37 38 39 40 41 42 43 44 45 46 47 48 49 50 51 52 53 54 55 56 57 58 59 60 61 62 63 64 65 66 67 68 69 70 71 72 73]
2024-07-02 19:00:36,204{GMT}	INFO	[jepsen worker 0] jepsen.util: 0	:invoke	:read	nil
2024-07-02 19:00:36,207{GMT}	INFO	[jepsen worker 0] jepsen.util: 0	:ok	:read	[0 1 2 4 7 8 10 11 12 13 15 16 17 18 19 20 21 23 26 27 28 30 31 32 34 35 36 37 38 39 40 41 42 43 44 45 46 47 48 49 50 51 52 53 54 55 56 57 58 59 60 61 62 63 64 65 66 67 68 69 70 71 72 73]
2024-07-02 19:00:36,304{GMT}	INFO	[jepsen worker 1] jepsen.util: 1	:invoke	:read	nil
2024-07-02 19:00:36,305{GMT}	INFO	[jepsen worker 1] jepsen.util: 1	:ok	:read	[0 2 3 5 6 8 9 11 14 19 22 23 24 25 29 31 33 35 37 38 39 40 41 42 43 44 45 46 47 48 49 50 51 52 53 54 55 56 57 58 59 60 61 62 63 64 65 66 67 68 69 70 71 72 73]
2024-07-02 19:00:36,381{GMT}	INFO	[jepsen worker 2] jepsen.util: 2	:invoke	:read	nil
2024-07-02 19:00:36,383{GMT}	INFO	[jepsen worker 2] jepsen.util: 2	:ok	:read	[0 1 3 4 6 7 9 10 12 13 15 16 17 18 20 21 25 26 27 28 30 32 34 36 37 38 39 40 41 42 43 44 45 46 47 48 49 50 51 52 53 54 55 56 57 58 59 60 61 62 63 64 65 66 67 68 69 70 71 72 73]
2024-07-02 19:00:36,473{GMT}	INFO	[jepsen worker 3] jepsen.util: 3	:invoke	:broadcast	74
2024-07-02 19:00:36,475{GMT}	INFO	[jepsen worker 3] jepsen.util: 3	:ok	:broadcast	74
2024-07-02 19:00:36,532{GMT}	INFO	[jepsen worker 4] jepsen.util: 4	:invoke	:broadcast	75
2024-07-02 19:00:36,533{GMT}	INFO	[jepsen worker 4] jepsen.util: 4	:ok	:broadcast	75
2024-07-02 19:00:36,544{GMT}	INFO	[jepsen worker 0] jepsen.util: 0	:invoke	:broadcast	76
2024-07-02 19:00:36,546{GMT}	INFO	[jepsen worker 0] jepsen.util: 0	:ok	:broadcast	76
2024-07-02 19:00:36,712{GMT}	INFO	[jepsen worker 0] jepsen.util: 0	:invoke	:read	nil
2024-07-02 19:00:36,713{GMT}	INFO	[jepsen worker 0] jepsen.util: 0	:ok	:read	[0 1 2 4 7 8 10 11 12 13 15 16 17 18 19 20 21 23 26 27 28 30 31 32 34 35 36 37 38 39 40 41 42 43 44 45 46 47 48 49 50 51 52 53 54 55 56 57 58 59 60 61 62 63 64 65 66 67 68 69 70 71 72 73 74 75 76]
2024-07-02 19:00:36,763{GMT}	INFO	[jepsen worker 1] jepsen.util: 1	:invoke	:read	nil
2024-07-02 19:00:36,764{GMT}	INFO	[jepsen worker 1] jepsen.util: 1	:ok	:read	[0 2 3 5 6 8 9 11 14 19 22 23 24 25 29 31 33 35 37 38 39 40 41 42 43 44 45 46 47 48 49 50 51 52 53 54 55 56 57 58 59 60 61 62 63 64 65 66 67 68 69 70 71 72 73 74 75 76]
2024-07-02 19:00:36,898{GMT}	INFO	[jepsen worker 2] jepsen.util: 2	:invoke	:read	nil
2024-07-02 19:00:36,899{GMT}	INFO	[jepsen worker 2] jepsen.util: 2	:ok	:read	[0 1 3 4 6 7 9 10 12 13 15 16 17 18 20 21 25 26 27 28 30 32 34 36 37 38 39 40 41 42 43 44 45 46 47 48 49 50 51 52 53 54 55 56 57 58 59 60 61 62 63 64 65 66 67 68 69 70 71 72 73 74 75 76]
2024-07-02 19:00:37,062{GMT}	INFO	[jepsen worker 3] jepsen.util: 3	:invoke	:read	nil
2024-07-02 19:00:37,064{GMT}	INFO	[jepsen worker 3] jepsen.util: 3	:ok	:read	[0 2 4 5 7 8 11 12 13 14 15 17 19 20 21 22 23 24 26 28 29 31 32 33 35 36 37 38 39 40 41 42 43 44 45 46 47 48 49 50 51 52 53 54 55 56 57 58 59 60 61 62 63 64 65 66 67 68 69 70 71 72 73 74 75 76]
2024-07-02 19:00:37,075{GMT}	INFO	[jepsen worker 4] jepsen.util: 4	:invoke	:read	nil
2024-07-02 19:00:37,076{GMT}	INFO	[jepsen worker 4] jepsen.util: 4	:ok	:read	[0 0 1 1 3 5 5 6 9 10 10 14 14 16 16 18 18 22 22 24 24 25 27 27 29 29 30 30 33 33 34 34 37 37 38 38 39 39 40 40 41 41 42 42 43 43 44 44 45 45 46 46 47 47 48 49 49 50 50 51 51 52 52 53 53 54 54 55 55 56 56 57 57 58 59 59 60 60 61 61 62 63 63 64 64 65 65 66 66 67 68 68 69 69 70 70 71 71 72 72 73 73 74 74 75 76 76]
2024-07-02 19:00:37,214{GMT}	INFO	[jepsen worker 0] jepsen.util: 0	:invoke	:broadcast	77
2024-07-02 19:00:37,217{GMT}	INFO	[jepsen worker 0] jepsen.util: 0	:ok	:broadcast	77
2024-07-02 19:00:37,360{GMT}	INFO	[jepsen worker 0] jepsen.util: 0	:invoke	:read	nil
2024-07-02 19:00:37,362{GMT}	INFO	[jepsen worker 0] jepsen.util: 0	:ok	:read	[0 1 2 4 7 8 10 11 12 13 15 16 17 18 19 20 21 23 26 27 28 30 31 32 34 35 36 37 38 39 40 41 42 43 44 45 46 47 48 49 50 51 52 53 54 55 56 57 58 59 60 61 62 63 64 65 66 67 68 69 70 71 72 73 74 75 76 77]
2024-07-02 19:00:37,426{GMT}	INFO	[jepsen worker 1] jepsen.util: 1	:invoke	:read	nil
2024-07-02 19:00:37,427{GMT}	INFO	[jepsen worker 1] jepsen.util: 1	:ok	:read	[0 2 3 5 6 8 9 11 14 19 22 23 24 25 29 31 33 35 37 38 39 40 41 42 43 44 45 46 47 48 49 50 51 52 53 54 55 56 57 58 59 60 61 62 63 64 65 66 67 68 69 70 71 72 73 74 75 76 77]
2024-07-02 19:00:37,447{GMT}	INFO	[jepsen worker 2] jepsen.util: 2	:invoke	:read	nil
2024-07-02 19:00:37,448{GMT}	INFO	[jepsen worker 2] jepsen.util: 2	:ok	:read	[0 1 3 4 6 7 9 10 12 13 15 16 17 18 20 21 25 26 27 28 30 32 34 36 37 38 39 40 41 42 43 44 45 46 47 48 49 50 51 52 53 54 55 56 57 58 59 60 61 62 63 64 65 66 67 68 69 70 71 72 73 74 75 76 77]
2024-07-02 19:00:37,641{GMT}	INFO	[jepsen worker 3] jepsen.util: 3	:invoke	:read	nil
2024-07-02 19:00:37,642{GMT}	INFO	[jepsen worker 3] jepsen.util: 3	:ok	:read	[0 2 4 5 7 8 11 12 13 14 15 17 19 20 21 22 23 24 26 28 29 31 32 33 35 36 37 38 39 40 41 42 43 44 45 46 47 48 49 50 51 52 53 54 55 56 57 58 59 60 61 62 63 64 65 66 67 68 69 70 71 72 73 74 75 76 77]
2024-07-02 19:00:37,706{GMT}	INFO	[jepsen worker 4] jepsen.util: 4	:invoke	:broadcast	78
2024-07-02 19:00:37,708{GMT}	INFO	[jepsen worker 4] jepsen.util: 4	:ok	:broadcast	78
2024-07-02 19:00:37,863{GMT}	INFO	[jepsen worker 0] jepsen.util: 0	:invoke	:read	nil
2024-07-02 19:00:37,864{GMT}	INFO	[jepsen worker 0] jepsen.util: 0	:ok	:read	[0 1 2 4 7 8 10 11 12 13 15 16 17 18 19 20 21 23 26 27 28 30 31 32 34 35 36 37 38 39 40 41 42 43 44 45 46 47 48 49 50 51 52 53 54 55 56 57 58 59 60 61 62 63 64 65 66 67 68 69 70 71 72 73 74 75 76 77 78]
2024-07-02 19:00:38,021{GMT}	INFO	[jepsen worker 0] jepsen.util: 0	:invoke	:read	nil
2024-07-02 19:00:38,022{GMT}	INFO	[jepsen worker 0] jepsen.util: 0	:ok	:read	[0 1 2 4 7 8 10 11 12 13 15 16 17 18 19 20 21 23 26 27 28 30 31 32 34 35 36 37 38 39 40 41 42 43 44 45 46 47 48 49 50 51 52 53 54 55 56 57 58 59 60 61 62 63 64 65 66 67 68 69 70 71 72 73 74 75 76 77 78]
2024-07-02 19:00:38,063{GMT}	INFO	[jepsen worker 1] jepsen.util: 1	:invoke	:broadcast	79
2024-07-02 19:00:38,065{GMT}	INFO	[jepsen worker 1] jepsen.util: 1	:ok	:broadcast	79
2024-07-02 19:00:38,242{GMT}	INFO	[jepsen worker 2] jepsen.util: 2	:invoke	:broadcast	80
2024-07-02 19:00:38,244{GMT}	INFO	[jepsen worker 2] jepsen.util: 2	:ok	:broadcast	80
2024-07-02 19:00:38,441{GMT}	INFO	[jepsen worker 3] jepsen.util: 3	:invoke	:broadcast	81
2024-07-02 19:00:38,442{GMT}	INFO	[jepsen worker 3] jepsen.util: 3	:ok	:broadcast	81
2024-07-02 19:00:38,533{GMT}	INFO	[jepsen worker 4] jepsen.util: 4	:invoke	:read	nil
2024-07-02 19:00:38,534{GMT}	INFO	[jepsen worker 4] jepsen.util: 4	:ok	:read	[0 0 1 1 3 5 5 6 9 10 10 14 14 16 16 18 18 22 22 24 24 25 27 27 29 29 30 30 33 33 34 34 37 37 38 38 39 39 40 40 41 41 42 42 43 43 44 44 45 45 46 46 47 47 48 49 49 50 50 51 51 52 52 53 53 54 54 55 55 56 56 57 57 58 59 59 60 60 61 61 62 63 63 64 64 65 65 66 66 67 68 68 69 69 70 70 71 71 72 72 73 73 74 74 75 76 76 77 77 78 79 79 80 80 81 81]
2024-07-02 19:00:38,641{GMT}	INFO	[jepsen worker 0] jepsen.util: 0	:invoke	:broadcast	82
2024-07-02 19:00:38,643{GMT}	INFO	[jepsen worker 0] jepsen.util: 0	:ok	:broadcast	82
2024-07-02 19:00:38,799{GMT}	INFO	[jepsen worker 0] jepsen.util: 0	:invoke	:read	nil
2024-07-02 19:00:38,799{GMT}	INFO	[jepsen worker 0] jepsen.util: 0	:ok	:read	[0 1 2 4 7 8 10 11 12 13 15 16 17 18 19 20 21 23 26 27 28 30 31 32 34 35 36 37 38 39 40 41 42 43 44 45 46 47 48 49 50 51 52 53 54 55 56 57 58 59 60 61 62 63 64 65 66 67 68 69 70 71 72 73 74 75 76 77 78 79 80 81 82]
2024-07-02 19:00:38,939{GMT}	INFO	[jepsen worker 1] jepsen.util: 1	:invoke	:read	nil
2024-07-02 19:00:38,940{GMT}	INFO	[jepsen worker 1] jepsen.util: 1	:ok	:read	[0 2 3 5 6 8 9 11 14 19 22 23 24 25 29 31 33 35 37 38 39 40 41 42 43 44 45 46 47 48 49 50 51 52 53 54 55 56 57 58 59 60 61 62 63 64 65 66 67 68 69 70 71 72 73 74 75 76 77 78 79 80 81 82]
2024-07-02 19:00:39,023{GMT}	INFO	[jepsen worker 2] jepsen.util: 2	:invoke	:read	nil
2024-07-02 19:00:39,024{GMT}	INFO	[jepsen worker 2] jepsen.util: 2	:ok	:read	[0 1 3 4 6 7 9 10 12 13 15 16 17 18 20 21 25 26 27 28 30 32 34 36 37 38 39 40 41 42 43 44 45 46 47 48 49 50 51 52 53 54 55 56 57 58 59 60 61 62 63 64 65 66 67 68 69 70 71 72 73 74 75 76 77 78 79 80 81 82]
2024-07-02 19:00:39,117{GMT}	INFO	[jepsen worker 3] jepsen.util: 3	:invoke	:read	nil
2024-07-02 19:00:39,117{GMT}	INFO	[jepsen worker 3] jepsen.util: 3	:ok	:read	[0 2 4 5 7 8 11 12 13 14 15 17 19 20 21 22 23 24 26 28 29 31 32 33 35 36 37 38 39 40 41 42 43 44 45 46 47 48 49 50 51 52 53 54 55 56 57 58 59 60 61 62 63 64 65 66 67 68 69 70 71 72 73 74 75 76 77 78 79 80 81 82]
2024-07-02 19:00:39,301{GMT}	INFO	[jepsen worker 4] jepsen.util: 4	:invoke	:broadcast	83
2024-07-02 19:00:39,302{GMT}	INFO	[jepsen worker 4] jepsen.util: 4	:ok	:broadcast	83
2024-07-02 19:00:39,409{GMT}	INFO	[jepsen worker nemesis] jepsen.util: :nemesis	:info	:start-partition	:minority-third
2024-07-02 19:00:39,415{GMT}	INFO	[jepsen worker nemesis] jepsen.util: :nemesis	:info	:start-partition	[:isolated {"n4" #{"n2" "n1" "n0" "n3"}, "n2" #{"n4"}, "n1" #{"n4"}, "n0" #{"n4"}, "n3" #{"n4"}}]
2024-07-02 19:00:39,498{GMT}	INFO	[jepsen worker 0] jepsen.util: 0	:invoke	:read	nil
2024-07-02 19:00:39,499{GMT}	INFO	[jepsen worker 0] jepsen.util: 0	:ok	:read	[0 1 2 4 7 8 10 11 12 13 15 16 17 18 19 20 21 23 26 27 28 30 31 32 34 35 36 37 38 39 40 41 42 43 44 45 46 47 48 49 50 51 52 53 54 55 56 57 58 59 60 61 62 63 64 65 66 67 68 69 70 71 72 73 74 75 76 77 78 79 80 81 82 83]
2024-07-02 19:00:39,652{GMT}	INFO	[jepsen worker 1] jepsen.util: 1	:invoke	:read	nil
2024-07-02 19:00:39,653{GMT}	INFO	[jepsen worker 1] jepsen.util: 1	:ok	:read	[0 2 3 5 6 8 9 11 14 19 22 23 24 25 29 31 33 35 37 38 39 40 41 42 43 44 45 46 47 48 49 50 51 52 53 54 55 56 57 58 59 60 61 62 63 64 65 66 67 68 69 70 71 72 73 74 75 76 77 78 79 80 81 82 83]
2024-07-02 19:00:39,751{GMT}	INFO	[jepsen worker 2] jepsen.util: 2	:invoke	:broadcast	84
2024-07-02 19:00:39,753{GMT}	INFO	[jepsen worker 2] jepsen.util: 2	:ok	:broadcast	84
2024-07-02 19:00:39,760{GMT}	INFO	[jepsen worker 3] jepsen.util: 3	:invoke	:broadcast	85
2024-07-02 19:00:39,762{GMT}	INFO	[jepsen worker 3] jepsen.util: 3	:ok	:broadcast	85
2024-07-02 19:00:39,842{GMT}	INFO	[jepsen worker 4] jepsen.util: 4	:invoke	:read	nil
2024-07-02 19:00:39,843{GMT}	INFO	[jepsen worker 4] jepsen.util: 4	:ok	:read	[0 0 1 1 3 5 5 6 9 10 10 14 14 16 16 18 18 22 22 24 24 25 27 27 29 29 30 30 33 33 34 34 37 37 38 38 39 39 40 40 41 41 42 42 43 43 44 44 45 45 46 46 47 47 48 49 49 50 50 51 51 52 52 53 53 54 54 55 55 56 56 57 57 58 59 59 60 60 61 61 62 63 63 64 64 65 65 66 66 67 68 68 69 69 70 70 71 71 72 72 73 73 74 74 75 76 76 77 77 78 79 79 80 80 81 81 82 82 83]
2024-07-02 19:00:39,854{GMT}	INFO	[jepsen worker 0] jepsen.util: 0	:invoke	:read	nil
2024-07-02 19:00:39,855{GMT}	INFO	[jepsen worker 0] jepsen.util: 0	:ok	:read	[0 1 2 4 7 8 10 11 12 13 15 16 17 18 19 20 21 23 26 27 28 30 31 32 34 35 36 37 38 39 40 41 42 43 44 45 46 47 48 49 50 51 52 53 54 55 56 57 58 59 60 61 62 63 64 65 66 67 68 69 70 71 72 73 74 75 76 77 78 79 80 81 82 83 84 85]
2024-07-02 19:00:40,053{GMT}	INFO	[jepsen worker 0] jepsen.util: 0	:invoke	:read	nil
2024-07-02 19:00:40,054{GMT}	INFO	[jepsen worker 0] jepsen.util: 0	:ok	:read	[0 1 2 4 7 8 10 11 12 13 15 16 17 18 19 20 21 23 26 27 28 30 31 32 34 35 36 37 38 39 40 41 42 43 44 45 46 47 48 49 50 51 52 53 54 55 56 57 58 59 60 61 62 63 64 65 66 67 68 69 70 71 72 73 74 75 76 77 78 79 80 81 82 83 84 85]
2024-07-02 19:00:40,154{GMT}	INFO	[jepsen worker 1] jepsen.util: 1	:invoke	:read	nil
2024-07-02 19:00:40,155{GMT}	INFO	[jepsen worker 1] jepsen.util: 1	:ok	:read	[0 2 3 5 6 8 9 11 14 19 22 23 24 25 29 31 33 35 37 38 39 40 41 42 43 44 45 46 47 48 49 50 51 52 53 54 55 56 57 58 59 60 61 62 63 64 65 66 67 68 69 70 71 72 73 74 75 76 77 78 79 80 81 82 83 84 85]
2024-07-02 19:00:40,350{GMT}	INFO	[jepsen worker 2] jepsen.util: 2	:invoke	:read	nil
2024-07-02 19:00:40,351{GMT}	INFO	[jepsen worker 2] jepsen.util: 2	:ok	:read	[0 1 3 4 6 7 9 10 12 13 15 16 17 18 20 21 25 26 27 28 30 32 34 36 37 38 39 40 41 42 43 44 45 46 47 48 49 50 51 52 53 54 55 56 57 58 59 60 61 62 63 64 65 66 67 68 69 70 71 72 73 74 75 76 77 78 79 80 81 82 83 84 85]
2024-07-02 19:00:40,420{GMT}	INFO	[jepsen worker 3] jepsen.util: 3	:invoke	:broadcast	86
2024-07-02 19:00:40,421{GMT}	INFO	[jepsen worker 3] jepsen.util: 3	:ok	:broadcast	86
2024-07-02 19:00:40,618{GMT}	INFO	[jepsen worker 4] jepsen.util: 4	:invoke	:broadcast	87
2024-07-02 19:00:40,619{GMT}	INFO	[jepsen worker 4] jepsen.util: 4	:ok	:broadcast	87
2024-07-02 19:00:40,811{GMT}	INFO	[jepsen worker 0] jepsen.util: 0	:invoke	:broadcast	88
2024-07-02 19:00:40,812{GMT}	INFO	[jepsen worker 0] jepsen.util: 0	:ok	:broadcast	88
2024-07-02 19:00:40,961{GMT}	INFO	[jepsen worker 0] jepsen.util: 0	:invoke	:read	nil
2024-07-02 19:00:40,961{GMT}	INFO	[jepsen worker 0] jepsen.util: 0	:ok	:read	[0 1 2 4 7 8 10 11 12 13 15 16 17 18 19 20 21 23 26 27 28 30 31 32 34 35 36 37 38 39 40 41 42 43 44 45 46 47 48 49 50 51 52 53 54 55 56 57 58 59 60 61 62 63 64 65 66 67 68 69 70 71 72 73 74 75 76 77 78 79 80 81 82 83 84 85 86 88]
2024-07-02 19:00:41,049{GMT}	INFO	[jepsen worker 1] jepsen.util: 1	:invoke	:broadcast	89
2024-07-02 19:00:41,050{GMT}	INFO	[jepsen worker 1] jepsen.util: 1	:ok	:broadcast	89
2024-07-02 19:00:41,083{GMT}	INFO	[jepsen worker 2] jepsen.util: 2	:invoke	:read	nil
2024-07-02 19:00:41,084{GMT}	INFO	[jepsen worker 2] jepsen.util: 2	:ok	:read	[0 1 3 4 6 7 9 10 12 13 15 16 17 18 20 21 25 26 27 28 30 32 34 36 37 38 39 40 41 42 43 44 45 46 47 48 49 50 51 52 53 54 55 56 57 58 59 60 61 62 63 64 65 66 67 68 69 70 71 72 73 74 75 76 77 78 79 80 81 82 83 84 85 86 88 89]
2024-07-02 19:00:41,119{GMT}	INFO	[jepsen worker 3] jepsen.util: 3	:invoke	:read	nil
2024-07-02 19:00:41,125{GMT}	INFO	[jepsen worker 3] jepsen.util: 3	:ok	:read	[0 2 4 5 7 8 11 12 13 14 15 17 19 20 21 22 23 24 26 28 29 31 32 33 35 36 37 38 39 40 41 42 43 44 45 46 47 48 49 50 51 52 53 54 55 56 57 58 59 60 61 62 63 64 65 66 67 68 69 70 71 72 73 74 75 76 77 78 79 80 81 82 83 84 85 86 88 89]
2024-07-02 19:00:41,311{GMT}	INFO	[jepsen worker 4] jepsen.util: 4	:invoke	:read	nil
2024-07-02 19:00:41,312{GMT}	INFO	[jepsen worker 4] jepsen.util: 4	:ok	:read	[0 0 1 1 3 5 5 6 9 10 10 14 14 16 16 18 18 22 22 24 24 25 27 27 29 29 30 30 33 33 34 34 37 37 38 38 39 39 40 40 41 41 42 42 43 43 44 44 45 45 46 46 47 47 48 49 49 50 50 51 51 52 52 53 53 54 54 55 55 56 56 57 57 58 59 59 60 60 61 61 62 63 63 64 64 65 65 66 66 67 68 68 69 69 70 70 71 71 72 72 73 73 74 74 75 76 76 77 77 78 79 79 80 80 81 81 82 82 83 87]
2024-07-02 19:00:41,343{GMT}	INFO	[jepsen worker 0] jepsen.util: 0	:invoke	:broadcast	90
2024-07-02 19:00:41,344{GMT}	INFO	[jepsen worker 0] jepsen.util: 0	:ok	:broadcast	90
2024-07-02 19:00:41,475{GMT}	INFO	[jepsen worker 0] jepsen.util: 0	:invoke	:broadcast	91
2024-07-02 19:00:41,476{GMT}	INFO	[jepsen worker 0] jepsen.util: 0	:ok	:broadcast	91
2024-07-02 19:00:41,561{GMT}	INFO	[jepsen worker 1] jepsen.util: 1	:invoke	:broadcast	92
2024-07-02 19:00:41,563{GMT}	INFO	[jepsen worker 1] jepsen.util: 1	:ok	:broadcast	92
2024-07-02 19:00:41,661{GMT}	INFO	[jepsen worker 2] jepsen.util: 2	:invoke	:broadcast	93
2024-07-02 19:00:41,662{GMT}	INFO	[jepsen worker 2] jepsen.util: 2	:ok	:broadcast	93
2024-07-02 19:00:41,847{GMT}	INFO	[jepsen worker 3] jepsen.util: 3	:invoke	:read	nil
2024-07-02 19:00:41,848{GMT}	INFO	[jepsen worker 3] jepsen.util: 3	:ok	:read	[0 2 4 5 7 8 11 12 13 14 15 17 19 20 21 22 23 24 26 28 29 31 32 33 35 36 37 38 39 40 41 42 43 44 45 46 47 48 49 50 51 52 53 54 55 56 57 58 59 60 61 62 63 64 65 66 67 68 69 70 71 72 73 74 75 76 77 78 79 80 81 82 83 84 85 86 88 89 90 91 92 93]
2024-07-02 19:00:41,907{GMT}	INFO	[jepsen worker 4] jepsen.util: 4	:invoke	:broadcast	94
2024-07-02 19:00:41,907{GMT}	INFO	[jepsen worker 4] jepsen.util: 4	:ok	:broadcast	94
2024-07-02 19:00:42,096{GMT}	INFO	[jepsen worker 0] jepsen.util: 0	:invoke	:broadcast	95
2024-07-02 19:00:42,101{GMT}	INFO	[jepsen worker 0] jepsen.util: 0	:ok	:broadcast	95
2024-07-02 19:00:42,197{GMT}	INFO	[jepsen worker 0] jepsen.util: 0	:invoke	:broadcast	96
2024-07-02 19:00:42,199{GMT}	INFO	[jepsen worker 0] jepsen.util: 0	:ok	:broadcast	96
2024-07-02 19:00:42,204{GMT}	INFO	[jepsen worker 1] jepsen.util: 1	:invoke	:broadcast	97
2024-07-02 19:00:42,206{GMT}	INFO	[jepsen worker 1] jepsen.util: 1	:ok	:broadcast	97
2024-07-02 19:00:42,226{GMT}	INFO	[jepsen worker 2] jepsen.util: 2	:invoke	:broadcast	98
2024-07-02 19:00:42,228{GMT}	INFO	[jepsen worker 2] jepsen.util: 2	:ok	:broadcast	98
2024-07-02 19:00:42,257{GMT}	INFO	[jepsen worker 3] jepsen.util: 3	:invoke	:broadcast	99
2024-07-02 19:00:42,258{GMT}	INFO	[jepsen worker 3] jepsen.util: 3	:ok	:broadcast	99
2024-07-02 19:00:42,296{GMT}	INFO	[jepsen worker 4] jepsen.util: 4	:invoke	:broadcast	100
2024-07-02 19:00:42,297{GMT}	INFO	[jepsen worker 4] jepsen.util: 4	:ok	:broadcast	100
2024-07-02 19:00:42,366{GMT}	INFO	[jepsen worker 0] jepsen.util: 0	:invoke	:broadcast	101
2024-07-02 19:00:42,367{GMT}	INFO	[jepsen worker 0] jepsen.util: 0	:ok	:broadcast	101
2024-07-02 19:00:42,557{GMT}	INFO	[jepsen worker 0] jepsen.util: 0	:invoke	:read	nil
2024-07-02 19:00:42,558{GMT}	INFO	[jepsen worker 0] jepsen.util: 0	:ok	:read	[0 1 2 4 7 8 10 11 12 13 15 16 17 18 19 20 21 23 26 27 28 30 31 32 34 35 36 37 38 39 40 41 42 43 44 45 46 47 48 49 50 51 52 53 54 55 56 57 58 59 60 61 62 63 64 65 66 67 68 69 70 71 72 73 74 75 76 77 78 79 80 81 82 83 84 85 86 88 89 90 91 92 93 95 96 97 98 99 101]
2024-07-02 19:00:42,728{GMT}	INFO	[jepsen worker 1] jepsen.util: 1	:invoke	:broadcast	102
2024-07-02 19:00:42,730{GMT}	INFO	[jepsen worker 1] jepsen.util: 1	:ok	:broadcast	102
2024-07-02 19:00:42,881{GMT}	INFO	[jepsen worker 2] jepsen.util: 2	:invoke	:read	nil
2024-07-02 19:00:42,882{GMT}	INFO	[jepsen worker 2] jepsen.util: 2	:ok	:read	[0 1 3 4 6 7 9 10 12 13 15 16 17 18 20 21 25 26 27 28 30 32 34 36 37 38 39 40 41 42 43 44 45 46 47 48 49 50 51 52 53 54 55 56 57 58 59 60 61 62 63 64 65 66 67 68 69 70 71 72 73 74 75 76 77 78 79 80 81 82 83 84 85 86 88 89 90 91 92 93 95 96 97 98 99 101 102]
2024-07-02 19:00:42,973{GMT}	INFO	[jepsen worker 3] jepsen.util: 3	:invoke	:read	nil
2024-07-02 19:00:42,973{GMT}	INFO	[jepsen worker 3] jepsen.util: 3	:ok	:read	[0 2 4 5 7 8 11 12 13 14 15 17 19 20 21 22 23 24 26 28 29 31 32 33 35 36 37 38 39 40 41 42 43 44 45 46 47 48 49 50 51 52 53 54 55 56 57 58 59 60 61 62 63 64 65 66 67 68 69 70 71 72 73 74 75 76 77 78 79 80 81 82 83 84 85 86 88 89 90 91 92 93 95 96 97 98 99 101 102]
2024-07-02 19:00:43,034{GMT}	INFO	[jepsen worker 4] jepsen.util: 4	:invoke	:broadcast	103
2024-07-02 19:00:43,035{GMT}	INFO	[jepsen worker 4] jepsen.util: 4	:ok	:broadcast	103
2024-07-02 19:00:43,109{GMT}	INFO	[jepsen worker 0] jepsen.util: 0	:invoke	:read	nil
2024-07-02 19:00:43,111{GMT}	INFO	[jepsen worker 0] jepsen.util: 0	:ok	:read	[0 1 2 4 7 8 10 11 12 13 15 16 17 18 19 20 21 23 26 27 28 30 31 32 34 35 36 37 38 39 40 41 42 43 44 45 46 47 48 49 50 51 52 53 54 55 56 57 58 59 60 61 62 63 64 65 66 67 68 69 70 71 72 73 74 75 76 77 78 79 80 81 82 83 84 85 86 88 89 90 91 92 93 95 96 97 98 99 101 102]
2024-07-02 19:00:43,221{GMT}	INFO	[jepsen worker 0] jepsen.util: 0	:invoke	:read	nil
2024-07-02 19:00:43,222{GMT}	INFO	[jepsen worker 0] jepsen.util: 0	:ok	:read	[0 1 2 4 7 8 10 11 12 13 15 16 17 18 19 20 21 23 26 27 28 30 31 32 34 35 36 37 38 39 40 41 42 43 44 45 46 47 48 49 50 51 52 53 54 55 56 57 58 59 60 61 62 63 64 65 66 67 68 69 70 71 72 73 74 75 76 77 78 79 80 81 82 83 84 85 86 88 89 90 91 92 93 95 96 97 98 99 101 102]
2024-07-02 19:00:43,237{GMT}	INFO	[jepsen worker 1] jepsen.util: 1	:invoke	:read	nil
2024-07-02 19:00:43,238{GMT}	INFO	[jepsen worker 1] jepsen.util: 1	:ok	:read	[0 2 3 5 6 8 9 11 14 19 22 23 24 25 29 31 33 35 37 38 39 40 41 42 43 44 45 46 47 48 49 50 51 52 53 54 55 56 57 58 59 60 61 62 63 64 65 66 67 68 69 70 71 72 73 74 75 76 77 78 79 80 81 82 83 84 85 86 88 89 90 91 92 93 95 96 97 98 99 101 102]
2024-07-02 19:00:43,362{GMT}	INFO	[jepsen worker 2] jepsen.util: 2	:invoke	:read	nil
2024-07-02 19:00:43,363{GMT}	INFO	[jepsen worker 2] jepsen.util: 2	:ok	:read	[0 1 3 4 6 7 9 10 12 13 15 16 17 18 20 21 25 26 27 28 30 32 34 36 37 38 39 40 41 42 43 44 45 46 47 48 49 50 51 52 53 54 55 56 57 58 59 60 61 62 63 64 65 66 67 68 69 70 71 72 73 74 75 76 77 78 79 80 81 82 83 84 85 86 88 89 90 91 92 93 95 96 97 98 99 101 102]
2024-07-02 19:00:43,421{GMT}	INFO	[jepsen worker 3] jepsen.util: 3	:invoke	:read	nil
2024-07-02 19:00:43,422{GMT}	INFO	[jepsen worker 3] jepsen.util: 3	:ok	:read	[0 2 4 5 7 8 11 12 13 14 15 17 19 20 21 22 23 24 26 28 29 31 32 33 35 36 37 38 39 40 41 42 43 44 45 46 47 48 49 50 51 52 53 54 55 56 57 58 59 60 61 62 63 64 65 66 67 68 69 70 71 72 73 74 75 76 77 78 79 80 81 82 83 84 85 86 88 89 90 91 92 93 95 96 97 98 99 101 102]
2024-07-02 19:00:43,453{GMT}	INFO	[jepsen worker 4] jepsen.util: 4	:invoke	:broadcast	104
2024-07-02 19:00:43,454{GMT}	INFO	[jepsen worker 4] jepsen.util: 4	:ok	:broadcast	104
2024-07-02 19:00:43,537{GMT}	INFO	[jepsen worker 0] jepsen.util: 0	:invoke	:read	nil
2024-07-02 19:00:43,538{GMT}	INFO	[jepsen worker 0] jepsen.util: 0	:ok	:read	[0 1 2 4 7 8 10 11 12 13 15 16 17 18 19 20 21 23 26 27 28 30 31 32 34 35 36 37 38 39 40 41 42 43 44 45 46 47 48 49 50 51 52 53 54 55 56 57 58 59 60 61 62 63 64 65 66 67 68 69 70 71 72 73 74 75 76 77 78 79 80 81 82 83 84 85 86 88 89 90 91 92 93 95 96 97 98 99 101 102]
2024-07-02 19:00:43,714{GMT}	INFO	[jepsen worker 0] jepsen.util: 0	:invoke	:read	nil
2024-07-02 19:00:43,715{GMT}	INFO	[jepsen worker 0] jepsen.util: 0	:ok	:read	[0 1 2 4 7 8 10 11 12 13 15 16 17 18 19 20 21 23 26 27 28 30 31 32 34 35 36 37 38 39 40 41 42 43 44 45 46 47 48 49 50 51 52 53 54 55 56 57 58 59 60 61 62 63 64 65 66 67 68 69 70 71 72 73 74 75 76 77 78 79 80 81 82 83 84 85 86 88 89 90 91 92 93 95 96 97 98 99 101 102]
2024-07-02 19:00:43,893{GMT}	INFO	[jepsen worker 1] jepsen.util: 1	:invoke	:broadcast	105
2024-07-02 19:00:43,896{GMT}	INFO	[jepsen worker 1] jepsen.util: 1	:ok	:broadcast	105
2024-07-02 19:00:44,007{GMT}	INFO	[jepsen worker 2] jepsen.util: 2	:invoke	:read	nil
2024-07-02 19:00:44,008{GMT}	INFO	[jepsen worker 2] jepsen.util: 2	:ok	:read	[0 1 3 4 6 7 9 10 12 13 15 16 17 18 20 21 25 26 27 28 30 32 34 36 37 38 39 40 41 42 43 44 45 46 47 48 49 50 51 52 53 54 55 56 57 58 59 60 61 62 63 64 65 66 67 68 69 70 71 72 73 74 75 76 77 78 79 80 81 82 83 84 85 86 88 89 90 91 92 93 95 96 97 98 99 101 102 105]
2024-07-02 19:00:44,137{GMT}	INFO	[jepsen worker 3] jepsen.util: 3	:invoke	:broadcast	106
2024-07-02 19:00:44,138{GMT}	INFO	[jepsen worker 3] jepsen.util: 3	:ok	:broadcast	106
2024-07-02 19:00:44,154{GMT}	INFO	[jepsen worker 4] jepsen.util: 4	:invoke	:broadcast	107
2024-07-02 19:00:44,155{GMT}	INFO	[jepsen worker 4] jepsen.util: 4	:ok	:broadcast	107
2024-07-02 19:00:44,257{GMT}	INFO	[jepsen worker 0] jepsen.util: 0	:invoke	:read	nil
2024-07-02 19:00:44,258{GMT}	INFO	[jepsen worker 0] jepsen.util: 0	:ok	:read	[0 1 2 4 7 8 10 11 12 13 15 16 17 18 19 20 21 23 26 27 28 30 31 32 34 35 36 37 38 39 40 41 42 43 44 45 46 47 48 49 50 51 52 53 54 55 56 57 58 59 60 61 62 63 64 65 66 67 68 69 70 71 72 73 74 75 76 77 78 79 80 81 82 83 84 85 86 88 89 90 91 92 93 95 96 97 98 99 101 102 105 106]
2024-07-02 19:00:44,259{GMT}	INFO	[jepsen worker nemesis] jepsen.util: :nemesis	:info	:stop-partition	nil
2024-07-02 19:00:44,259{GMT}	INFO	[jepsen worker nemesis] jepsen.util: :nemesis	:info	:stop-partition	:network-healed
2024-07-02 19:00:44,259{GMT}	INFO	[jepsen worker 1] jepsen.generator.interpreter: Waiting for recovery...
2024-07-02 19:00:54,261{GMT}	INFO	[jepsen worker 4] jepsen.util: 4	:invoke	:read	nil
2024-07-02 19:00:54,261{GMT}	INFO	[jepsen worker 1] jepsen.util: 1	:invoke	:read	nil
2024-07-02 19:00:54,261{GMT}	INFO	[jepsen worker 3] jepsen.util: 3	:invoke	:read	nil
2024-07-02 19:00:54,263{GMT}	INFO	[jepsen worker 4] jepsen.util: 4	:ok	:read	[0 0 1 1 3 5 5 6 9 10 10 14 14 16 16 18 18 22 22 24 24 25 27 27 29 29 30 30 33 33 34 34 37 37 38 38 39 39 40 40 41 41 42 42 43 43 44 44 45 45 46 46 47 47 48 49 49 50 50 51 51 52 52 53 53 54 54 55 55 56 56 57 57 58 59 59 60 60 61 61 62 63 63 64 64 65 65 66 66 67 68 68 69 69 70 70 71 71 72 72 73 73 74 74 75 76 76 77 77 78 79 79 80 80 81 81 82 82 83 87 94 100 103 104 107]
2024-07-02 19:00:54,262{GMT}	INFO	[jepsen worker 2] jepsen.util: 2	:invoke	:read	nil
2024-07-02 19:00:54,262{GMT}	INFO	[jepsen worker 0] jepsen.util: 0	:invoke	:read	nil
2024-07-02 19:00:54,265{GMT}	INFO	[jepsen worker 3] jepsen.util: 3	:ok	:read	[0 2 4 5 7 8 11 12 13 14 15 17 19 20 21 22 23 24 26 28 29 31 32 33 35 36 37 38 39 40 41 42 43 44 45 46 47 48 49 50 51 52 53 54 55 56 57 58 59 60 61 62 63 64 65 66 67 68 69 70 71 72 73 74 75 76 77 78 79 80 81 82 83 84 85 86 88 89 90 91 92 93 95 96 97 98 99 101 102 105 106]
2024-07-02 19:00:54,265{GMT}	INFO	[jepsen worker 0] jepsen.util: 0	:ok	:read	[0 1 2 4 7 8 10 11 12 13 15 16 17 18 19 20 21 23 26 27 28 30 31 32 34 35 36 37 38 39 40 41 42 43 44 45 46 47 48 49 50 51 52 53 54 55 56 57 58 59 60 61 62 63 64 65 66 67 68 69 70 71 72 73 74 75 76 77 78 79 80 81 82 83 84 85 86 88 89 90 91 92 93 95 96 97 98 99 101 102 105 106]
2024-07-02 19:00:54,265{GMT}	INFO	[jepsen worker 2] jepsen.util: 2	:ok	:read	[0 1 3 4 6 7 9 10 12 13 15 16 17 18 20 21 25 26 27 28 30 32 34 36 37 38 39 40 41 42 43 44 45 46 47 48 49 50 51 52 53 54 55 56 57 58 59 60 61 62 63 64 65 66 67 68 69 70 71 72 73 74 75 76 77 78 79 80 81 82 83 84 85 86 88 89 90 91 92 93 95 96 97 98 99 101 102 105 106]
2024-07-02 19:00:54,265{GMT}	INFO	[jepsen worker 1] jepsen.util: 1	:ok	:read	[0 2 3 5 6 8 9 11 14 19 22 23 24 25 29 31 33 35 37 38 39 40 41 42 43 44 45 46 47 48 49 50 51 52 53 54 55 56 57 58 59 60 61 62 63 64 65 66 67 68 69 70 71 72 73 74 75 76 77 78 79 80 81 82 83 84 85 86 88 89 90 91 92 93 95 96 97 98 99 101 102 105 106]
2024-07-02 19:00:54,317{GMT}	INFO	[jepsen test runner] jepsen.core: Run complete, writing
2024-07-02 19:00:54,422{GMT}	INFO	[jepsen node n0] maelstrom.db: Tearing down n0
2024-07-02 19:00:54,423{GMT}	INFO	[jepsen node n1] maelstrom.db: Tearing down n1
2024-07-02 19:00:54,424{GMT}	INFO	[jepsen node n2] maelstrom.db: Tearing down n2
2024-07-02 19:00:54,424{GMT}	INFO	[jepsen node n3] maelstrom.db: Tearing down n3
2024-07-02 19:00:54,432{GMT}	INFO	[jepsen node n4] maelstrom.db: Tearing down n4
2024-07-02 19:00:55,313{GMT}	INFO	[jepsen node n0] maelstrom.net: Shutting down Maelstrom network
2024-07-02 19:00:55,316{GMT}	INFO	[jepsen test runner] jepsen.core: Analyzing...
2024-07-02 19:00:58,329{GMT}	INFO	[jepsen test runner] jepsen.core: Analysis complete
2024-07-02 19:00:58,380{GMT}	INFO	[jepsen results] jepsen.store: Wrote /workspaces/Broadcast-System/broadcast-system/maelstrom/store/broadcast/20240702T190021.758Z/results.edn
2024-07-02 19:00:58,454{GMT}	INFO	[jepsen test runner] jepsen.core: {:perf {:latency-graph {:valid? true},
        :rate-graph {:valid? true},
        :valid? true},
 :timeline {:valid? true},
 :exceptions {:valid? true},
 :stats {:valid? true,
         :count 206,
         :ok-count 206,
         :fail-count 0,
         :info-count 0,
         :by-f {:broadcast {:valid? true,
                            :count 108,
                            :ok-count 108,
                            :fail-count 0,
                            :info-count 0},
                :read {:valid? true,
                       :count 98,
                       :ok-count 98,
                       :fail-count 0,
                       :info-count 0}}},
 :availability {:valid? true, :ok-fraction 1.0},
 :net {:all {:send-count 1327,
             :recv-count 1176,
             :msg-count 1327,
             :msgs-per-op 6.4417477},
       :clients {:send-count 432, :recv-count 432, :msg-count 432},
       :servers {:send-count 895,
                 :recv-count 744,
                 :msg-count 895,
                 :msgs-per-op 4.3446603},
       :valid? true},
 :workload {:worst-stale ({:element 1,
                           :outcome :stable,
                           :stable-latency 29701,
                           :lost-latency nil,
                           :known #jepsen.history.Op{:index 5,
                                                     :time 225096857,
                                                     :type :ok,
                                                     :process 2,
                                                     :f :add,
                                                     :value 1},
                           :last-absent #jepsen.history.Op{:index 413,
                                                           :time 29926719792,
                                                           :type :invoke,
                                                           :process 3,
                                                           :f :read,
                                                           :value nil,
                                                           :final? true}}
                          {:element 2,
                           :outcome :stable,
                           :stable-latency 29692,
                           :lost-latency nil,
                           :known #jepsen.history.Op{:index 7,
                                                     :time 233708244,
                                                     :type :ok,
                                                     :process 3,
                                                     :f :add,
                                                     :value 2},
                           :last-absent #jepsen.history.Op{:index 412,
                                                           :time 29926619986,
                                                           :type :invoke,
                                                           :process 2,
                                                           :f :read,
                                                           :value nil,
                                                           :final? true}}
                          {:element 4,
                           :outcome :stable,
                           :stable-latency 29465,
                           :lost-latency nil,
                           :known #jepsen.history.Op{:index 11,
                                                     :time 460774344,
                                                     :type :ok,
                                                     :process 0,
                                                     :f :add,
                                                     :value 4},
                           :last-absent #jepsen.history.Op{:index 411,
                                                           :time 29926456791,
                                                           :type :invoke,
                                                           :process 1,
                                                           :f :read,
                                                           :value nil,
                                                           :final? true}}
                          {:element 7,
                           :outcome :stable,
                           :stable-latency 28741,
                           :lost-latency nil,
                           :known #jepsen.history.Op{:index 25,
                                                     :time 1184700537,
                                                     :type :ok,
                                                     :process 0,
                                                     :f :add,
                                                     :value 7},
                           :last-absent #jepsen.history.Op{:index 411,
                                                           :time 29926456791,
                                                           :type :invoke,
                                                           :process 1,
                                                           :f :read,
                                                           :value nil,
                                                           :final? true}}
                          {:element 8,
                           :outcome :stable,
                           :stable-latency 28535,
                           :lost-latency nil,
                           :known #jepsen.history.Op{:index 31,
                                                     :time 1391579435,
                                                     :type :ok,
                                                     :process 3,
                                                     :f :add,
                                                     :value 8},
                           :last-absent #jepsen.history.Op{:index 412,
                                                           :time 29926619986,
                                                           :type :invoke,
                                                           :process 2,
                                                           :f :read,
                                                           :value nil,
                                                           :final? true}}
                          {:element 10,
                           :outcome :stable,
                           :stable-latency 27910,
                           :lost-latency nil,
                           :known #jepsen.history.Op{:index 41,
                                                     :time 2016515675,
                                                     :type :ok,
                                                     :process 2,
                                                     :f :add,
                                                     :value 10},
                           :last-absent #jepsen.history.Op{:index 413,
                                                           :time 29926719792,
                                                           :type :invoke,
                                                           :process 3,
                                                           :f :read,
                                                           :value nil,
                                                           :final? true}}
                          {:element 11,
                           :outcome :stable,
                           :stable-latency 27744,
                           :lost-latency nil,
                           :known #jepsen.history.Op{:index 43,
                                                     :time 2182397827,
                                                     :type :ok,
                                                     :process 3,
                                                     :f :add,
                                                     :value 11},
                           :last-absent #jepsen.history.Op{:index 412,
                                                           :time 29926619986,
                                                           :type :invoke,
                                                           :process 2,
                                                           :f :read,
                                                           :value nil,
                                                           :final? true}}
                          {:element 12,
                           :outcome :stable,
                           :stable-latency 27540,
                           :lost-latency nil,
                           :known #jepsen.history.Op{:index 47,
                                                     :time 2386101692,
                                                     :type :ok,
                                                     :process 0,
                                                     :f :add,
                                                     :value 12},
                           :last-absent #jepsen.history.Op{:index 411,
                                                           :time 29926456791,
                                                           :type :invoke,
                                                           :process 1,
                                                           :f :read,
                                                           :value nil,
                                                           :final? true}}),
            :duplicated-count 0,
            :valid? false,
            :lost-count 16,
            :lost (3 5 6 9 14 22 24 25 29 33 87 94 100 103 104 107),
            :stable-count 92,
            :stale-count 44,
            :stale (1
                    2
                    4
                    7
                    8
                    10
                    11
                    12
                    13
                    15
                    16
                    17
                    18
                    19
                    20
                    21
                    23
                    26
                    27
                    28
                    30
                    31
                    32
                    34
                    35
                    36
                    84
                    85
                    86
                    88
                    89
                    90
                    91
                    92
                    93
                    95
                    96
                    97
                    98
                    99
                    101
                    102
                    105
                    106),
            :never-read-count 0,
            :stable-latencies {0 0,
                               0.5 0,
                               0.95 28535,
                               0.99 29701,
                               1 29701},
            :attempt-count 108,
            :lost-latencies {0 10104,
                             0.5 25412,
                             0.95 29544,
                             0.99 29544,
                             1 29544},
            :never-read (),
            :duplicated {}},
 :valid? false}


Analysis invalid! ( 
