2024/06/02 15:53:03 Received {c4 n0 {"type":"init","node_id":"n0","node_ids":["n0","n1","n2","n3","n4"],"msg_id":1}}
2024/06/02 15:53:03 Node n0 initialized
2024/06/02 15:53:03 Sent {"src":"n0","dest":"c4","body":{"in_reply_to":1,"type":"init_ok"}}
2024/06/02 15:53:03 Received {c5 n0 {"type":"topology","topology":{"n0":["n3","n1"],"n1":["n4","n2","n0"],"n2":["n1"],"n3":["n0","n4"],"n4":["n1","n3"]},"msg_id":1}}
2024/06/02 15:53:03 Sent {"src":"n0","dest":"c5","body":{"in_reply_to":1,"type":"topology_ok"}}
2024/06/02 15:53:04 Received {c10 n0 {"type":"read","msg_id":1}}
2024/06/02 15:53:04 Sent {"src":"n0","dest":"c10","body":{"in_reply_to":1,"messages":null,"msg_id":1,"type":"read_ok"}}
2024/06/02 15:53:04 Received {n2 n0 {"message":0,"type":"second-order-broadcast"}}
2024/06/02 15:53:04 Sent {"src":"n0","dest":"n2","body":{"in_reply_to":0,"type":"second_order_broadcast_ok"}}
2024/06/02 15:53:04 Received {n3 n0 {"message":1,"type":"second-order-broadcast"}}
2024/06/02 15:53:04 Sent {"src":"n0","dest":"n3","body":{"in_reply_to":0,"type":"second_order_broadcast_ok"}}
2024/06/02 15:53:04 Received {c10 n0 {"type":"read","msg_id":2}}
2024/06/02 15:53:04 Sent {"src":"n0","dest":"c10","body":{"in_reply_to":2,"messages":[0,1],"msg_id":2,"type":"read_ok"}}
2024/06/02 15:53:04 Received {c10 n0 {"type":"broadcast","message":2,"msg_id":3}}
2024/06/02 15:53:04 Sent {"src":"n0","dest":"n4","body":{"message":2,"type":"second-order-broadcast"}}
2024/06/02 15:53:04 Sent {"src":"n0","dest":"n1","body":{"message":2,"type":"second-order-broadcast"}}
2024/06/02 15:53:04 Sent {"src":"n0","dest":"n2","body":{"message":2,"type":"second-order-broadcast"}}
2024/06/02 15:53:04 Sent {"src":"n0","dest":"n3","body":{"message":2,"type":"second-order-broadcast"}}
2024/06/02 15:53:04 Sent {"src":"n0","dest":"n4","body":{"message":2,"type":"second-order-broadcast"}}
2024/06/02 15:53:04 Sent {"src":"n0","dest":"c10","body":{"in_reply_to":3,"type":"broadcast_ok"}}
2024/06/02 15:53:04 Received {n1 n0 {"in_reply_to":0,"type":"second_order_broadcast_ok"}}
2024/06/02 15:53:04 Received {n2 n0 {"in_reply_to":0,"type":"second_order_broadcast_ok"}}
2024/06/02 15:53:04 Received {n3 n0 {"in_reply_to":0,"type":"second_order_broadcast_ok"}}
2024/06/02 15:53:04 Received {n2 n0 {"message":3,"type":"second-order-broadcast"}}
2024/06/02 15:53:04 Sent {"src":"n0","dest":"n2","body":{"in_reply_to":0,"type":"second_order_broadcast_ok"}}
2024/06/02 15:53:04 Received {n3 n0 {"message":4,"type":"second-order-broadcast"}}
2024/06/02 15:53:04 Sent {"src":"n0","dest":"n3","body":{"in_reply_to":0,"type":"second_order_broadcast_ok"}}
2024/06/02 15:53:04 Received {c10 n0 {"type":"broadcast","message":6,"msg_id":4}}
2024/06/02 15:53:04 Sent {"src":"n0","dest":"n4","body":{"message":6,"type":"second-order-broadcast"}}
2024/06/02 15:53:04 Sent {"src":"n0","dest":"n1","body":{"message":6,"type":"second-order-broadcast"}}
2024/06/02 15:53:04 Sent {"src":"n0","dest":"n2","body":{"message":6,"type":"second-order-broadcast"}}
2024/06/02 15:53:04 Sent {"src":"n0","dest":"n3","body":{"message":6,"type":"second-order-broadcast"}}
2024/06/02 15:53:04 Sent {"src":"n0","dest":"n4","body":{"message":6,"type":"second-order-broadcast"}}
2024/06/02 15:53:04 Sent {"src":"n0","dest":"c10","body":{"in_reply_to":4,"type":"broadcast_ok"}}
2024/06/02 15:53:05 Received {n3 n0 {"in_reply_to":0,"type":"second_order_broadcast_ok"}}
2024/06/02 15:53:05 Received {n1 n0 {"in_reply_to":0,"type":"second_order_broadcast_ok"}}
2024/06/02 15:53:05 Received {n2 n0 {"in_reply_to":0,"type":"second_order_broadcast_ok"}}
2024/06/02 15:53:05 Received {c10 n0 {"type":"read","msg_id":5}}
2024/06/02 15:53:05 Sent {"src":"n0","dest":"c10","body":{"in_reply_to":5,"messages":[0,1,2,3,4,6],"msg_id":5,"type":"read_ok"}}
2024/06/02 15:53:05 Received {n3 n0 {"message":7,"type":"second-order-broadcast"}}
2024/06/02 15:53:05 Sent {"src":"n0","dest":"n3","body":{"in_reply_to":0,"type":"second_order_broadcast_ok"}}
2024/06/02 15:53:05 Received {c10 n0 {"type":"broadcast","message":8,"msg_id":6}}
2024/06/02 15:53:05 Sent {"src":"n0","dest":"n4","body":{"message":8,"type":"second-order-broadcast"}}
2024/06/02 15:53:05 Sent {"src":"n0","dest":"n1","body":{"message":8,"type":"second-order-broadcast"}}
2024/06/02 15:53:05 Sent {"src":"n0","dest":"n2","body":{"message":8,"type":"second-order-broadcast"}}
2024/06/02 15:53:05 Sent {"src":"n0","dest":"n3","body":{"message":8,"type":"second-order-broadcast"}}
2024/06/02 15:53:05 Sent {"src":"n0","dest":"n4","body":{"message":8,"type":"second-order-broadcast"}}
2024/06/02 15:53:05 Sent {"src":"n0","dest":"c10","body":{"in_reply_to":6,"type":"broadcast_ok"}}
2024/06/02 15:53:05 Received {n2 n0 {"in_reply_to":0,"type":"second_order_broadcast_ok"}}
2024/06/02 15:53:05 Received {n3 n0 {"in_reply_to":0,"type":"second_order_broadcast_ok"}}
2024/06/02 15:53:05 Received {n1 n0 {"in_reply_to":0,"type":"second_order_broadcast_ok"}}
2024/06/02 15:53:05 Received {c10 n0 {"type":"broadcast","message":9,"msg_id":7}}
2024/06/02 15:53:05 Sent {"src":"n0","dest":"n4","body":{"message":9,"type":"second-order-broadcast"}}
2024/06/02 15:53:05 Sent {"src":"n0","dest":"n1","body":{"message":9,"type":"second-order-broadcast"}}
2024/06/02 15:53:05 Sent {"src":"n0","dest":"n2","body":{"message":9,"type":"second-order-broadcast"}}
2024/06/02 15:53:05 Sent {"src":"n0","dest":"n3","body":{"message":9,"type":"second-order-broadcast"}}
2024/06/02 15:53:05 Sent {"src":"n0","dest":"n4","body":{"message":9,"type":"second-order-broadcast"}}
2024/06/02 15:53:05 Sent {"src":"n0","dest":"c10","body":{"in_reply_to":7,"type":"broadcast_ok"}}
2024/06/02 15:53:05 Received {n3 n0 {"in_reply_to":0,"type":"second_order_broadcast_ok"}}
2024/06/02 15:53:05 Received {n1 n0 {"in_reply_to":0,"type":"second_order_broadcast_ok"}}
2024/06/02 15:53:05 Received {n2 n0 {"in_reply_to":0,"type":"second_order_broadcast_ok"}}
2024/06/02 15:53:05 Received {n1 n0 {"message":10,"type":"second-order-broadcast"}}
2024/06/02 15:53:05 Sent {"src":"n0","dest":"n1","body":{"in_reply_to":0,"type":"second_order_broadcast_ok"}}
2024/06/02 15:53:05 Received {n2 n0 {"message":11,"type":"second-order-broadcast"}}
2024/06/02 15:53:05 Sent {"src":"n0","dest":"n2","body":{"in_reply_to":0,"type":"second_order_broadcast_ok"}}
2024/06/02 15:53:06 Received {c10 n0 {"type":"read","msg_id":8}}
2024/06/02 15:53:06 Sent {"src":"n0","dest":"c10","body":{"in_reply_to":8,"messages":[0,1,2,3,4,6,7,8,9,10,11],"msg_id":8,"type":"read_ok"}}
2024/06/02 15:53:06 Received {c10 n0 {"type":"read","msg_id":9}}
2024/06/02 15:53:06 Sent {"src":"n0","dest":"c10","body":{"in_reply_to":9,"messages":[0,1,2,3,4,6,7,8,9,10,11],"msg_id":9,"type":"read_ok"}}
2024/06/02 15:53:06 Received {n2 n0 {"message":12,"type":"second-order-broadcast"}}
2024/06/02 15:53:06 Sent {"src":"n0","dest":"n2","body":{"in_reply_to":0,"type":"second_order_broadcast_ok"}}
2024/06/02 15:53:06 Received {n3 n0 {"message":13,"type":"second-order-broadcast"}}
2024/06/02 15:53:06 Sent {"src":"n0","dest":"n3","body":{"in_reply_to":0,"type":"second_order_broadcast_ok"}}
2024/06/02 15:53:06 Received {c10 n0 {"type":"read","msg_id":10}}
2024/06/02 15:53:06 Sent {"src":"n0","dest":"c10","body":{"in_reply_to":10,"messages":[0,1,2,3,4,6,7,8,9,10,11,12,13],"msg_id":10,"type":"read_ok"}}
2024/06/02 15:53:06 Received {c10 n0 {"type":"broadcast","message":14,"msg_id":11}}
2024/06/02 15:53:06 Sent {"src":"n0","dest":"n4","body":{"message":14,"type":"second-order-broadcast"}}
2024/06/02 15:53:06 Sent {"src":"n0","dest":"n1","body":{"message":14,"type":"second-order-broadcast"}}
2024/06/02 15:53:06 Sent {"src":"n0","dest":"n2","body":{"message":14,"type":"second-order-broadcast"}}
2024/06/02 15:53:06 Sent {"src":"n0","dest":"n3","body":{"message":14,"type":"second-order-broadcast"}}
2024/06/02 15:53:06 Sent {"src":"n0","dest":"n4","body":{"message":14,"type":"second-order-broadcast"}}
2024/06/02 15:53:06 Sent {"src":"n0","dest":"c10","body":{"in_reply_to":11,"type":"broadcast_ok"}}
2024/06/02 15:53:06 Received {n2 n0 {"in_reply_to":0,"type":"second_order_broadcast_ok"}}
2024/06/02 15:53:06 Received {n3 n0 {"in_reply_to":0,"type":"second_order_broadcast_ok"}}
2024/06/02 15:53:06 Received {n1 n0 {"in_reply_to":0,"type":"second_order_broadcast_ok"}}
2024/06/02 15:53:07 Received {n2 n0 {"message":15,"type":"second-order-broadcast"}}
2024/06/02 15:53:07 Sent {"src":"n0","dest":"n2","body":{"in_reply_to":0,"type":"second_order_broadcast_ok"}}
2024/06/02 15:53:07 Received {c10 n0 {"type":"read","msg_id":12}}
2024/06/02 15:53:07 Sent {"src":"n0","dest":"c10","body":{"in_reply_to":12,"messages":[0,1,2,3,4,6,7,8,9,10,11,12,13,14,15],"msg_id":12,"type":"read_ok"}}
2024/06/02 15:53:07 Received {c10 n0 {"type":"read","msg_id":13}}
2024/06/02 15:53:07 Sent {"src":"n0","dest":"c10","body":{"in_reply_to":13,"messages":[0,1,2,3,4,6,7,8,9,10,11,12,13,14,15],"msg_id":13,"type":"read_ok"}}
2024/06/02 15:53:07 Received {n3 n0 {"message":17,"type":"second-order-broadcast"}}
2024/06/02 15:53:07 Sent {"src":"n0","dest":"n3","body":{"in_reply_to":0,"type":"second_order_broadcast_ok"}}
2024/06/02 15:53:08 Received {c10 n0 {"type":"read","msg_id":14}}
2024/06/02 15:53:08 Sent {"src":"n0","dest":"c10","body":{"in_reply_to":14,"messages":[0,1,2,3,4,6,7,8,9,10,11,12,13,14,15,17],"msg_id":14,"type":"read_ok"}}
2024/06/02 15:53:08 Received {c10 n0 {"type":"broadcast","message":18,"msg_id":15}}
2024/06/02 15:53:08 Sent {"src":"n0","dest":"n4","body":{"message":18,"type":"second-order-broadcast"}}
2024/06/02 15:53:08 Sent {"src":"n0","dest":"n1","body":{"message":18,"type":"second-order-broadcast"}}
2024/06/02 15:53:08 Sent {"src":"n0","dest":"n2","body":{"message":18,"type":"second-order-broadcast"}}
2024/06/02 15:53:08 Sent {"src":"n0","dest":"n3","body":{"message":18,"type":"second-order-broadcast"}}
2024/06/02 15:53:08 Sent {"src":"n0","dest":"n4","body":{"message":18,"type":"second-order-broadcast"}}
2024/06/02 15:53:08 Sent {"src":"n0","dest":"c10","body":{"in_reply_to":15,"type":"broadcast_ok"}}
2024/06/02 15:53:08 Received {n1 n0 {"in_reply_to":0,"type":"second_order_broadcast_ok"}}
2024/06/02 15:53:08 Received {n2 n0 {"in_reply_to":0,"type":"second_order_broadcast_ok"}}
2024/06/02 15:53:08 Received {n3 n0 {"in_reply_to":0,"type":"second_order_broadcast_ok"}}
2024/06/02 15:53:08 Received {n1 n0 {"message":19,"type":"second-order-broadcast"}}
2024/06/02 15:53:08 Sent {"src":"n0","dest":"n1","body":{"in_reply_to":0,"type":"second_order_broadcast_ok"}}
2024/06/02 15:53:08 Received {n3 n0 {"message":20,"type":"second-order-broadcast"}}
2024/06/02 15:53:08 Sent {"src":"n0","dest":"n3","body":{"in_reply_to":0,"type":"second_order_broadcast_ok"}}
2024/06/02 15:53:08 Received {c10 n0 {"type":"read","msg_id":16}}
2024/06/02 15:53:08 Sent {"src":"n0","dest":"c10","body":{"in_reply_to":16,"messages":[0,1,2,3,4,6,7,8,9,10,11,12,13,14,15,17,18,19,20],"msg_id":16,"type":"read_ok"}}
2024/06/02 15:53:08 Received {c10 n0 {"type":"read","msg_id":17}}
2024/06/02 15:53:08 Sent {"src":"n0","dest":"c10","body":{"in_reply_to":17,"messages":[0,1,2,3,4,6,7,8,9,10,11,12,13,14,15,17,18,19,20],"msg_id":17,"type":"read_ok"}}
2024/06/02 15:53:08 Received {n2 n0 {"message":22,"type":"second-order-broadcast"}}
2024/06/02 15:53:08 Sent {"src":"n0","dest":"n2","body":{"in_reply_to":0,"type":"second_order_broadcast_ok"}}
2024/06/02 15:53:09 Received {c10 n0 {"type":"read","msg_id":18}}
2024/06/02 15:53:09 Sent {"src":"n0","dest":"c10","body":{"in_reply_to":18,"messages":[0,1,2,3,4,6,7,8,9,10,11,12,13,14,15,17,18,19,20,22],"msg_id":18,"type":"read_ok"}}
2024/06/02 15:53:09 Received {c10 n0 {"type":"broadcast","message":23,"msg_id":19}}
2024/06/02 15:53:09 Sent {"src":"n0","dest":"n4","body":{"message":23,"type":"second-order-broadcast"}}
2024/06/02 15:53:09 Sent {"src":"n0","dest":"n1","body":{"message":23,"type":"second-order-broadcast"}}
2024/06/02 15:53:09 Sent {"src":"n0","dest":"n2","body":{"message":23,"type":"second-order-broadcast"}}
2024/06/02 15:53:09 Sent {"src":"n0","dest":"n3","body":{"message":23,"type":"second-order-broadcast"}}
2024/06/02 15:53:09 Sent {"src":"n0","dest":"n4","body":{"message":23,"type":"second-order-broadcast"}}
2024/06/02 15:53:09 Sent {"src":"n0","dest":"c10","body":{"in_reply_to":19,"type":"broadcast_ok"}}
2024/06/02 15:53:09 Received {n1 n0 {"in_reply_to":0,"type":"second_order_broadcast_ok"}}
2024/06/02 15:53:09 Received {n2 n0 {"in_reply_to":0,"type":"second_order_broadcast_ok"}}
2024/06/02 15:53:09 Received {n3 n0 {"in_reply_to":0,"type":"second_order_broadcast_ok"}}
2024/06/02 15:53:09 Received {n1 n0 {"message":24,"type":"second-order-broadcast"}}
2024/06/02 15:53:09 Sent {"src":"n0","dest":"n1","body":{"in_reply_to":0,"type":"second_order_broadcast_ok"}}
2024/06/02 15:53:09 Received {c10 n0 {"type":"read","msg_id":20}}
2024/06/02 15:53:09 Sent {"src":"n0","dest":"c10","body":{"in_reply_to":20,"messages":[0,1,2,3,4,6,7,8,9,10,11,12,13,14,15,17,18,19,20,22,23,24],"msg_id":20,"type":"read_ok"}}
2024/06/02 15:53:09 Received {c10 n0 {"type":"read","msg_id":21}}
2024/06/02 15:53:09 Sent {"src":"n0","dest":"c10","body":{"in_reply_to":21,"messages":[0,1,2,3,4,6,7,8,9,10,11,12,13,14,15,17,18,19,20,22,23,24],"msg_id":21,"type":"read_ok"}}
2024/06/02 15:53:10 Received {n1 n0 {"message":25,"type":"second-order-broadcast"}}
2024/06/02 15:53:10 Sent {"src":"n0","dest":"n1","body":{"in_reply_to":0,"type":"second_order_broadcast_ok"}}
2024/06/02 15:53:10 Received {n4 n0 {"message":26,"type":"second-order-broadcast"}}
2024/06/02 15:53:10 Sent {"src":"n0","dest":"n4","body":{"in_reply_to":0,"type":"second_order_broadcast_ok"}}
2024/06/02 15:53:10 Received {c10 n0 {"type":"read","msg_id":22}}
2024/06/02 15:53:10 Sent {"src":"n0","dest":"c10","body":{"in_reply_to":22,"messages":[0,1,2,3,4,6,7,8,9,10,11,12,13,14,15,17,18,19,20,22,23,24,25,26],"msg_id":22,"type":"read_ok"}}
2024/06/02 15:53:10 Received {c10 n0 {"type":"read","msg_id":23}}
2024/06/02 15:53:10 Sent {"src":"n0","dest":"c10","body":{"in_reply_to":23,"messages":[0,1,2,3,4,6,7,8,9,10,11,12,13,14,15,17,18,19,20,22,23,24,25,26],"msg_id":23,"type":"read_ok"}}
2024/06/02 15:53:10 Received {n2 n0 {"message":27,"type":"second-order-broadcast"}}
2024/06/02 15:53:10 Sent {"src":"n0","dest":"n2","body":{"in_reply_to":0,"type":"second_order_broadcast_ok"}}
2024/06/02 15:53:10 Received {n4 n0 {"message":28,"type":"second-order-broadcast"}}
2024/06/02 15:53:10 Sent {"src":"n0","dest":"n4","body":{"in_reply_to":0,"type":"second_order_broadcast_ok"}}
2024/06/02 15:53:10 Received {c10 n0 {"type":"broadcast","message":29,"msg_id":24}}
2024/06/02 15:53:10 Sent {"src":"n0","dest":"n4","body":{"message":29,"type":"second-order-broadcast"}}
2024/06/02 15:53:10 Sent {"src":"n0","dest":"n1","body":{"message":29,"type":"second-order-broadcast"}}
2024/06/02 15:53:10 Sent {"src":"n0","dest":"n2","body":{"message":29,"type":"second-order-broadcast"}}
2024/06/02 15:53:10 Sent {"src":"n0","dest":"n3","body":{"message":29,"type":"second-order-broadcast"}}
2024/06/02 15:53:10 Sent {"src":"n0","dest":"n4","body":{"message":29,"type":"second-order-broadcast"}}
2024/06/02 15:53:10 Sent {"src":"n0","dest":"c10","body":{"in_reply_to":24,"type":"broadcast_ok"}}
2024/06/02 15:53:10 Received {n3 n0 {"in_reply_to":0,"type":"second_order_broadcast_ok"}}
2024/06/02 15:53:10 Received {n1 n0 {"in_reply_to":0,"type":"second_order_broadcast_ok"}}
2024/06/02 15:53:10 Received {n4 n0 {"in_reply_to":0,"type":"second_order_broadcast_ok"}}
2024/06/02 15:53:10 Received {n4 n0 {"in_reply_to":0,"type":"second_order_broadcast_ok"}}
2024/06/02 15:53:10 Received {n2 n0 {"in_reply_to":0,"type":"second_order_broadcast_ok"}}
2024/06/02 15:53:10 Received {c10 n0 {"type":"broadcast","message":30,"msg_id":25}}
2024/06/02 15:53:10 Sent {"src":"n0","dest":"n4","body":{"message":30,"type":"second-order-broadcast"}}
2024/06/02 15:53:10 Sent {"src":"n0","dest":"n1","body":{"message":30,"type":"second-order-broadcast"}}
2024/06/02 15:53:10 Sent {"src":"n0","dest":"n2","body":{"message":30,"type":"second-order-broadcast"}}
2024/06/02 15:53:10 Sent {"src":"n0","dest":"n3","body":{"message":30,"type":"second-order-broadcast"}}
2024/06/02 15:53:10 Sent {"src":"n0","dest":"n4","body":{"message":30,"type":"second-order-broadcast"}}
2024/06/02 15:53:10 Sent {"src":"n0","dest":"c10","body":{"in_reply_to":25,"type":"broadcast_ok"}}
2024/06/02 15:53:10 Received {n3 n0 {"in_reply_to":0,"type":"second_order_broadcast_ok"}}
2024/06/02 15:53:10 Received {n2 n0 {"in_reply_to":0,"type":"second_order_broadcast_ok"}}
2024/06/02 15:53:10 Received {n1 n0 {"in_reply_to":0,"type":"second_order_broadcast_ok"}}
2024/06/02 15:53:10 Received {n4 n0 {"in_reply_to":0,"type":"second_order_broadcast_ok"}}
2024/06/02 15:53:10 Received {n4 n0 {"in_reply_to":0,"type":"second_order_broadcast_ok"}}
2024/06/02 15:53:10 Received {n1 n0 {"message":31,"type":"second-order-broadcast"}}
2024/06/02 15:53:10 Sent {"src":"n0","dest":"n1","body":{"in_reply_to":0,"type":"second_order_broadcast_ok"}}
2024/06/02 15:53:10 Received {n2 n0 {"message":32,"type":"second-order-broadcast"}}
2024/06/02 15:53:10 Sent {"src":"n0","dest":"n2","body":{"in_reply_to":0,"type":"second_order_broadcast_ok"}}
2024/06/02 15:53:11 Received {c10 n0 {"type":"broadcast","message":33,"msg_id":26}}
2024/06/02 15:53:11 Sent {"src":"n0","dest":"n4","body":{"message":33,"type":"second-order-broadcast"}}
2024/06/02 15:53:11 Sent {"src":"n0","dest":"n1","body":{"message":33,"type":"second-order-broadcast"}}
2024/06/02 15:53:11 Sent {"src":"n0","dest":"n2","body":{"message":33,"type":"second-order-broadcast"}}
2024/06/02 15:53:11 Sent {"src":"n0","dest":"n3","body":{"message":33,"type":"second-order-broadcast"}}
2024/06/02 15:53:11 Sent {"src":"n0","dest":"n4","body":{"message":33,"type":"second-order-broadcast"}}
2024/06/02 15:53:11 Sent {"src":"n0","dest":"c10","body":{"in_reply_to":26,"type":"broadcast_ok"}}
2024/06/02 15:53:11 Received {n2 n0 {"in_reply_to":0,"type":"second_order_broadcast_ok"}}
2024/06/02 15:53:11 Received {n1 n0 {"in_reply_to":0,"type":"second_order_broadcast_ok"}}
2024/06/02 15:53:11 Received {n4 n0 {"in_reply_to":0,"type":"second_order_broadcast_ok"}}
2024/06/02 15:53:11 Received {n3 n0 {"in_reply_to":0,"type":"second_order_broadcast_ok"}}
2024/06/02 15:53:11 Received {n4 n0 {"in_reply_to":0,"type":"second_order_broadcast_ok"}}
2024/06/02 15:53:11 Received {c10 n0 {"type":"broadcast","message":34,"msg_id":27}}
2024/06/02 15:53:11 Sent {"src":"n0","dest":"n4","body":{"message":34,"type":"second-order-broadcast"}}
2024/06/02 15:53:11 Sent {"src":"n0","dest":"n1","body":{"message":34,"type":"second-order-broadcast"}}
2024/06/02 15:53:11 Sent {"src":"n0","dest":"n2","body":{"message":34,"type":"second-order-broadcast"}}
2024/06/02 15:53:11 Sent {"src":"n0","dest":"n3","body":{"message":34,"type":"second-order-broadcast"}}
2024/06/02 15:53:11 Sent {"src":"n0","dest":"n4","body":{"message":34,"type":"second-order-broadcast"}}
2024/06/02 15:53:11 Sent {"src":"n0","dest":"c10","body":{"in_reply_to":27,"type":"broadcast_ok"}}
2024/06/02 15:53:11 Received {n2 n0 {"in_reply_to":0,"type":"second_order_broadcast_ok"}}
2024/06/02 15:53:11 Received {n1 n0 {"in_reply_to":0,"type":"second_order_broadcast_ok"}}
2024/06/02 15:53:11 Received {n3 n0 {"in_reply_to":0,"type":"second_order_broadcast_ok"}}
2024/06/02 15:53:11 Received {n4 n0 {"in_reply_to":0,"type":"second_order_broadcast_ok"}}
2024/06/02 15:53:11 Received {n4 n0 {"in_reply_to":0,"type":"second_order_broadcast_ok"}}
2024/06/02 15:53:11 Received {n1 n0 {"message":35,"type":"second-order-broadcast"}}
2024/06/02 15:53:11 Sent {"src":"n0","dest":"n1","body":{"in_reply_to":0,"type":"second_order_broadcast_ok"}}
2024/06/02 15:53:11 Received {c10 n0 {"type":"read","msg_id":28}}
2024/06/02 15:53:11 Sent {"src":"n0","dest":"c10","body":{"in_reply_to":28,"messages":[0,1,2,3,4,6,7,8,9,10,11,12,13,14,15,17,18,19,20,22,23,24,25,26,27,28,29,30,31,32,33,34,35],"msg_id":28,"type":"read_ok"}}
2024/06/02 15:53:11 Received {c10 n0 {"type":"read","msg_id":29}}
2024/06/02 15:53:11 Sent {"src":"n0","dest":"c10","body":{"in_reply_to":29,"messages":[0,1,2,3,4,6,7,8,9,10,11,12,13,14,15,17,18,19,20,22,23,24,25,26,27,28,29,30,31,32,33,34,35],"msg_id":29,"type":"read_ok"}}
2024/06/02 15:53:11 Received {n1 n0 {"message":36,"type":"second-order-broadcast"}}
2024/06/02 15:53:11 Sent {"src":"n0","dest":"n1","body":{"in_reply_to":0,"type":"second_order_broadcast_ok"}}
2024/06/02 15:53:12 Received {c10 n0 {"type":"broadcast","message":37,"msg_id":30}}
2024/06/02 15:53:12 Sent {"src":"n0","dest":"n4","body":{"message":37,"type":"second-order-broadcast"}}
2024/06/02 15:53:12 Sent {"src":"n0","dest":"n1","body":{"message":37,"type":"second-order-broadcast"}}
2024/06/02 15:53:12 Sent {"src":"n0","dest":"n2","body":{"message":37,"type":"second-order-broadcast"}}
2024/06/02 15:53:12 Sent {"src":"n0","dest":"n3","body":{"message":37,"type":"second-order-broadcast"}}
2024/06/02 15:53:12 Sent {"src":"n0","dest":"n4","body":{"message":37,"type":"second-order-broadcast"}}
2024/06/02 15:53:12 Sent {"src":"n0","dest":"c10","body":{"in_reply_to":30,"type":"broadcast_ok"}}
2024/06/02 15:53:12 Received {n4 n0 {"in_reply_to":0,"type":"second_order_broadcast_ok"}}
2024/06/02 15:53:12 Received {n2 n0 {"in_reply_to":0,"type":"second_order_broadcast_ok"}}
2024/06/02 15:53:12 Received {n3 n0 {"in_reply_to":0,"type":"second_order_broadcast_ok"}}
2024/06/02 15:53:12 Received {n1 n0 {"in_reply_to":0,"type":"second_order_broadcast_ok"}}
2024/06/02 15:53:12 Received {n4 n0 {"in_reply_to":0,"type":"second_order_broadcast_ok"}}
2024/06/02 15:53:12 Received {c10 n0 {"type":"read","msg_id":31}}
2024/06/02 15:53:12 Sent {"src":"n0","dest":"c10","body":{"in_reply_to":31,"messages":[0,1,2,3,4,6,7,8,9,10,11,12,13,14,15,17,18,19,20,22,23,24,25,26,27,28,29,30,31,32,33,34,35,36,37],"msg_id":31,"type":"read_ok"}}
2024/06/02 15:53:12 Received {n1 n0 {"message":38,"type":"second-order-broadcast"}}
2024/06/02 15:53:12 Sent {"src":"n0","dest":"n1","body":{"in_reply_to":0,"type":"second_order_broadcast_ok"}}
2024/06/02 15:53:12 Received {n3 n0 {"message":39,"type":"second-order-broadcast"}}
2024/06/02 15:53:12 Sent {"src":"n0","dest":"n3","body":{"in_reply_to":0,"type":"second_order_broadcast_ok"}}
2024/06/02 15:53:13 Received {c10 n0 {"type":"broadcast","message":40,"msg_id":32}}
2024/06/02 15:53:13 Sent {"src":"n0","dest":"n4","body":{"message":40,"type":"second-order-broadcast"}}
2024/06/02 15:53:13 Sent {"src":"n0","dest":"n1","body":{"message":40,"type":"second-order-broadcast"}}
2024/06/02 15:53:13 Sent {"src":"n0","dest":"n2","body":{"message":40,"type":"second-order-broadcast"}}
2024/06/02 15:53:13 Sent {"src":"n0","dest":"n3","body":{"message":40,"type":"second-order-broadcast"}}
2024/06/02 15:53:13 Sent {"src":"n0","dest":"n4","body":{"message":40,"type":"second-order-broadcast"}}
2024/06/02 15:53:13 Sent {"src":"n0","dest":"c10","body":{"in_reply_to":32,"type":"broadcast_ok"}}
2024/06/02 15:53:13 Received {n2 n0 {"in_reply_to":0,"type":"second_order_broadcast_ok"}}
2024/06/02 15:53:13 Received {n4 n0 {"in_reply_to":0,"type":"second_order_broadcast_ok"}}
2024/06/02 15:53:13 Received {n1 n0 {"in_reply_to":0,"type":"second_order_broadcast_ok"}}
2024/06/02 15:53:13 Received {n3 n0 {"in_reply_to":0,"type":"second_order_broadcast_ok"}}
2024/06/02 15:53:13 Received {n4 n0 {"in_reply_to":0,"type":"second_order_broadcast_ok"}}
2024/06/02 15:53:13 Received {c10 n0 {"type":"broadcast","message":41,"msg_id":33}}
2024/06/02 15:53:13 Sent {"src":"n0","dest":"n4","body":{"message":41,"type":"second-order-broadcast"}}
2024/06/02 15:53:13 Sent {"src":"n0","dest":"n1","body":{"message":41,"type":"second-order-broadcast"}}
2024/06/02 15:53:13 Sent {"src":"n0","dest":"n2","body":{"message":41,"type":"second-order-broadcast"}}
2024/06/02 15:53:13 Sent {"src":"n0","dest":"n3","body":{"message":41,"type":"second-order-broadcast"}}
2024/06/02 15:53:13 Sent {"src":"n0","dest":"n4","body":{"message":41,"type":"second-order-broadcast"}}
2024/06/02 15:53:13 Sent {"src":"n0","dest":"c10","body":{"in_reply_to":33,"type":"broadcast_ok"}}
2024/06/02 15:53:13 Received {n4 n0 {"in_reply_to":0,"type":"second_order_broadcast_ok"}}
2024/06/02 15:53:13 Received {n2 n0 {"in_reply_to":0,"type":"second_order_broadcast_ok"}}
2024/06/02 15:53:13 Received {n1 n0 {"in_reply_to":0,"type":"second_order_broadcast_ok"}}
2024/06/02 15:53:13 Received {n3 n0 {"in_reply_to":0,"type":"second_order_broadcast_ok"}}
2024/06/02 15:53:13 Received {n4 n0 {"in_reply_to":0,"type":"second_order_broadcast_ok"}}
2024/06/02 15:53:13 Received {n2 n0 {"message":42,"type":"second-order-broadcast"}}
2024/06/02 15:53:13 Sent {"src":"n0","dest":"n2","body":{"in_reply_to":0,"type":"second_order_broadcast_ok"}}
2024/06/02 15:53:13 Received {n3 n0 {"message":43,"type":"second-order-broadcast"}}
2024/06/02 15:53:13 Sent {"src":"n0","dest":"n3","body":{"in_reply_to":0,"type":"second_order_broadcast_ok"}}
2024/06/02 15:53:13 Received {c10 n0 {"type":"broadcast","message":44,"msg_id":34}}
2024/06/02 15:53:13 Sent {"src":"n0","dest":"n4","body":{"message":44,"type":"second-order-broadcast"}}
2024/06/02 15:53:13 Sent {"src":"n0","dest":"n1","body":{"message":44,"type":"second-order-broadcast"}}
2024/06/02 15:53:13 Sent {"src":"n0","dest":"n2","body":{"message":44,"type":"second-order-broadcast"}}
2024/06/02 15:53:13 Sent {"src":"n0","dest":"n3","body":{"message":44,"type":"second-order-broadcast"}}
2024/06/02 15:53:13 Sent {"src":"n0","dest":"n4","body":{"message":44,"type":"second-order-broadcast"}}
2024/06/02 15:53:13 Sent {"src":"n0","dest":"c10","body":{"in_reply_to":34,"type":"broadcast_ok"}}
2024/06/02 15:53:13 Received {n3 n0 {"in_reply_to":0,"type":"second_order_broadcast_ok"}}
2024/06/02 15:53:13 Received {n2 n0 {"in_reply_to":0,"type":"second_order_broadcast_ok"}}
2024/06/02 15:53:13 Received {n1 n0 {"in_reply_to":0,"type":"second_order_broadcast_ok"}}
2024/06/02 15:53:13 Received {n4 n0 {"in_reply_to":0,"type":"second_order_broadcast_ok"}}
2024/06/02 15:53:13 Received {n4 n0 {"in_reply_to":0,"type":"second_order_broadcast_ok"}}
2024/06/02 15:53:13 Received {c10 n0 {"type":"broadcast","message":45,"msg_id":35}}
2024/06/02 15:53:13 Sent {"src":"n0","dest":"n4","body":{"message":45,"type":"second-order-broadcast"}}
2024/06/02 15:53:13 Sent {"src":"n0","dest":"n1","body":{"message":45,"type":"second-order-broadcast"}}
2024/06/02 15:53:13 Sent {"src":"n0","dest":"n2","body":{"message":45,"type":"second-order-broadcast"}}
2024/06/02 15:53:13 Sent {"src":"n0","dest":"n3","body":{"message":45,"type":"second-order-broadcast"}}
2024/06/02 15:53:13 Sent {"src":"n0","dest":"n4","body":{"message":45,"type":"second-order-broadcast"}}
2024/06/02 15:53:13 Sent {"src":"n0","dest":"c10","body":{"in_reply_to":35,"type":"broadcast_ok"}}
2024/06/02 15:53:13 Received {n2 n0 {"in_reply_to":0,"type":"second_order_broadcast_ok"}}
2024/06/02 15:53:13 Received {n1 n0 {"in_reply_to":0,"type":"second_order_broadcast_ok"}}
2024/06/02 15:53:13 Received {n3 n0 {"in_reply_to":0,"type":"second_order_broadcast_ok"}}
2024/06/02 15:53:13 Received {n4 n0 {"in_reply_to":0,"type":"second_order_broadcast_ok"}}
2024/06/02 15:53:13 Received {n4 n0 {"in_reply_to":0,"type":"second_order_broadcast_ok"}}
2024/06/02 15:53:13 Received {n1 n0 {"message":46,"type":"second-order-broadcast"}}
2024/06/02 15:53:13 Sent {"src":"n0","dest":"n1","body":{"in_reply_to":0,"type":"second_order_broadcast_ok"}}
2024/06/02 15:53:13 Received {n2 n0 {"message":47,"type":"second-order-broadcast"}}
2024/06/02 15:53:13 Sent {"src":"n0","dest":"n2","body":{"in_reply_to":0,"type":"second_order_broadcast_ok"}}
2024/06/02 15:53:13 Received {n4 n0 {"message":48,"type":"second-order-broadcast"}}
2024/06/02 15:53:13 Sent {"src":"n0","dest":"n4","body":{"in_reply_to":0,"type":"second_order_broadcast_ok"}}
2024/06/02 15:53:14 Received {c10 n0 {"type":"read","msg_id":36}}
2024/06/02 15:53:14 Sent {"src":"n0","dest":"c10","body":{"in_reply_to":36,"messages":[0,1,2,3,4,6,7,8,9,10,11,12,13,14,15,17,18,19,20,22,23,24,25,26,27,28,29,30,31,32,33,34,35,36,37,38,39,40,41,42,43,44,45,46,47,48],"msg_id":36,"type":"read_ok"}}
2024/06/02 15:53:14 Received {c10 n0 {"type":"broadcast","message":49,"msg_id":37}}
2024/06/02 15:53:14 Sent {"src":"n0","dest":"n4","body":{"message":49,"type":"second-order-broadcast"}}
2024/06/02 15:53:14 Sent {"src":"n0","dest":"n1","body":{"message":49,"type":"second-order-broadcast"}}
2024/06/02 15:53:14 Sent {"src":"n0","dest":"n2","body":{"message":49,"type":"second-order-broadcast"}}
2024/06/02 15:53:14 Sent {"src":"n0","dest":"n3","body":{"message":49,"type":"second-order-broadcast"}}
2024/06/02 15:53:14 Sent {"src":"n0","dest":"n4","body":{"message":49,"type":"second-order-broadcast"}}
2024/06/02 15:53:14 Sent {"src":"n0","dest":"c10","body":{"in_reply_to":37,"type":"broadcast_ok"}}
2024/06/02 15:53:14 Received {n2 n0 {"in_reply_to":0,"type":"second_order_broadcast_ok"}}
2024/06/02 15:53:14 Received {n3 n0 {"in_reply_to":0,"type":"second_order_broadcast_ok"}}
2024/06/02 15:53:14 Received {n4 n0 {"in_reply_to":0,"type":"second_order_broadcast_ok"}}
2024/06/02 15:53:14 Received {n4 n0 {"in_reply_to":0,"type":"second_order_broadcast_ok"}}
2024/06/02 15:53:14 Received {n1 n0 {"in_reply_to":0,"type":"second_order_broadcast_ok"}}
2024/06/02 15:53:14 Received {n1 n0 {"message":50,"type":"second-order-broadcast"}}
2024/06/02 15:53:14 Sent {"src":"n0","dest":"n1","body":{"in_reply_to":0,"type":"second_order_broadcast_ok"}}
2024/06/02 15:53:14 Received {n2 n0 {"message":51,"type":"second-order-broadcast"}}
2024/06/02 15:53:14 Sent {"src":"n0","dest":"n2","body":{"in_reply_to":0,"type":"second_order_broadcast_ok"}}
2024/06/02 15:53:14 Received {c10 n0 {"type":"read","msg_id":38}}
2024/06/02 15:53:14 Sent {"src":"n0","dest":"c10","body":{"in_reply_to":38,"messages":[0,1,2,3,4,6,7,8,9,10,11,12,13,14,15,17,18,19,20,22,23,24,25,26,27,28,29,30,31,32,33,34,35,36,37,38,39,40,41,42,43,44,45,46,47,48,49,50,51],"msg_id":38,"type":"read_ok"}}
2024/06/02 15:53:14 Received {c10 n0 {"type":"read","msg_id":39}}
2024/06/02 15:53:14 Sent {"src":"n0","dest":"c10","body":{"in_reply_to":39,"messages":[0,1,2,3,4,6,7,8,9,10,11,12,13,14,15,17,18,19,20,22,23,24,25,26,27,28,29,30,31,32,33,34,35,36,37,38,39,40,41,42,43,44,45,46,47,48,49,50,51],"msg_id":39,"type":"read_ok"}}
2024/06/02 15:53:14 Received {n1 n0 {"message":52,"type":"second-order-broadcast"}}
2024/06/02 15:53:14 Sent {"src":"n0","dest":"n1","body":{"in_reply_to":0,"type":"second_order_broadcast_ok"}}
2024/06/02 15:53:14 Received {n2 n0 {"message":53,"type":"second-order-broadcast"}}
2024/06/02 15:53:14 Sent {"src":"n0","dest":"n2","body":{"in_reply_to":0,"type":"second_order_broadcast_ok"}}
2024/06/02 15:53:14 Received {n3 n0 {"message":54,"type":"second-order-broadcast"}}
2024/06/02 15:53:14 Sent {"src":"n0","dest":"n3","body":{"in_reply_to":0,"type":"second_order_broadcast_ok"}}
2024/06/02 15:53:14 Received {n4 n0 {"message":55,"type":"second-order-broadcast"}}
2024/06/02 15:53:14 Sent {"src":"n0","dest":"n4","body":{"in_reply_to":0,"type":"second_order_broadcast_ok"}}
2024/06/02 15:53:15 Received {c10 n0 {"type":"broadcast","message":56,"msg_id":40}}
2024/06/02 15:53:15 Sent {"src":"n0","dest":"n4","body":{"message":56,"type":"second-order-broadcast"}}
2024/06/02 15:53:15 Sent {"src":"n0","dest":"n1","body":{"message":56,"type":"second-order-broadcast"}}
2024/06/02 15:53:15 Sent {"src":"n0","dest":"n2","body":{"message":56,"type":"second-order-broadcast"}}
2024/06/02 15:53:15 Sent {"src":"n0","dest":"n3","body":{"message":56,"type":"second-order-broadcast"}}
2024/06/02 15:53:15 Sent {"src":"n0","dest":"n4","body":{"message":56,"type":"second-order-broadcast"}}
2024/06/02 15:53:15 Sent {"src":"n0","dest":"c10","body":{"in_reply_to":40,"type":"broadcast_ok"}}
2024/06/02 15:53:15 Received {n1 n0 {"in_reply_to":0,"type":"second_order_broadcast_ok"}}
2024/06/02 15:53:15 Received {n2 n0 {"in_reply_to":0,"type":"second_order_broadcast_ok"}}
2024/06/02 15:53:15 Received {n3 n0 {"in_reply_to":0,"type":"second_order_broadcast_ok"}}
2024/06/02 15:53:15 Received {n4 n0 {"in_reply_to":0,"type":"second_order_broadcast_ok"}}
2024/06/02 15:53:15 Received {n4 n0 {"in_reply_to":0,"type":"second_order_broadcast_ok"}}
2024/06/02 15:53:15 Received {c10 n0 {"type":"read","msg_id":41}}
2024/06/02 15:53:15 Sent {"src":"n0","dest":"c10","body":{"in_reply_to":41,"messages":[0,1,2,3,4,6,7,8,9,10,11,12,13,14,15,17,18,19,20,22,23,24,25,26,27,28,29,30,31,32,33,34,35,36,37,38,39,40,41,42,43,44,45,46,47,48,49,50,51,52,53,54,55,56],"msg_id":41,"type":"read_ok"}}
2024/06/02 15:53:15 Received {n1 n0 {"message":57,"type":"second-order-broadcast"}}
2024/06/02 15:53:15 Sent {"src":"n0","dest":"n1","body":{"in_reply_to":0,"type":"second_order_broadcast_ok"}}
2024/06/02 15:53:15 Received {n4 n0 {"message":58,"type":"second-order-broadcast"}}
2024/06/02 15:53:15 Sent {"src":"n0","dest":"n4","body":{"in_reply_to":0,"type":"second_order_broadcast_ok"}}
2024/06/02 15:53:15 Received {c10 n0 {"type":"broadcast","message":59,"msg_id":42}}
2024/06/02 15:53:15 Sent {"src":"n0","dest":"n4","body":{"message":59,"type":"second-order-broadcast"}}
2024/06/02 15:53:15 Sent {"src":"n0","dest":"n1","body":{"message":59,"type":"second-order-broadcast"}}
2024/06/02 15:53:15 Sent {"src":"n0","dest":"n2","body":{"message":59,"type":"second-order-broadcast"}}
2024/06/02 15:53:15 Sent {"src":"n0","dest":"n3","body":{"message":59,"type":"second-order-broadcast"}}
2024/06/02 15:53:15 Sent {"src":"n0","dest":"n4","body":{"message":59,"type":"second-order-broadcast"}}
2024/06/02 15:53:15 Sent {"src":"n0","dest":"c10","body":{"in_reply_to":42,"type":"broadcast_ok"}}
2024/06/02 15:53:15 Received {n3 n0 {"in_reply_to":0,"type":"second_order_broadcast_ok"}}
2024/06/02 15:53:15 Received {n4 n0 {"in_reply_to":0,"type":"second_order_broadcast_ok"}}
2024/06/02 15:53:15 Received {n1 n0 {"in_reply_to":0,"type":"second_order_broadcast_ok"}}
2024/06/02 15:53:15 Received {n2 n0 {"in_reply_to":0,"type":"second_order_broadcast_ok"}}
2024/06/02 15:53:15 Received {n4 n0 {"in_reply_to":0,"type":"second_order_broadcast_ok"}}
2024/06/02 15:53:15 Received {n1 n0 {"message":60,"type":"second-order-broadcast"}}
2024/06/02 15:53:15 Sent {"src":"n0","dest":"n1","body":{"in_reply_to":0,"type":"second_order_broadcast_ok"}}
2024/06/02 15:53:16 Received {n4 n0 {"message":61,"type":"second-order-broadcast"}}
2024/06/02 15:53:16 Sent {"src":"n0","dest":"n4","body":{"in_reply_to":0,"type":"second_order_broadcast_ok"}}
2024/06/02 15:53:16 Received {c10 n0 {"type":"broadcast","message":62,"msg_id":43}}
2024/06/02 15:53:16 Sent {"src":"n0","dest":"n4","body":{"message":62,"type":"second-order-broadcast"}}
2024/06/02 15:53:16 Sent {"src":"n0","dest":"n1","body":{"message":62,"type":"second-order-broadcast"}}
2024/06/02 15:53:16 Sent {"src":"n0","dest":"n2","body":{"message":62,"type":"second-order-broadcast"}}
2024/06/02 15:53:16 Sent {"src":"n0","dest":"n3","body":{"message":62,"type":"second-order-broadcast"}}
2024/06/02 15:53:16 Sent {"src":"n0","dest":"n4","body":{"message":62,"type":"second-order-broadcast"}}
2024/06/02 15:53:16 Sent {"src":"n0","dest":"c10","body":{"in_reply_to":43,"type":"broadcast_ok"}}
2024/06/02 15:53:16 Received {n3 n0 {"in_reply_to":0,"type":"second_order_broadcast_ok"}}
2024/06/02 15:53:16 Received {n1 n0 {"in_reply_to":0,"type":"second_order_broadcast_ok"}}
2024/06/02 15:53:16 Received {n4 n0 {"in_reply_to":0,"type":"second_order_broadcast_ok"}}
2024/06/02 15:53:16 Received {n4 n0 {"in_reply_to":0,"type":"second_order_broadcast_ok"}}
2024/06/02 15:53:16 Received {n2 n0 {"in_reply_to":0,"type":"second_order_broadcast_ok"}}
2024/06/02 15:53:16 Received {c10 n0 {"type":"read","msg_id":44}}
2024/06/02 15:53:16 Sent {"src":"n0","dest":"c10","body":{"in_reply_to":44,"messages":[0,1,2,3,4,6,7,8,9,10,11,12,13,14,15,17,18,19,20,22,23,24,25,26,27,28,29,30,31,32,33,34,35,36,37,38,39,40,41,42,43,44,45,46,47,48,49,50,51,52,53,54,55,56,57,58,59,60,61,62],"msg_id":44,"type":"read_ok"}}
2024/06/02 15:53:16 Received {n2 n0 {"message":63,"type":"second-order-broadcast"}}
2024/06/02 15:53:16 Sent {"src":"n0","dest":"n2","body":{"in_reply_to":0,"type":"second_order_broadcast_ok"}}
2024/06/02 15:53:16 Received {c10 n0 {"type":"read","msg_id":45}}
2024/06/02 15:53:16 Sent {"src":"n0","dest":"c10","body":{"in_reply_to":45,"messages":[0,1,2,3,4,6,7,8,9,10,11,12,13,14,15,17,18,19,20,22,23,24,25,26,27,28,29,30,31,32,33,34,35,36,37,38,39,40,41,42,43,44,45,46,47,48,49,50,51,52,53,54,55,56,57,58,59,60,61,62,63],"msg_id":45,"type":"read_ok"}}
2024/06/02 15:53:16 Received {c10 n0 {"type":"broadcast","message":64,"msg_id":46}}
2024/06/02 15:53:16 Sent {"src":"n0","dest":"n4","body":{"message":64,"type":"second-order-broadcast"}}
2024/06/02 15:53:16 Sent {"src":"n0","dest":"n1","body":{"message":64,"type":"second-order-broadcast"}}
2024/06/02 15:53:16 Sent {"src":"n0","dest":"n2","body":{"message":64,"type":"second-order-broadcast"}}
2024/06/02 15:53:16 Sent {"src":"n0","dest":"n3","body":{"message":64,"type":"second-order-broadcast"}}
2024/06/02 15:53:16 Sent {"src":"n0","dest":"n4","body":{"message":64,"type":"second-order-broadcast"}}
2024/06/02 15:53:16 Sent {"src":"n0","dest":"c10","body":{"in_reply_to":46,"type":"broadcast_ok"}}
2024/06/02 15:53:16 Received {n4 n0 {"in_reply_to":0,"type":"second_order_broadcast_ok"}}
2024/06/02 15:53:16 Received {n1 n0 {"in_reply_to":0,"type":"second_order_broadcast_ok"}}
2024/06/02 15:53:16 Received {n4 n0 {"in_reply_to":0,"type":"second_order_broadcast_ok"}}
2024/06/02 15:53:17 Received {n1 n0 {"message":65,"type":"second-order-broadcast"}}
2024/06/02 15:53:17 Sent {"src":"n0","dest":"n1","body":{"in_reply_to":0,"type":"second_order_broadcast_ok"}}
2024/06/02 15:53:17 Received {c10 n0 {"type":"read","msg_id":47}}
2024/06/02 15:53:17 Sent {"src":"n0","dest":"c10","body":{"in_reply_to":47,"messages":[0,1,2,3,4,6,7,8,9,10,11,12,13,14,15,17,18,19,20,22,23,24,25,26,27,28,29,30,31,32,33,34,35,36,37,38,39,40,41,42,43,44,45,46,47,48,49,50,51,52,53,54,55,56,57,58,59,60,61,62,63,64,65],"msg_id":47,"type":"read_ok"}}
2024/06/02 15:53:17 Received {c10 n0 {"type":"broadcast","message":67,"msg_id":48}}
2024/06/02 15:53:17 Sent {"src":"n0","dest":"n4","body":{"message":67,"type":"second-order-broadcast"}}
2024/06/02 15:53:17 Sent {"src":"n0","dest":"n1","body":{"message":67,"type":"second-order-broadcast"}}
2024/06/02 15:53:17 Sent {"src":"n0","dest":"n2","body":{"message":67,"type":"second-order-broadcast"}}
2024/06/02 15:53:17 Sent {"src":"n0","dest":"n3","body":{"message":67,"type":"second-order-broadcast"}}
2024/06/02 15:53:17 Sent {"src":"n0","dest":"n4","body":{"message":67,"type":"second-order-broadcast"}}
2024/06/02 15:53:17 Sent {"src":"n0","dest":"c10","body":{"in_reply_to":48,"type":"broadcast_ok"}}
2024/06/02 15:53:17 Received {n1 n0 {"in_reply_to":0,"type":"second_order_broadcast_ok"}}
2024/06/02 15:53:17 Received {n4 n0 {"in_reply_to":0,"type":"second_order_broadcast_ok"}}
2024/06/02 15:53:17 Received {n4 n0 {"in_reply_to":0,"type":"second_order_broadcast_ok"}}
2024/06/02 15:53:18 Received {n4 n0 {"message":69,"type":"second-order-broadcast"}}
2024/06/02 15:53:18 Sent {"src":"n0","dest":"n4","body":{"in_reply_to":0,"type":"second_order_broadcast_ok"}}
2024/06/02 15:53:18 Received {c10 n0 {"type":"read","msg_id":49}}
2024/06/02 15:53:18 Sent {"src":"n0","dest":"c10","body":{"in_reply_to":49,"messages":[0,1,2,3,4,6,7,8,9,10,11,12,13,14,15,17,18,19,20,22,23,24,25,26,27,28,29,30,31,32,33,34,35,36,37,38,39,40,41,42,43,44,45,46,47,48,49,50,51,52,53,54,55,56,57,58,59,60,61,62,63,64,65,67,69],"msg_id":49,"type":"read_ok"}}
2024/06/02 15:53:18 Received {c10 n0 {"type":"broadcast","message":70,"msg_id":50}}
2024/06/02 15:53:18 Sent {"src":"n0","dest":"n4","body":{"message":70,"type":"second-order-broadcast"}}
2024/06/02 15:53:18 Sent {"src":"n0","dest":"n1","body":{"message":70,"type":"second-order-broadcast"}}
2024/06/02 15:53:18 Sent {"src":"n0","dest":"n2","body":{"message":70,"type":"second-order-broadcast"}}
2024/06/02 15:53:18 Sent {"src":"n0","dest":"n3","body":{"message":70,"type":"second-order-broadcast"}}
2024/06/02 15:53:18 Sent {"src":"n0","dest":"n4","body":{"message":70,"type":"second-order-broadcast"}}
2024/06/02 15:53:18 Sent {"src":"n0","dest":"c10","body":{"in_reply_to":50,"type":"broadcast_ok"}}
2024/06/02 15:53:18 Received {n4 n0 {"in_reply_to":0,"type":"second_order_broadcast_ok"}}
2024/06/02 15:53:18 Received {n1 n0 {"in_reply_to":0,"type":"second_order_broadcast_ok"}}
2024/06/02 15:53:18 Received {n4 n0 {"in_reply_to":0,"type":"second_order_broadcast_ok"}}
2024/06/02 15:53:18 Received {n1 n0 {"message":71,"type":"second-order-broadcast"}}
2024/06/02 15:53:18 Sent {"src":"n0","dest":"n1","body":{"in_reply_to":0,"type":"second_order_broadcast_ok"}}
2024/06/02 15:53:18 Received {n4 n0 {"message":74,"type":"second-order-broadcast"}}
2024/06/02 15:53:18 Sent {"src":"n0","dest":"n4","body":{"in_reply_to":0,"type":"second_order_broadcast_ok"}}
2024/06/02 15:53:18 Received {c10 n0 {"type":"read","msg_id":51}}
2024/06/02 15:53:18 Sent {"src":"n0","dest":"c10","body":{"in_reply_to":51,"messages":[0,1,2,3,4,6,7,8,9,10,11,12,13,14,15,17,18,19,20,22,23,24,25,26,27,28,29,30,31,32,33,34,35,36,37,38,39,40,41,42,43,44,45,46,47,48,49,50,51,52,53,54,55,56,57,58,59,60,61,62,63,64,65,67,69,70,71,74],"msg_id":51,"type":"read_ok"}}
2024/06/02 15:53:18 Received {c10 n0 {"type":"read","msg_id":52}}
2024/06/02 15:53:18 Sent {"src":"n0","dest":"c10","body":{"in_reply_to":52,"messages":[0,1,2,3,4,6,7,8,9,10,11,12,13,14,15,17,18,19,20,22,23,24,25,26,27,28,29,30,31,32,33,34,35,36,37,38,39,40,41,42,43,44,45,46,47,48,49,50,51,52,53,54,55,56,57,58,59,60,61,62,63,64,65,67,69,70,71,74],"msg_id":52,"type":"read_ok"}}
2024/06/02 15:53:18 Received {n1 n0 {"message":75,"type":"second-order-broadcast"}}
2024/06/02 15:53:18 Sent {"src":"n0","dest":"n1","body":{"in_reply_to":0,"type":"second_order_broadcast_ok"}}
2024/06/02 15:53:19 Received {n4 n0 {"message":77,"type":"second-order-broadcast"}}
2024/06/02 15:53:19 Sent {"src":"n0","dest":"n4","body":{"in_reply_to":0,"type":"second_order_broadcast_ok"}}
2024/06/02 15:53:19 Received {c10 n0 {"type":"broadcast","message":78,"msg_id":53}}
2024/06/02 15:53:19 Sent {"src":"n0","dest":"n4","body":{"message":78,"type":"second-order-broadcast"}}
2024/06/02 15:53:19 Sent {"src":"n0","dest":"n1","body":{"message":78,"type":"second-order-broadcast"}}
2024/06/02 15:53:19 Sent {"src":"n0","dest":"n2","body":{"message":78,"type":"second-order-broadcast"}}
2024/06/02 15:53:19 Sent {"src":"n0","dest":"n3","body":{"message":78,"type":"second-order-broadcast"}}
2024/06/02 15:53:19 Sent {"src":"n0","dest":"n4","body":{"message":78,"type":"second-order-broadcast"}}
2024/06/02 15:53:19 Sent {"src":"n0","dest":"c10","body":{"in_reply_to":53,"type":"broadcast_ok"}}
2024/06/02 15:53:19 Received {n1 n0 {"in_reply_to":0,"type":"second_order_broadcast_ok"}}
2024/06/02 15:53:19 Received {n4 n0 {"in_reply_to":0,"type":"second_order_broadcast_ok"}}
2024/06/02 15:53:19 Received {n4 n0 {"in_reply_to":0,"type":"second_order_broadcast_ok"}}
2024/06/02 15:53:19 Received {c10 n0 {"type":"broadcast","message":79,"msg_id":54}}
2024/06/02 15:53:19 Sent {"src":"n0","dest":"n4","body":{"message":79,"type":"second-order-broadcast"}}
2024/06/02 15:53:19 Sent {"src":"n0","dest":"n1","body":{"message":79,"type":"second-order-broadcast"}}
2024/06/02 15:53:19 Sent {"src":"n0","dest":"n2","body":{"message":79,"type":"second-order-broadcast"}}
2024/06/02 15:53:19 Sent {"src":"n0","dest":"n3","body":{"message":79,"type":"second-order-broadcast"}}
2024/06/02 15:53:19 Sent {"src":"n0","dest":"n4","body":{"message":79,"type":"second-order-broadcast"}}
2024/06/02 15:53:19 Sent {"src":"n0","dest":"c10","body":{"in_reply_to":54,"type":"broadcast_ok"}}
2024/06/02 15:53:19 Received {n1 n0 {"in_reply_to":0,"type":"second_order_broadcast_ok"}}
2024/06/02 15:53:19 Received {n4 n0 {"in_reply_to":0,"type":"second_order_broadcast_ok"}}
2024/06/02 15:53:19 Received {n4 n0 {"in_reply_to":0,"type":"second_order_broadcast_ok"}}
2024/06/02 15:53:20 Received {c10 n0 {"type":"read","msg_id":55}}
2024/06/02 15:53:20 Sent {"src":"n0","dest":"c10","body":{"in_reply_to":55,"messages":[0,1,2,3,4,6,7,8,9,10,11,12,13,14,15,17,18,19,20,22,23,24,25,26,27,28,29,30,31,32,33,34,35,36,37,38,39,40,41,42,43,44,45,46,47,48,49,50,51,52,53,54,55,56,57,58,59,60,61,62,63,64,65,67,69,70,71,74,75,77,78,79],"msg_id":55,"type":"read_ok"}}
2024/06/02 15:53:20 Received {c10 n0 {"type":"broadcast","message":82,"msg_id":56}}
2024/06/02 15:53:20 Sent {"src":"n0","dest":"n4","body":{"message":82,"type":"second-order-broadcast"}}
2024/06/02 15:53:20 Sent {"src":"n0","dest":"n1","body":{"message":82,"type":"second-order-broadcast"}}
2024/06/02 15:53:20 Sent {"src":"n0","dest":"n2","body":{"message":82,"type":"second-order-broadcast"}}
2024/06/02 15:53:20 Sent {"src":"n0","dest":"n3","body":{"message":82,"type":"second-order-broadcast"}}
2024/06/02 15:53:20 Sent {"src":"n0","dest":"n4","body":{"message":82,"type":"second-order-broadcast"}}
2024/06/02 15:53:20 Sent {"src":"n0","dest":"c10","body":{"in_reply_to":56,"type":"broadcast_ok"}}
2024/06/02 15:53:20 Received {n4 n0 {"in_reply_to":0,"type":"second_order_broadcast_ok"}}
2024/06/02 15:53:20 Received {n1 n0 {"in_reply_to":0,"type":"second_order_broadcast_ok"}}
2024/06/02 15:53:20 Received {n4 n0 {"in_reply_to":0,"type":"second_order_broadcast_ok"}}
2024/06/02 15:53:20 Received {n1 n0 {"message":83,"type":"second-order-broadcast"}}
2024/06/02 15:53:20 Sent {"src":"n0","dest":"n1","body":{"in_reply_to":0,"type":"second_order_broadcast_ok"}}
2024/06/02 15:53:20 Received {n4 n0 {"message":85,"type":"second-order-broadcast"}}
2024/06/02 15:53:20 Sent {"src":"n0","dest":"n4","body":{"in_reply_to":0,"type":"second_order_broadcast_ok"}}
2024/06/02 15:53:20 Received {c10 n0 {"type":"broadcast","message":86,"msg_id":57}}
2024/06/02 15:53:20 Sent {"src":"n0","dest":"n4","body":{"message":86,"type":"second-order-broadcast"}}
2024/06/02 15:53:20 Sent {"src":"n0","dest":"n1","body":{"message":86,"type":"second-order-broadcast"}}
2024/06/02 15:53:20 Sent {"src":"n0","dest":"n2","body":{"message":86,"type":"second-order-broadcast"}}
2024/06/02 15:53:20 Sent {"src":"n0","dest":"n3","body":{"message":86,"type":"second-order-broadcast"}}
2024/06/02 15:53:20 Sent {"src":"n0","dest":"n4","body":{"message":86,"type":"second-order-broadcast"}}
2024/06/02 15:53:20 Sent {"src":"n0","dest":"c10","body":{"in_reply_to":57,"type":"broadcast_ok"}}
2024/06/02 15:53:20 Received {n1 n0 {"in_reply_to":0,"type":"second_order_broadcast_ok"}}
2024/06/02 15:53:20 Received {n4 n0 {"in_reply_to":0,"type":"second_order_broadcast_ok"}}
2024/06/02 15:53:20 Received {n4 n0 {"in_reply_to":0,"type":"second_order_broadcast_ok"}}
2024/06/02 15:53:20 Received {c10 n0 {"type":"read","msg_id":58}}
2024/06/02 15:53:20 Sent {"src":"n0","dest":"c10","body":{"in_reply_to":58,"messages":[0,1,2,3,4,6,7,8,9,10,11,12,13,14,15,17,18,19,20,22,23,24,25,26,27,28,29,30,31,32,33,34,35,36,37,38,39,40,41,42,43,44,45,46,47,48,49,50,51,52,53,54,55,56,57,58,59,60,61,62,63,64,65,67,69,70,71,74,75,77,78,79,82,83,85,86],"msg_id":58,"type":"read_ok"}}
2024/06/02 15:53:21 Received {c10 n0 {"type":"read","msg_id":59}}
2024/06/02 15:53:21 Sent {"src":"n0","dest":"c10","body":{"in_reply_to":59,"messages":[0,1,2,3,4,6,7,8,9,10,11,12,13,14,15,17,18,19,20,22,23,24,25,26,27,28,29,30,31,32,33,34,35,36,37,38,39,40,41,42,43,44,45,46,47,48,49,50,51,52,53,54,55,56,57,58,59,60,61,62,63,64,65,67,69,70,71,74,75,77,78,79,82,83,85,86],"msg_id":59,"type":"read_ok"}}
2024/06/02 15:53:21 Received {c10 n0 {"type":"broadcast","message":89,"msg_id":60}}
2024/06/02 15:53:21 Sent {"src":"n0","dest":"n4","body":{"message":89,"type":"second-order-broadcast"}}
2024/06/02 15:53:21 Sent {"src":"n0","dest":"n1","body":{"message":89,"type":"second-order-broadcast"}}
2024/06/02 15:53:21 Sent {"src":"n0","dest":"n2","body":{"message":89,"type":"second-order-broadcast"}}
2024/06/02 15:53:21 Sent {"src":"n0","dest":"n3","body":{"message":89,"type":"second-order-broadcast"}}
2024/06/02 15:53:21 Sent {"src":"n0","dest":"n4","body":{"message":89,"type":"second-order-broadcast"}}
2024/06/02 15:53:21 Sent {"src":"n0","dest":"c10","body":{"in_reply_to":60,"type":"broadcast_ok"}}
2024/06/02 15:53:21 Received {n4 n0 {"in_reply_to":0,"type":"second_order_broadcast_ok"}}
2024/06/02 15:53:21 Received {n4 n0 {"in_reply_to":0,"type":"second_order_broadcast_ok"}}
2024/06/02 15:53:21 Received {n1 n0 {"in_reply_to":0,"type":"second_order_broadcast_ok"}}
2024/06/02 15:53:22 Received {c10 n0 {"type":"read","msg_id":61}}
2024/06/02 15:53:22 Sent {"src":"n0","dest":"c10","body":{"in_reply_to":61,"messages":[0,1,2,3,4,6,7,8,9,10,11,12,13,14,15,17,18,19,20,22,23,24,25,26,27,28,29,30,31,32,33,34,35,36,37,38,39,40,41,42,43,44,45,46,47,48,49,50,51,52,53,54,55,56,57,58,59,60,61,62,63,64,65,67,69,70,71,74,75,77,78,79,82,83,85,86,89],"msg_id":61,"type":"read_ok"}}
2024/06/02 15:53:22 Received {c10 n0 {"type":"broadcast","message":92,"msg_id":62}}
2024/06/02 15:53:22 Sent {"src":"n0","dest":"n4","body":{"message":92,"type":"second-order-broadcast"}}
2024/06/02 15:53:22 Sent {"src":"n0","dest":"n1","body":{"message":92,"type":"second-order-broadcast"}}
2024/06/02 15:53:22 Sent {"src":"n0","dest":"n2","body":{"message":92,"type":"second-order-broadcast"}}
2024/06/02 15:53:22 Sent {"src":"n0","dest":"n3","body":{"message":92,"type":"second-order-broadcast"}}
2024/06/02 15:53:22 Sent {"src":"n0","dest":"n4","body":{"message":92,"type":"second-order-broadcast"}}
2024/06/02 15:53:22 Sent {"src":"n0","dest":"c10","body":{"in_reply_to":62,"type":"broadcast_ok"}}
2024/06/02 15:53:22 Received {n4 n0 {"in_reply_to":0,"type":"second_order_broadcast_ok"}}
2024/06/02 15:53:22 Received {n4 n0 {"in_reply_to":0,"type":"second_order_broadcast_ok"}}
2024/06/02 15:53:22 Received {n1 n0 {"in_reply_to":0,"type":"second_order_broadcast_ok"}}
2024/06/02 15:53:22 Received {n1 n0 {"message":93,"type":"second-order-broadcast"}}
2024/06/02 15:53:22 Sent {"src":"n0","dest":"n1","body":{"in_reply_to":0,"type":"second_order_broadcast_ok"}}
2024/06/02 15:53:22 Received {c10 n0 {"type":"broadcast","message":96,"msg_id":63}}
2024/06/02 15:53:22 Sent {"src":"n0","dest":"n4","body":{"message":96,"type":"second-order-broadcast"}}
2024/06/02 15:53:22 Sent {"src":"n0","dest":"n1","body":{"message":96,"type":"second-order-broadcast"}}
2024/06/02 15:53:22 Sent {"src":"n0","dest":"n2","body":{"message":96,"type":"second-order-broadcast"}}
2024/06/02 15:53:22 Sent {"src":"n0","dest":"n3","body":{"message":96,"type":"second-order-broadcast"}}
2024/06/02 15:53:22 Sent {"src":"n0","dest":"n4","body":{"message":96,"type":"second-order-broadcast"}}
2024/06/02 15:53:22 Sent {"src":"n0","dest":"c10","body":{"in_reply_to":63,"type":"broadcast_ok"}}
2024/06/02 15:53:22 Received {n1 n0 {"in_reply_to":0,"type":"second_order_broadcast_ok"}}
2024/06/02 15:53:22 Received {n4 n0 {"in_reply_to":0,"type":"second_order_broadcast_ok"}}
2024/06/02 15:53:22 Received {n4 n0 {"in_reply_to":0,"type":"second_order_broadcast_ok"}}
2024/06/02 15:53:23 Received {c10 n0 {"type":"broadcast","message":97,"msg_id":64}}
2024/06/02 15:53:23 Sent {"src":"n0","dest":"n4","body":{"message":97,"type":"second-order-broadcast"}}
2024/06/02 15:53:23 Sent {"src":"n0","dest":"n1","body":{"message":97,"type":"second-order-broadcast"}}
2024/06/02 15:53:23 Sent {"src":"n0","dest":"n2","body":{"message":97,"type":"second-order-broadcast"}}
2024/06/02 15:53:23 Sent {"src":"n0","dest":"n3","body":{"message":97,"type":"second-order-broadcast"}}
2024/06/02 15:53:23 Sent {"src":"n0","dest":"n4","body":{"message":97,"type":"second-order-broadcast"}}
2024/06/02 15:53:23 Sent {"src":"n0","dest":"c10","body":{"in_reply_to":64,"type":"broadcast_ok"}}
2024/06/02 15:53:23 Received {n4 n0 {"in_reply_to":0,"type":"second_order_broadcast_ok"}}
2024/06/02 15:53:23 Received {n4 n0 {"in_reply_to":0,"type":"second_order_broadcast_ok"}}
2024/06/02 15:53:23 Received {n1 n0 {"in_reply_to":0,"type":"second_order_broadcast_ok"}}
2024/06/02 15:53:23 Received {c10 n0 {"type":"read","msg_id":65}}
2024/06/02 15:53:23 Sent {"src":"n0","dest":"c10","body":{"in_reply_to":65,"messages":[0,1,2,3,4,6,7,8,9,10,11,12,13,14,15,17,18,19,20,22,23,24,25,26,27,28,29,30,31,32,33,34,35,36,37,38,39,40,41,42,43,44,45,46,47,48,49,50,51,52,53,54,55,56,57,58,59,60,61,62,63,64,65,67,69,70,71,74,75,77,78,79,82,83,85,86,89,92,93,96,97],"msg_id":65,"type":"read_ok"}}
2024/06/02 15:53:23 Received {c10 n0 {"type":"read","msg_id":66}}
2024/06/02 15:53:23 Sent {"src":"n0","dest":"c10","body":{"in_reply_to":66,"messages":[0,1,2,3,4,6,7,8,9,10,11,12,13,14,15,17,18,19,20,22,23,24,25,26,27,28,29,30,31,32,33,34,35,36,37,38,39,40,41,42,43,44,45,46,47,48,49,50,51,52,53,54,55,56,57,58,59,60,61,62,63,64,65,67,69,70,71,74,75,77,78,79,82,83,85,86,89,92,93,96,97],"msg_id":66,"type":"read_ok"}}
2024/06/02 15:53:23 Received {n1 n0 {"message":99,"type":"second-order-broadcast"}}
2024/06/02 15:53:23 Sent {"src":"n0","dest":"n1","body":{"in_reply_to":0,"type":"second_order_broadcast_ok"}}
2024/06/02 15:53:34 Received {c10 n0 {"type":"read","msg_id":67}}
2024/06/02 15:53:34 Sent {"src":"n0","dest":"c10","body":{"in_reply_to":67,"messages":[0,1,2,3,4,6,7,8,9,10,11,12,13,14,15,17,18,19,20,22,23,24,25,26,27,28,29,30,31,32,33,34,35,36,37,38,39,40,41,42,43,44,45,46,47,48,49,50,51,52,53,54,55,56,57,58,59,60,61,62,63,64,65,67,69,70,71,74,75,77,78,79,82,83,85,86,89,92,93,96,97,99],"msg_id":67,"type":"read_ok"}}
