2024/06/02 15:53:03 Received {c1 n1 {"type":"init","node_id":"n1","node_ids":["n0","n1","n2","n3","n4"],"msg_id":1}}
2024/06/02 15:53:03 Node n1 initialized
2024/06/02 15:53:03 Sent {"src":"n1","dest":"c1","body":{"in_reply_to":1,"type":"init_ok"}}
2024/06/02 15:53:03 Received {c7 n1 {"type":"topology","topology":{"n0":["n3","n1"],"n1":["n4","n2","n0"],"n2":["n1"],"n3":["n0","n4"],"n4":["n1","n3"]},"msg_id":1}}
2024/06/02 15:53:03 Sent {"src":"n1","dest":"c7","body":{"in_reply_to":1,"type":"topology_ok"}}
2024/06/02 15:53:04 Received {n2 n1 {"message":0,"type":"second-order-broadcast"}}
2024/06/02 15:53:04 Sent {"src":"n1","dest":"n2","body":{"in_reply_to":0,"type":"second_order_broadcast_ok"}}
2024/06/02 15:53:04 Received {n3 n1 {"message":1,"type":"second-order-broadcast"}}
2024/06/02 15:53:04 Sent {"src":"n1","dest":"n3","body":{"in_reply_to":0,"type":"second_order_broadcast_ok"}}
2024/06/02 15:53:04 Received {n0 n1 {"message":2,"type":"second-order-broadcast"}}
2024/06/02 15:53:04 Sent {"src":"n1","dest":"n0","body":{"in_reply_to":0,"type":"second_order_broadcast_ok"}}
2024/06/02 15:53:04 Received {c14 n1 {"type":"read","msg_id":1}}
2024/06/02 15:53:04 Sent {"src":"n1","dest":"c14","body":{"in_reply_to":1,"messages":[0,1,2],"msg_id":1,"type":"read_ok"}}
2024/06/02 15:53:04 Received {n2 n1 {"message":3,"type":"second-order-broadcast"}}
2024/06/02 15:53:04 Sent {"src":"n1","dest":"n2","body":{"in_reply_to":0,"type":"second_order_broadcast_ok"}}
2024/06/02 15:53:04 Received {n3 n1 {"message":4,"type":"second-order-broadcast"}}
2024/06/02 15:53:04 Sent {"src":"n1","dest":"n3","body":{"in_reply_to":0,"type":"second_order_broadcast_ok"}}
2024/06/02 15:53:04 Received {n0 n1 {"message":6,"type":"second-order-broadcast"}}
2024/06/02 15:53:05 Sent {"src":"n1","dest":"n0","body":{"in_reply_to":0,"type":"second_order_broadcast_ok"}}
2024/06/02 15:53:05 Received {c14 n1 {"type":"read","msg_id":2}}
2024/06/02 15:53:05 Sent {"src":"n1","dest":"c14","body":{"in_reply_to":2,"messages":[0,1,2,3,4,6],"msg_id":2,"type":"read_ok"}}
2024/06/02 15:53:05 Received {n3 n1 {"message":7,"type":"second-order-broadcast"}}
2024/06/02 15:53:05 Sent {"src":"n1","dest":"n3","body":{"in_reply_to":0,"type":"second_order_broadcast_ok"}}
2024/06/02 15:53:05 Received {n0 n1 {"message":8,"type":"second-order-broadcast"}}
2024/06/02 15:53:05 Sent {"src":"n1","dest":"n0","body":{"in_reply_to":0,"type":"second_order_broadcast_ok"}}
2024/06/02 15:53:05 Received {n0 n1 {"message":9,"type":"second-order-broadcast"}}
2024/06/02 15:53:05 Sent {"src":"n1","dest":"n0","body":{"in_reply_to":0,"type":"second_order_broadcast_ok"}}
2024/06/02 15:53:05 Received {c14 n1 {"type":"broadcast","message":10,"msg_id":3}}
2024/06/02 15:53:05 Sent {"src":"n1","dest":"n0","body":{"message":10,"type":"second-order-broadcast"}}
2024/06/02 15:53:05 Sent {"src":"n1","dest":"n4","body":{"message":10,"type":"second-order-broadcast"}}
2024/06/02 15:53:05 Sent {"src":"n1","dest":"n2","body":{"message":10,"type":"second-order-broadcast"}}
2024/06/02 15:53:05 Sent {"src":"n1","dest":"n3","body":{"message":10,"type":"second-order-broadcast"}}
2024/06/02 15:53:05 Sent {"src":"n1","dest":"n4","body":{"message":10,"type":"second-order-broadcast"}}
2024/06/02 15:53:05 Sent {"src":"n1","dest":"c14","body":{"in_reply_to":3,"type":"broadcast_ok"}}
2024/06/02 15:53:05 Received {n0 n1 {"in_reply_to":0,"type":"second_order_broadcast_ok"}}
2024/06/02 15:53:05 Received {n2 n1 {"in_reply_to":0,"type":"second_order_broadcast_ok"}}
2024/06/02 15:53:05 Received {n3 n1 {"in_reply_to":0,"type":"second_order_broadcast_ok"}}
2024/06/02 15:53:05 Received {n2 n1 {"message":11,"type":"second-order-broadcast"}}
2024/06/02 15:53:05 Sent {"src":"n1","dest":"n2","body":{"in_reply_to":0,"type":"second_order_broadcast_ok"}}
2024/06/02 15:53:06 Received {c14 n1 {"type":"read","msg_id":4}}
2024/06/02 15:53:06 Sent {"src":"n1","dest":"c14","body":{"in_reply_to":4,"messages":[0,1,2,3,4,6,7,8,9,10,11],"msg_id":4,"type":"read_ok"}}
2024/06/02 15:53:06 Received {n2 n1 {"message":12,"type":"second-order-broadcast"}}
2024/06/02 15:53:06 Sent {"src":"n1","dest":"n2","body":{"in_reply_to":0,"type":"second_order_broadcast_ok"}}
2024/06/02 15:53:06 Received {n3 n1 {"message":13,"type":"second-order-broadcast"}}
2024/06/02 15:53:06 Sent {"src":"n1","dest":"n3","body":{"in_reply_to":0,"type":"second_order_broadcast_ok"}}
2024/06/02 15:53:06 Received {n0 n1 {"message":14,"type":"second-order-broadcast"}}
2024/06/02 15:53:06 Sent {"src":"n1","dest":"n0","body":{"in_reply_to":0,"type":"second_order_broadcast_ok"}}
2024/06/02 15:53:06 Received {c14 n1 {"type":"read","msg_id":5}}
2024/06/02 15:53:06 Sent {"src":"n1","dest":"c14","body":{"in_reply_to":5,"messages":[0,1,2,3,4,6,7,8,9,10,11,12,13,14],"msg_id":5,"type":"read_ok"}}
2024/06/02 15:53:07 Received {n2 n1 {"message":15,"type":"second-order-broadcast"}}
2024/06/02 15:53:07 Sent {"src":"n1","dest":"n2","body":{"in_reply_to":0,"type":"second_order_broadcast_ok"}}
2024/06/02 15:53:07 Received {c14 n1 {"type":"read","msg_id":6}}
2024/06/02 15:53:07 Sent {"src":"n1","dest":"c14","body":{"in_reply_to":6,"messages":[0,1,2,3,4,6,7,8,9,10,11,12,13,14,15],"msg_id":6,"type":"read_ok"}}
2024/06/02 15:53:07 Received {n3 n1 {"message":17,"type":"second-order-broadcast"}}
2024/06/02 15:53:07 Sent {"src":"n1","dest":"n3","body":{"in_reply_to":0,"type":"second_order_broadcast_ok"}}
2024/06/02 15:53:08 Received {n0 n1 {"message":18,"type":"second-order-broadcast"}}
2024/06/02 15:53:08 Sent {"src":"n1","dest":"n0","body":{"in_reply_to":0,"type":"second_order_broadcast_ok"}}
2024/06/02 15:53:08 Received {c14 n1 {"type":"broadcast","message":19,"msg_id":7}}
2024/06/02 15:53:08 Sent {"src":"n1","dest":"n0","body":{"message":19,"type":"second-order-broadcast"}}
2024/06/02 15:53:08 Sent {"src":"n1","dest":"n4","body":{"message":19,"type":"second-order-broadcast"}}
2024/06/02 15:53:08 Sent {"src":"n1","dest":"n2","body":{"message":19,"type":"second-order-broadcast"}}
2024/06/02 15:53:08 Sent {"src":"n1","dest":"n3","body":{"message":19,"type":"second-order-broadcast"}}
2024/06/02 15:53:08 Received {n2 n1 {"in_reply_to":0,"type":"second_order_broadcast_ok"}}
2024/06/02 15:53:08 Received {n0 n1 {"in_reply_to":0,"type":"second_order_broadcast_ok"}}
2024/06/02 15:53:08 Sent {"src":"n1","dest":"n4","body":{"message":19,"type":"second-order-broadcast"}}
2024/06/02 15:53:08 Sent {"src":"n1","dest":"c14","body":{"in_reply_to":7,"type":"broadcast_ok"}}
2024/06/02 15:53:08 Received {n3 n1 {"in_reply_to":0,"type":"second_order_broadcast_ok"}}
2024/06/02 15:53:08 Received {n3 n1 {"message":20,"type":"second-order-broadcast"}}
2024/06/02 15:53:08 Sent {"src":"n1","dest":"n3","body":{"in_reply_to":0,"type":"second_order_broadcast_ok"}}
2024/06/02 15:53:08 Received {c14 n1 {"type":"read","msg_id":8}}
2024/06/02 15:53:08 Sent {"src":"n1","dest":"c14","body":{"in_reply_to":8,"messages":[0,1,2,3,4,6,7,8,9,10,11,12,13,14,15,17,18,19,20],"msg_id":8,"type":"read_ok"}}
2024/06/02 15:53:08 Received {n2 n1 {"message":22,"type":"second-order-broadcast"}}
2024/06/02 15:53:08 Sent {"src":"n1","dest":"n2","body":{"in_reply_to":0,"type":"second_order_broadcast_ok"}}
2024/06/02 15:53:09 Received {n0 n1 {"message":23,"type":"second-order-broadcast"}}
2024/06/02 15:53:09 Sent {"src":"n1","dest":"n0","body":{"in_reply_to":0,"type":"second_order_broadcast_ok"}}
2024/06/02 15:53:09 Received {c14 n1 {"type":"broadcast","message":24,"msg_id":9}}
2024/06/02 15:53:09 Sent {"src":"n1","dest":"n0","body":{"message":24,"type":"second-order-broadcast"}}
2024/06/02 15:53:09 Sent {"src":"n1","dest":"n4","body":{"message":24,"type":"second-order-broadcast"}}
2024/06/02 15:53:09 Sent {"src":"n1","dest":"n2","body":{"message":24,"type":"second-order-broadcast"}}
2024/06/02 15:53:09 Sent {"src":"n1","dest":"n3","body":{"message":24,"type":"second-order-broadcast"}}
2024/06/02 15:53:09 Sent {"src":"n1","dest":"n4","body":{"message":24,"type":"second-order-broadcast"}}
2024/06/02 15:53:09 Sent {"src":"n1","dest":"c14","body":{"in_reply_to":9,"type":"broadcast_ok"}}
2024/06/02 15:53:09 Received {n0 n1 {"in_reply_to":0,"type":"second_order_broadcast_ok"}}
2024/06/02 15:53:09 Received {n3 n1 {"in_reply_to":0,"type":"second_order_broadcast_ok"}}
2024/06/02 15:53:09 Received {n2 n1 {"in_reply_to":0,"type":"second_order_broadcast_ok"}}
2024/06/02 15:53:10 Received {c14 n1 {"type":"broadcast","message":25,"msg_id":10}}
2024/06/02 15:53:10 Sent {"src":"n1","dest":"n0","body":{"message":25,"type":"second-order-broadcast"}}
2024/06/02 15:53:10 Sent {"src":"n1","dest":"n4","body":{"message":25,"type":"second-order-broadcast"}}
2024/06/02 15:53:10 Sent {"src":"n1","dest":"n2","body":{"message":25,"type":"second-order-broadcast"}}
2024/06/02 15:53:10 Sent {"src":"n1","dest":"n3","body":{"message":25,"type":"second-order-broadcast"}}
2024/06/02 15:53:10 Sent {"src":"n1","dest":"n4","body":{"message":25,"type":"second-order-broadcast"}}
2024/06/02 15:53:10 Sent {"src":"n1","dest":"c14","body":{"in_reply_to":10,"type":"broadcast_ok"}}
2024/06/02 15:53:10 Received {n2 n1 {"in_reply_to":0,"type":"second_order_broadcast_ok"}}
2024/06/02 15:53:10 Received {n4 n1 {"in_reply_to":0,"type":"second_order_broadcast_ok"}}
2024/06/02 15:53:10 Received {n3 n1 {"in_reply_to":0,"type":"second_order_broadcast_ok"}}
2024/06/02 15:53:10 Received {n0 n1 {"in_reply_to":0,"type":"second_order_broadcast_ok"}}
2024/06/02 15:53:10 Received {n4 n1 {"in_reply_to":0,"type":"second_order_broadcast_ok"}}
2024/06/02 15:53:10 Received {n4 n1 {"message":26,"type":"second-order-broadcast"}}
2024/06/02 15:53:10 Sent {"src":"n1","dest":"n4","body":{"in_reply_to":0,"type":"second_order_broadcast_ok"}}
2024/06/02 15:53:10 Received {c14 n1 {"type":"read","msg_id":11}}
2024/06/02 15:53:10 Sent {"src":"n1","dest":"c14","body":{"in_reply_to":11,"messages":[0,1,2,3,4,6,7,8,9,10,11,12,13,14,15,17,18,19,20,22,23,24,25,26],"msg_id":11,"type":"read_ok"}}
2024/06/02 15:53:10 Received {n2 n1 {"message":27,"type":"second-order-broadcast"}}
2024/06/02 15:53:10 Sent {"src":"n1","dest":"n2","body":{"in_reply_to":0,"type":"second_order_broadcast_ok"}}
2024/06/02 15:53:10 Received {n4 n1 {"message":28,"type":"second-order-broadcast"}}
2024/06/02 15:53:10 Sent {"src":"n1","dest":"n4","body":{"in_reply_to":0,"type":"second_order_broadcast_ok"}}
2024/06/02 15:53:10 Received {n0 n1 {"message":29,"type":"second-order-broadcast"}}
2024/06/02 15:53:10 Sent {"src":"n1","dest":"n0","body":{"in_reply_to":0,"type":"second_order_broadcast_ok"}}
2024/06/02 15:53:10 Received {n0 n1 {"message":30,"type":"second-order-broadcast"}}
2024/06/02 15:53:10 Sent {"src":"n1","dest":"n0","body":{"in_reply_to":0,"type":"second_order_broadcast_ok"}}
2024/06/02 15:53:10 Received {c14 n1 {"type":"broadcast","message":31,"msg_id":12}}
2024/06/02 15:53:10 Sent {"src":"n1","dest":"n0","body":{"message":31,"type":"second-order-broadcast"}}
2024/06/02 15:53:10 Sent {"src":"n1","dest":"n4","body":{"message":31,"type":"second-order-broadcast"}}
2024/06/02 15:53:10 Sent {"src":"n1","dest":"n2","body":{"message":31,"type":"second-order-broadcast"}}
2024/06/02 15:53:10 Sent {"src":"n1","dest":"n3","body":{"message":31,"type":"second-order-broadcast"}}
2024/06/02 15:53:10 Sent {"src":"n1","dest":"n4","body":{"message":31,"type":"second-order-broadcast"}}
2024/06/02 15:53:10 Sent {"src":"n1","dest":"c14","body":{"in_reply_to":12,"type":"broadcast_ok"}}
2024/06/02 15:53:10 Received {n0 n1 {"in_reply_to":0,"type":"second_order_broadcast_ok"}}
2024/06/02 15:53:10 Received {n3 n1 {"in_reply_to":0,"type":"second_order_broadcast_ok"}}
2024/06/02 15:53:10 Received {n4 n1 {"in_reply_to":0,"type":"second_order_broadcast_ok"}}
2024/06/02 15:53:10 Received {n2 n1 {"in_reply_to":0,"type":"second_order_broadcast_ok"}}
2024/06/02 15:53:10 Received {n4 n1 {"in_reply_to":0,"type":"second_order_broadcast_ok"}}
2024/06/02 15:53:10 Received {n2 n1 {"message":32,"type":"second-order-broadcast"}}
2024/06/02 15:53:10 Sent {"src":"n1","dest":"n2","body":{"in_reply_to":0,"type":"second_order_broadcast_ok"}}
2024/06/02 15:53:11 Received {n0 n1 {"message":33,"type":"second-order-broadcast"}}
2024/06/02 15:53:11 Sent {"src":"n1","dest":"n0","body":{"in_reply_to":0,"type":"second_order_broadcast_ok"}}
2024/06/02 15:53:11 Received {n0 n1 {"message":34,"type":"second-order-broadcast"}}
2024/06/02 15:53:11 Sent {"src":"n1","dest":"n0","body":{"in_reply_to":0,"type":"second_order_broadcast_ok"}}
2024/06/02 15:53:11 Received {c14 n1 {"type":"broadcast","message":35,"msg_id":13}}
2024/06/02 15:53:11 Sent {"src":"n1","dest":"n0","body":{"message":35,"type":"second-order-broadcast"}}
2024/06/02 15:53:11 Sent {"src":"n1","dest":"n4","body":{"message":35,"type":"second-order-broadcast"}}
2024/06/02 15:53:11 Sent {"src":"n1","dest":"n2","body":{"message":35,"type":"second-order-broadcast"}}
2024/06/02 15:53:11 Sent {"src":"n1","dest":"n3","body":{"message":35,"type":"second-order-broadcast"}}
2024/06/02 15:53:11 Sent {"src":"n1","dest":"n4","body":{"message":35,"type":"second-order-broadcast"}}
2024/06/02 15:53:11 Sent {"src":"n1","dest":"c14","body":{"in_reply_to":13,"type":"broadcast_ok"}}
2024/06/02 15:53:11 Received {n3 n1 {"in_reply_to":0,"type":"second_order_broadcast_ok"}}
2024/06/02 15:53:11 Received {n4 n1 {"in_reply_to":0,"type":"second_order_broadcast_ok"}}
2024/06/02 15:53:11 Received {n0 n1 {"in_reply_to":0,"type":"second_order_broadcast_ok"}}
2024/06/02 15:53:11 Received {n2 n1 {"in_reply_to":0,"type":"second_order_broadcast_ok"}}
2024/06/02 15:53:11 Received {n4 n1 {"in_reply_to":0,"type":"second_order_broadcast_ok"}}
2024/06/02 15:53:11 Received {c14 n1 {"type":"broadcast","message":36,"msg_id":14}}
2024/06/02 15:53:11 Sent {"src":"n1","dest":"n0","body":{"message":36,"type":"second-order-broadcast"}}
2024/06/02 15:53:11 Sent {"src":"n1","dest":"n4","body":{"message":36,"type":"second-order-broadcast"}}
2024/06/02 15:53:11 Sent {"src":"n1","dest":"n2","body":{"message":36,"type":"second-order-broadcast"}}
2024/06/02 15:53:11 Sent {"src":"n1","dest":"n3","body":{"message":36,"type":"second-order-broadcast"}}
2024/06/02 15:53:11 Sent {"src":"n1","dest":"n4","body":{"message":36,"type":"second-order-broadcast"}}
2024/06/02 15:53:11 Sent {"src":"n1","dest":"c14","body":{"in_reply_to":14,"type":"broadcast_ok"}}
2024/06/02 15:53:11 Received {n4 n1 {"in_reply_to":0,"type":"second_order_broadcast_ok"}}
2024/06/02 15:53:11 Received {n3 n1 {"in_reply_to":0,"type":"second_order_broadcast_ok"}}
2024/06/02 15:53:11 Received {n2 n1 {"in_reply_to":0,"type":"second_order_broadcast_ok"}}
2024/06/02 15:53:11 Received {n0 n1 {"in_reply_to":0,"type":"second_order_broadcast_ok"}}
2024/06/02 15:53:11 Received {n4 n1 {"in_reply_to":0,"type":"second_order_broadcast_ok"}}
2024/06/02 15:53:12 Received {n0 n1 {"message":37,"type":"second-order-broadcast"}}
2024/06/02 15:53:12 Sent {"src":"n1","dest":"n0","body":{"in_reply_to":0,"type":"second_order_broadcast_ok"}}
2024/06/02 15:53:12 Received {c14 n1 {"type":"broadcast","message":38,"msg_id":15}}
2024/06/02 15:53:12 Sent {"src":"n1","dest":"n0","body":{"message":38,"type":"second-order-broadcast"}}
2024/06/02 15:53:12 Sent {"src":"n1","dest":"n4","body":{"message":38,"type":"second-order-broadcast"}}
2024/06/02 15:53:12 Sent {"src":"n1","dest":"n2","body":{"message":38,"type":"second-order-broadcast"}}
2024/06/02 15:53:12 Sent {"src":"n1","dest":"n3","body":{"message":38,"type":"second-order-broadcast"}}
2024/06/02 15:53:12 Sent {"src":"n1","dest":"n4","body":{"message":38,"type":"second-order-broadcast"}}
2024/06/02 15:53:12 Sent {"src":"n1","dest":"c14","body":{"in_reply_to":15,"type":"broadcast_ok"}}
2024/06/02 15:53:12 Received {n0 n1 {"in_reply_to":0,"type":"second_order_broadcast_ok"}}
2024/06/02 15:53:12 Received {n3 n1 {"in_reply_to":0,"type":"second_order_broadcast_ok"}}
2024/06/02 15:53:12 Received {n2 n1 {"in_reply_to":0,"type":"second_order_broadcast_ok"}}
2024/06/02 15:53:12 Received {n4 n1 {"in_reply_to":0,"type":"second_order_broadcast_ok"}}
2024/06/02 15:53:12 Received {n4 n1 {"in_reply_to":0,"type":"second_order_broadcast_ok"}}
2024/06/02 15:53:12 Received {n3 n1 {"message":39,"type":"second-order-broadcast"}}
2024/06/02 15:53:12 Sent {"src":"n1","dest":"n3","body":{"in_reply_to":0,"type":"second_order_broadcast_ok"}}
2024/06/02 15:53:13 Received {n0 n1 {"message":40,"type":"second-order-broadcast"}}
2024/06/02 15:53:13 Sent {"src":"n1","dest":"n0","body":{"in_reply_to":0,"type":"second_order_broadcast_ok"}}
2024/06/02 15:53:13 Received {n0 n1 {"message":41,"type":"second-order-broadcast"}}
2024/06/02 15:53:13 Sent {"src":"n1","dest":"n0","body":{"in_reply_to":0,"type":"second_order_broadcast_ok"}}
2024/06/02 15:53:13 Received {c14 n1 {"type":"read","msg_id":16}}
2024/06/02 15:53:13 Sent {"src":"n1","dest":"c14","body":{"in_reply_to":16,"messages":[0,1,2,3,4,6,7,8,9,10,11,12,13,14,15,17,18,19,20,22,23,24,25,26,27,28,29,30,31,32,33,34,35,36,37,38,39,40,41],"msg_id":16,"type":"read_ok"}}
2024/06/02 15:53:13 Received {n2 n1 {"message":42,"type":"second-order-broadcast"}}
2024/06/02 15:53:13 Sent {"src":"n1","dest":"n2","body":{"in_reply_to":0,"type":"second_order_broadcast_ok"}}
2024/06/02 15:53:13 Received {n3 n1 {"message":43,"type":"second-order-broadcast"}}
2024/06/02 15:53:13 Sent {"src":"n1","dest":"n3","body":{"in_reply_to":0,"type":"second_order_broadcast_ok"}}
2024/06/02 15:53:13 Received {n0 n1 {"message":44,"type":"second-order-broadcast"}}
2024/06/02 15:53:13 Sent {"src":"n1","dest":"n0","body":{"in_reply_to":0,"type":"second_order_broadcast_ok"}}
2024/06/02 15:53:13 Received {n0 n1 {"message":45,"type":"second-order-broadcast"}}
2024/06/02 15:53:13 Sent {"src":"n1","dest":"n0","body":{"in_reply_to":0,"type":"second_order_broadcast_ok"}}
2024/06/02 15:53:13 Received {c14 n1 {"type":"broadcast","message":46,"msg_id":17}}
2024/06/02 15:53:13 Sent {"src":"n1","dest":"n0","body":{"message":46,"type":"second-order-broadcast"}}
2024/06/02 15:53:13 Sent {"src":"n1","dest":"n4","body":{"message":46,"type":"second-order-broadcast"}}
2024/06/02 15:53:13 Sent {"src":"n1","dest":"n2","body":{"message":46,"type":"second-order-broadcast"}}
2024/06/02 15:53:13 Sent {"src":"n1","dest":"n3","body":{"message":46,"type":"second-order-broadcast"}}
2024/06/02 15:53:13 Sent {"src":"n1","dest":"n4","body":{"message":46,"type":"second-order-broadcast"}}
2024/06/02 15:53:13 Sent {"src":"n1","dest":"c14","body":{"in_reply_to":17,"type":"broadcast_ok"}}
2024/06/02 15:53:13 Received {n2 n1 {"in_reply_to":0,"type":"second_order_broadcast_ok"}}
2024/06/02 15:53:13 Received {n3 n1 {"in_reply_to":0,"type":"second_order_broadcast_ok"}}
2024/06/02 15:53:13 Received {n4 n1 {"in_reply_to":0,"type":"second_order_broadcast_ok"}}
2024/06/02 15:53:13 Received {n0 n1 {"in_reply_to":0,"type":"second_order_broadcast_ok"}}
2024/06/02 15:53:13 Received {n4 n1 {"in_reply_to":0,"type":"second_order_broadcast_ok"}}
2024/06/02 15:53:13 Received {n2 n1 {"message":47,"type":"second-order-broadcast"}}
2024/06/02 15:53:13 Sent {"src":"n1","dest":"n2","body":{"in_reply_to":0,"type":"second_order_broadcast_ok"}}
2024/06/02 15:53:13 Received {n4 n1 {"message":48,"type":"second-order-broadcast"}}
2024/06/02 15:53:13 Sent {"src":"n1","dest":"n4","body":{"in_reply_to":0,"type":"second_order_broadcast_ok"}}
2024/06/02 15:53:14 Received {n0 n1 {"message":49,"type":"second-order-broadcast"}}
2024/06/02 15:53:14 Sent {"src":"n1","dest":"n0","body":{"in_reply_to":0,"type":"second_order_broadcast_ok"}}
2024/06/02 15:53:14 Received {c14 n1 {"type":"broadcast","message":50,"msg_id":18}}
2024/06/02 15:53:14 Sent {"src":"n1","dest":"n0","body":{"message":50,"type":"second-order-broadcast"}}
2024/06/02 15:53:14 Sent {"src":"n1","dest":"n4","body":{"message":50,"type":"second-order-broadcast"}}
2024/06/02 15:53:14 Sent {"src":"n1","dest":"n2","body":{"message":50,"type":"second-order-broadcast"}}
2024/06/02 15:53:14 Sent {"src":"n1","dest":"n3","body":{"message":50,"type":"second-order-broadcast"}}
2024/06/02 15:53:14 Sent {"src":"n1","dest":"n4","body":{"message":50,"type":"second-order-broadcast"}}
2024/06/02 15:53:14 Sent {"src":"n1","dest":"c14","body":{"in_reply_to":18,"type":"broadcast_ok"}}
2024/06/02 15:53:14 Received {n3 n1 {"in_reply_to":0,"type":"second_order_broadcast_ok"}}
2024/06/02 15:53:14 Received {n2 n1 {"in_reply_to":0,"type":"second_order_broadcast_ok"}}
2024/06/02 15:53:14 Received {n4 n1 {"in_reply_to":0,"type":"second_order_broadcast_ok"}}
2024/06/02 15:53:14 Received {n4 n1 {"in_reply_to":0,"type":"second_order_broadcast_ok"}}
2024/06/02 15:53:14 Received {n0 n1 {"in_reply_to":0,"type":"second_order_broadcast_ok"}}
2024/06/02 15:53:14 Received {n2 n1 {"message":51,"type":"second-order-broadcast"}}
2024/06/02 15:53:14 Sent {"src":"n1","dest":"n2","body":{"in_reply_to":0,"type":"second_order_broadcast_ok"}}
2024/06/02 15:53:14 Received {c14 n1 {"type":"broadcast","message":52,"msg_id":19}}
2024/06/02 15:53:14 Sent {"src":"n1","dest":"n0","body":{"message":52,"type":"second-order-broadcast"}}
2024/06/02 15:53:14 Sent {"src":"n1","dest":"n4","body":{"message":52,"type":"second-order-broadcast"}}
2024/06/02 15:53:14 Sent {"src":"n1","dest":"n2","body":{"message":52,"type":"second-order-broadcast"}}
2024/06/02 15:53:14 Sent {"src":"n1","dest":"n3","body":{"message":52,"type":"second-order-broadcast"}}
2024/06/02 15:53:14 Sent {"src":"n1","dest":"n4","body":{"message":52,"type":"second-order-broadcast"}}
2024/06/02 15:53:14 Sent {"src":"n1","dest":"c14","body":{"in_reply_to":19,"type":"broadcast_ok"}}
2024/06/02 15:53:14 Received {n2 n1 {"in_reply_to":0,"type":"second_order_broadcast_ok"}}
2024/06/02 15:53:14 Received {n3 n1 {"in_reply_to":0,"type":"second_order_broadcast_ok"}}
2024/06/02 15:53:14 Received {n4 n1 {"in_reply_to":0,"type":"second_order_broadcast_ok"}}
2024/06/02 15:53:14 Received {n4 n1 {"in_reply_to":0,"type":"second_order_broadcast_ok"}}
2024/06/02 15:53:14 Received {n0 n1 {"in_reply_to":0,"type":"second_order_broadcast_ok"}}
2024/06/02 15:53:14 Received {n2 n1 {"message":53,"type":"second-order-broadcast"}}
2024/06/02 15:53:14 Sent {"src":"n1","dest":"n2","body":{"in_reply_to":0,"type":"second_order_broadcast_ok"}}
2024/06/02 15:53:14 Received {n3 n1 {"message":54,"type":"second-order-broadcast"}}
2024/06/02 15:53:14 Sent {"src":"n1","dest":"n3","body":{"in_reply_to":0,"type":"second_order_broadcast_ok"}}
2024/06/02 15:53:14 Received {n4 n1 {"message":55,"type":"second-order-broadcast"}}
2024/06/02 15:53:14 Sent {"src":"n1","dest":"n4","body":{"in_reply_to":0,"type":"second_order_broadcast_ok"}}
2024/06/02 15:53:15 Received {n0 n1 {"message":56,"type":"second-order-broadcast"}}
2024/06/02 15:53:15 Sent {"src":"n1","dest":"n0","body":{"in_reply_to":0,"type":"second_order_broadcast_ok"}}
2024/06/02 15:53:15 Received {c14 n1 {"type":"broadcast","message":57,"msg_id":20}}
2024/06/02 15:53:15 Sent {"src":"n1","dest":"n0","body":{"message":57,"type":"second-order-broadcast"}}
2024/06/02 15:53:15 Sent {"src":"n1","dest":"n4","body":{"message":57,"type":"second-order-broadcast"}}
2024/06/02 15:53:15 Sent {"src":"n1","dest":"n2","body":{"message":57,"type":"second-order-broadcast"}}
2024/06/02 15:53:15 Sent {"src":"n1","dest":"n3","body":{"message":57,"type":"second-order-broadcast"}}
2024/06/02 15:53:15 Sent {"src":"n1","dest":"n4","body":{"message":57,"type":"second-order-broadcast"}}
2024/06/02 15:53:15 Sent {"src":"n1","dest":"c14","body":{"in_reply_to":20,"type":"broadcast_ok"}}
2024/06/02 15:53:15 Received {n3 n1 {"in_reply_to":0,"type":"second_order_broadcast_ok"}}
2024/06/02 15:53:15 Received {n0 n1 {"in_reply_to":0,"type":"second_order_broadcast_ok"}}
2024/06/02 15:53:15 Received {n4 n1 {"in_reply_to":0,"type":"second_order_broadcast_ok"}}
2024/06/02 15:53:15 Received {n4 n1 {"in_reply_to":0,"type":"second_order_broadcast_ok"}}
2024/06/02 15:53:15 Received {n2 n1 {"in_reply_to":0,"type":"second_order_broadcast_ok"}}
2024/06/02 15:53:15 Received {n4 n1 {"message":58,"type":"second-order-broadcast"}}
2024/06/02 15:53:15 Sent {"src":"n1","dest":"n4","body":{"in_reply_to":0,"type":"second_order_broadcast_ok"}}
2024/06/02 15:53:15 Received {n0 n1 {"message":59,"type":"second-order-broadcast"}}
2024/06/02 15:53:15 Sent {"src":"n1","dest":"n0","body":{"in_reply_to":0,"type":"second_order_broadcast_ok"}}
2024/06/02 15:53:15 Received {c14 n1 {"type":"read","msg_id":21}}
2024/06/02 15:53:15 Sent {"src":"n1","dest":"c14","body":{"in_reply_to":21,"messages":[0,1,2,3,4,6,7,8,9,10,11,12,13,14,15,17,18,19,20,22,23,24,25,26,27,28,29,30,31,32,33,34,35,36,37,38,39,40,41,42,43,44,45,46,47,48,49,50,51,52,53,54,55,56,57,58,59],"msg_id":21,"type":"read_ok"}}
2024/06/02 15:53:15 Received {c14 n1 {"type":"broadcast","message":60,"msg_id":22}}
2024/06/02 15:53:15 Sent {"src":"n1","dest":"n0","body":{"message":60,"type":"second-order-broadcast"}}
2024/06/02 15:53:15 Sent {"src":"n1","dest":"n4","body":{"message":60,"type":"second-order-broadcast"}}
2024/06/02 15:53:15 Sent {"src":"n1","dest":"n2","body":{"message":60,"type":"second-order-broadcast"}}
2024/06/02 15:53:15 Sent {"src":"n1","dest":"n3","body":{"message":60,"type":"second-order-broadcast"}}
2024/06/02 15:53:15 Sent {"src":"n1","dest":"n4","body":{"message":60,"type":"second-order-broadcast"}}
2024/06/02 15:53:15 Sent {"src":"n1","dest":"c14","body":{"in_reply_to":22,"type":"broadcast_ok"}}
2024/06/02 15:53:15 Received {n2 n1 {"in_reply_to":0,"type":"second_order_broadcast_ok"}}
2024/06/02 15:53:15 Received {n3 n1 {"in_reply_to":0,"type":"second_order_broadcast_ok"}}
2024/06/02 15:53:15 Received {n4 n1 {"in_reply_to":0,"type":"second_order_broadcast_ok"}}
2024/06/02 15:53:15 Received {n4 n1 {"in_reply_to":0,"type":"second_order_broadcast_ok"}}
2024/06/02 15:53:15 Received {n0 n1 {"in_reply_to":0,"type":"second_order_broadcast_ok"}}
2024/06/02 15:53:16 Received {n4 n1 {"message":61,"type":"second-order-broadcast"}}
2024/06/02 15:53:16 Sent {"src":"n1","dest":"n4","body":{"in_reply_to":0,"type":"second_order_broadcast_ok"}}
2024/06/02 15:53:16 Received {n0 n1 {"message":62,"type":"second-order-broadcast"}}
2024/06/02 15:53:16 Sent {"src":"n1","dest":"n0","body":{"in_reply_to":0,"type":"second_order_broadcast_ok"}}
2024/06/02 15:53:16 Received {c14 n1 {"type":"read","msg_id":23}}
2024/06/02 15:53:16 Sent {"src":"n1","dest":"c14","body":{"in_reply_to":23,"messages":[0,1,2,3,4,6,7,8,9,10,11,12,13,14,15,17,18,19,20,22,23,24,25,26,27,28,29,30,31,32,33,34,35,36,37,38,39,40,41,42,43,44,45,46,47,48,49,50,51,52,53,54,55,56,57,58,59,60,61,62],"msg_id":23,"type":"read_ok"}}
2024/06/02 15:53:16 Received {n2 n1 {"message":63,"type":"second-order-broadcast"}}
2024/06/02 15:53:16 Sent {"src":"n1","dest":"n2","body":{"in_reply_to":0,"type":"second_order_broadcast_ok"}}
2024/06/02 15:53:16 Received {n0 n1 {"message":64,"type":"second-order-broadcast"}}
2024/06/02 15:53:16 Sent {"src":"n1","dest":"n0","body":{"in_reply_to":0,"type":"second_order_broadcast_ok"}}
2024/06/02 15:53:16 Received {c14 n1 {"type":"broadcast","message":65,"msg_id":24}}
2024/06/02 15:53:16 Sent {"src":"n1","dest":"n0","body":{"message":65,"type":"second-order-broadcast"}}
2024/06/02 15:53:16 Sent {"src":"n1","dest":"n4","body":{"message":65,"type":"second-order-broadcast"}}
2024/06/02 15:53:16 Sent {"src":"n1","dest":"n2","body":{"message":65,"type":"second-order-broadcast"}}
2024/06/02 15:53:17 Sent {"src":"n1","dest":"n3","body":{"message":65,"type":"second-order-broadcast"}}
2024/06/02 15:53:17 Sent {"src":"n1","dest":"n4","body":{"message":65,"type":"second-order-broadcast"}}
2024/06/02 15:53:17 Sent {"src":"n1","dest":"c14","body":{"in_reply_to":24,"type":"broadcast_ok"}}
2024/06/02 15:53:17 Received {n3 n1 {"in_reply_to":0,"type":"second_order_broadcast_ok"}}
2024/06/02 15:53:17 Received {n0 n1 {"in_reply_to":0,"type":"second_order_broadcast_ok"}}
2024/06/02 15:53:17 Received {n0 n1 {"message":67,"type":"second-order-broadcast"}}
2024/06/02 15:53:17 Sent {"src":"n1","dest":"n0","body":{"in_reply_to":0,"type":"second_order_broadcast_ok"}}
2024/06/02 15:53:17 Received {c14 n1 {"type":"read","msg_id":25}}
2024/06/02 15:53:17 Sent {"src":"n1","dest":"c14","body":{"in_reply_to":25,"messages":[0,1,2,3,4,6,7,8,9,10,11,12,13,14,15,17,18,19,20,22,23,24,25,26,27,28,29,30,31,32,33,34,35,36,37,38,39,40,41,42,43,44,45,46,47,48,49,50,51,52,53,54,55,56,57,58,59,60,61,62,63,64,65,67],"msg_id":25,"type":"read_ok"}}
2024/06/02 15:53:18 Received {n0 n1 {"message":70,"type":"second-order-broadcast"}}
2024/06/02 15:53:18 Sent {"src":"n1","dest":"n0","body":{"in_reply_to":0,"type":"second_order_broadcast_ok"}}
2024/06/02 15:53:18 Received {c14 n1 {"type":"broadcast","message":71,"msg_id":26}}
2024/06/02 15:53:18 Sent {"src":"n1","dest":"n0","body":{"message":71,"type":"second-order-broadcast"}}
2024/06/02 15:53:18 Sent {"src":"n1","dest":"n4","body":{"message":71,"type":"second-order-broadcast"}}
2024/06/02 15:53:18 Sent {"src":"n1","dest":"n2","body":{"message":71,"type":"second-order-broadcast"}}
2024/06/02 15:53:18 Sent {"src":"n1","dest":"n3","body":{"message":71,"type":"second-order-broadcast"}}
2024/06/02 15:53:18 Sent {"src":"n1","dest":"n4","body":{"message":71,"type":"second-order-broadcast"}}
2024/06/02 15:53:18 Sent {"src":"n1","dest":"c14","body":{"in_reply_to":26,"type":"broadcast_ok"}}
2024/06/02 15:53:18 Received {n3 n1 {"in_reply_to":0,"type":"second_order_broadcast_ok"}}
2024/06/02 15:53:18 Received {n0 n1 {"in_reply_to":0,"type":"second_order_broadcast_ok"}}
2024/06/02 15:53:18 Received {n3 n1 {"message":73,"type":"second-order-broadcast"}}
2024/06/02 15:53:18 Sent {"src":"n1","dest":"n3","body":{"in_reply_to":0,"type":"second_order_broadcast_ok"}}
2024/06/02 15:53:18 Received {c14 n1 {"type":"broadcast","message":75,"msg_id":27}}
2024/06/02 15:53:18 Sent {"src":"n1","dest":"n0","body":{"message":75,"type":"second-order-broadcast"}}
2024/06/02 15:53:18 Sent {"src":"n1","dest":"n4","body":{"message":75,"type":"second-order-broadcast"}}
2024/06/02 15:53:18 Sent {"src":"n1","dest":"n2","body":{"message":75,"type":"second-order-broadcast"}}
2024/06/02 15:53:18 Sent {"src":"n1","dest":"n3","body":{"message":75,"type":"second-order-broadcast"}}
2024/06/02 15:53:18 Sent {"src":"n1","dest":"n4","body":{"message":75,"type":"second-order-broadcast"}}
2024/06/02 15:53:18 Sent {"src":"n1","dest":"c14","body":{"in_reply_to":27,"type":"broadcast_ok"}}
2024/06/02 15:53:18 Received {n3 n1 {"in_reply_to":0,"type":"second_order_broadcast_ok"}}
2024/06/02 15:53:18 Received {n0 n1 {"in_reply_to":0,"type":"second_order_broadcast_ok"}}
2024/06/02 15:53:19 Received {n3 n1 {"message":76,"type":"second-order-broadcast"}}
2024/06/02 15:53:19 Sent {"src":"n1","dest":"n3","body":{"in_reply_to":0,"type":"second_order_broadcast_ok"}}
2024/06/02 15:53:19 Received {n0 n1 {"message":78,"type":"second-order-broadcast"}}
2024/06/02 15:53:19 Sent {"src":"n1","dest":"n0","body":{"in_reply_to":0,"type":"second_order_broadcast_ok"}}
2024/06/02 15:53:19 Received {n0 n1 {"message":79,"type":"second-order-broadcast"}}
2024/06/02 15:53:19 Sent {"src":"n1","dest":"n0","body":{"in_reply_to":0,"type":"second_order_broadcast_ok"}}
2024/06/02 15:53:19 Received {c14 n1 {"type":"read","msg_id":28}}
2024/06/02 15:53:19 Sent {"src":"n1","dest":"c14","body":{"in_reply_to":28,"messages":[0,1,2,3,4,6,7,8,9,10,11,12,13,14,15,17,18,19,20,22,23,24,25,26,27,28,29,30,31,32,33,34,35,36,37,38,39,40,41,42,43,44,45,46,47,48,49,50,51,52,53,54,55,56,57,58,59,60,61,62,63,64,65,67,70,71,73,75,76,78,79],"msg_id":28,"type":"read_ok"}}
2024/06/02 15:53:19 Received {n3 n1 {"message":81,"type":"second-order-broadcast"}}
2024/06/02 15:53:19 Sent {"src":"n1","dest":"n3","body":{"in_reply_to":0,"type":"second_order_broadcast_ok"}}
2024/06/02 15:53:20 Received {n0 n1 {"message":82,"type":"second-order-broadcast"}}
2024/06/02 15:53:20 Sent {"src":"n1","dest":"n0","body":{"in_reply_to":0,"type":"second_order_broadcast_ok"}}
2024/06/02 15:53:20 Received {c14 n1 {"type":"broadcast","message":83,"msg_id":29}}
2024/06/02 15:53:20 Sent {"src":"n1","dest":"n0","body":{"message":83,"type":"second-order-broadcast"}}
2024/06/02 15:53:20 Sent {"src":"n1","dest":"n4","body":{"message":83,"type":"second-order-broadcast"}}
2024/06/02 15:53:20 Sent {"src":"n1","dest":"n2","body":{"message":83,"type":"second-order-broadcast"}}
2024/06/02 15:53:20 Sent {"src":"n1","dest":"n3","body":{"message":83,"type":"second-order-broadcast"}}
2024/06/02 15:53:20 Sent {"src":"n1","dest":"n4","body":{"message":83,"type":"second-order-broadcast"}}
2024/06/02 15:53:20 Sent {"src":"n1","dest":"c14","body":{"in_reply_to":29,"type":"broadcast_ok"}}
2024/06/02 15:53:20 Received {n0 n1 {"in_reply_to":0,"type":"second_order_broadcast_ok"}}
2024/06/02 15:53:20 Received {n3 n1 {"in_reply_to":0,"type":"second_order_broadcast_ok"}}
2024/06/02 15:53:20 Received {n0 n1 {"message":86,"type":"second-order-broadcast"}}
2024/06/02 15:53:20 Sent {"src":"n1","dest":"n0","body":{"in_reply_to":0,"type":"second_order_broadcast_ok"}}
2024/06/02 15:53:20 Received {c14 n1 {"type":"read","msg_id":30}}
2024/06/02 15:53:20 Sent {"src":"n1","dest":"c14","body":{"in_reply_to":30,"messages":[0,1,2,3,4,6,7,8,9,10,11,12,13,14,15,17,18,19,20,22,23,24,25,26,27,28,29,30,31,32,33,34,35,36,37,38,39,40,41,42,43,44,45,46,47,48,49,50,51,52,53,54,55,56,57,58,59,60,61,62,63,64,65,67,70,71,73,75,76,78,79,81,82,83,86],"msg_id":30,"type":"read_ok"}}
2024/06/02 15:53:20 Received {n3 n1 {"message":88,"type":"second-order-broadcast"}}
2024/06/02 15:53:20 Sent {"src":"n1","dest":"n3","body":{"in_reply_to":0,"type":"second_order_broadcast_ok"}}
2024/06/02 15:53:21 Received {n0 n1 {"message":89,"type":"second-order-broadcast"}}
2024/06/02 15:53:21 Sent {"src":"n1","dest":"n0","body":{"in_reply_to":0,"type":"second_order_broadcast_ok"}}
2024/06/02 15:53:21 Received {c14 n1 {"type":"read","msg_id":31}}
2024/06/02 15:53:21 Sent {"src":"n1","dest":"c14","body":{"in_reply_to":31,"messages":[0,1,2,3,4,6,7,8,9,10,11,12,13,14,15,17,18,19,20,22,23,24,25,26,27,28,29,30,31,32,33,34,35,36,37,38,39,40,41,42,43,44,45,46,47,48,49,50,51,52,53,54,55,56,57,58,59,60,61,62,63,64,65,67,70,71,73,75,76,78,79,81,82,83,86,88,89],"msg_id":31,"type":"read_ok"}}
2024/06/02 15:53:21 Received {n3 n1 {"message":91,"type":"second-order-broadcast"}}
2024/06/02 15:53:21 Sent {"src":"n1","dest":"n3","body":{"in_reply_to":0,"type":"second_order_broadcast_ok"}}
2024/06/02 15:53:22 Received {n0 n1 {"message":92,"type":"second-order-broadcast"}}
2024/06/02 15:53:22 Sent {"src":"n1","dest":"n0","body":{"in_reply_to":0,"type":"second_order_broadcast_ok"}}
2024/06/02 15:53:22 Received {c14 n1 {"type":"broadcast","message":93,"msg_id":32}}
2024/06/02 15:53:22 Sent {"src":"n1","dest":"n0","body":{"message":93,"type":"second-order-broadcast"}}
2024/06/02 15:53:22 Sent {"src":"n1","dest":"n4","body":{"message":93,"type":"second-order-broadcast"}}
2024/06/02 15:53:22 Sent {"src":"n1","dest":"n2","body":{"message":93,"type":"second-order-broadcast"}}
2024/06/02 15:53:22 Sent {"src":"n1","dest":"n3","body":{"message":93,"type":"second-order-broadcast"}}
2024/06/02 15:53:22 Sent {"src":"n1","dest":"n4","body":{"message":93,"type":"second-order-broadcast"}}
2024/06/02 15:53:22 Sent {"src":"n1","dest":"c14","body":{"in_reply_to":32,"type":"broadcast_ok"}}
2024/06/02 15:53:22 Received {n3 n1 {"in_reply_to":0,"type":"second_order_broadcast_ok"}}
2024/06/02 15:53:22 Received {n0 n1 {"in_reply_to":0,"type":"second_order_broadcast_ok"}}
2024/06/02 15:53:22 Received {n3 n1 {"message":95,"type":"second-order-broadcast"}}
2024/06/02 15:53:22 Sent {"src":"n1","dest":"n3","body":{"in_reply_to":0,"type":"second_order_broadcast_ok"}}
2024/06/02 15:53:22 Received {n0 n1 {"message":96,"type":"second-order-broadcast"}}
2024/06/02 15:53:22 Sent {"src":"n1","dest":"n0","body":{"in_reply_to":0,"type":"second_order_broadcast_ok"}}
2024/06/02 15:53:23 Received {n0 n1 {"message":97,"type":"second-order-broadcast"}}
2024/06/02 15:53:23 Sent {"src":"n1","dest":"n0","body":{"in_reply_to":0,"type":"second_order_broadcast_ok"}}
2024/06/02 15:53:23 Received {c14 n1 {"type":"read","msg_id":33}}
2024/06/02 15:53:23 Sent {"src":"n1","dest":"c14","body":{"in_reply_to":33,"messages":[0,1,2,3,4,6,7,8,9,10,11,12,13,14,15,17,18,19,20,22,23,24,25,26,27,28,29,30,31,32,33,34,35,36,37,38,39,40,41,42,43,44,45,46,47,48,49,50,51,52,53,54,55,56,57,58,59,60,61,62,63,64,65,67,70,71,73,75,76,78,79,81,82,83,86,88,89,91,92,93,95,96,97],"msg_id":33,"type":"read_ok"}}
2024/06/02 15:53:23 Received {n3 n1 {"message":98,"type":"second-order-broadcast"}}
2024/06/02 15:53:23 Sent {"src":"n1","dest":"n3","body":{"in_reply_to":0,"type":"second_order_broadcast_ok"}}
2024/06/02 15:53:23 Received {c14 n1 {"type":"broadcast","message":99,"msg_id":34}}
2024/06/02 15:53:23 Sent {"src":"n1","dest":"n0","body":{"message":99,"type":"second-order-broadcast"}}
2024/06/02 15:53:23 Sent {"src":"n1","dest":"n4","body":{"message":99,"type":"second-order-broadcast"}}
2024/06/02 15:53:23 Sent {"src":"n1","dest":"n2","body":{"message":99,"type":"second-order-broadcast"}}
2024/06/02 15:53:23 Sent {"src":"n1","dest":"n3","body":{"message":99,"type":"second-order-broadcast"}}
2024/06/02 15:53:23 Sent {"src":"n1","dest":"n4","body":{"message":99,"type":"second-order-broadcast"}}
2024/06/02 15:53:23 Sent {"src":"n1","dest":"c14","body":{"in_reply_to":34,"type":"broadcast_ok"}}
2024/06/02 15:53:23 Received {n0 n1 {"in_reply_to":0,"type":"second_order_broadcast_ok"}}
2024/06/02 15:53:23 Received {n3 n1 {"in_reply_to":0,"type":"second_order_broadcast_ok"}}
2024/06/02 15:53:34 Received {c14 n1 {"type":"read","msg_id":35}}
2024/06/02 15:53:34 Sent {"src":"n1","dest":"c14","body":{"in_reply_to":35,"messages":[0,1,2,3,4,6,7,8,9,10,11,12,13,14,15,17,18,19,20,22,23,24,25,26,27,28,29,30,31,32,33,34,35,36,37,38,39,40,41,42,43,44,45,46,47,48,49,50,51,52,53,54,55,56,57,58,59,60,61,62,63,64,65,67,70,71,73,75,76,78,79,81,82,83,86,88,89,91,92,93,95,96,97,98,99],"msg_id":35,"type":"read_ok"}}
