2024/06/02 15:53:03 Received {c0 n2 {"type":"init","node_id":"n2","node_ids":["n0","n1","n2","n3","n4"],"msg_id":1}}
2024/06/02 15:53:03 Node n2 initialized
2024/06/02 15:53:03 Sent {"src":"n2","dest":"c0","body":{"in_reply_to":1,"type":"init_ok"}}
2024/06/02 15:53:03 Received {c8 n2 {"type":"topology","topology":{"n0":["n3","n1"],"n1":["n4","n2","n0"],"n2":["n1"],"n3":["n0","n4"],"n4":["n1","n3"]},"msg_id":1}}
2024/06/02 15:53:03 Sent {"src":"n2","dest":"c8","body":{"in_reply_to":1,"type":"topology_ok"}}
2024/06/02 15:53:04 Received {c11 n2 {"type":"broadcast","message":0,"msg_id":1}}
2024/06/02 15:53:04 Sent {"src":"n2","dest":"n0","body":{"message":0,"type":"second-order-broadcast"}}
2024/06/02 15:53:04 Sent {"src":"n2","dest":"n1","body":{"message":0,"type":"second-order-broadcast"}}
2024/06/02 15:53:04 Sent {"src":"n2","dest":"n4","body":{"message":0,"type":"second-order-broadcast"}}
2024/06/02 15:53:04 Sent {"src":"n2","dest":"n3","body":{"message":0,"type":"second-order-broadcast"}}
2024/06/02 15:53:04 Sent {"src":"n2","dest":"n4","body":{"message":0,"type":"second-order-broadcast"}}
2024/06/02 15:53:04 Sent {"src":"n2","dest":"c11","body":{"in_reply_to":1,"type":"broadcast_ok"}}
2024/06/02 15:53:04 Received {n3 n2 {"in_reply_to":0,"type":"second_order_broadcast_ok"}}
2024/06/02 15:53:04 Received {n0 n2 {"in_reply_to":0,"type":"second_order_broadcast_ok"}}
2024/06/02 15:53:04 Received {n1 n2 {"in_reply_to":0,"type":"second_order_broadcast_ok"}}
2024/06/02 15:53:04 Received {n3 n2 {"message":1,"type":"second-order-broadcast"}}
2024/06/02 15:53:04 Sent {"src":"n2","dest":"n3","body":{"in_reply_to":0,"type":"second_order_broadcast_ok"}}
2024/06/02 15:53:04 Received {n0 n2 {"message":2,"type":"second-order-broadcast"}}
2024/06/02 15:53:04 Sent {"src":"n2","dest":"n0","body":{"in_reply_to":0,"type":"second_order_broadcast_ok"}}
2024/06/02 15:53:04 Received {c11 n2 {"type":"broadcast","message":3,"msg_id":2}}
2024/06/02 15:53:04 Sent {"src":"n2","dest":"n0","body":{"message":3,"type":"second-order-broadcast"}}
2024/06/02 15:53:04 Sent {"src":"n2","dest":"n1","body":{"message":3,"type":"second-order-broadcast"}}
2024/06/02 15:53:04 Sent {"src":"n2","dest":"n4","body":{"message":3,"type":"second-order-broadcast"}}
2024/06/02 15:53:04 Sent {"src":"n2","dest":"n3","body":{"message":3,"type":"second-order-broadcast"}}
2024/06/02 15:53:04 Sent {"src":"n2","dest":"n4","body":{"message":3,"type":"second-order-broadcast"}}
2024/06/02 15:53:04 Sent {"src":"n2","dest":"c11","body":{"in_reply_to":2,"type":"broadcast_ok"}}
2024/06/02 15:53:04 Received {n0 n2 {"in_reply_to":0,"type":"second_order_broadcast_ok"}}
2024/06/02 15:53:04 Received {n1 n2 {"in_reply_to":0,"type":"second_order_broadcast_ok"}}
2024/06/02 15:53:04 Received {n3 n2 {"in_reply_to":0,"type":"second_order_broadcast_ok"}}
2024/06/02 15:53:04 Received {n3 n2 {"message":4,"type":"second-order-broadcast"}}
2024/06/02 15:53:04 Sent {"src":"n2","dest":"n3","body":{"in_reply_to":0,"type":"second_order_broadcast_ok"}}
2024/06/02 15:53:05 Received {n0 n2 {"message":6,"type":"second-order-broadcast"}}
2024/06/02 15:53:05 Sent {"src":"n2","dest":"n0","body":{"in_reply_to":0,"type":"second_order_broadcast_ok"}}
2024/06/02 15:53:05 Received {c11 n2 {"type":"read","msg_id":3}}
2024/06/02 15:53:05 Sent {"src":"n2","dest":"c11","body":{"in_reply_to":3,"messages":[0,1,2,3,4,6],"msg_id":3,"type":"read_ok"}}
2024/06/02 15:53:05 Received {n3 n2 {"message":7,"type":"second-order-broadcast"}}
2024/06/02 15:53:05 Sent {"src":"n2","dest":"n3","body":{"in_reply_to":0,"type":"second_order_broadcast_ok"}}
2024/06/02 15:53:05 Received {n0 n2 {"message":8,"type":"second-order-broadcast"}}
2024/06/02 15:53:05 Sent {"src":"n2","dest":"n0","body":{"in_reply_to":0,"type":"second_order_broadcast_ok"}}
2024/06/02 15:53:05 Received {n0 n2 {"message":9,"type":"second-order-broadcast"}}
2024/06/02 15:53:05 Sent {"src":"n2","dest":"n0","body":{"in_reply_to":0,"type":"second_order_broadcast_ok"}}
2024/06/02 15:53:05 Received {n1 n2 {"message":10,"type":"second-order-broadcast"}}
2024/06/02 15:53:05 Sent {"src":"n2","dest":"n1","body":{"in_reply_to":0,"type":"second_order_broadcast_ok"}}
2024/06/02 15:53:05 Received {c11 n2 {"type":"broadcast","message":11,"msg_id":4}}
2024/06/02 15:53:05 Sent {"src":"n2","dest":"n0","body":{"message":11,"type":"second-order-broadcast"}}
2024/06/02 15:53:05 Sent {"src":"n2","dest":"n1","body":{"message":11,"type":"second-order-broadcast"}}
2024/06/02 15:53:05 Sent {"src":"n2","dest":"n4","body":{"message":11,"type":"second-order-broadcast"}}
2024/06/02 15:53:05 Sent {"src":"n2","dest":"n3","body":{"message":11,"type":"second-order-broadcast"}}
2024/06/02 15:53:05 Sent {"src":"n2","dest":"n4","body":{"message":11,"type":"second-order-broadcast"}}
2024/06/02 15:53:05 Sent {"src":"n2","dest":"c11","body":{"in_reply_to":4,"type":"broadcast_ok"}}
2024/06/02 15:53:05 Received {n0 n2 {"in_reply_to":0,"type":"second_order_broadcast_ok"}}
2024/06/02 15:53:05 Received {n1 n2 {"in_reply_to":0,"type":"second_order_broadcast_ok"}}
2024/06/02 15:53:05 Received {n3 n2 {"in_reply_to":0,"type":"second_order_broadcast_ok"}}
2024/06/02 15:53:06 Received {c11 n2 {"type":"broadcast","message":12,"msg_id":5}}
2024/06/02 15:53:06 Sent {"src":"n2","dest":"n0","body":{"message":12,"type":"second-order-broadcast"}}
2024/06/02 15:53:06 Sent {"src":"n2","dest":"n1","body":{"message":12,"type":"second-order-broadcast"}}
2024/06/02 15:53:06 Sent {"src":"n2","dest":"n4","body":{"message":12,"type":"second-order-broadcast"}}
2024/06/02 15:53:06 Sent {"src":"n2","dest":"n3","body":{"message":12,"type":"second-order-broadcast"}}
2024/06/02 15:53:06 Sent {"src":"n2","dest":"n4","body":{"message":12,"type":"second-order-broadcast"}}
2024/06/02 15:53:06 Sent {"src":"n2","dest":"c11","body":{"in_reply_to":5,"type":"broadcast_ok"}}
2024/06/02 15:53:06 Received {n3 n2 {"in_reply_to":0,"type":"second_order_broadcast_ok"}}
2024/06/02 15:53:06 Received {n1 n2 {"in_reply_to":0,"type":"second_order_broadcast_ok"}}
2024/06/02 15:53:06 Received {n0 n2 {"in_reply_to":0,"type":"second_order_broadcast_ok"}}
2024/06/02 15:53:06 Received {n3 n2 {"message":13,"type":"second-order-broadcast"}}
2024/06/02 15:53:06 Sent {"src":"n2","dest":"n3","body":{"in_reply_to":0,"type":"second_order_broadcast_ok"}}
2024/06/02 15:53:06 Received {n0 n2 {"message":14,"type":"second-order-broadcast"}}
2024/06/02 15:53:06 Sent {"src":"n2","dest":"n0","body":{"in_reply_to":0,"type":"second_order_broadcast_ok"}}
2024/06/02 15:53:07 Received {c11 n2 {"type":"broadcast","message":15,"msg_id":6}}
2024/06/02 15:53:07 Sent {"src":"n2","dest":"n0","body":{"message":15,"type":"second-order-broadcast"}}
2024/06/02 15:53:07 Sent {"src":"n2","dest":"n1","body":{"message":15,"type":"second-order-broadcast"}}
2024/06/02 15:53:07 Sent {"src":"n2","dest":"n4","body":{"message":15,"type":"second-order-broadcast"}}
2024/06/02 15:53:07 Sent {"src":"n2","dest":"n3","body":{"message":15,"type":"second-order-broadcast"}}
2024/06/02 15:53:07 Sent {"src":"n2","dest":"n4","body":{"message":15,"type":"second-order-broadcast"}}
2024/06/02 15:53:07 Sent {"src":"n2","dest":"c11","body":{"in_reply_to":6,"type":"broadcast_ok"}}
2024/06/02 15:53:07 Received {n1 n2 {"in_reply_to":0,"type":"second_order_broadcast_ok"}}
2024/06/02 15:53:07 Received {n0 n2 {"in_reply_to":0,"type":"second_order_broadcast_ok"}}
2024/06/02 15:53:07 Received {n3 n2 {"in_reply_to":0,"type":"second_order_broadcast_ok"}}
2024/06/02 15:53:07 Received {c11 n2 {"type":"read","msg_id":7}}
2024/06/02 15:53:07 Sent {"src":"n2","dest":"c11","body":{"in_reply_to":7,"messages":[0,1,2,3,4,6,7,8,9,10,11,12,13,14,15],"msg_id":7,"type":"read_ok"}}
2024/06/02 15:53:07 Received {n3 n2 {"message":17,"type":"second-order-broadcast"}}
2024/06/02 15:53:07 Sent {"src":"n2","dest":"n3","body":{"in_reply_to":0,"type":"second_order_broadcast_ok"}}
2024/06/02 15:53:08 Received {n0 n2 {"message":18,"type":"second-order-broadcast"}}
2024/06/02 15:53:08 Sent {"src":"n2","dest":"n0","body":{"in_reply_to":0,"type":"second_order_broadcast_ok"}}
2024/06/02 15:53:08 Received {n1 n2 {"message":19,"type":"second-order-broadcast"}}
2024/06/02 15:53:08 Sent {"src":"n2","dest":"n1","body":{"in_reply_to":0,"type":"second_order_broadcast_ok"}}
2024/06/02 15:53:08 Received {c11 n2 {"type":"read","msg_id":8}}
2024/06/02 15:53:08 Sent {"src":"n2","dest":"c11","body":{"in_reply_to":8,"messages":[0,1,2,3,4,6,7,8,9,10,11,12,13,14,15,17,18,19],"msg_id":8,"type":"read_ok"}}
2024/06/02 15:53:08 Received {n3 n2 {"message":20,"type":"second-order-broadcast"}}
2024/06/02 15:53:08 Sent {"src":"n2","dest":"n3","body":{"in_reply_to":0,"type":"second_order_broadcast_ok"}}
2024/06/02 15:53:08 Received {c11 n2 {"type":"broadcast","message":22,"msg_id":9}}
2024/06/02 15:53:08 Sent {"src":"n2","dest":"n0","body":{"message":22,"type":"second-order-broadcast"}}
2024/06/02 15:53:08 Sent {"src":"n2","dest":"n1","body":{"message":22,"type":"second-order-broadcast"}}
2024/06/02 15:53:08 Sent {"src":"n2","dest":"n4","body":{"message":22,"type":"second-order-broadcast"}}
2024/06/02 15:53:08 Sent {"src":"n2","dest":"n3","body":{"message":22,"type":"second-order-broadcast"}}
2024/06/02 15:53:08 Sent {"src":"n2","dest":"n4","body":{"message":22,"type":"second-order-broadcast"}}
2024/06/02 15:53:08 Sent {"src":"n2","dest":"c11","body":{"in_reply_to":9,"type":"broadcast_ok"}}
2024/06/02 15:53:08 Received {n0 n2 {"in_reply_to":0,"type":"second_order_broadcast_ok"}}
2024/06/02 15:53:08 Received {n3 n2 {"in_reply_to":0,"type":"second_order_broadcast_ok"}}
2024/06/02 15:53:08 Received {n1 n2 {"in_reply_to":0,"type":"second_order_broadcast_ok"}}
2024/06/02 15:53:09 Received {n0 n2 {"message":23,"type":"second-order-broadcast"}}
2024/06/02 15:53:09 Sent {"src":"n2","dest":"n0","body":{"in_reply_to":0,"type":"second_order_broadcast_ok"}}
2024/06/02 15:53:09 Received {n1 n2 {"message":24,"type":"second-order-broadcast"}}
2024/06/02 15:53:09 Sent {"src":"n2","dest":"n1","body":{"in_reply_to":0,"type":"second_order_broadcast_ok"}}
2024/06/02 15:53:10 Received {n1 n2 {"message":25,"type":"second-order-broadcast"}}
2024/06/02 15:53:10 Sent {"src":"n2","dest":"n1","body":{"in_reply_to":0,"type":"second_order_broadcast_ok"}}
2024/06/02 15:53:10 Received {c11 n2 {"type":"read","msg_id":10}}
2024/06/02 15:53:10 Sent {"src":"n2","dest":"c11","body":{"in_reply_to":10,"messages":[0,1,2,3,4,6,7,8,9,10,11,12,13,14,15,17,18,19,20,22,23,24,25],"msg_id":10,"type":"read_ok"}}
2024/06/02 15:53:10 Received {n4 n2 {"message":26,"type":"second-order-broadcast"}}
2024/06/02 15:53:10 Sent {"src":"n2","dest":"n4","body":{"in_reply_to":0,"type":"second_order_broadcast_ok"}}
2024/06/02 15:53:10 Received {c11 n2 {"type":"broadcast","message":27,"msg_id":11}}
2024/06/02 15:53:10 Sent {"src":"n2","dest":"n0","body":{"message":27,"type":"second-order-broadcast"}}
2024/06/02 15:53:10 Sent {"src":"n2","dest":"n1","body":{"message":27,"type":"second-order-broadcast"}}
2024/06/02 15:53:10 Sent {"src":"n2","dest":"n4","body":{"message":27,"type":"second-order-broadcast"}}
2024/06/02 15:53:10 Sent {"src":"n2","dest":"n3","body":{"message":27,"type":"second-order-broadcast"}}
2024/06/02 15:53:10 Sent {"src":"n2","dest":"n4","body":{"message":27,"type":"second-order-broadcast"}}
2024/06/02 15:53:10 Sent {"src":"n2","dest":"c11","body":{"in_reply_to":11,"type":"broadcast_ok"}}
2024/06/02 15:53:10 Received {n1 n2 {"in_reply_to":0,"type":"second_order_broadcast_ok"}}
2024/06/02 15:53:10 Received {n4 n2 {"in_reply_to":0,"type":"second_order_broadcast_ok"}}
2024/06/02 15:53:10 Received {n4 n2 {"in_reply_to":0,"type":"second_order_broadcast_ok"}}
2024/06/02 15:53:10 Received {n0 n2 {"in_reply_to":0,"type":"second_order_broadcast_ok"}}
2024/06/02 15:53:10 Received {n3 n2 {"in_reply_to":0,"type":"second_order_broadcast_ok"}}
2024/06/02 15:53:10 Received {n4 n2 {"message":28,"type":"second-order-broadcast"}}
2024/06/02 15:53:10 Sent {"src":"n2","dest":"n4","body":{"in_reply_to":0,"type":"second_order_broadcast_ok"}}
2024/06/02 15:53:10 Received {n0 n2 {"message":29,"type":"second-order-broadcast"}}
2024/06/02 15:53:10 Sent {"src":"n2","dest":"n0","body":{"in_reply_to":0,"type":"second_order_broadcast_ok"}}
2024/06/02 15:53:10 Received {n0 n2 {"message":30,"type":"second-order-broadcast"}}
2024/06/02 15:53:10 Sent {"src":"n2","dest":"n0","body":{"in_reply_to":0,"type":"second_order_broadcast_ok"}}
2024/06/02 15:53:10 Received {n1 n2 {"message":31,"type":"second-order-broadcast"}}
2024/06/02 15:53:10 Sent {"src":"n2","dest":"n1","body":{"in_reply_to":0,"type":"second_order_broadcast_ok"}}
2024/06/02 15:53:10 Received {c11 n2 {"type":"broadcast","message":32,"msg_id":12}}
2024/06/02 15:53:10 Sent {"src":"n2","dest":"n0","body":{"message":32,"type":"second-order-broadcast"}}
2024/06/02 15:53:10 Sent {"src":"n2","dest":"n1","body":{"message":32,"type":"second-order-broadcast"}}
2024/06/02 15:53:10 Sent {"src":"n2","dest":"n4","body":{"message":32,"type":"second-order-broadcast"}}
2024/06/02 15:53:10 Sent {"src":"n2","dest":"n3","body":{"message":32,"type":"second-order-broadcast"}}
2024/06/02 15:53:10 Sent {"src":"n2","dest":"n4","body":{"message":32,"type":"second-order-broadcast"}}
2024/06/02 15:53:10 Sent {"src":"n2","dest":"c11","body":{"in_reply_to":12,"type":"broadcast_ok"}}
2024/06/02 15:53:10 Received {n0 n2 {"in_reply_to":0,"type":"second_order_broadcast_ok"}}
2024/06/02 15:53:10 Received {n4 n2 {"in_reply_to":0,"type":"second_order_broadcast_ok"}}
2024/06/02 15:53:10 Received {n4 n2 {"in_reply_to":0,"type":"second_order_broadcast_ok"}}
2024/06/02 15:53:10 Received {n3 n2 {"in_reply_to":0,"type":"second_order_broadcast_ok"}}
2024/06/02 15:53:10 Received {n1 n2 {"in_reply_to":0,"type":"second_order_broadcast_ok"}}
2024/06/02 15:53:11 Received {n0 n2 {"message":33,"type":"second-order-broadcast"}}
2024/06/02 15:53:11 Sent {"src":"n2","dest":"n0","body":{"in_reply_to":0,"type":"second_order_broadcast_ok"}}
2024/06/02 15:53:11 Received {n0 n2 {"message":34,"type":"second-order-broadcast"}}
2024/06/02 15:53:11 Sent {"src":"n2","dest":"n0","body":{"in_reply_to":0,"type":"second_order_broadcast_ok"}}
2024/06/02 15:53:11 Received {n1 n2 {"message":35,"type":"second-order-broadcast"}}
2024/06/02 15:53:11 Sent {"src":"n2","dest":"n1","body":{"in_reply_to":0,"type":"second_order_broadcast_ok"}}
2024/06/02 15:53:11 Received {c11 n2 {"type":"read","msg_id":13}}
2024/06/02 15:53:11 Sent {"src":"n2","dest":"c11","body":{"in_reply_to":13,"messages":[0,1,2,3,4,6,7,8,9,10,11,12,13,14,15,17,18,19,20,22,23,24,25,26,27,28,29,30,31,32,33,34,35],"msg_id":13,"type":"read_ok"}}
2024/06/02 15:53:11 Received {n1 n2 {"message":36,"type":"second-order-broadcast"}}
2024/06/02 15:53:11 Sent {"src":"n2","dest":"n1","body":{"in_reply_to":0,"type":"second_order_broadcast_ok"}}
2024/06/02 15:53:12 Received {c11 n2 {"type":"read","msg_id":14}}
2024/06/02 15:53:12 Sent {"src":"n2","dest":"c11","body":{"in_reply_to":14,"messages":[0,1,2,3,4,6,7,8,9,10,11,12,13,14,15,17,18,19,20,22,23,24,25,26,27,28,29,30,31,32,33,34,35,36],"msg_id":14,"type":"read_ok"}}
2024/06/02 15:53:12 Received {n0 n2 {"message":37,"type":"second-order-broadcast"}}
2024/06/02 15:53:12 Sent {"src":"n2","dest":"n0","body":{"in_reply_to":0,"type":"second_order_broadcast_ok"}}
2024/06/02 15:53:12 Received {n1 n2 {"message":38,"type":"second-order-broadcast"}}
2024/06/02 15:53:12 Sent {"src":"n2","dest":"n1","body":{"in_reply_to":0,"type":"second_order_broadcast_ok"}}
2024/06/02 15:53:12 Received {c11 n2 {"type":"read","msg_id":15}}
2024/06/02 15:53:12 Sent {"src":"n2","dest":"c11","body":{"in_reply_to":15,"messages":[0,1,2,3,4,6,7,8,9,10,11,12,13,14,15,17,18,19,20,22,23,24,25,26,27,28,29,30,31,32,33,34,35,36,37,38],"msg_id":15,"type":"read_ok"}}
2024/06/02 15:53:12 Received {n3 n2 {"message":39,"type":"second-order-broadcast"}}
2024/06/02 15:53:12 Sent {"src":"n2","dest":"n3","body":{"in_reply_to":0,"type":"second_order_broadcast_ok"}}
2024/06/02 15:53:13 Received {n0 n2 {"message":40,"type":"second-order-broadcast"}}
2024/06/02 15:53:13 Sent {"src":"n2","dest":"n0","body":{"in_reply_to":0,"type":"second_order_broadcast_ok"}}
2024/06/02 15:53:13 Received {n0 n2 {"message":41,"type":"second-order-broadcast"}}
2024/06/02 15:53:13 Sent {"src":"n2","dest":"n0","body":{"in_reply_to":0,"type":"second_order_broadcast_ok"}}
2024/06/02 15:53:13 Received {c11 n2 {"type":"broadcast","message":42,"msg_id":16}}
2024/06/02 15:53:13 Sent {"src":"n2","dest":"n0","body":{"message":42,"type":"second-order-broadcast"}}
2024/06/02 15:53:13 Sent {"src":"n2","dest":"n1","body":{"message":42,"type":"second-order-broadcast"}}
2024/06/02 15:53:13 Sent {"src":"n2","dest":"n4","body":{"message":42,"type":"second-order-broadcast"}}
2024/06/02 15:53:13 Sent {"src":"n2","dest":"n3","body":{"message":42,"type":"second-order-broadcast"}}
2024/06/02 15:53:13 Sent {"src":"n2","dest":"n4","body":{"message":42,"type":"second-order-broadcast"}}
2024/06/02 15:53:13 Sent {"src":"n2","dest":"c11","body":{"in_reply_to":16,"type":"broadcast_ok"}}
2024/06/02 15:53:13 Received {n3 n2 {"in_reply_to":0,"type":"second_order_broadcast_ok"}}
2024/06/02 15:53:13 Received {n1 n2 {"in_reply_to":0,"type":"second_order_broadcast_ok"}}
2024/06/02 15:53:13 Received {n0 n2 {"in_reply_to":0,"type":"second_order_broadcast_ok"}}
2024/06/02 15:53:13 Received {n4 n2 {"in_reply_to":0,"type":"second_order_broadcast_ok"}}
2024/06/02 15:53:13 Received {n4 n2 {"in_reply_to":0,"type":"second_order_broadcast_ok"}}
2024/06/02 15:53:13 Received {n3 n2 {"message":43,"type":"second-order-broadcast"}}
2024/06/02 15:53:13 Sent {"src":"n2","dest":"n3","body":{"in_reply_to":0,"type":"second_order_broadcast_ok"}}
2024/06/02 15:53:13 Received {n0 n2 {"message":44,"type":"second-order-broadcast"}}
2024/06/02 15:53:13 Sent {"src":"n2","dest":"n0","body":{"in_reply_to":0,"type":"second_order_broadcast_ok"}}
2024/06/02 15:53:13 Received {n0 n2 {"message":45,"type":"second-order-broadcast"}}
2024/06/02 15:53:13 Sent {"src":"n2","dest":"n0","body":{"in_reply_to":0,"type":"second_order_broadcast_ok"}}
2024/06/02 15:53:13 Received {n1 n2 {"message":46,"type":"second-order-broadcast"}}
2024/06/02 15:53:13 Sent {"src":"n2","dest":"n1","body":{"in_reply_to":0,"type":"second_order_broadcast_ok"}}
2024/06/02 15:53:13 Received {c11 n2 {"type":"broadcast","message":47,"msg_id":17}}
2024/06/02 15:53:13 Sent {"src":"n2","dest":"n0","body":{"message":47,"type":"second-order-broadcast"}}
2024/06/02 15:53:13 Sent {"src":"n2","dest":"n1","body":{"message":47,"type":"second-order-broadcast"}}
2024/06/02 15:53:13 Sent {"src":"n2","dest":"n4","body":{"message":47,"type":"second-order-broadcast"}}
2024/06/02 15:53:13 Sent {"src":"n2","dest":"n3","body":{"message":47,"type":"second-order-broadcast"}}
2024/06/02 15:53:13 Sent {"src":"n2","dest":"n4","body":{"message":47,"type":"second-order-broadcast"}}
2024/06/02 15:53:13 Sent {"src":"n2","dest":"c11","body":{"in_reply_to":17,"type":"broadcast_ok"}}
2024/06/02 15:53:13 Received {n4 n2 {"in_reply_to":0,"type":"second_order_broadcast_ok"}}
2024/06/02 15:53:13 Received {n4 n2 {"in_reply_to":0,"type":"second_order_broadcast_ok"}}
2024/06/02 15:53:13 Received {n1 n2 {"in_reply_to":0,"type":"second_order_broadcast_ok"}}
2024/06/02 15:53:13 Received {n0 n2 {"in_reply_to":0,"type":"second_order_broadcast_ok"}}
2024/06/02 15:53:13 Received {n3 n2 {"in_reply_to":0,"type":"second_order_broadcast_ok"}}
2024/06/02 15:53:13 Received {n4 n2 {"message":48,"type":"second-order-broadcast"}}
2024/06/02 15:53:13 Sent {"src":"n2","dest":"n4","body":{"in_reply_to":0,"type":"second_order_broadcast_ok"}}
2024/06/02 15:53:14 Received {n0 n2 {"message":49,"type":"second-order-broadcast"}}
2024/06/02 15:53:14 Sent {"src":"n2","dest":"n0","body":{"in_reply_to":0,"type":"second_order_broadcast_ok"}}
2024/06/02 15:53:14 Received {n1 n2 {"message":50,"type":"second-order-broadcast"}}
2024/06/02 15:53:14 Sent {"src":"n2","dest":"n1","body":{"in_reply_to":0,"type":"second_order_broadcast_ok"}}
2024/06/02 15:53:14 Received {c11 n2 {"type":"broadcast","message":51,"msg_id":18}}
2024/06/02 15:53:14 Sent {"src":"n2","dest":"n0","body":{"message":51,"type":"second-order-broadcast"}}
2024/06/02 15:53:14 Sent {"src":"n2","dest":"n1","body":{"message":51,"type":"second-order-broadcast"}}
2024/06/02 15:53:14 Sent {"src":"n2","dest":"n4","body":{"message":51,"type":"second-order-broadcast"}}
2024/06/02 15:53:14 Sent {"src":"n2","dest":"n3","body":{"message":51,"type":"second-order-broadcast"}}
2024/06/02 15:53:14 Sent {"src":"n2","dest":"n4","body":{"message":51,"type":"second-order-broadcast"}}
2024/06/02 15:53:14 Sent {"src":"n2","dest":"c11","body":{"in_reply_to":18,"type":"broadcast_ok"}}
2024/06/02 15:53:14 Received {n0 n2 {"in_reply_to":0,"type":"second_order_broadcast_ok"}}
2024/06/02 15:53:14 Received {n1 n2 {"in_reply_to":0,"type":"second_order_broadcast_ok"}}
2024/06/02 15:53:14 Received {n3 n2 {"in_reply_to":0,"type":"second_order_broadcast_ok"}}
2024/06/02 15:53:14 Received {n4 n2 {"in_reply_to":0,"type":"second_order_broadcast_ok"}}
2024/06/02 15:53:14 Received {n4 n2 {"in_reply_to":0,"type":"second_order_broadcast_ok"}}
2024/06/02 15:53:14 Received {n1 n2 {"message":52,"type":"second-order-broadcast"}}
2024/06/02 15:53:14 Sent {"src":"n2","dest":"n1","body":{"in_reply_to":0,"type":"second_order_broadcast_ok"}}
2024/06/02 15:53:14 Received {c11 n2 {"type":"broadcast","message":53,"msg_id":19}}
2024/06/02 15:53:14 Sent {"src":"n2","dest":"n0","body":{"message":53,"type":"second-order-broadcast"}}
2024/06/02 15:53:14 Sent {"src":"n2","dest":"n1","body":{"message":53,"type":"second-order-broadcast"}}
2024/06/02 15:53:14 Sent {"src":"n2","dest":"n4","body":{"message":53,"type":"second-order-broadcast"}}
2024/06/02 15:53:14 Sent {"src":"n2","dest":"n3","body":{"message":53,"type":"second-order-broadcast"}}
2024/06/02 15:53:14 Sent {"src":"n2","dest":"n4","body":{"message":53,"type":"second-order-broadcast"}}
2024/06/02 15:53:14 Sent {"src":"n2","dest":"c11","body":{"in_reply_to":19,"type":"broadcast_ok"}}
2024/06/02 15:53:14 Received {n3 n2 {"in_reply_to":0,"type":"second_order_broadcast_ok"}}
2024/06/02 15:53:14 Received {n1 n2 {"in_reply_to":0,"type":"second_order_broadcast_ok"}}
2024/06/02 15:53:14 Received {n4 n2 {"in_reply_to":0,"type":"second_order_broadcast_ok"}}
2024/06/02 15:53:14 Received {n4 n2 {"in_reply_to":0,"type":"second_order_broadcast_ok"}}
2024/06/02 15:53:14 Received {n0 n2 {"in_reply_to":0,"type":"second_order_broadcast_ok"}}
2024/06/02 15:53:14 Received {n3 n2 {"message":54,"type":"second-order-broadcast"}}
2024/06/02 15:53:14 Sent {"src":"n2","dest":"n3","body":{"in_reply_to":0,"type":"second_order_broadcast_ok"}}
2024/06/02 15:53:14 Received {n4 n2 {"message":55,"type":"second-order-broadcast"}}
2024/06/02 15:53:14 Sent {"src":"n2","dest":"n4","body":{"in_reply_to":0,"type":"second_order_broadcast_ok"}}
2024/06/02 15:53:15 Received {n0 n2 {"message":56,"type":"second-order-broadcast"}}
2024/06/02 15:53:15 Sent {"src":"n2","dest":"n0","body":{"in_reply_to":0,"type":"second_order_broadcast_ok"}}
2024/06/02 15:53:15 Received {n1 n2 {"message":57,"type":"second-order-broadcast"}}
2024/06/02 15:53:15 Sent {"src":"n2","dest":"n1","body":{"in_reply_to":0,"type":"second_order_broadcast_ok"}}
2024/06/02 15:53:15 Received {c11 n2 {"type":"read","msg_id":20}}
2024/06/02 15:53:15 Sent {"src":"n2","dest":"c11","body":{"in_reply_to":20,"messages":[0,1,2,3,4,6,7,8,9,10,11,12,13,14,15,17,18,19,20,22,23,24,25,26,27,28,29,30,31,32,33,34,35,36,37,38,39,40,41,42,43,44,45,46,47,48,49,50,51,52,53,54,55,56,57],"msg_id":20,"type":"read_ok"}}
2024/06/02 15:53:15 Received {n4 n2 {"message":58,"type":"second-order-broadcast"}}
2024/06/02 15:53:15 Sent {"src":"n2","dest":"n4","body":{"in_reply_to":0,"type":"second_order_broadcast_ok"}}
2024/06/02 15:53:15 Received {n0 n2 {"message":59,"type":"second-order-broadcast"}}
2024/06/02 15:53:15 Sent {"src":"n2","dest":"n0","body":{"in_reply_to":0,"type":"second_order_broadcast_ok"}}
2024/06/02 15:53:15 Received {n1 n2 {"message":60,"type":"second-order-broadcast"}}
2024/06/02 15:53:15 Sent {"src":"n2","dest":"n1","body":{"in_reply_to":0,"type":"second_order_broadcast_ok"}}
2024/06/02 15:53:15 Received {c11 n2 {"type":"read","msg_id":21}}
2024/06/02 15:53:15 Sent {"src":"n2","dest":"c11","body":{"in_reply_to":21,"messages":[0,1,2,3,4,6,7,8,9,10,11,12,13,14,15,17,18,19,20,22,23,24,25,26,27,28,29,30,31,32,33,34,35,36,37,38,39,40,41,42,43,44,45,46,47,48,49,50,51,52,53,54,55,56,57,58,59,60],"msg_id":21,"type":"read_ok"}}
2024/06/02 15:53:16 Received {n4 n2 {"message":61,"type":"second-order-broadcast"}}
2024/06/02 15:53:16 Sent {"src":"n2","dest":"n4","body":{"in_reply_to":0,"type":"second_order_broadcast_ok"}}
2024/06/02 15:53:16 Received {n0 n2 {"message":62,"type":"second-order-broadcast"}}
2024/06/02 15:53:16 Sent {"src":"n2","dest":"n0","body":{"in_reply_to":0,"type":"second_order_broadcast_ok"}}
2024/06/02 15:53:16 Received {c11 n2 {"type":"broadcast","message":63,"msg_id":22}}
2024/06/02 15:53:16 Sent {"src":"n2","dest":"n0","body":{"message":63,"type":"second-order-broadcast"}}
2024/06/02 15:53:16 Sent {"src":"n2","dest":"n1","body":{"message":63,"type":"second-order-broadcast"}}
2024/06/02 15:53:16 Sent {"src":"n2","dest":"n4","body":{"message":63,"type":"second-order-broadcast"}}
2024/06/02 15:53:16 Sent {"src":"n2","dest":"n3","body":{"message":63,"type":"second-order-broadcast"}}
2024/06/02 15:53:16 Sent {"src":"n2","dest":"n4","body":{"message":63,"type":"second-order-broadcast"}}
2024/06/02 15:53:16 Sent {"src":"n2","dest":"c11","body":{"in_reply_to":22,"type":"broadcast_ok"}}
2024/06/02 15:53:16 Received {n0 n2 {"in_reply_to":0,"type":"second_order_broadcast_ok"}}
2024/06/02 15:53:16 Received {n1 n2 {"in_reply_to":0,"type":"second_order_broadcast_ok"}}
2024/06/02 15:53:16 Received {n3 n2 {"in_reply_to":0,"type":"second_order_broadcast_ok"}}
2024/06/02 15:53:16 Received {n4 n2 {"in_reply_to":0,"type":"second_order_broadcast_ok"}}
2024/06/02 15:53:16 Received {n4 n2 {"in_reply_to":0,"type":"second_order_broadcast_ok"}}
2024/06/02 15:53:17 Received {c11 n2 {"type":"broadcast","message":66,"msg_id":23}}
2024/06/02 15:53:17 Sent {"src":"n2","dest":"n0","body":{"message":66,"type":"second-order-broadcast"}}
2024/06/02 15:53:17 Sent {"src":"n2","dest":"n1","body":{"message":66,"type":"second-order-broadcast"}}
2024/06/02 15:53:17 Sent {"src":"n2","dest":"n4","body":{"message":66,"type":"second-order-broadcast"}}
2024/06/02 15:53:17 Sent {"src":"n2","dest":"n3","body":{"message":66,"type":"second-order-broadcast"}}
2024/06/02 15:53:17 Sent {"src":"n2","dest":"n4","body":{"message":66,"type":"second-order-broadcast"}}
2024/06/02 15:53:17 Sent {"src":"n2","dest":"c11","body":{"in_reply_to":23,"type":"broadcast_ok"}}
2024/06/02 15:53:17 Received {n4 n2 {"in_reply_to":0,"type":"second_order_broadcast_ok"}}
2024/06/02 15:53:17 Received {n4 n2 {"in_reply_to":0,"type":"second_order_broadcast_ok"}}
2024/06/02 15:53:17 Received {n3 n2 {"in_reply_to":0,"type":"second_order_broadcast_ok"}}
2024/06/02 15:53:17 Received {c11 n2 {"type":"broadcast","message":68,"msg_id":24}}
2024/06/02 15:53:17 Sent {"src":"n2","dest":"n0","body":{"message":68,"type":"second-order-broadcast"}}
2024/06/02 15:53:17 Sent {"src":"n2","dest":"n1","body":{"message":68,"type":"second-order-broadcast"}}
2024/06/02 15:53:17 Sent {"src":"n2","dest":"n4","body":{"message":68,"type":"second-order-broadcast"}}
2024/06/02 15:53:17 Sent {"src":"n2","dest":"n3","body":{"message":68,"type":"second-order-broadcast"}}
2024/06/02 15:53:17 Sent {"src":"n2","dest":"n4","body":{"message":68,"type":"second-order-broadcast"}}
2024/06/02 15:53:17 Sent {"src":"n2","dest":"c11","body":{"in_reply_to":24,"type":"broadcast_ok"}}
2024/06/02 15:53:17 Received {n3 n2 {"in_reply_to":0,"type":"second_order_broadcast_ok"}}
2024/06/02 15:53:17 Received {n4 n2 {"in_reply_to":0,"type":"second_order_broadcast_ok"}}
2024/06/02 15:53:17 Received {n4 n2 {"in_reply_to":0,"type":"second_order_broadcast_ok"}}
2024/06/02 15:53:18 Received {n4 n2 {"message":69,"type":"second-order-broadcast"}}
2024/06/02 15:53:18 Sent {"src":"n2","dest":"n4","body":{"in_reply_to":0,"type":"second_order_broadcast_ok"}}
2024/06/02 15:53:18 Received {c11 n2 {"type":"broadcast","message":72,"msg_id":25}}
2024/06/02 15:53:18 Sent {"src":"n2","dest":"n0","body":{"message":72,"type":"second-order-broadcast"}}
2024/06/02 15:53:18 Sent {"src":"n2","dest":"n1","body":{"message":72,"type":"second-order-broadcast"}}
2024/06/02 15:53:18 Sent {"src":"n2","dest":"n4","body":{"message":72,"type":"second-order-broadcast"}}
2024/06/02 15:53:18 Sent {"src":"n2","dest":"n3","body":{"message":72,"type":"second-order-broadcast"}}
2024/06/02 15:53:18 Sent {"src":"n2","dest":"n4","body":{"message":72,"type":"second-order-broadcast"}}
2024/06/02 15:53:18 Sent {"src":"n2","dest":"c11","body":{"in_reply_to":25,"type":"broadcast_ok"}}
2024/06/02 15:53:18 Received {n4 n2 {"in_reply_to":0,"type":"second_order_broadcast_ok"}}
2024/06/02 15:53:18 Received {n4 n2 {"in_reply_to":0,"type":"second_order_broadcast_ok"}}
2024/06/02 15:53:18 Received {n3 n2 {"in_reply_to":0,"type":"second_order_broadcast_ok"}}
2024/06/02 15:53:18 Received {n3 n2 {"message":73,"type":"second-order-broadcast"}}
2024/06/02 15:53:18 Sent {"src":"n2","dest":"n3","body":{"in_reply_to":0,"type":"second_order_broadcast_ok"}}
2024/06/02 15:53:18 Received {n4 n2 {"message":74,"type":"second-order-broadcast"}}
2024/06/02 15:53:18 Sent {"src":"n2","dest":"n4","body":{"in_reply_to":0,"type":"second_order_broadcast_ok"}}
2024/06/02 15:53:18 Received {c11 n2 {"type":"read","msg_id":26}}
2024/06/02 15:53:18 Sent {"src":"n2","dest":"c11","body":{"in_reply_to":26,"messages":[0,1,2,3,4,6,7,8,9,10,11,12,13,14,15,17,18,19,20,22,23,24,25,26,27,28,29,30,31,32,33,34,35,36,37,38,39,40,41,42,43,44,45,46,47,48,49,50,51,52,53,54,55,56,57,58,59,60,61,62,63,66,68,69,72,73,74],"msg_id":26,"type":"read_ok"}}
2024/06/02 15:53:19 Received {n3 n2 {"message":76,"type":"second-order-broadcast"}}
2024/06/02 15:53:19 Sent {"src":"n2","dest":"n3","body":{"in_reply_to":0,"type":"second_order_broadcast_ok"}}
2024/06/02 15:53:19 Received {n4 n2 {"message":77,"type":"second-order-broadcast"}}
2024/06/02 15:53:19 Sent {"src":"n2","dest":"n4","body":{"in_reply_to":0,"type":"second_order_broadcast_ok"}}
2024/06/02 15:53:19 Received {c11 n2 {"type":"broadcast","message":80,"msg_id":27}}
2024/06/02 15:53:19 Sent {"src":"n2","dest":"n0","body":{"message":80,"type":"second-order-broadcast"}}
2024/06/02 15:53:19 Sent {"src":"n2","dest":"n1","body":{"message":80,"type":"second-order-broadcast"}}
2024/06/02 15:53:19 Sent {"src":"n2","dest":"n4","body":{"message":80,"type":"second-order-broadcast"}}
2024/06/02 15:53:19 Sent {"src":"n2","dest":"n3","body":{"message":80,"type":"second-order-broadcast"}}
2024/06/02 15:53:19 Sent {"src":"n2","dest":"n4","body":{"message":80,"type":"second-order-broadcast"}}
2024/06/02 15:53:19 Sent {"src":"n2","dest":"c11","body":{"in_reply_to":27,"type":"broadcast_ok"}}
2024/06/02 15:53:19 Received {n4 n2 {"in_reply_to":0,"type":"second_order_broadcast_ok"}}
2024/06/02 15:53:19 Received {n3 n2 {"in_reply_to":0,"type":"second_order_broadcast_ok"}}
2024/06/02 15:53:19 Received {n4 n2 {"in_reply_to":0,"type":"second_order_broadcast_ok"}}
2024/06/02 15:53:19 Received {n3 n2 {"message":81,"type":"second-order-broadcast"}}
2024/06/02 15:53:19 Sent {"src":"n2","dest":"n3","body":{"in_reply_to":0,"type":"second_order_broadcast_ok"}}
2024/06/02 15:53:20 Received {c11 n2 {"type":"broadcast","message":84,"msg_id":28}}
2024/06/02 15:53:20 Sent {"src":"n2","dest":"n0","body":{"message":84,"type":"second-order-broadcast"}}
2024/06/02 15:53:20 Sent {"src":"n2","dest":"n1","body":{"message":84,"type":"second-order-broadcast"}}
2024/06/02 15:53:20 Sent {"src":"n2","dest":"n4","body":{"message":84,"type":"second-order-broadcast"}}
2024/06/02 15:53:20 Sent {"src":"n2","dest":"n3","body":{"message":84,"type":"second-order-broadcast"}}
2024/06/02 15:53:20 Sent {"src":"n2","dest":"n4","body":{"message":84,"type":"second-order-broadcast"}}
2024/06/02 15:53:20 Sent {"src":"n2","dest":"c11","body":{"in_reply_to":28,"type":"broadcast_ok"}}
2024/06/02 15:53:20 Received {n4 n2 {"in_reply_to":0,"type":"second_order_broadcast_ok"}}
2024/06/02 15:53:20 Received {n4 n2 {"in_reply_to":0,"type":"second_order_broadcast_ok"}}
2024/06/02 15:53:20 Received {n3 n2 {"in_reply_to":0,"type":"second_order_broadcast_ok"}}
2024/06/02 15:53:20 Received {n4 n2 {"message":85,"type":"second-order-broadcast"}}
2024/06/02 15:53:20 Sent {"src":"n2","dest":"n4","body":{"in_reply_to":0,"type":"second_order_broadcast_ok"}}
2024/06/02 15:53:20 Received {c11 n2 {"type":"broadcast","message":87,"msg_id":29}}
2024/06/02 15:53:20 Sent {"src":"n2","dest":"n0","body":{"message":87,"type":"second-order-broadcast"}}
2024/06/02 15:53:20 Sent {"src":"n2","dest":"n1","body":{"message":87,"type":"second-order-broadcast"}}
2024/06/02 15:53:20 Sent {"src":"n2","dest":"n4","body":{"message":87,"type":"second-order-broadcast"}}
2024/06/02 15:53:20 Sent {"src":"n2","dest":"n3","body":{"message":87,"type":"second-order-broadcast"}}
2024/06/02 15:53:20 Sent {"src":"n2","dest":"n4","body":{"message":87,"type":"second-order-broadcast"}}
2024/06/02 15:53:20 Sent {"src":"n2","dest":"c11","body":{"in_reply_to":29,"type":"broadcast_ok"}}
2024/06/02 15:53:20 Received {n3 n2 {"in_reply_to":0,"type":"second_order_broadcast_ok"}}
2024/06/02 15:53:20 Received {n4 n2 {"in_reply_to":0,"type":"second_order_broadcast_ok"}}
2024/06/02 15:53:20 Received {n4 n2 {"in_reply_to":0,"type":"second_order_broadcast_ok"}}
2024/06/02 15:53:20 Received {n3 n2 {"message":88,"type":"second-order-broadcast"}}
2024/06/02 15:53:20 Sent {"src":"n2","dest":"n3","body":{"in_reply_to":0,"type":"second_order_broadcast_ok"}}
2024/06/02 15:53:21 Received {c11 n2 {"type":"broadcast","message":90,"msg_id":30}}
2024/06/02 15:53:21 Sent {"src":"n2","dest":"n0","body":{"message":90,"type":"second-order-broadcast"}}
2024/06/02 15:53:21 Sent {"src":"n2","dest":"n1","body":{"message":90,"type":"second-order-broadcast"}}
2024/06/02 15:53:21 Sent {"src":"n2","dest":"n4","body":{"message":90,"type":"second-order-broadcast"}}
2024/06/02 15:53:21 Sent {"src":"n2","dest":"n3","body":{"message":90,"type":"second-order-broadcast"}}
2024/06/02 15:53:21 Sent {"src":"n2","dest":"n4","body":{"message":90,"type":"second-order-broadcast"}}
2024/06/02 15:53:21 Sent {"src":"n2","dest":"c11","body":{"in_reply_to":30,"type":"broadcast_ok"}}
2024/06/02 15:53:21 Received {n3 n2 {"in_reply_to":0,"type":"second_order_broadcast_ok"}}
2024/06/02 15:53:21 Received {n4 n2 {"in_reply_to":0,"type":"second_order_broadcast_ok"}}
2024/06/02 15:53:21 Received {n4 n2 {"in_reply_to":0,"type":"second_order_broadcast_ok"}}
2024/06/02 15:53:21 Received {n3 n2 {"message":91,"type":"second-order-broadcast"}}
2024/06/02 15:53:21 Sent {"src":"n2","dest":"n3","body":{"in_reply_to":0,"type":"second_order_broadcast_ok"}}
2024/06/02 15:53:22 Received {c11 n2 {"type":"broadcast","message":94,"msg_id":31}}
2024/06/02 15:53:22 Sent {"src":"n2","dest":"n0","body":{"message":94,"type":"second-order-broadcast"}}
2024/06/02 15:53:22 Sent {"src":"n2","dest":"n1","body":{"message":94,"type":"second-order-broadcast"}}
2024/06/02 15:53:22 Sent {"src":"n2","dest":"n4","body":{"message":94,"type":"second-order-broadcast"}}
2024/06/02 15:53:22 Sent {"src":"n2","dest":"n3","body":{"message":94,"type":"second-order-broadcast"}}
2024/06/02 15:53:22 Sent {"src":"n2","dest":"n4","body":{"message":94,"type":"second-order-broadcast"}}
2024/06/02 15:53:22 Sent {"src":"n2","dest":"c11","body":{"in_reply_to":31,"type":"broadcast_ok"}}
2024/06/02 15:53:22 Received {n4 n2 {"in_reply_to":0,"type":"second_order_broadcast_ok"}}
2024/06/02 15:53:22 Received {n4 n2 {"in_reply_to":0,"type":"second_order_broadcast_ok"}}
2024/06/02 15:53:22 Received {n3 n2 {"in_reply_to":0,"type":"second_order_broadcast_ok"}}
2024/06/02 15:53:22 Received {n3 n2 {"message":95,"type":"second-order-broadcast"}}
2024/06/02 15:53:22 Sent {"src":"n2","dest":"n3","body":{"in_reply_to":0,"type":"second_order_broadcast_ok"}}
2024/06/02 15:53:23 Received {c11 n2 {"type":"read","msg_id":32}}
2024/06/02 15:53:23 Sent {"src":"n2","dest":"c11","body":{"in_reply_to":32,"messages":[0,1,2,3,4,6,7,8,9,10,11,12,13,14,15,17,18,19,20,22,23,24,25,26,27,28,29,30,31,32,33,34,35,36,37,38,39,40,41,42,43,44,45,46,47,48,49,50,51,52,53,54,55,56,57,58,59,60,61,62,63,66,68,69,72,73,74,76,77,80,81,84,85,87,88,90,91,94,95],"msg_id":32,"type":"read_ok"}}
2024/06/02 15:53:23 Received {n3 n2 {"message":98,"type":"second-order-broadcast"}}
2024/06/02 15:53:23 Sent {"src":"n2","dest":"n3","body":{"in_reply_to":0,"type":"second_order_broadcast_ok"}}
2024/06/02 15:53:34 Received {c11 n2 {"type":"read","msg_id":33}}
2024/06/02 15:53:34 Sent {"src":"n2","dest":"c11","body":{"in_reply_to":33,"messages":[0,1,2,3,4,6,7,8,9,10,11,12,13,14,15,17,18,19,20,22,23,24,25,26,27,28,29,30,31,32,33,34,35,36,37,38,39,40,41,42,43,44,45,46,47,48,49,50,51,52,53,54,55,56,57,58,59,60,61,62,63,66,68,69,72,73,74,76,77,80,81,84,85,87,88,90,91,94,95,98],"msg_id":33,"type":"read_ok"}}
