2024/06/02 15:53:03 Received {c3 n4 {"type":"init","node_id":"n4","node_ids":["n0","n1","n2","n3","n4"],"msg_id":1}}
2024/06/02 15:53:03 Node n4 initialized
2024/06/02 15:53:03 Sent {"src":"n4","dest":"c3","body":{"in_reply_to":1,"type":"init_ok"}}
2024/06/02 15:53:03 Received {c6 n4 {"type":"topology","topology":{"n0":["n3","n1"],"n1":["n4","n2","n0"],"n2":["n1"],"n3":["n0","n4"],"n4":["n1","n3"]},"msg_id":1}}
2024/06/02 15:53:03 Sent {"src":"n4","dest":"c6","body":{"in_reply_to":1,"type":"topology_ok"}}
2024/06/02 15:53:04 Received {c13 n4 {"type":"read","msg_id":1}}
2024/06/02 15:53:04 Sent {"src":"n4","dest":"c13","body":{"in_reply_to":1,"messages":null,"msg_id":1,"type":"read_ok"}}
2024/06/02 15:53:04 Received {c13 n4 {"type":"broadcast","message":5,"msg_id":2}}
2024/06/02 15:53:04 Sent {"src":"n4","dest":"n0","body":{"message":5,"type":"second-order-broadcast"}}
2024/06/02 15:53:04 Sent {"src":"n4","dest":"n1","body":{"message":5,"type":"second-order-broadcast"}}
2024/06/02 15:53:04 Sent {"src":"n4","dest":"n2","body":{"message":5,"type":"second-order-broadcast"}}
2024/06/02 15:53:04 Sent {"src":"n4","dest":"n3","body":{"message":5,"type":"second-order-broadcast"}}
2024/06/02 15:53:04 Sent {"src":"n4","dest":"c13","body":{"in_reply_to":2,"type":"broadcast_ok"}}
2024/06/02 15:53:05 Received {c13 n4 {"type":"read","msg_id":3}}
2024/06/02 15:53:05 Sent {"src":"n4","dest":"c13","body":{"in_reply_to":3,"messages":[5],"msg_id":3,"type":"read_ok"}}
2024/06/02 15:53:05 Received {c13 n4 {"type":"read","msg_id":4}}
2024/06/02 15:53:05 Sent {"src":"n4","dest":"c13","body":{"in_reply_to":4,"messages":[5],"msg_id":4,"type":"read_ok"}}
2024/06/02 15:53:06 Received {c13 n4 {"type":"read","msg_id":5}}
2024/06/02 15:53:06 Sent {"src":"n4","dest":"c13","body":{"in_reply_to":5,"messages":[5],"msg_id":5,"type":"read_ok"}}
2024/06/02 15:53:07 Received {c13 n4 {"type":"broadcast","message":16,"msg_id":6}}
2024/06/02 15:53:07 Sent {"src":"n4","dest":"n0","body":{"message":16,"type":"second-order-broadcast"}}
2024/06/02 15:53:07 Sent {"src":"n4","dest":"n1","body":{"message":16,"type":"second-order-broadcast"}}
2024/06/02 15:53:07 Sent {"src":"n4","dest":"n2","body":{"message":16,"type":"second-order-broadcast"}}
2024/06/02 15:53:07 Sent {"src":"n4","dest":"n3","body":{"message":16,"type":"second-order-broadcast"}}
2024/06/02 15:53:07 Sent {"src":"n4","dest":"c13","body":{"in_reply_to":6,"type":"broadcast_ok"}}
2024/06/02 15:53:08 Received {c13 n4 {"type":"read","msg_id":7}}
2024/06/02 15:53:08 Sent {"src":"n4","dest":"c13","body":{"in_reply_to":7,"messages":[5,16],"msg_id":7,"type":"read_ok"}}
2024/06/02 15:53:08 Received {c13 n4 {"type":"broadcast","message":21,"msg_id":8}}
2024/06/02 15:53:08 Sent {"src":"n4","dest":"n0","body":{"message":21,"type":"second-order-broadcast"}}
2024/06/02 15:53:08 Sent {"src":"n4","dest":"n1","body":{"message":21,"type":"second-order-broadcast"}}
2024/06/02 15:53:08 Sent {"src":"n4","dest":"n2","body":{"message":21,"type":"second-order-broadcast"}}
2024/06/02 15:53:08 Sent {"src":"n4","dest":"n3","body":{"message":21,"type":"second-order-broadcast"}}
2024/06/02 15:53:08 Sent {"src":"n4","dest":"c13","body":{"in_reply_to":8,"type":"broadcast_ok"}}
2024/06/02 15:53:09 Received {c13 n4 {"type":"read","msg_id":9}}
2024/06/02 15:53:09 Sent {"src":"n4","dest":"c13","body":{"in_reply_to":9,"messages":[5,16,21],"msg_id":9,"type":"read_ok"}}
2024/06/02 15:53:09 Received {c13 n4 {"type":"read","msg_id":10}}
2024/06/02 15:53:09 Sent {"src":"n4","dest":"c13","body":{"in_reply_to":10,"messages":[5,16,21],"msg_id":10,"type":"read_ok"}}
2024/06/02 15:53:10 Received {n1 n4 {"message":25,"type":"second-order-broadcast"}}
2024/06/02 15:53:10 Sent {"src":"n4","dest":"n1","body":{"in_reply_to":0,"type":"second_order_broadcast_ok"}}
2024/06/02 15:53:10 Received {n1 n4 {"message":25,"type":"second-order-broadcast"}}
2024/06/02 15:53:10 Sent {"src":"n4","dest":"n1","body":{"in_reply_to":0,"type":"second_order_broadcast_ok"}}
2024/06/02 15:53:10 Received {c13 n4 {"type":"broadcast","message":26,"msg_id":11}}
2024/06/02 15:53:10 Sent {"src":"n4","dest":"n0","body":{"message":26,"type":"second-order-broadcast"}}
2024/06/02 15:53:10 Sent {"src":"n4","dest":"n1","body":{"message":26,"type":"second-order-broadcast"}}
2024/06/02 15:53:10 Sent {"src":"n4","dest":"n2","body":{"message":26,"type":"second-order-broadcast"}}
2024/06/02 15:53:10 Sent {"src":"n4","dest":"n3","body":{"message":26,"type":"second-order-broadcast"}}
2024/06/02 15:53:10 Sent {"src":"n4","dest":"c13","body":{"in_reply_to":11,"type":"broadcast_ok"}}
2024/06/02 15:53:10 Received {n0 n4 {"in_reply_to":0,"type":"second_order_broadcast_ok"}}
2024/06/02 15:53:10 Received {n1 n4 {"in_reply_to":0,"type":"second_order_broadcast_ok"}}
2024/06/02 15:53:10 Received {n2 n4 {"in_reply_to":0,"type":"second_order_broadcast_ok"}}
2024/06/02 15:53:10 Received {n3 n4 {"in_reply_to":0,"type":"second_order_broadcast_ok"}}
2024/06/02 15:53:10 Received {n2 n4 {"message":27,"type":"second-order-broadcast"}}
2024/06/02 15:53:10 Received {n2 n4 {"message":27,"type":"second-order-broadcast"}}
2024/06/02 15:53:10 Sent {"src":"n4","dest":"n2","body":{"in_reply_to":0,"type":"second_order_broadcast_ok"}}
2024/06/02 15:53:10 Sent {"src":"n4","dest":"n2","body":{"in_reply_to":0,"type":"second_order_broadcast_ok"}}
2024/06/02 15:53:10 Received {c13 n4 {"type":"broadcast","message":28,"msg_id":12}}
2024/06/02 15:53:10 Sent {"src":"n4","dest":"n0","body":{"message":28,"type":"second-order-broadcast"}}
2024/06/02 15:53:10 Sent {"src":"n4","dest":"n1","body":{"message":28,"type":"second-order-broadcast"}}
2024/06/02 15:53:10 Sent {"src":"n4","dest":"n2","body":{"message":28,"type":"second-order-broadcast"}}
2024/06/02 15:53:10 Sent {"src":"n4","dest":"n3","body":{"message":28,"type":"second-order-broadcast"}}
2024/06/02 15:53:10 Sent {"src":"n4","dest":"c13","body":{"in_reply_to":12,"type":"broadcast_ok"}}
2024/06/02 15:53:10 Received {n1 n4 {"in_reply_to":0,"type":"second_order_broadcast_ok"}}
2024/06/02 15:53:10 Received {n0 n4 {"in_reply_to":0,"type":"second_order_broadcast_ok"}}
2024/06/02 15:53:10 Received {n3 n4 {"in_reply_to":0,"type":"second_order_broadcast_ok"}}
2024/06/02 15:53:10 Received {n2 n4 {"in_reply_to":0,"type":"second_order_broadcast_ok"}}
2024/06/02 15:53:10 Received {n0 n4 {"message":29,"type":"second-order-broadcast"}}
2024/06/02 15:53:10 Sent {"src":"n4","dest":"n0","body":{"in_reply_to":0,"type":"second_order_broadcast_ok"}}
2024/06/02 15:53:10 Received {n0 n4 {"message":29,"type":"second-order-broadcast"}}
2024/06/02 15:53:10 Sent {"src":"n4","dest":"n0","body":{"in_reply_to":0,"type":"second_order_broadcast_ok"}}
2024/06/02 15:53:10 Received {n0 n4 {"message":30,"type":"second-order-broadcast"}}
2024/06/02 15:53:10 Received {n0 n4 {"message":30,"type":"second-order-broadcast"}}
2024/06/02 15:53:10 Sent {"src":"n4","dest":"n0","body":{"in_reply_to":0,"type":"second_order_broadcast_ok"}}
2024/06/02 15:53:10 Sent {"src":"n4","dest":"n0","body":{"in_reply_to":0,"type":"second_order_broadcast_ok"}}
2024/06/02 15:53:10 Received {n1 n4 {"message":31,"type":"second-order-broadcast"}}
2024/06/02 15:53:10 Received {n1 n4 {"message":31,"type":"second-order-broadcast"}}
2024/06/02 15:53:10 Sent {"src":"n4","dest":"n1","body":{"in_reply_to":0,"type":"second_order_broadcast_ok"}}
2024/06/02 15:53:10 Sent {"src":"n4","dest":"n1","body":{"in_reply_to":0,"type":"second_order_broadcast_ok"}}
2024/06/02 15:53:10 Received {n2 n4 {"message":32,"type":"second-order-broadcast"}}
2024/06/02 15:53:10 Received {n2 n4 {"message":32,"type":"second-order-broadcast"}}
2024/06/02 15:53:10 Sent {"src":"n4","dest":"n2","body":{"in_reply_to":0,"type":"second_order_broadcast_ok"}}
2024/06/02 15:53:10 Sent {"src":"n4","dest":"n2","body":{"in_reply_to":0,"type":"second_order_broadcast_ok"}}
2024/06/02 15:53:10 Received {c13 n4 {"type":"read","msg_id":13}}
2024/06/02 15:53:10 Sent {"src":"n4","dest":"c13","body":{"in_reply_to":13,"messages":[5,16,21,25,25,26,27,27,28,29,29,30,30,31,31,32,32],"msg_id":13,"type":"read_ok"}}
2024/06/02 15:53:11 Received {n0 n4 {"message":33,"type":"second-order-broadcast"}}
2024/06/02 15:53:11 Received {n0 n4 {"message":33,"type":"second-order-broadcast"}}
2024/06/02 15:53:11 Sent {"src":"n4","dest":"n0","body":{"in_reply_to":0,"type":"second_order_broadcast_ok"}}
2024/06/02 15:53:11 Sent {"src":"n4","dest":"n0","body":{"in_reply_to":0,"type":"second_order_broadcast_ok"}}
2024/06/02 15:53:11 Received {n0 n4 {"message":34,"type":"second-order-broadcast"}}
2024/06/02 15:53:11 Received {n0 n4 {"message":34,"type":"second-order-broadcast"}}
2024/06/02 15:53:11 Sent {"src":"n4","dest":"n0","body":{"in_reply_to":0,"type":"second_order_broadcast_ok"}}
2024/06/02 15:53:11 Sent {"src":"n4","dest":"n0","body":{"in_reply_to":0,"type":"second_order_broadcast_ok"}}
2024/06/02 15:53:11 Received {n1 n4 {"message":35,"type":"second-order-broadcast"}}
2024/06/02 15:53:11 Received {n1 n4 {"message":35,"type":"second-order-broadcast"}}
2024/06/02 15:53:11 Sent {"src":"n4","dest":"n1","body":{"in_reply_to":0,"type":"second_order_broadcast_ok"}}
2024/06/02 15:53:11 Sent {"src":"n4","dest":"n1","body":{"in_reply_to":0,"type":"second_order_broadcast_ok"}}
2024/06/02 15:53:11 Received {c13 n4 {"type":"read","msg_id":14}}
2024/06/02 15:53:11 Sent {"src":"n4","dest":"c13","body":{"in_reply_to":14,"messages":[5,16,21,25,25,26,27,27,28,29,29,30,30,31,31,32,32,33,33,34,34,35,35],"msg_id":14,"type":"read_ok"}}
2024/06/02 15:53:11 Received {n1 n4 {"message":36,"type":"second-order-broadcast"}}
2024/06/02 15:53:11 Received {n1 n4 {"message":36,"type":"second-order-broadcast"}}
2024/06/02 15:53:11 Sent {"src":"n4","dest":"n1","body":{"in_reply_to":0,"type":"second_order_broadcast_ok"}}
2024/06/02 15:53:11 Sent {"src":"n4","dest":"n1","body":{"in_reply_to":0,"type":"second_order_broadcast_ok"}}
2024/06/02 15:53:12 Received {c13 n4 {"type":"read","msg_id":15}}
2024/06/02 15:53:12 Sent {"src":"n4","dest":"c13","body":{"in_reply_to":15,"messages":[5,16,21,25,25,26,27,27,28,29,29,30,30,31,31,32,32,33,33,34,34,35,35,36,36],"msg_id":15,"type":"read_ok"}}
2024/06/02 15:53:12 Received {n0 n4 {"message":37,"type":"second-order-broadcast"}}
2024/06/02 15:53:12 Sent {"src":"n4","dest":"n0","body":{"in_reply_to":0,"type":"second_order_broadcast_ok"}}
2024/06/02 15:53:12 Received {n0 n4 {"message":37,"type":"second-order-broadcast"}}
2024/06/02 15:53:12 Sent {"src":"n4","dest":"n0","body":{"in_reply_to":0,"type":"second_order_broadcast_ok"}}
2024/06/02 15:53:12 Received {n1 n4 {"message":38,"type":"second-order-broadcast"}}
2024/06/02 15:53:12 Received {n1 n4 {"message":38,"type":"second-order-broadcast"}}
2024/06/02 15:53:12 Sent {"src":"n4","dest":"n1","body":{"in_reply_to":0,"type":"second_order_broadcast_ok"}}
2024/06/02 15:53:12 Sent {"src":"n4","dest":"n1","body":{"in_reply_to":0,"type":"second_order_broadcast_ok"}}
2024/06/02 15:53:12 Received {n3 n4 {"message":39,"type":"second-order-broadcast"}}
2024/06/02 15:53:12 Received {n3 n4 {"message":39,"type":"second-order-broadcast"}}
2024/06/02 15:53:12 Sent {"src":"n4","dest":"n3","body":{"in_reply_to":0,"type":"second_order_broadcast_ok"}}
2024/06/02 15:53:12 Sent {"src":"n4","dest":"n3","body":{"in_reply_to":0,"type":"second_order_broadcast_ok"}}
2024/06/02 15:53:12 Received {c13 n4 {"type":"read","msg_id":16}}
2024/06/02 15:53:12 Sent {"src":"n4","dest":"c13","body":{"in_reply_to":16,"messages":[5,16,21,25,25,26,27,27,28,29,29,30,30,31,31,32,32,33,33,34,34,35,35,36,36,37,37,38,38,39,39],"msg_id":16,"type":"read_ok"}}
2024/06/02 15:53:13 Received {n0 n4 {"message":40,"type":"second-order-broadcast"}}
2024/06/02 15:53:13 Sent {"src":"n4","dest":"n0","body":{"in_reply_to":0,"type":"second_order_broadcast_ok"}}
2024/06/02 15:53:13 Received {n0 n4 {"message":40,"type":"second-order-broadcast"}}
2024/06/02 15:53:13 Sent {"src":"n4","dest":"n0","body":{"in_reply_to":0,"type":"second_order_broadcast_ok"}}
2024/06/02 15:53:13 Received {n0 n4 {"message":41,"type":"second-order-broadcast"}}
2024/06/02 15:53:13 Sent {"src":"n4","dest":"n0","body":{"in_reply_to":0,"type":"second_order_broadcast_ok"}}
2024/06/02 15:53:13 Received {n0 n4 {"message":41,"type":"second-order-broadcast"}}
2024/06/02 15:53:13 Sent {"src":"n4","dest":"n0","body":{"in_reply_to":0,"type":"second_order_broadcast_ok"}}
2024/06/02 15:53:13 Received {n2 n4 {"message":42,"type":"second-order-broadcast"}}
2024/06/02 15:53:13 Sent {"src":"n4","dest":"n2","body":{"in_reply_to":0,"type":"second_order_broadcast_ok"}}
2024/06/02 15:53:13 Received {n2 n4 {"message":42,"type":"second-order-broadcast"}}
2024/06/02 15:53:13 Sent {"src":"n4","dest":"n2","body":{"in_reply_to":0,"type":"second_order_broadcast_ok"}}
2024/06/02 15:53:13 Received {n3 n4 {"message":43,"type":"second-order-broadcast"}}
2024/06/02 15:53:13 Received {n3 n4 {"message":43,"type":"second-order-broadcast"}}
2024/06/02 15:53:13 Sent {"src":"n4","dest":"n3","body":{"in_reply_to":0,"type":"second_order_broadcast_ok"}}
2024/06/02 15:53:13 Sent {"src":"n4","dest":"n3","body":{"in_reply_to":0,"type":"second_order_broadcast_ok"}}
2024/06/02 15:53:13 Received {c13 n4 {"type":"read","msg_id":17}}
2024/06/02 15:53:13 Sent {"src":"n4","dest":"c13","body":{"in_reply_to":17,"messages":[5,16,21,25,25,26,27,27,28,29,29,30,30,31,31,32,32,33,33,34,34,35,35,36,36,37,37,38,38,39,39,40,40,41,41,42,42,43,43],"msg_id":17,"type":"read_ok"}}
2024/06/02 15:53:13 Received {n0 n4 {"message":44,"type":"second-order-broadcast"}}
2024/06/02 15:53:13 Received {n0 n4 {"message":44,"type":"second-order-broadcast"}}
2024/06/02 15:53:13 Sent {"src":"n4","dest":"n0","body":{"in_reply_to":0,"type":"second_order_broadcast_ok"}}
2024/06/02 15:53:13 Sent {"src":"n4","dest":"n0","body":{"in_reply_to":0,"type":"second_order_broadcast_ok"}}
2024/06/02 15:53:13 Received {n0 n4 {"message":45,"type":"second-order-broadcast"}}
2024/06/02 15:53:13 Received {n0 n4 {"message":45,"type":"second-order-broadcast"}}
2024/06/02 15:53:13 Sent {"src":"n4","dest":"n0","body":{"in_reply_to":0,"type":"second_order_broadcast_ok"}}
2024/06/02 15:53:13 Sent {"src":"n4","dest":"n0","body":{"in_reply_to":0,"type":"second_order_broadcast_ok"}}
2024/06/02 15:53:13 Received {n1 n4 {"message":46,"type":"second-order-broadcast"}}
2024/06/02 15:53:13 Received {n1 n4 {"message":46,"type":"second-order-broadcast"}}
2024/06/02 15:53:13 Sent {"src":"n4","dest":"n1","body":{"in_reply_to":0,"type":"second_order_broadcast_ok"}}
2024/06/02 15:53:13 Sent {"src":"n4","dest":"n1","body":{"in_reply_to":0,"type":"second_order_broadcast_ok"}}
2024/06/02 15:53:13 Received {n2 n4 {"message":47,"type":"second-order-broadcast"}}
2024/06/02 15:53:13 Received {n2 n4 {"message":47,"type":"second-order-broadcast"}}
2024/06/02 15:53:13 Sent {"src":"n4","dest":"n2","body":{"in_reply_to":0,"type":"second_order_broadcast_ok"}}
2024/06/02 15:53:13 Sent {"src":"n4","dest":"n2","body":{"in_reply_to":0,"type":"second_order_broadcast_ok"}}
2024/06/02 15:53:13 Received {c13 n4 {"type":"broadcast","message":48,"msg_id":18}}
2024/06/02 15:53:13 Sent {"src":"n4","dest":"n0","body":{"message":48,"type":"second-order-broadcast"}}
2024/06/02 15:53:13 Sent {"src":"n4","dest":"n1","body":{"message":48,"type":"second-order-broadcast"}}
2024/06/02 15:53:13 Sent {"src":"n4","dest":"n2","body":{"message":48,"type":"second-order-broadcast"}}
2024/06/02 15:53:13 Sent {"src":"n4","dest":"n3","body":{"message":48,"type":"second-order-broadcast"}}
2024/06/02 15:53:13 Sent {"src":"n4","dest":"c13","body":{"in_reply_to":18,"type":"broadcast_ok"}}
2024/06/02 15:53:13 Received {n3 n4 {"in_reply_to":0,"type":"second_order_broadcast_ok"}}
2024/06/02 15:53:13 Received {n1 n4 {"in_reply_to":0,"type":"second_order_broadcast_ok"}}
2024/06/02 15:53:13 Received {n0 n4 {"in_reply_to":0,"type":"second_order_broadcast_ok"}}
2024/06/02 15:53:13 Received {n2 n4 {"in_reply_to":0,"type":"second_order_broadcast_ok"}}
2024/06/02 15:53:14 Received {n0 n4 {"message":49,"type":"second-order-broadcast"}}
2024/06/02 15:53:14 Received {n0 n4 {"message":49,"type":"second-order-broadcast"}}
2024/06/02 15:53:14 Sent {"src":"n4","dest":"n0","body":{"in_reply_to":0,"type":"second_order_broadcast_ok"}}
2024/06/02 15:53:14 Sent {"src":"n4","dest":"n0","body":{"in_reply_to":0,"type":"second_order_broadcast_ok"}}
2024/06/02 15:53:14 Received {n1 n4 {"message":50,"type":"second-order-broadcast"}}
2024/06/02 15:53:14 Received {n1 n4 {"message":50,"type":"second-order-broadcast"}}
2024/06/02 15:53:14 Sent {"src":"n4","dest":"n1","body":{"in_reply_to":0,"type":"second_order_broadcast_ok"}}
2024/06/02 15:53:14 Sent {"src":"n4","dest":"n1","body":{"in_reply_to":0,"type":"second_order_broadcast_ok"}}
2024/06/02 15:53:14 Received {n2 n4 {"message":51,"type":"second-order-broadcast"}}
2024/06/02 15:53:14 Received {n2 n4 {"message":51,"type":"second-order-broadcast"}}
2024/06/02 15:53:14 Sent {"src":"n4","dest":"n2","body":{"in_reply_to":0,"type":"second_order_broadcast_ok"}}
2024/06/02 15:53:14 Sent {"src":"n4","dest":"n2","body":{"in_reply_to":0,"type":"second_order_broadcast_ok"}}
2024/06/02 15:53:14 Received {c13 n4 {"type":"read","msg_id":19}}
2024/06/02 15:53:14 Sent {"src":"n4","dest":"c13","body":{"in_reply_to":19,"messages":[5,16,21,25,25,26,27,27,28,29,29,30,30,31,31,32,32,33,33,34,34,35,35,36,36,37,37,38,38,39,39,40,40,41,41,42,42,43,43,44,44,45,45,46,46,47,47,48,49,49,50,50,51,51],"msg_id":19,"type":"read_ok"}}
2024/06/02 15:53:14 Received {n1 n4 {"message":52,"type":"second-order-broadcast"}}
2024/06/02 15:53:14 Sent {"src":"n4","dest":"n1","body":{"in_reply_to":0,"type":"second_order_broadcast_ok"}}
2024/06/02 15:53:14 Received {n1 n4 {"message":52,"type":"second-order-broadcast"}}
2024/06/02 15:53:14 Sent {"src":"n4","dest":"n1","body":{"in_reply_to":0,"type":"second_order_broadcast_ok"}}
2024/06/02 15:53:14 Received {n2 n4 {"message":53,"type":"second-order-broadcast"}}
2024/06/02 15:53:14 Sent {"src":"n4","dest":"n2","body":{"in_reply_to":0,"type":"second_order_broadcast_ok"}}
2024/06/02 15:53:14 Received {n2 n4 {"message":53,"type":"second-order-broadcast"}}
2024/06/02 15:53:14 Sent {"src":"n4","dest":"n2","body":{"in_reply_to":0,"type":"second_order_broadcast_ok"}}
2024/06/02 15:53:14 Received {n3 n4 {"message":54,"type":"second-order-broadcast"}}
2024/06/02 15:53:14 Received {n3 n4 {"message":54,"type":"second-order-broadcast"}}
2024/06/02 15:53:14 Sent {"src":"n4","dest":"n3","body":{"in_reply_to":0,"type":"second_order_broadcast_ok"}}
2024/06/02 15:53:14 Sent {"src":"n4","dest":"n3","body":{"in_reply_to":0,"type":"second_order_broadcast_ok"}}
2024/06/02 15:53:14 Received {c13 n4 {"type":"broadcast","message":55,"msg_id":20}}
2024/06/02 15:53:14 Sent {"src":"n4","dest":"n0","body":{"message":55,"type":"second-order-broadcast"}}
2024/06/02 15:53:14 Sent {"src":"n4","dest":"n1","body":{"message":55,"type":"second-order-broadcast"}}
2024/06/02 15:53:14 Sent {"src":"n4","dest":"n2","body":{"message":55,"type":"second-order-broadcast"}}
2024/06/02 15:53:14 Sent {"src":"n4","dest":"n3","body":{"message":55,"type":"second-order-broadcast"}}
2024/06/02 15:53:14 Sent {"src":"n4","dest":"c13","body":{"in_reply_to":20,"type":"broadcast_ok"}}
2024/06/02 15:53:14 Received {n2 n4 {"in_reply_to":0,"type":"second_order_broadcast_ok"}}
2024/06/02 15:53:14 Received {n0 n4 {"in_reply_to":0,"type":"second_order_broadcast_ok"}}
2024/06/02 15:53:14 Received {n1 n4 {"in_reply_to":0,"type":"second_order_broadcast_ok"}}
2024/06/02 15:53:14 Received {n3 n4 {"in_reply_to":0,"type":"second_order_broadcast_ok"}}
2024/06/02 15:53:15 Received {n0 n4 {"message":56,"type":"second-order-broadcast"}}
2024/06/02 15:53:15 Received {n0 n4 {"message":56,"type":"second-order-broadcast"}}
2024/06/02 15:53:15 Sent {"src":"n4","dest":"n0","body":{"in_reply_to":0,"type":"second_order_broadcast_ok"}}
2024/06/02 15:53:15 Sent {"src":"n4","dest":"n0","body":{"in_reply_to":0,"type":"second_order_broadcast_ok"}}
2024/06/02 15:53:15 Received {n1 n4 {"message":57,"type":"second-order-broadcast"}}
2024/06/02 15:53:15 Received {n1 n4 {"message":57,"type":"second-order-broadcast"}}
2024/06/02 15:53:15 Sent {"src":"n4","dest":"n1","body":{"in_reply_to":0,"type":"second_order_broadcast_ok"}}
2024/06/02 15:53:15 Sent {"src":"n4","dest":"n1","body":{"in_reply_to":0,"type":"second_order_broadcast_ok"}}
2024/06/02 15:53:15 Received {c13 n4 {"type":"broadcast","message":58,"msg_id":21}}
2024/06/02 15:53:15 Sent {"src":"n4","dest":"n0","body":{"message":58,"type":"second-order-broadcast"}}
2024/06/02 15:53:15 Sent {"src":"n4","dest":"n1","body":{"message":58,"type":"second-order-broadcast"}}
2024/06/02 15:53:15 Sent {"src":"n4","dest":"n2","body":{"message":58,"type":"second-order-broadcast"}}
2024/06/02 15:53:15 Sent {"src":"n4","dest":"n3","body":{"message":58,"type":"second-order-broadcast"}}
2024/06/02 15:53:15 Sent {"src":"n4","dest":"c13","body":{"in_reply_to":21,"type":"broadcast_ok"}}
2024/06/02 15:53:15 Received {n3 n4 {"in_reply_to":0,"type":"second_order_broadcast_ok"}}
2024/06/02 15:53:15 Received {n1 n4 {"in_reply_to":0,"type":"second_order_broadcast_ok"}}
2024/06/02 15:53:15 Received {n0 n4 {"in_reply_to":0,"type":"second_order_broadcast_ok"}}
2024/06/02 15:53:15 Received {n2 n4 {"in_reply_to":0,"type":"second_order_broadcast_ok"}}
2024/06/02 15:53:15 Received {n0 n4 {"message":59,"type":"second-order-broadcast"}}
2024/06/02 15:53:15 Sent {"src":"n4","dest":"n0","body":{"in_reply_to":0,"type":"second_order_broadcast_ok"}}
2024/06/02 15:53:15 Received {n0 n4 {"message":59,"type":"second-order-broadcast"}}
2024/06/02 15:53:15 Sent {"src":"n4","dest":"n0","body":{"in_reply_to":0,"type":"second_order_broadcast_ok"}}
2024/06/02 15:53:15 Received {n1 n4 {"message":60,"type":"second-order-broadcast"}}
2024/06/02 15:53:15 Received {n1 n4 {"message":60,"type":"second-order-broadcast"}}
2024/06/02 15:53:15 Sent {"src":"n4","dest":"n1","body":{"in_reply_to":0,"type":"second_order_broadcast_ok"}}
2024/06/02 15:53:15 Sent {"src":"n4","dest":"n1","body":{"in_reply_to":0,"type":"second_order_broadcast_ok"}}
2024/06/02 15:53:16 Received {c13 n4 {"type":"broadcast","message":61,"msg_id":22}}
2024/06/02 15:53:16 Sent {"src":"n4","dest":"n0","body":{"message":61,"type":"second-order-broadcast"}}
2024/06/02 15:53:16 Sent {"src":"n4","dest":"n1","body":{"message":61,"type":"second-order-broadcast"}}
2024/06/02 15:53:16 Sent {"src":"n4","dest":"n2","body":{"message":61,"type":"second-order-broadcast"}}
2024/06/02 15:53:16 Sent {"src":"n4","dest":"n3","body":{"message":61,"type":"second-order-broadcast"}}
2024/06/02 15:53:16 Sent {"src":"n4","dest":"c13","body":{"in_reply_to":22,"type":"broadcast_ok"}}
2024/06/02 15:53:16 Received {n0 n4 {"in_reply_to":0,"type":"second_order_broadcast_ok"}}
2024/06/02 15:53:16 Received {n1 n4 {"in_reply_to":0,"type":"second_order_broadcast_ok"}}
2024/06/02 15:53:16 Received {n3 n4 {"in_reply_to":0,"type":"second_order_broadcast_ok"}}
2024/06/02 15:53:16 Received {n2 n4 {"in_reply_to":0,"type":"second_order_broadcast_ok"}}
2024/06/02 15:53:16 Received {n0 n4 {"message":62,"type":"second-order-broadcast"}}
2024/06/02 15:53:16 Received {n0 n4 {"message":62,"type":"second-order-broadcast"}}
2024/06/02 15:53:16 Sent {"src":"n4","dest":"n0","body":{"in_reply_to":0,"type":"second_order_broadcast_ok"}}
2024/06/02 15:53:16 Sent {"src":"n4","dest":"n0","body":{"in_reply_to":0,"type":"second_order_broadcast_ok"}}
2024/06/02 15:53:16 Received {n2 n4 {"message":63,"type":"second-order-broadcast"}}
2024/06/02 15:53:16 Received {n2 n4 {"message":63,"type":"second-order-broadcast"}}
2024/06/02 15:53:16 Sent {"src":"n4","dest":"n2","body":{"in_reply_to":0,"type":"second_order_broadcast_ok"}}
2024/06/02 15:53:16 Sent {"src":"n4","dest":"n2","body":{"in_reply_to":0,"type":"second_order_broadcast_ok"}}
2024/06/02 15:53:16 Received {c13 n4 {"type":"read","msg_id":23}}
2024/06/02 15:53:16 Sent {"src":"n4","dest":"c13","body":{"in_reply_to":23,"messages":[5,16,21,25,25,26,27,27,28,29,29,30,30,31,31,32,32,33,33,34,34,35,35,36,36,37,37,38,38,39,39,40,40,41,41,42,42,43,43,44,44,45,45,46,46,47,47,48,49,49,50,50,51,51,52,52,53,53,54,54,55,56,56,57,57,58,59,59,60,60,61,62,62,63,63],"msg_id":23,"type":"read_ok"}}
2024/06/02 15:53:16 Received {n0 n4 {"message":64,"type":"second-order-broadcast"}}
2024/06/02 15:53:16 Sent {"src":"n4","dest":"n0","body":{"in_reply_to":0,"type":"second_order_broadcast_ok"}}
2024/06/02 15:53:16 Received {n0 n4 {"message":64,"type":"second-order-broadcast"}}
2024/06/02 15:53:16 Sent {"src":"n4","dest":"n0","body":{"in_reply_to":0,"type":"second_order_broadcast_ok"}}
2024/06/02 15:53:17 Received {n2 n4 {"message":66,"type":"second-order-broadcast"}}
2024/06/02 15:53:17 Received {n2 n4 {"message":66,"type":"second-order-broadcast"}}
2024/06/02 15:53:17 Sent {"src":"n4","dest":"n2","body":{"in_reply_to":0,"type":"second_order_broadcast_ok"}}
2024/06/02 15:53:17 Sent {"src":"n4","dest":"n2","body":{"in_reply_to":0,"type":"second_order_broadcast_ok"}}
2024/06/02 15:53:17 Received {c13 n4 {"type":"read","msg_id":24}}
2024/06/02 15:53:17 Sent {"src":"n4","dest":"c13","body":{"in_reply_to":24,"messages":[5,16,21,25,25,26,27,27,28,29,29,30,30,31,31,32,32,33,33,34,34,35,35,36,36,37,37,38,38,39,39,40,40,41,41,42,42,43,43,44,44,45,45,46,46,47,47,48,49,49,50,50,51,51,52,52,53,53,54,54,55,56,56,57,57,58,59,59,60,60,61,62,62,63,63,64,64,66,66],"msg_id":24,"type":"read_ok"}}
2024/06/02 15:53:17 Received {n0 n4 {"message":67,"type":"second-order-broadcast"}}
2024/06/02 15:53:17 Sent {"src":"n4","dest":"n0","body":{"in_reply_to":0,"type":"second_order_broadcast_ok"}}
2024/06/02 15:53:17 Received {n0 n4 {"message":67,"type":"second-order-broadcast"}}
2024/06/02 15:53:17 Sent {"src":"n4","dest":"n0","body":{"in_reply_to":0,"type":"second_order_broadcast_ok"}}
2024/06/02 15:53:17 Received {n2 n4 {"message":68,"type":"second-order-broadcast"}}
2024/06/02 15:53:17 Received {n2 n4 {"message":68,"type":"second-order-broadcast"}}
2024/06/02 15:53:17 Sent {"src":"n4","dest":"n2","body":{"in_reply_to":0,"type":"second_order_broadcast_ok"}}
2024/06/02 15:53:17 Sent {"src":"n4","dest":"n2","body":{"in_reply_to":0,"type":"second_order_broadcast_ok"}}
2024/06/02 15:53:18 Received {c13 n4 {"type":"broadcast","message":69,"msg_id":25}}
2024/06/02 15:53:18 Sent {"src":"n4","dest":"n0","body":{"message":69,"type":"second-order-broadcast"}}
2024/06/02 15:53:18 Sent {"src":"n4","dest":"n1","body":{"message":69,"type":"second-order-broadcast"}}
2024/06/02 15:53:18 Sent {"src":"n4","dest":"n2","body":{"message":69,"type":"second-order-broadcast"}}
2024/06/02 15:53:18 Sent {"src":"n4","dest":"n3","body":{"message":69,"type":"second-order-broadcast"}}
2024/06/02 15:53:18 Sent {"src":"n4","dest":"c13","body":{"in_reply_to":25,"type":"broadcast_ok"}}
2024/06/02 15:53:18 Received {n0 n4 {"in_reply_to":0,"type":"second_order_broadcast_ok"}}
2024/06/02 15:53:18 Received {n2 n4 {"in_reply_to":0,"type":"second_order_broadcast_ok"}}
2024/06/02 15:53:18 Received {n0 n4 {"message":70,"type":"second-order-broadcast"}}
2024/06/02 15:53:18 Sent {"src":"n4","dest":"n0","body":{"in_reply_to":0,"type":"second_order_broadcast_ok"}}
2024/06/02 15:53:18 Received {n0 n4 {"message":70,"type":"second-order-broadcast"}}
2024/06/02 15:53:18 Sent {"src":"n4","dest":"n0","body":{"in_reply_to":0,"type":"second_order_broadcast_ok"}}
2024/06/02 15:53:18 Received {n2 n4 {"message":72,"type":"second-order-broadcast"}}
2024/06/02 15:53:18 Received {n2 n4 {"message":72,"type":"second-order-broadcast"}}
2024/06/02 15:53:18 Sent {"src":"n4","dest":"n2","body":{"in_reply_to":0,"type":"second_order_broadcast_ok"}}
2024/06/02 15:53:18 Sent {"src":"n4","dest":"n2","body":{"in_reply_to":0,"type":"second_order_broadcast_ok"}}
2024/06/02 15:53:18 Received {c13 n4 {"type":"broadcast","message":74,"msg_id":26}}
2024/06/02 15:53:18 Sent {"src":"n4","dest":"n0","body":{"message":74,"type":"second-order-broadcast"}}
2024/06/02 15:53:18 Sent {"src":"n4","dest":"n1","body":{"message":74,"type":"second-order-broadcast"}}
2024/06/02 15:53:18 Sent {"src":"n4","dest":"n2","body":{"message":74,"type":"second-order-broadcast"}}
2024/06/02 15:53:18 Sent {"src":"n4","dest":"n3","body":{"message":74,"type":"second-order-broadcast"}}
2024/06/02 15:53:18 Sent {"src":"n4","dest":"c13","body":{"in_reply_to":26,"type":"broadcast_ok"}}
2024/06/02 15:53:18 Received {n0 n4 {"in_reply_to":0,"type":"second_order_broadcast_ok"}}
2024/06/02 15:53:18 Received {n2 n4 {"in_reply_to":0,"type":"second_order_broadcast_ok"}}
2024/06/02 15:53:19 Received {c13 n4 {"type":"broadcast","message":77,"msg_id":27}}
2024/06/02 15:53:19 Sent {"src":"n4","dest":"n0","body":{"message":77,"type":"second-order-broadcast"}}
2024/06/02 15:53:19 Sent {"src":"n4","dest":"n1","body":{"message":77,"type":"second-order-broadcast"}}
2024/06/02 15:53:19 Sent {"src":"n4","dest":"n2","body":{"message":77,"type":"second-order-broadcast"}}
2024/06/02 15:53:19 Sent {"src":"n4","dest":"n3","body":{"message":77,"type":"second-order-broadcast"}}
2024/06/02 15:53:19 Sent {"src":"n4","dest":"c13","body":{"in_reply_to":27,"type":"broadcast_ok"}}
2024/06/02 15:53:19 Received {n0 n4 {"in_reply_to":0,"type":"second_order_broadcast_ok"}}
2024/06/02 15:53:19 Received {n2 n4 {"in_reply_to":0,"type":"second_order_broadcast_ok"}}
2024/06/02 15:53:19 Received {n0 n4 {"message":78,"type":"second-order-broadcast"}}
2024/06/02 15:53:19 Sent {"src":"n4","dest":"n0","body":{"in_reply_to":0,"type":"second_order_broadcast_ok"}}
2024/06/02 15:53:19 Received {n0 n4 {"message":78,"type":"second-order-broadcast"}}
2024/06/02 15:53:19 Sent {"src":"n4","dest":"n0","body":{"in_reply_to":0,"type":"second_order_broadcast_ok"}}
2024/06/02 15:53:19 Received {n0 n4 {"message":79,"type":"second-order-broadcast"}}
2024/06/02 15:53:19 Sent {"src":"n4","dest":"n0","body":{"in_reply_to":0,"type":"second_order_broadcast_ok"}}
2024/06/02 15:53:19 Received {n0 n4 {"message":79,"type":"second-order-broadcast"}}
2024/06/02 15:53:19 Sent {"src":"n4","dest":"n0","body":{"in_reply_to":0,"type":"second_order_broadcast_ok"}}
2024/06/02 15:53:19 Received {n2 n4 {"message":80,"type":"second-order-broadcast"}}
2024/06/02 15:53:19 Received {n2 n4 {"message":80,"type":"second-order-broadcast"}}
2024/06/02 15:53:19 Sent {"src":"n4","dest":"n2","body":{"in_reply_to":0,"type":"second_order_broadcast_ok"}}
2024/06/02 15:53:19 Sent {"src":"n4","dest":"n2","body":{"in_reply_to":0,"type":"second_order_broadcast_ok"}}
2024/06/02 15:53:19 Received {c13 n4 {"type":"read","msg_id":28}}
2024/06/02 15:53:19 Sent {"src":"n4","dest":"c13","body":{"in_reply_to":28,"messages":[5,16,21,25,25,26,27,27,28,29,29,30,30,31,31,32,32,33,33,34,34,35,35,36,36,37,37,38,38,39,39,40,40,41,41,42,42,43,43,44,44,45,45,46,46,47,47,48,49,49,50,50,51,51,52,52,53,53,54,54,55,56,56,57,57,58,59,59,60,60,61,62,62,63,63,64,64,66,66,67,67,68,68,69,70,70,72,72,74,77,78,78,79,79,80,80],"msg_id":28,"type":"read_ok"}}
2024/06/02 15:53:20 Received {n0 n4 {"message":82,"type":"second-order-broadcast"}}
2024/06/02 15:53:20 Sent {"src":"n4","dest":"n0","body":{"in_reply_to":0,"type":"second_order_broadcast_ok"}}
2024/06/02 15:53:20 Received {n0 n4 {"message":82,"type":"second-order-broadcast"}}
2024/06/02 15:53:20 Sent {"src":"n4","dest":"n0","body":{"in_reply_to":0,"type":"second_order_broadcast_ok"}}
2024/06/02 15:53:20 Received {n2 n4 {"message":84,"type":"second-order-broadcast"}}
2024/06/02 15:53:20 Received {n2 n4 {"message":84,"type":"second-order-broadcast"}}
2024/06/02 15:53:20 Sent {"src":"n4","dest":"n2","body":{"in_reply_to":0,"type":"second_order_broadcast_ok"}}
2024/06/02 15:53:20 Sent {"src":"n4","dest":"n2","body":{"in_reply_to":0,"type":"second_order_broadcast_ok"}}
2024/06/02 15:53:20 Received {c13 n4 {"type":"broadcast","message":85,"msg_id":29}}
2024/06/02 15:53:20 Sent {"src":"n4","dest":"n0","body":{"message":85,"type":"second-order-broadcast"}}
2024/06/02 15:53:20 Sent {"src":"n4","dest":"n1","body":{"message":85,"type":"second-order-broadcast"}}
2024/06/02 15:53:20 Sent {"src":"n4","dest":"n2","body":{"message":85,"type":"second-order-broadcast"}}
2024/06/02 15:53:20 Sent {"src":"n4","dest":"n3","body":{"message":85,"type":"second-order-broadcast"}}
2024/06/02 15:53:20 Sent {"src":"n4","dest":"c13","body":{"in_reply_to":29,"type":"broadcast_ok"}}
2024/06/02 15:53:20 Received {n2 n4 {"in_reply_to":0,"type":"second_order_broadcast_ok"}}
2024/06/02 15:53:20 Received {n0 n4 {"in_reply_to":0,"type":"second_order_broadcast_ok"}}
2024/06/02 15:53:20 Received {n0 n4 {"message":86,"type":"second-order-broadcast"}}
2024/06/02 15:53:20 Sent {"src":"n4","dest":"n0","body":{"in_reply_to":0,"type":"second_order_broadcast_ok"}}
2024/06/02 15:53:20 Received {n0 n4 {"message":86,"type":"second-order-broadcast"}}
2024/06/02 15:53:20 Sent {"src":"n4","dest":"n0","body":{"in_reply_to":0,"type":"second_order_broadcast_ok"}}
2024/06/02 15:53:20 Received {n2 n4 {"message":87,"type":"second-order-broadcast"}}
2024/06/02 15:53:20 Received {n2 n4 {"message":87,"type":"second-order-broadcast"}}
2024/06/02 15:53:20 Sent {"src":"n4","dest":"n2","body":{"in_reply_to":0,"type":"second_order_broadcast_ok"}}
2024/06/02 15:53:20 Sent {"src":"n4","dest":"n2","body":{"in_reply_to":0,"type":"second_order_broadcast_ok"}}
2024/06/02 15:53:21 Received {c13 n4 {"type":"read","msg_id":30}}
2024/06/02 15:53:21 Sent {"src":"n4","dest":"c13","body":{"in_reply_to":30,"messages":[5,16,21,25,25,26,27,27,28,29,29,30,30,31,31,32,32,33,33,34,34,35,35,36,36,37,37,38,38,39,39,40,40,41,41,42,42,43,43,44,44,45,45,46,46,47,47,48,49,49,50,50,51,51,52,52,53,53,54,54,55,56,56,57,57,58,59,59,60,60,61,62,62,63,63,64,64,66,66,67,67,68,68,69,70,70,72,72,74,77,78,78,79,79,80,80,82,82,84,84,85,86,86,87,87],"msg_id":30,"type":"read_ok"}}
2024/06/02 15:53:21 Received {n0 n4 {"message":89,"type":"second-order-broadcast"}}
2024/06/02 15:53:21 Received {n0 n4 {"message":89,"type":"second-order-broadcast"}}
2024/06/02 15:53:21 Sent {"src":"n4","dest":"n0","body":{"in_reply_to":0,"type":"second_order_broadcast_ok"}}
2024/06/02 15:53:21 Sent {"src":"n4","dest":"n0","body":{"in_reply_to":0,"type":"second_order_broadcast_ok"}}
2024/06/02 15:53:21 Received {n2 n4 {"message":90,"type":"second-order-broadcast"}}
2024/06/02 15:53:21 Received {n2 n4 {"message":90,"type":"second-order-broadcast"}}
2024/06/02 15:53:21 Sent {"src":"n4","dest":"n2","body":{"in_reply_to":0,"type":"second_order_broadcast_ok"}}
2024/06/02 15:53:21 Sent {"src":"n4","dest":"n2","body":{"in_reply_to":0,"type":"second_order_broadcast_ok"}}
2024/06/02 15:53:21 Received {c13 n4 {"type":"read","msg_id":31}}
2024/06/02 15:53:21 Sent {"src":"n4","dest":"c13","body":{"in_reply_to":31,"messages":[5,16,21,25,25,26,27,27,28,29,29,30,30,31,31,32,32,33,33,34,34,35,35,36,36,37,37,38,38,39,39,40,40,41,41,42,42,43,43,44,44,45,45,46,46,47,47,48,49,49,50,50,51,51,52,52,53,53,54,54,55,56,56,57,57,58,59,59,60,60,61,62,62,63,63,64,64,66,66,67,67,68,68,69,70,70,72,72,74,77,78,78,79,79,80,80,82,82,84,84,85,86,86,87,87,89,89,90,90],"msg_id":31,"type":"read_ok"}}
2024/06/02 15:53:22 Received {n0 n4 {"message":92,"type":"second-order-broadcast"}}
2024/06/02 15:53:22 Received {n0 n4 {"message":92,"type":"second-order-broadcast"}}
2024/06/02 15:53:22 Sent {"src":"n4","dest":"n0","body":{"in_reply_to":0,"type":"second_order_broadcast_ok"}}
2024/06/02 15:53:22 Sent {"src":"n4","dest":"n0","body":{"in_reply_to":0,"type":"second_order_broadcast_ok"}}
2024/06/02 15:53:22 Received {n2 n4 {"message":94,"type":"second-order-broadcast"}}
2024/06/02 15:53:22 Received {n2 n4 {"message":94,"type":"second-order-broadcast"}}
2024/06/02 15:53:22 Sent {"src":"n4","dest":"n2","body":{"in_reply_to":0,"type":"second_order_broadcast_ok"}}
2024/06/02 15:53:22 Sent {"src":"n4","dest":"n2","body":{"in_reply_to":0,"type":"second_order_broadcast_ok"}}
2024/06/02 15:53:22 Received {c13 n4 {"type":"read","msg_id":32}}
2024/06/02 15:53:22 Sent {"src":"n4","dest":"c13","body":{"in_reply_to":32,"messages":[5,16,21,25,25,26,27,27,28,29,29,30,30,31,31,32,32,33,33,34,34,35,35,36,36,37,37,38,38,39,39,40,40,41,41,42,42,43,43,44,44,45,45,46,46,47,47,48,49,49,50,50,51,51,52,52,53,53,54,54,55,56,56,57,57,58,59,59,60,60,61,62,62,63,63,64,64,66,66,67,67,68,68,69,70,70,72,72,74,77,78,78,79,79,80,80,82,82,84,84,85,86,86,87,87,89,89,90,90,92,92,94,94],"msg_id":32,"type":"read_ok"}}
2024/06/02 15:53:22 Received {n0 n4 {"message":96,"type":"second-order-broadcast"}}
2024/06/02 15:53:22 Sent {"src":"n4","dest":"n0","body":{"in_reply_to":0,"type":"second_order_broadcast_ok"}}
2024/06/02 15:53:22 Received {n0 n4 {"message":96,"type":"second-order-broadcast"}}
2024/06/02 15:53:22 Sent {"src":"n4","dest":"n0","body":{"in_reply_to":0,"type":"second_order_broadcast_ok"}}
2024/06/02 15:53:23 Received {n0 n4 {"message":97,"type":"second-order-broadcast"}}
2024/06/02 15:53:23 Received {n0 n4 {"message":97,"type":"second-order-broadcast"}}
2024/06/02 15:53:23 Sent {"src":"n4","dest":"n0","body":{"in_reply_to":0,"type":"second_order_broadcast_ok"}}
2024/06/02 15:53:23 Sent {"src":"n4","dest":"n0","body":{"in_reply_to":0,"type":"second_order_broadcast_ok"}}
2024/06/02 15:53:23 Received {c13 n4 {"type":"read","msg_id":33}}
2024/06/02 15:53:23 Sent {"src":"n4","dest":"c13","body":{"in_reply_to":33,"messages":[5,16,21,25,25,26,27,27,28,29,29,30,30,31,31,32,32,33,33,34,34,35,35,36,36,37,37,38,38,39,39,40,40,41,41,42,42,43,43,44,44,45,45,46,46,47,47,48,49,49,50,50,51,51,52,52,53,53,54,54,55,56,56,57,57,58,59,59,60,60,61,62,62,63,63,64,64,66,66,67,67,68,68,69,70,70,72,72,74,77,78,78,79,79,80,80,82,82,84,84,85,86,86,87,87,89,89,90,90,92,92,94,94,96,96,97,97],"msg_id":33,"type":"read_ok"}}
2024/06/02 15:53:34 Received {c13 n4 {"type":"read","msg_id":34}}
2024/06/02 15:53:34 Sent {"src":"n4","dest":"c13","body":{"in_reply_to":34,"messages":[5,16,21,25,25,26,27,27,28,29,29,30,30,31,31,32,32,33,33,34,34,35,35,36,36,37,37,38,38,39,39,40,40,41,41,42,42,43,43,44,44,45,45,46,46,47,47,48,49,49,50,50,51,51,52,52,53,53,54,54,55,56,56,57,57,58,59,59,60,60,61,62,62,63,63,64,64,66,66,67,67,68,68,69,70,70,72,72,74,77,78,78,79,79,80,80,82,82,84,84,85,86,86,87,87,89,89,90,90,92,92,94,94,96,96,97,97],"msg_id":34,"type":"read_ok"}}
