2024/05/27 19:51:29 Received {c3 n0 {"type":"init","node_id":"n0","node_ids":["n0","n1","n2","n3","n4"],"msg_id":1}}
2024/05/27 19:51:29 Node n0 initialized
2024/05/27 19:51:29 Sent {"src":"n0","dest":"c3","body":{"in_reply_to":1,"type":"init_ok"}}
2024/05/27 19:51:29 Received {c5 n0 {"type":"topology","topology":{"n0":["n3","n1"],"n1":["n4","n2","n0"],"n2":["n1"],"n3":["n0","n4"],"n4":["n1","n3"]},"msg_id":1}}
2024/05/27 19:51:29 Sent {"src":"n0","dest":"c5","body":{"in_reply_to":1,"type":"topology_ok"}}
2024/05/27 19:51:29 Received {c10 n0 {"type":"broadcast","message":0,"msg_id":1}}
2024/05/27 19:51:29 Sent {"src":"n0","dest":"n4","body":{"message":0,"type":"second-order-broadcast"}}
2024/05/27 19:51:29 Sent {"src":"n0","dest":"n1","body":{"message":0,"type":"second-order-broadcast"}}
2024/05/27 19:51:29 Sent {"src":"n0","dest":"n2","body":{"message":0,"type":"second-order-broadcast"}}
2024/05/27 19:51:29 Sent {"src":"n0","dest":"n3","body":{"message":0,"type":"second-order-broadcast"}}
2024/05/27 19:51:29 Sent {"src":"n0","dest":"n4","body":{"message":0,"type":"second-order-broadcast"}}
2024/05/27 19:51:29 Sent {"src":"n0","dest":"c10","body":{"in_reply_to":1,"type":"broadcast_ok"}}
2024/05/27 19:51:29 Received {n4 n0 {"in_reply_to":0,"type":"second_order_broadcast_ok"}}
2024/05/27 19:51:29 Received {n1 n0 {"in_reply_to":0,"type":"second_order_broadcast_ok"}}
2024/05/27 19:51:29 Received {n2 n0 {"in_reply_to":0,"type":"second_order_broadcast_ok"}}
2024/05/27 19:51:29 Received {n3 n0 {"in_reply_to":0,"type":"second_order_broadcast_ok"}}
2024/05/27 19:51:29 Received {n4 n0 {"in_reply_to":0,"type":"second_order_broadcast_ok"}}
2024/05/27 19:51:29 Received {n1 n0 {"message":1,"type":"second-order-broadcast"}}
2024/05/27 19:51:29 Sent {"src":"n0","dest":"n1","body":{"in_reply_to":0,"type":"second_order_broadcast_ok"}}
2024/05/27 19:51:29 Received {n2 n0 {"message":2,"type":"second-order-broadcast"}}
2024/05/27 19:51:29 Sent {"src":"n0","dest":"n2","body":{"in_reply_to":0,"type":"second_order_broadcast_ok"}}
2024/05/27 19:51:29 Received {n3 n0 {"message":3,"type":"second-order-broadcast"}}
2024/05/27 19:51:29 Sent {"src":"n0","dest":"n3","body":{"in_reply_to":0,"type":"second_order_broadcast_ok"}}
2024/05/27 19:51:29 Received {c10 n0 {"type":"read","msg_id":2}}
2024/05/27 19:51:29 Sent {"src":"n0","dest":"c10","body":{"in_reply_to":2,"messages":[0,1,2,3],"msg_id":2,"type":"read_ok"}}
2024/05/27 19:51:29 Received {c10 n0 {"type":"broadcast","message":4,"msg_id":3}}
2024/05/27 19:51:29 Sent {"src":"n0","dest":"n4","body":{"message":4,"type":"second-order-broadcast"}}
2024/05/27 19:51:29 Sent {"src":"n0","dest":"n1","body":{"message":4,"type":"second-order-broadcast"}}
2024/05/27 19:51:29 Sent {"src":"n0","dest":"n2","body":{"message":4,"type":"second-order-broadcast"}}
2024/05/27 19:51:29 Sent {"src":"n0","dest":"n3","body":{"message":4,"type":"second-order-broadcast"}}
2024/05/27 19:51:29 Sent {"src":"n0","dest":"n4","body":{"message":4,"type":"second-order-broadcast"}}
2024/05/27 19:51:29 Sent {"src":"n0","dest":"c10","body":{"in_reply_to":3,"type":"broadcast_ok"}}
2024/05/27 19:51:29 Received {n3 n0 {"in_reply_to":0,"type":"second_order_broadcast_ok"}}
2024/05/27 19:51:29 Received {n4 n0 {"in_reply_to":0,"type":"second_order_broadcast_ok"}}
2024/05/27 19:51:29 Received {n1 n0 {"in_reply_to":0,"type":"second_order_broadcast_ok"}}
2024/05/27 19:51:29 Received {n2 n0 {"in_reply_to":0,"type":"second_order_broadcast_ok"}}
2024/05/27 19:51:29 Received {n4 n0 {"in_reply_to":0,"type":"second_order_broadcast_ok"}}
2024/05/27 19:51:30 Received {n3 n0 {"message":5,"type":"second-order-broadcast"}}
2024/05/27 19:51:30 Sent {"src":"n0","dest":"n3","body":{"in_reply_to":0,"type":"second_order_broadcast_ok"}}
2024/05/27 19:51:30 Received {n4 n0 {"message":6,"type":"second-order-broadcast"}}
2024/05/27 19:51:30 Sent {"src":"n0","dest":"n4","body":{"in_reply_to":0,"type":"second_order_broadcast_ok"}}
2024/05/27 19:51:30 Received {c10 n0 {"type":"read","msg_id":4}}
2024/05/27 19:51:30 Sent {"src":"n0","dest":"c10","body":{"in_reply_to":4,"messages":[0,1,2,3,4,5,6],"msg_id":4,"type":"read_ok"}}
2024/05/27 19:51:30 Received {c10 n0 {"type":"broadcast","message":7,"msg_id":5}}
2024/05/27 19:51:30 Sent {"src":"n0","dest":"n4","body":{"message":7,"type":"second-order-broadcast"}}
2024/05/27 19:51:30 Sent {"src":"n0","dest":"n1","body":{"message":7,"type":"second-order-broadcast"}}
2024/05/27 19:51:30 Sent {"src":"n0","dest":"n2","body":{"message":7,"type":"second-order-broadcast"}}
2024/05/27 19:51:30 Sent {"src":"n0","dest":"n3","body":{"message":7,"type":"second-order-broadcast"}}
2024/05/27 19:51:30 Sent {"src":"n0","dest":"n4","body":{"message":7,"type":"second-order-broadcast"}}
2024/05/27 19:51:30 Sent {"src":"n0","dest":"c10","body":{"in_reply_to":5,"type":"broadcast_ok"}}
2024/05/27 19:51:30 Received {n4 n0 {"in_reply_to":0,"type":"second_order_broadcast_ok"}}
2024/05/27 19:51:30 Received {n1 n0 {"in_reply_to":0,"type":"second_order_broadcast_ok"}}
2024/05/27 19:51:30 Received {n2 n0 {"in_reply_to":0,"type":"second_order_broadcast_ok"}}
2024/05/27 19:51:30 Received {n3 n0 {"in_reply_to":0,"type":"second_order_broadcast_ok"}}
2024/05/27 19:51:30 Received {n4 n0 {"in_reply_to":0,"type":"second_order_broadcast_ok"}}
2024/05/27 19:51:30 Received {n2 n0 {"message":8,"type":"second-order-broadcast"}}
2024/05/27 19:51:30 Sent {"src":"n0","dest":"n2","body":{"in_reply_to":0,"type":"second_order_broadcast_ok"}}
2024/05/27 19:51:30 Received {c10 n0 {"type":"broadcast","message":9,"msg_id":6}}
2024/05/27 19:51:30 Sent {"src":"n0","dest":"n4","body":{"message":9,"type":"second-order-broadcast"}}
2024/05/27 19:51:30 Sent {"src":"n0","dest":"n1","body":{"message":9,"type":"second-order-broadcast"}}
2024/05/27 19:51:30 Sent {"src":"n0","dest":"n2","body":{"message":9,"type":"second-order-broadcast"}}
2024/05/27 19:51:30 Sent {"src":"n0","dest":"n3","body":{"message":9,"type":"second-order-broadcast"}}
2024/05/27 19:51:30 Sent {"src":"n0","dest":"n4","body":{"message":9,"type":"second-order-broadcast"}}
2024/05/27 19:51:30 Sent {"src":"n0","dest":"c10","body":{"in_reply_to":6,"type":"broadcast_ok"}}
2024/05/27 19:51:30 Received {n4 n0 {"in_reply_to":0,"type":"second_order_broadcast_ok"}}
2024/05/27 19:51:30 Received {n1 n0 {"in_reply_to":0,"type":"second_order_broadcast_ok"}}
2024/05/27 19:51:30 Received {n2 n0 {"in_reply_to":0,"type":"second_order_broadcast_ok"}}
2024/05/27 19:51:30 Received {n3 n0 {"in_reply_to":0,"type":"second_order_broadcast_ok"}}
2024/05/27 19:51:30 Received {n4 n0 {"in_reply_to":0,"type":"second_order_broadcast_ok"}}
2024/05/27 19:51:30 Received {c10 n0 {"type":"read","msg_id":7}}
2024/05/27 19:51:30 Sent {"src":"n0","dest":"c10","body":{"in_reply_to":7,"messages":[0,1,2,3,4,5,6,7,8,9],"msg_id":7,"type":"read_ok"}}
2024/05/27 19:51:31 Received {c10 n0 {"type":"broadcast","message":10,"msg_id":8}}
2024/05/27 19:51:31 Sent {"src":"n0","dest":"n4","body":{"message":10,"type":"second-order-broadcast"}}
2024/05/27 19:51:31 Sent {"src":"n0","dest":"n1","body":{"message":10,"type":"second-order-broadcast"}}
2024/05/27 19:51:31 Sent {"src":"n0","dest":"n2","body":{"message":10,"type":"second-order-broadcast"}}
2024/05/27 19:51:31 Sent {"src":"n0","dest":"n3","body":{"message":10,"type":"second-order-broadcast"}}
2024/05/27 19:51:31 Sent {"src":"n0","dest":"n4","body":{"message":10,"type":"second-order-broadcast"}}
2024/05/27 19:51:31 Sent {"src":"n0","dest":"c10","body":{"in_reply_to":8,"type":"broadcast_ok"}}
2024/05/27 19:51:31 Received {n4 n0 {"in_reply_to":0,"type":"second_order_broadcast_ok"}}
2024/05/27 19:51:31 Received {n1 n0 {"in_reply_to":0,"type":"second_order_broadcast_ok"}}
2024/05/27 19:51:31 Received {n2 n0 {"in_reply_to":0,"type":"second_order_broadcast_ok"}}
2024/05/27 19:51:31 Received {n3 n0 {"in_reply_to":0,"type":"second_order_broadcast_ok"}}
2024/05/27 19:51:31 Received {n4 n0 {"in_reply_to":0,"type":"second_order_broadcast_ok"}}
2024/05/27 19:51:31 Received {c10 n0 {"type":"broadcast","message":11,"msg_id":9}}
2024/05/27 19:51:31 Sent {"src":"n0","dest":"n4","body":{"message":11,"type":"second-order-broadcast"}}
2024/05/27 19:51:31 Sent {"src":"n0","dest":"n1","body":{"message":11,"type":"second-order-broadcast"}}
2024/05/27 19:51:31 Sent {"src":"n0","dest":"n2","body":{"message":11,"type":"second-order-broadcast"}}
2024/05/27 19:51:31 Sent {"src":"n0","dest":"n3","body":{"message":11,"type":"second-order-broadcast"}}
2024/05/27 19:51:31 Sent {"src":"n0","dest":"n4","body":{"message":11,"type":"second-order-broadcast"}}
2024/05/27 19:51:31 Sent {"src":"n0","dest":"c10","body":{"in_reply_to":9,"type":"broadcast_ok"}}
2024/05/27 19:51:31 Received {n1 n0 {"in_reply_to":0,"type":"second_order_broadcast_ok"}}
2024/05/27 19:51:31 Received {n2 n0 {"in_reply_to":0,"type":"second_order_broadcast_ok"}}
2024/05/27 19:51:31 Received {n4 n0 {"in_reply_to":0,"type":"second_order_broadcast_ok"}}
2024/05/27 19:51:31 Received {n3 n0 {"in_reply_to":0,"type":"second_order_broadcast_ok"}}
2024/05/27 19:51:31 Received {n4 n0 {"in_reply_to":0,"type":"second_order_broadcast_ok"}}
2024/05/27 19:51:31 Received {n1 n0 {"message":12,"type":"second-order-broadcast"}}
2024/05/27 19:51:31 Sent {"src":"n0","dest":"n1","body":{"in_reply_to":0,"type":"second_order_broadcast_ok"}}
2024/05/27 19:51:31 Received {n2 n0 {"message":13,"type":"second-order-broadcast"}}
2024/05/27 19:51:31 Sent {"src":"n0","dest":"n2","body":{"in_reply_to":0,"type":"second_order_broadcast_ok"}}
2024/05/27 19:51:31 Received {n3 n0 {"message":14,"type":"second-order-broadcast"}}
2024/05/27 19:51:31 Sent {"src":"n0","dest":"n3","body":{"in_reply_to":0,"type":"second_order_broadcast_ok"}}
2024/05/27 19:51:31 Received {c10 n0 {"type":"read","msg_id":10}}
2024/05/27 19:51:31 Sent {"src":"n0","dest":"c10","body":{"in_reply_to":10,"messages":[0,1,2,3,4,5,6,7,8,9,10,11,12,13,14],"msg_id":10,"type":"read_ok"}}
2024/05/27 19:51:31 Received {c10 n0 {"type":"broadcast","message":15,"msg_id":11}}
2024/05/27 19:51:31 Sent {"src":"n0","dest":"n4","body":{"message":15,"type":"second-order-broadcast"}}
2024/05/27 19:51:31 Sent {"src":"n0","dest":"n1","body":{"message":15,"type":"second-order-broadcast"}}
2024/05/27 19:51:31 Sent {"src":"n0","dest":"n2","body":{"message":15,"type":"second-order-broadcast"}}
2024/05/27 19:51:31 Sent {"src":"n0","dest":"n3","body":{"message":15,"type":"second-order-broadcast"}}
2024/05/27 19:51:31 Sent {"src":"n0","dest":"n4","body":{"message":15,"type":"second-order-broadcast"}}
2024/05/27 19:51:31 Sent {"src":"n0","dest":"c10","body":{"in_reply_to":11,"type":"broadcast_ok"}}
2024/05/27 19:51:31 Received {n2 n0 {"in_reply_to":0,"type":"second_order_broadcast_ok"}}
2024/05/27 19:51:31 Received {n3 n0 {"in_reply_to":0,"type":"second_order_broadcast_ok"}}
2024/05/27 19:51:31 Received {n4 n0 {"in_reply_to":0,"type":"second_order_broadcast_ok"}}
2024/05/27 19:51:31 Received {n1 n0 {"in_reply_to":0,"type":"second_order_broadcast_ok"}}
2024/05/27 19:51:31 Received {n4 n0 {"in_reply_to":0,"type":"second_order_broadcast_ok"}}
2024/05/27 19:51:31 Received {n1 n0 {"message":16,"type":"second-order-broadcast"}}
2024/05/27 19:51:31 Received {n2 n0 {"message":17,"type":"second-order-broadcast"}}
2024/05/27 19:51:31 Sent {"src":"n0","dest":"n2","body":{"in_reply_to":0,"type":"second_order_broadcast_ok"}}
2024/05/27 19:51:31 Sent {"src":"n0","dest":"n1","body":{"in_reply_to":0,"type":"second_order_broadcast_ok"}}
2024/05/27 19:51:32 Received {n4 n0 {"message":18,"type":"second-order-broadcast"}}
2024/05/27 19:51:32 Sent {"src":"n0","dest":"n4","body":{"in_reply_to":0,"type":"second_order_broadcast_ok"}}
2024/05/27 19:51:32 Received {c10 n0 {"type":"broadcast","message":19,"msg_id":12}}
2024/05/27 19:51:32 Sent {"src":"n0","dest":"n4","body":{"message":19,"type":"second-order-broadcast"}}
2024/05/27 19:51:32 Sent {"src":"n0","dest":"n1","body":{"message":19,"type":"second-order-broadcast"}}
2024/05/27 19:51:32 Sent {"src":"n0","dest":"n2","body":{"message":19,"type":"second-order-broadcast"}}
2024/05/27 19:51:32 Sent {"src":"n0","dest":"n3","body":{"message":19,"type":"second-order-broadcast"}}
2024/05/27 19:51:32 Sent {"src":"n0","dest":"n4","body":{"message":19,"type":"second-order-broadcast"}}
2024/05/27 19:51:32 Sent {"src":"n0","dest":"c10","body":{"in_reply_to":12,"type":"broadcast_ok"}}
2024/05/27 19:51:32 Received {n1 n0 {"in_reply_to":0,"type":"second_order_broadcast_ok"}}
2024/05/27 19:51:32 Received {n2 n0 {"in_reply_to":0,"type":"second_order_broadcast_ok"}}
2024/05/27 19:51:32 Received {n3 n0 {"in_reply_to":0,"type":"second_order_broadcast_ok"}}
2024/05/27 19:51:32 Received {n4 n0 {"in_reply_to":0,"type":"second_order_broadcast_ok"}}
2024/05/27 19:51:32 Received {n4 n0 {"in_reply_to":0,"type":"second_order_broadcast_ok"}}
2024/05/27 19:51:32 Received {c10 n0 {"type":"read","msg_id":13}}
2024/05/27 19:51:32 Sent {"src":"n0","dest":"c10","body":{"in_reply_to":13,"messages":[0,1,2,3,4,5,6,7,8,9,10,11,12,13,14,15,17,16,18,19],"msg_id":13,"type":"read_ok"}}
2024/05/27 19:51:32 Received {n2 n0 {"message":20,"type":"second-order-broadcast"}}
2024/05/27 19:51:32 Sent {"src":"n0","dest":"n2","body":{"in_reply_to":0,"type":"second_order_broadcast_ok"}}
2024/05/27 19:51:32 Received {n4 n0 {"message":21,"type":"second-order-broadcast"}}
2024/05/27 19:51:32 Sent {"src":"n0","dest":"n4","body":{"in_reply_to":0,"type":"second_order_broadcast_ok"}}
2024/05/27 19:51:32 Received {c10 n0 {"type":"broadcast","message":22,"msg_id":14}}
2024/05/27 19:51:32 Sent {"src":"n0","dest":"n4","body":{"message":22,"type":"second-order-broadcast"}}
2024/05/27 19:51:32 Sent {"src":"n0","dest":"n1","body":{"message":22,"type":"second-order-broadcast"}}
2024/05/27 19:51:32 Sent {"src":"n0","dest":"n2","body":{"message":22,"type":"second-order-broadcast"}}
2024/05/27 19:51:32 Sent {"src":"n0","dest":"n3","body":{"message":22,"type":"second-order-broadcast"}}
2024/05/27 19:51:32 Sent {"src":"n0","dest":"n4","body":{"message":22,"type":"second-order-broadcast"}}
2024/05/27 19:51:32 Sent {"src":"n0","dest":"c10","body":{"in_reply_to":14,"type":"broadcast_ok"}}
2024/05/27 19:51:32 Received {n4 n0 {"in_reply_to":0,"type":"second_order_broadcast_ok"}}
2024/05/27 19:51:32 Received {n2 n0 {"in_reply_to":0,"type":"second_order_broadcast_ok"}}
2024/05/27 19:51:32 Received {n1 n0 {"in_reply_to":0,"type":"second_order_broadcast_ok"}}
2024/05/27 19:51:32 Received {n3 n0 {"in_reply_to":0,"type":"second_order_broadcast_ok"}}
2024/05/27 19:51:32 Received {n4 n0 {"in_reply_to":0,"type":"second_order_broadcast_ok"}}
2024/05/27 19:51:32 Received {c10 n0 {"type":"broadcast","message":23,"msg_id":15}}
2024/05/27 19:51:32 Sent {"src":"n0","dest":"n4","body":{"message":23,"type":"second-order-broadcast"}}
2024/05/27 19:51:32 Sent {"src":"n0","dest":"n1","body":{"message":23,"type":"second-order-broadcast"}}
2024/05/27 19:51:32 Sent {"src":"n0","dest":"n2","body":{"message":23,"type":"second-order-broadcast"}}
2024/05/27 19:51:32 Sent {"src":"n0","dest":"n3","body":{"message":23,"type":"second-order-broadcast"}}
2024/05/27 19:51:32 Sent {"src":"n0","dest":"n4","body":{"message":23,"type":"second-order-broadcast"}}
2024/05/27 19:51:32 Sent {"src":"n0","dest":"c10","body":{"in_reply_to":15,"type":"broadcast_ok"}}
2024/05/27 19:51:32 Received {n4 n0 {"in_reply_to":0,"type":"second_order_broadcast_ok"}}
2024/05/27 19:51:32 Received {n2 n0 {"in_reply_to":0,"type":"second_order_broadcast_ok"}}
2024/05/27 19:51:32 Received {n1 n0 {"in_reply_to":0,"type":"second_order_broadcast_ok"}}
2024/05/27 19:51:32 Received {n4 n0 {"in_reply_to":0,"type":"second_order_broadcast_ok"}}
2024/05/27 19:51:32 Received {n3 n0 {"in_reply_to":0,"type":"second_order_broadcast_ok"}}
2024/05/27 19:51:32 Received {n2 n0 {"message":24,"type":"second-order-broadcast"}}
2024/05/27 19:51:32 Sent {"src":"n0","dest":"n2","body":{"in_reply_to":0,"type":"second_order_broadcast_ok"}}
2024/05/27 19:51:32 Received {n3 n0 {"message":25,"type":"second-order-broadcast"}}
2024/05/27 19:51:32 Sent {"src":"n0","dest":"n3","body":{"in_reply_to":0,"type":"second_order_broadcast_ok"}}
2024/05/27 19:51:33 Received {n4 n0 {"message":26,"type":"second-order-broadcast"}}
2024/05/27 19:51:33 Sent {"src":"n0","dest":"n4","body":{"in_reply_to":0,"type":"second_order_broadcast_ok"}}
2024/05/27 19:51:33 Received {c10 n0 {"type":"broadcast","message":27,"msg_id":16}}
2024/05/27 19:51:33 Sent {"src":"n0","dest":"n4","body":{"message":27,"type":"second-order-broadcast"}}
2024/05/27 19:51:33 Sent {"src":"n0","dest":"n1","body":{"message":27,"type":"second-order-broadcast"}}
2024/05/27 19:51:33 Sent {"src":"n0","dest":"n2","body":{"message":27,"type":"second-order-broadcast"}}
2024/05/27 19:51:33 Sent {"src":"n0","dest":"n3","body":{"message":27,"type":"second-order-broadcast"}}
2024/05/27 19:51:33 Sent {"src":"n0","dest":"n4","body":{"message":27,"type":"second-order-broadcast"}}
2024/05/27 19:51:33 Sent {"src":"n0","dest":"c10","body":{"in_reply_to":16,"type":"broadcast_ok"}}
2024/05/27 19:51:33 Received {n3 n0 {"in_reply_to":0,"type":"second_order_broadcast_ok"}}
2024/05/27 19:51:33 Received {n2 n0 {"in_reply_to":0,"type":"second_order_broadcast_ok"}}
2024/05/27 19:51:33 Received {n1 n0 {"in_reply_to":0,"type":"second_order_broadcast_ok"}}
2024/05/27 19:51:33 Received {n4 n0 {"in_reply_to":0,"type":"second_order_broadcast_ok"}}
2024/05/27 19:51:33 Received {n4 n0 {"in_reply_to":0,"type":"second_order_broadcast_ok"}}
2024/05/27 19:51:33 Received {c10 n0 {"type":"broadcast","message":28,"msg_id":17}}
2024/05/27 19:51:33 Sent {"src":"n0","dest":"n4","body":{"message":28,"type":"second-order-broadcast"}}
2024/05/27 19:51:33 Sent {"src":"n0","dest":"n1","body":{"message":28,"type":"second-order-broadcast"}}
2024/05/27 19:51:33 Sent {"src":"n0","dest":"n2","body":{"message":28,"type":"second-order-broadcast"}}
2024/05/27 19:51:33 Sent {"src":"n0","dest":"n3","body":{"message":28,"type":"second-order-broadcast"}}
2024/05/27 19:51:33 Sent {"src":"n0","dest":"n4","body":{"message":28,"type":"second-order-broadcast"}}
2024/05/27 19:51:33 Sent {"src":"n0","dest":"c10","body":{"in_reply_to":17,"type":"broadcast_ok"}}
2024/05/27 19:51:33 Received {n4 n0 {"in_reply_to":0,"type":"second_order_broadcast_ok"}}
2024/05/27 19:51:33 Received {n3 n0 {"in_reply_to":0,"type":"second_order_broadcast_ok"}}
2024/05/27 19:51:33 Received {n1 n0 {"in_reply_to":0,"type":"second_order_broadcast_ok"}}
2024/05/27 19:51:33 Received {n2 n0 {"in_reply_to":0,"type":"second_order_broadcast_ok"}}
2024/05/27 19:51:33 Received {n4 n0 {"in_reply_to":0,"type":"second_order_broadcast_ok"}}
2024/05/27 19:51:33 Received {n4 n0 {"message":29,"type":"second-order-broadcast"}}
2024/05/27 19:51:33 Sent {"src":"n0","dest":"n4","body":{"in_reply_to":0,"type":"second_order_broadcast_ok"}}
2024/05/27 19:51:34 Received {c10 n0 {"type":"read","msg_id":18}}
2024/05/27 19:51:34 Sent {"src":"n0","dest":"c10","body":{"in_reply_to":18,"messages":[0,1,2,3,4,5,6,7,8,9,10,11,12,13,14,15,17,16,18,19,20,21,22,23,24,25,26,27,28,29],"msg_id":18,"type":"read_ok"}}
2024/05/27 19:51:34 Received {c10 n0 {"type":"broadcast","message":30,"msg_id":19}}
2024/05/27 19:51:34 Sent {"src":"n0","dest":"n4","body":{"message":30,"type":"second-order-broadcast"}}
2024/05/27 19:51:34 Sent {"src":"n0","dest":"n1","body":{"message":30,"type":"second-order-broadcast"}}
2024/05/27 19:51:34 Sent {"src":"n0","dest":"n2","body":{"message":30,"type":"second-order-broadcast"}}
2024/05/27 19:51:34 Sent {"src":"n0","dest":"n3","body":{"message":30,"type":"second-order-broadcast"}}
2024/05/27 19:51:34 Sent {"src":"n0","dest":"n4","body":{"message":30,"type":"second-order-broadcast"}}
2024/05/27 19:51:34 Sent {"src":"n0","dest":"c10","body":{"in_reply_to":19,"type":"broadcast_ok"}}
2024/05/27 19:51:34 Received {n1 n0 {"in_reply_to":0,"type":"second_order_broadcast_ok"}}
2024/05/27 19:51:34 Received {n4 n0 {"in_reply_to":0,"type":"second_order_broadcast_ok"}}
2024/05/27 19:51:34 Received {n2 n0 {"in_reply_to":0,"type":"second_order_broadcast_ok"}}
2024/05/27 19:51:34 Received {n3 n0 {"in_reply_to":0,"type":"second_order_broadcast_ok"}}
2024/05/27 19:51:34 Received {n4 n0 {"in_reply_to":0,"type":"second_order_broadcast_ok"}}
2024/05/27 19:51:34 Received {n1 n0 {"message":31,"type":"second-order-broadcast"}}
2024/05/27 19:51:34 Sent {"src":"n0","dest":"n1","body":{"in_reply_to":0,"type":"second_order_broadcast_ok"}}
2024/05/27 19:51:34 Received {n2 n0 {"message":32,"type":"second-order-broadcast"}}
2024/05/27 19:51:34 Sent {"src":"n0","dest":"n2","body":{"in_reply_to":0,"type":"second_order_broadcast_ok"}}
2024/05/27 19:51:34 Received {n4 n0 {"message":33,"type":"second-order-broadcast"}}
2024/05/27 19:51:34 Sent {"src":"n0","dest":"n4","body":{"in_reply_to":0,"type":"second_order_broadcast_ok"}}
2024/05/27 19:51:34 Received {c10 n0 {"type":"broadcast","message":34,"msg_id":20}}
2024/05/27 19:51:34 Sent {"src":"n0","dest":"n4","body":{"message":34,"type":"second-order-broadcast"}}
2024/05/27 19:51:34 Sent {"src":"n0","dest":"n1","body":{"message":34,"type":"second-order-broadcast"}}
2024/05/27 19:51:34 Sent {"src":"n0","dest":"n2","body":{"message":34,"type":"second-order-broadcast"}}
2024/05/27 19:51:34 Sent {"src":"n0","dest":"n3","body":{"message":34,"type":"second-order-broadcast"}}
2024/05/27 19:51:34 Sent {"src":"n0","dest":"n4","body":{"message":34,"type":"second-order-broadcast"}}
2024/05/27 19:51:34 Sent {"src":"n0","dest":"c10","body":{"in_reply_to":20,"type":"broadcast_ok"}}
2024/05/27 19:51:34 Received {n2 n0 {"in_reply_to":0,"type":"second_order_broadcast_ok"}}
2024/05/27 19:51:34 Received {n1 n0 {"in_reply_to":0,"type":"second_order_broadcast_ok"}}
2024/05/27 19:51:34 Received {n3 n0 {"in_reply_to":0,"type":"second_order_broadcast_ok"}}
2024/05/27 19:51:34 Received {n4 n0 {"in_reply_to":0,"type":"second_order_broadcast_ok"}}
2024/05/27 19:51:34 Received {n4 n0 {"in_reply_to":0,"type":"second_order_broadcast_ok"}}
2024/05/27 19:51:34 Received {c10 n0 {"type":"read","msg_id":21}}
2024/05/27 19:51:34 Sent {"src":"n0","dest":"c10","body":{"in_reply_to":21,"messages":[0,1,2,3,4,5,6,7,8,9,10,11,12,13,14,15,17,16,18,19,20,21,22,23,24,25,26,27,28,29,30,31,32,33,34],"msg_id":21,"type":"read_ok"}}
2024/05/27 19:51:35 Received {n2 n0 {"message":35,"type":"second-order-broadcast"}}
2024/05/27 19:51:35 Sent {"src":"n0","dest":"n2","body":{"in_reply_to":0,"type":"second_order_broadcast_ok"}}
2024/05/27 19:51:35 Received {n3 n0 {"message":36,"type":"second-order-broadcast"}}
2024/05/27 19:51:35 Sent {"src":"n0","dest":"n3","body":{"in_reply_to":0,"type":"second_order_broadcast_ok"}}
2024/05/27 19:51:35 Received {n4 n0 {"message":37,"type":"second-order-broadcast"}}
2024/05/27 19:51:35 Sent {"src":"n0","dest":"n4","body":{"in_reply_to":0,"type":"second_order_broadcast_ok"}}
2024/05/27 19:51:35 Received {c10 n0 {"type":"broadcast","message":38,"msg_id":22}}
2024/05/27 19:51:35 Sent {"src":"n0","dest":"n4","body":{"message":38,"type":"second-order-broadcast"}}
2024/05/27 19:51:35 Sent {"src":"n0","dest":"n1","body":{"message":38,"type":"second-order-broadcast"}}
2024/05/27 19:51:35 Sent {"src":"n0","dest":"n2","body":{"message":38,"type":"second-order-broadcast"}}
2024/05/27 19:51:35 Sent {"src":"n0","dest":"n3","body":{"message":38,"type":"second-order-broadcast"}}
2024/05/27 19:51:35 Sent {"src":"n0","dest":"n4","body":{"message":38,"type":"second-order-broadcast"}}
2024/05/27 19:51:35 Sent {"src":"n0","dest":"c10","body":{"in_reply_to":22,"type":"broadcast_ok"}}
2024/05/27 19:51:35 Received {n1 n0 {"in_reply_to":0,"type":"second_order_broadcast_ok"}}
2024/05/27 19:51:35 Received {n2 n0 {"in_reply_to":0,"type":"second_order_broadcast_ok"}}
2024/05/27 19:51:35 Received {n3 n0 {"in_reply_to":0,"type":"second_order_broadcast_ok"}}
2024/05/27 19:51:35 Received {n4 n0 {"in_reply_to":0,"type":"second_order_broadcast_ok"}}
2024/05/27 19:51:35 Received {n4 n0 {"in_reply_to":0,"type":"second_order_broadcast_ok"}}
2024/05/27 19:51:35 Received {c10 n0 {"type":"broadcast","message":39,"msg_id":23}}
2024/05/27 19:51:35 Sent {"src":"n0","dest":"n4","body":{"message":39,"type":"second-order-broadcast"}}
2024/05/27 19:51:35 Sent {"src":"n0","dest":"n1","body":{"message":39,"type":"second-order-broadcast"}}
2024/05/27 19:51:35 Sent {"src":"n0","dest":"n2","body":{"message":39,"type":"second-order-broadcast"}}
2024/05/27 19:51:35 Sent {"src":"n0","dest":"n3","body":{"message":39,"type":"second-order-broadcast"}}
2024/05/27 19:51:35 Sent {"src":"n0","dest":"n4","body":{"message":39,"type":"second-order-broadcast"}}
2024/05/27 19:51:35 Sent {"src":"n0","dest":"c10","body":{"in_reply_to":23,"type":"broadcast_ok"}}
2024/05/27 19:51:35 Received {n4 n0 {"in_reply_to":0,"type":"second_order_broadcast_ok"}}
2024/05/27 19:51:35 Received {n4 n0 {"in_reply_to":0,"type":"second_order_broadcast_ok"}}
2024/05/27 19:51:35 Received {n2 n0 {"in_reply_to":0,"type":"second_order_broadcast_ok"}}
2024/05/27 19:51:35 Received {n1 n0 {"in_reply_to":0,"type":"second_order_broadcast_ok"}}
2024/05/27 19:51:35 Received {n3 n0 {"in_reply_to":0,"type":"second_order_broadcast_ok"}}
2024/05/27 19:51:35 Received {n1 n0 {"message":40,"type":"second-order-broadcast"}}
2024/05/27 19:51:35 Sent {"src":"n0","dest":"n1","body":{"in_reply_to":0,"type":"second_order_broadcast_ok"}}
2024/05/27 19:51:35 Received {n4 n0 {"message":41,"type":"second-order-broadcast"}}
2024/05/27 19:51:35 Sent {"src":"n0","dest":"n4","body":{"in_reply_to":0,"type":"second_order_broadcast_ok"}}
2024/05/27 19:51:35 Received {c10 n0 {"type":"broadcast","message":42,"msg_id":24}}
2024/05/27 19:51:35 Sent {"src":"n0","dest":"n4","body":{"message":42,"type":"second-order-broadcast"}}
2024/05/27 19:51:35 Sent {"src":"n0","dest":"n1","body":{"message":42,"type":"second-order-broadcast"}}
2024/05/27 19:51:35 Sent {"src":"n0","dest":"n2","body":{"message":42,"type":"second-order-broadcast"}}
2024/05/27 19:51:35 Sent {"src":"n0","dest":"n3","body":{"message":42,"type":"second-order-broadcast"}}
2024/05/27 19:51:35 Sent {"src":"n0","dest":"n4","body":{"message":42,"type":"second-order-broadcast"}}
2024/05/27 19:51:35 Sent {"src":"n0","dest":"c10","body":{"in_reply_to":24,"type":"broadcast_ok"}}
2024/05/27 19:51:35 Received {n3 n0 {"in_reply_to":0,"type":"second_order_broadcast_ok"}}
2024/05/27 19:51:35 Received {n2 n0 {"in_reply_to":0,"type":"second_order_broadcast_ok"}}
2024/05/27 19:51:35 Received {n1 n0 {"in_reply_to":0,"type":"second_order_broadcast_ok"}}
2024/05/27 19:51:35 Received {n4 n0 {"in_reply_to":0,"type":"second_order_broadcast_ok"}}
2024/05/27 19:51:35 Received {n4 n0 {"in_reply_to":0,"type":"second_order_broadcast_ok"}}
2024/05/27 19:51:36 Received {c10 n0 {"type":"read","msg_id":25}}
2024/05/27 19:51:36 Sent {"src":"n0","dest":"c10","body":{"in_reply_to":25,"messages":[0,1,2,3,4,5,6,7,8,9,10,11,12,13,14,15,17,16,18,19,20,21,22,23,24,25,26,27,28,29,30,31,32,33,34,35,36,37,38,39,40,41,42],"msg_id":25,"type":"read_ok"}}
2024/05/27 19:51:36 Received {n1 n0 {"message":43,"type":"second-order-broadcast"}}
2024/05/27 19:51:36 Sent {"src":"n0","dest":"n1","body":{"in_reply_to":0,"type":"second_order_broadcast_ok"}}
2024/05/27 19:51:36 Received {n2 n0 {"message":44,"type":"second-order-broadcast"}}
2024/05/27 19:51:36 Sent {"src":"n0","dest":"n2","body":{"in_reply_to":0,"type":"second_order_broadcast_ok"}}
2024/05/27 19:51:36 Received {c10 n0 {"type":"broadcast","message":45,"msg_id":26}}
2024/05/27 19:51:36 Sent {"src":"n0","dest":"n4","body":{"message":45,"type":"second-order-broadcast"}}
2024/05/27 19:51:36 Sent {"src":"n0","dest":"n1","body":{"message":45,"type":"second-order-broadcast"}}
2024/05/27 19:51:36 Sent {"src":"n0","dest":"n2","body":{"message":45,"type":"second-order-broadcast"}}
2024/05/27 19:51:36 Sent {"src":"n0","dest":"n3","body":{"message":45,"type":"second-order-broadcast"}}
2024/05/27 19:51:36 Sent {"src":"n0","dest":"n4","body":{"message":45,"type":"second-order-broadcast"}}
2024/05/27 19:51:36 Sent {"src":"n0","dest":"c10","body":{"in_reply_to":26,"type":"broadcast_ok"}}
2024/05/27 19:51:36 Received {n1 n0 {"in_reply_to":0,"type":"second_order_broadcast_ok"}}
2024/05/27 19:51:36 Received {n2 n0 {"in_reply_to":0,"type":"second_order_broadcast_ok"}}
2024/05/27 19:51:36 Received {n4 n0 {"in_reply_to":0,"type":"second_order_broadcast_ok"}}
2024/05/27 19:51:36 Received {n4 n0 {"in_reply_to":0,"type":"second_order_broadcast_ok"}}
2024/05/27 19:51:36 Received {n3 n0 {"in_reply_to":0,"type":"second_order_broadcast_ok"}}
2024/05/27 19:51:36 Received {c10 n0 {"type":"broadcast","message":46,"msg_id":27}}
2024/05/27 19:51:36 Sent {"src":"n0","dest":"n4","body":{"message":46,"type":"second-order-broadcast"}}
2024/05/27 19:51:36 Sent {"src":"n0","dest":"n1","body":{"message":46,"type":"second-order-broadcast"}}
2024/05/27 19:51:36 Sent {"src":"n0","dest":"n2","body":{"message":46,"type":"second-order-broadcast"}}
2024/05/27 19:51:36 Sent {"src":"n0","dest":"n3","body":{"message":46,"type":"second-order-broadcast"}}
2024/05/27 19:51:36 Sent {"src":"n0","dest":"n4","body":{"message":46,"type":"second-order-broadcast"}}
2024/05/27 19:51:36 Sent {"src":"n0","dest":"c10","body":{"in_reply_to":27,"type":"broadcast_ok"}}
2024/05/27 19:51:36 Received {n3 n0 {"in_reply_to":0,"type":"second_order_broadcast_ok"}}
2024/05/27 19:51:36 Received {n2 n0 {"in_reply_to":0,"type":"second_order_broadcast_ok"}}
2024/05/27 19:51:36 Received {n1 n0 {"in_reply_to":0,"type":"second_order_broadcast_ok"}}
2024/05/27 19:51:36 Received {n4 n0 {"in_reply_to":0,"type":"second_order_broadcast_ok"}}
2024/05/27 19:51:36 Received {n4 n0 {"in_reply_to":0,"type":"second_order_broadcast_ok"}}
2024/05/27 19:51:37 Received {n3 n0 {"message":47,"type":"second-order-broadcast"}}
2024/05/27 19:51:37 Sent {"src":"n0","dest":"n3","body":{"in_reply_to":0,"type":"second_order_broadcast_ok"}}
2024/05/27 19:51:37 Received {c10 n0 {"type":"read","msg_id":28}}
2024/05/27 19:51:37 Sent {"src":"n0","dest":"c10","body":{"in_reply_to":28,"messages":[0,1,2,3,4,5,6,7,8,9,10,11,12,13,14,15,17,16,18,19,20,21,22,23,24,25,26,27,28,29,30,31,32,33,34,35,36,37,38,39,40,41,42,43,44,45,46,47],"msg_id":28,"type":"read_ok"}}
2024/05/27 19:51:37 Received {c10 n0 {"type":"broadcast","message":48,"msg_id":29}}
2024/05/27 19:51:37 Sent {"src":"n0","dest":"n4","body":{"message":48,"type":"second-order-broadcast"}}
2024/05/27 19:51:37 Sent {"src":"n0","dest":"n1","body":{"message":48,"type":"second-order-broadcast"}}
2024/05/27 19:51:37 Sent {"src":"n0","dest":"n2","body":{"message":48,"type":"second-order-broadcast"}}
2024/05/27 19:51:37 Sent {"src":"n0","dest":"n3","body":{"message":48,"type":"second-order-broadcast"}}
2024/05/27 19:51:37 Sent {"src":"n0","dest":"n4","body":{"message":48,"type":"second-order-broadcast"}}
2024/05/27 19:51:37 Sent {"src":"n0","dest":"c10","body":{"in_reply_to":29,"type":"broadcast_ok"}}
2024/05/27 19:51:37 Received {n2 n0 {"in_reply_to":0,"type":"second_order_broadcast_ok"}}
2024/05/27 19:51:37 Received {n4 n0 {"in_reply_to":0,"type":"second_order_broadcast_ok"}}
2024/05/27 19:51:37 Received {n4 n0 {"in_reply_to":0,"type":"second_order_broadcast_ok"}}
2024/05/27 19:51:37 Received {n1 n0 {"in_reply_to":0,"type":"second_order_broadcast_ok"}}
2024/05/27 19:51:37 Received {n3 n0 {"in_reply_to":0,"type":"second_order_broadcast_ok"}}
2024/05/27 19:51:37 Received {n2 n0 {"message":49,"type":"second-order-broadcast"}}
2024/05/27 19:51:37 Sent {"src":"n0","dest":"n2","body":{"in_reply_to":0,"type":"second_order_broadcast_ok"}}
2024/05/27 19:51:37 Received {n3 n0 {"message":50,"type":"second-order-broadcast"}}
2024/05/27 19:51:37 Sent {"src":"n0","dest":"n3","body":{"in_reply_to":0,"type":"second_order_broadcast_ok"}}
2024/05/27 19:51:37 Received {n4 n0 {"message":51,"type":"second-order-broadcast"}}
2024/05/27 19:51:37 Sent {"src":"n0","dest":"n4","body":{"in_reply_to":0,"type":"second_order_broadcast_ok"}}
2024/05/27 19:51:38 Received {c10 n0 {"type":"broadcast","message":52,"msg_id":30}}
2024/05/27 19:51:38 Sent {"src":"n0","dest":"n4","body":{"message":52,"type":"second-order-broadcast"}}
2024/05/27 19:51:38 Sent {"src":"n0","dest":"n1","body":{"message":52,"type":"second-order-broadcast"}}
2024/05/27 19:51:38 Sent {"src":"n0","dest":"n2","body":{"message":52,"type":"second-order-broadcast"}}
2024/05/27 19:51:38 Sent {"src":"n0","dest":"n3","body":{"message":52,"type":"second-order-broadcast"}}
2024/05/27 19:51:38 Sent {"src":"n0","dest":"n4","body":{"message":52,"type":"second-order-broadcast"}}
2024/05/27 19:51:38 Sent {"src":"n0","dest":"c10","body":{"in_reply_to":30,"type":"broadcast_ok"}}
2024/05/27 19:51:38 Received {n1 n0 {"in_reply_to":0,"type":"second_order_broadcast_ok"}}
2024/05/27 19:51:38 Received {n4 n0 {"in_reply_to":0,"type":"second_order_broadcast_ok"}}
2024/05/27 19:51:38 Received {n2 n0 {"in_reply_to":0,"type":"second_order_broadcast_ok"}}
2024/05/27 19:51:38 Received {n3 n0 {"in_reply_to":0,"type":"second_order_broadcast_ok"}}
2024/05/27 19:51:38 Received {n4 n0 {"in_reply_to":0,"type":"second_order_broadcast_ok"}}
2024/05/27 19:51:38 Received {c10 n0 {"type":"broadcast","message":53,"msg_id":31}}
2024/05/27 19:51:38 Sent {"src":"n0","dest":"n4","body":{"message":53,"type":"second-order-broadcast"}}
2024/05/27 19:51:38 Sent {"src":"n0","dest":"n1","body":{"message":53,"type":"second-order-broadcast"}}
2024/05/27 19:51:38 Sent {"src":"n0","dest":"n2","body":{"message":53,"type":"second-order-broadcast"}}
2024/05/27 19:51:38 Sent {"src":"n0","dest":"n3","body":{"message":53,"type":"second-order-broadcast"}}
2024/05/27 19:51:38 Sent {"src":"n0","dest":"n4","body":{"message":53,"type":"second-order-broadcast"}}
2024/05/27 19:51:38 Sent {"src":"n0","dest":"c10","body":{"in_reply_to":31,"type":"broadcast_ok"}}
2024/05/27 19:51:38 Received {n2 n0 {"in_reply_to":0,"type":"second_order_broadcast_ok"}}
2024/05/27 19:51:38 Received {n3 n0 {"in_reply_to":0,"type":"second_order_broadcast_ok"}}
2024/05/27 19:51:38 Received {n4 n0 {"in_reply_to":0,"type":"second_order_broadcast_ok"}}
2024/05/27 19:51:38 Received {n1 n0 {"in_reply_to":0,"type":"second_order_broadcast_ok"}}
2024/05/27 19:51:38 Received {n4 n0 {"in_reply_to":0,"type":"second_order_broadcast_ok"}}
2024/05/27 19:51:38 Received {n1 n0 {"message":54,"type":"second-order-broadcast"}}
2024/05/27 19:51:38 Sent {"src":"n0","dest":"n1","body":{"in_reply_to":0,"type":"second_order_broadcast_ok"}}
2024/05/27 19:51:38 Received {n2 n0 {"message":55,"type":"second-order-broadcast"}}
2024/05/27 19:51:38 Sent {"src":"n0","dest":"n2","body":{"in_reply_to":0,"type":"second_order_broadcast_ok"}}
2024/05/27 19:51:38 Received {n3 n0 {"message":56,"type":"second-order-broadcast"}}
2024/05/27 19:51:38 Sent {"src":"n0","dest":"n3","body":{"in_reply_to":0,"type":"second_order_broadcast_ok"}}
2024/05/27 19:51:38 Received {c10 n0 {"type":"broadcast","message":57,"msg_id":32}}
2024/05/27 19:51:38 Sent {"src":"n0","dest":"n4","body":{"message":57,"type":"second-order-broadcast"}}
2024/05/27 19:51:38 Sent {"src":"n0","dest":"n1","body":{"message":57,"type":"second-order-broadcast"}}
2024/05/27 19:51:38 Sent {"src":"n0","dest":"n2","body":{"message":57,"type":"second-order-broadcast"}}
2024/05/27 19:51:38 Sent {"src":"n0","dest":"n3","body":{"message":57,"type":"second-order-broadcast"}}
2024/05/27 19:51:38 Sent {"src":"n0","dest":"n4","body":{"message":57,"type":"second-order-broadcast"}}
2024/05/27 19:51:38 Sent {"src":"n0","dest":"c10","body":{"in_reply_to":32,"type":"broadcast_ok"}}
2024/05/27 19:51:38 Received {n4 n0 {"in_reply_to":0,"type":"second_order_broadcast_ok"}}
2024/05/27 19:51:38 Received {n2 n0 {"in_reply_to":0,"type":"second_order_broadcast_ok"}}
2024/05/27 19:51:38 Received {n4 n0 {"in_reply_to":0,"type":"second_order_broadcast_ok"}}
2024/05/27 19:51:38 Received {n3 n0 {"in_reply_to":0,"type":"second_order_broadcast_ok"}}
2024/05/27 19:51:38 Received {n1 n0 {"in_reply_to":0,"type":"second_order_broadcast_ok"}}
2024/05/27 19:51:39 Received {c10 n0 {"type":"broadcast","message":58,"msg_id":33}}
2024/05/27 19:51:39 Sent {"src":"n0","dest":"n4","body":{"message":58,"type":"second-order-broadcast"}}
2024/05/27 19:51:39 Sent {"src":"n0","dest":"n1","body":{"message":58,"type":"second-order-broadcast"}}
2024/05/27 19:51:39 Sent {"src":"n0","dest":"n2","body":{"message":58,"type":"second-order-broadcast"}}
2024/05/27 19:51:39 Sent {"src":"n0","dest":"n3","body":{"message":58,"type":"second-order-broadcast"}}
2024/05/27 19:51:39 Sent {"src":"n0","dest":"n4","body":{"message":58,"type":"second-order-broadcast"}}
2024/05/27 19:51:39 Sent {"src":"n0","dest":"c10","body":{"in_reply_to":33,"type":"broadcast_ok"}}
2024/05/27 19:51:39 Received {n2 n0 {"in_reply_to":0,"type":"second_order_broadcast_ok"}}
2024/05/27 19:51:39 Received {n3 n0 {"in_reply_to":0,"type":"second_order_broadcast_ok"}}
2024/05/27 19:51:39 Received {n1 n0 {"in_reply_to":0,"type":"second_order_broadcast_ok"}}
2024/05/27 19:51:39 Received {n4 n0 {"in_reply_to":0,"type":"second_order_broadcast_ok"}}
2024/05/27 19:51:39 Received {n4 n0 {"in_reply_to":0,"type":"second_order_broadcast_ok"}}
2024/05/27 19:51:39 Received {n1 n0 {"message":59,"type":"second-order-broadcast"}}
2024/05/27 19:51:39 Sent {"src":"n0","dest":"n1","body":{"in_reply_to":0,"type":"second_order_broadcast_ok"}}
2024/05/27 19:51:39 Received {c10 n0 {"type":"read","msg_id":34}}
2024/05/27 19:51:39 Sent {"src":"n0","dest":"c10","body":{"in_reply_to":34,"messages":[0,1,2,3,4,5,6,7,8,9,10,11,12,13,14,15,17,16,18,19,20,21,22,23,24,25,26,27,28,29,30,31,32,33,34,35,36,37,38,39,40,41,42,43,44,45,46,47,48,49,50,51,52,53,54,55,56,57,58,59],"msg_id":34,"type":"read_ok"}}
2024/05/27 19:51:39 Received {c10 n0 {"type":"read","msg_id":35}}
2024/05/27 19:51:39 Sent {"src":"n0","dest":"c10","body":{"in_reply_to":35,"messages":[0,1,2,3,4,5,6,7,8,9,10,11,12,13,14,15,17,16,18,19,20,21,22,23,24,25,26,27,28,29,30,31,32,33,34,35,36,37,38,39,40,41,42,43,44,45,46,47,48,49,50,51,52,53,54,55,56,57,58,59],"msg_id":35,"type":"read_ok"}}
2024/05/27 19:51:39 Received {n2 n0 {"message":60,"type":"second-order-broadcast"}}
2024/05/27 19:51:39 Sent {"src":"n0","dest":"n2","body":{"in_reply_to":0,"type":"second_order_broadcast_ok"}}
2024/05/27 19:51:40 Received {n4 n0 {"message":61,"type":"second-order-broadcast"}}
2024/05/27 19:51:40 Sent {"src":"n0","dest":"n4","body":{"in_reply_to":0,"type":"second_order_broadcast_ok"}}
2024/05/27 19:51:40 Received {c10 n0 {"type":"broadcast","message":62,"msg_id":36}}
2024/05/27 19:51:40 Sent {"src":"n0","dest":"n4","body":{"message":62,"type":"second-order-broadcast"}}
2024/05/27 19:51:40 Sent {"src":"n0","dest":"n1","body":{"message":62,"type":"second-order-broadcast"}}
2024/05/27 19:51:40 Sent {"src":"n0","dest":"n2","body":{"message":62,"type":"second-order-broadcast"}}
2024/05/27 19:51:40 Sent {"src":"n0","dest":"n3","body":{"message":62,"type":"second-order-broadcast"}}
2024/05/27 19:51:40 Sent {"src":"n0","dest":"n4","body":{"message":62,"type":"second-order-broadcast"}}
2024/05/27 19:51:40 Sent {"src":"n0","dest":"c10","body":{"in_reply_to":36,"type":"broadcast_ok"}}
2024/05/27 19:51:40 Received {n1 n0 {"in_reply_to":0,"type":"second_order_broadcast_ok"}}
2024/05/27 19:51:40 Received {n2 n0 {"in_reply_to":0,"type":"second_order_broadcast_ok"}}
2024/05/27 19:51:40 Received {n3 n0 {"in_reply_to":0,"type":"second_order_broadcast_ok"}}
2024/05/27 19:51:40 Received {n4 n0 {"in_reply_to":0,"type":"second_order_broadcast_ok"}}
2024/05/27 19:51:40 Received {n4 n0 {"in_reply_to":0,"type":"second_order_broadcast_ok"}}
2024/05/27 19:51:40 Received {c10 n0 {"type":"broadcast","message":63,"msg_id":37}}
2024/05/27 19:51:40 Sent {"src":"n0","dest":"n4","body":{"message":63,"type":"second-order-broadcast"}}
2024/05/27 19:51:40 Sent {"src":"n0","dest":"n1","body":{"message":63,"type":"second-order-broadcast"}}
2024/05/27 19:51:40 Sent {"src":"n0","dest":"n2","body":{"message":63,"type":"second-order-broadcast"}}
2024/05/27 19:51:40 Sent {"src":"n0","dest":"n3","body":{"message":63,"type":"second-order-broadcast"}}
2024/05/27 19:51:40 Sent {"src":"n0","dest":"n4","body":{"message":63,"type":"second-order-broadcast"}}
2024/05/27 19:51:40 Sent {"src":"n0","dest":"c10","body":{"in_reply_to":37,"type":"broadcast_ok"}}
2024/05/27 19:51:40 Received {n1 n0 {"in_reply_to":0,"type":"second_order_broadcast_ok"}}
2024/05/27 19:51:40 Received {n2 n0 {"in_reply_to":0,"type":"second_order_broadcast_ok"}}
2024/05/27 19:51:40 Received {n3 n0 {"in_reply_to":0,"type":"second_order_broadcast_ok"}}
2024/05/27 19:51:40 Received {n4 n0 {"in_reply_to":0,"type":"second_order_broadcast_ok"}}
2024/05/27 19:51:40 Received {n4 n0 {"in_reply_to":0,"type":"second_order_broadcast_ok"}}
2024/05/27 19:51:40 Received {n1 n0 {"message":64,"type":"second-order-broadcast"}}
2024/05/27 19:51:40 Sent {"src":"n0","dest":"n1","body":{"in_reply_to":0,"type":"second_order_broadcast_ok"}}
2024/05/27 19:51:40 Received {n3 n0 {"message":65,"type":"second-order-broadcast"}}
2024/05/27 19:51:40 Sent {"src":"n0","dest":"n3","body":{"in_reply_to":0,"type":"second_order_broadcast_ok"}}
2024/05/27 19:51:40 Received {c10 n0 {"type":"broadcast","message":66,"msg_id":38}}
2024/05/27 19:51:40 Sent {"src":"n0","dest":"n4","body":{"message":66,"type":"second-order-broadcast"}}
2024/05/27 19:51:40 Sent {"src":"n0","dest":"n1","body":{"message":66,"type":"second-order-broadcast"}}
2024/05/27 19:51:40 Sent {"src":"n0","dest":"n2","body":{"message":66,"type":"second-order-broadcast"}}
2024/05/27 19:51:40 Sent {"src":"n0","dest":"n3","body":{"message":66,"type":"second-order-broadcast"}}
2024/05/27 19:51:40 Sent {"src":"n0","dest":"n4","body":{"message":66,"type":"second-order-broadcast"}}
2024/05/27 19:51:40 Sent {"src":"n0","dest":"c10","body":{"in_reply_to":38,"type":"broadcast_ok"}}
2024/05/27 19:51:40 Received {n1 n0 {"in_reply_to":0,"type":"second_order_broadcast_ok"}}
2024/05/27 19:51:40 Received {n3 n0 {"in_reply_to":0,"type":"second_order_broadcast_ok"}}
2024/05/27 19:51:40 Received {n4 n0 {"in_reply_to":0,"type":"second_order_broadcast_ok"}}
2024/05/27 19:51:40 Received {n2 n0 {"in_reply_to":0,"type":"second_order_broadcast_ok"}}
2024/05/27 19:51:40 Received {n4 n0 {"in_reply_to":0,"type":"second_order_broadcast_ok"}}
2024/05/27 19:51:41 Received {c10 n0 {"type":"read","msg_id":39}}
2024/05/27 19:51:41 Sent {"src":"n0","dest":"c10","body":{"in_reply_to":39,"messages":[0,1,2,3,4,5,6,7,8,9,10,11,12,13,14,15,17,16,18,19,20,21,22,23,24,25,26,27,28,29,30,31,32,33,34,35,36,37,38,39,40,41,42,43,44,45,46,47,48,49,50,51,52,53,54,55,56,57,58,59,60,61,62,63,64,65,66],"msg_id":39,"type":"read_ok"}}
2024/05/27 19:51:41 Received {n1 n0 {"message":67,"type":"second-order-broadcast"}}
2024/05/27 19:51:41 Sent {"src":"n0","dest":"n1","body":{"in_reply_to":0,"type":"second_order_broadcast_ok"}}
2024/05/27 19:51:41 Received {n2 n0 {"message":68,"type":"second-order-broadcast"}}
2024/05/27 19:51:41 Sent {"src":"n0","dest":"n2","body":{"in_reply_to":0,"type":"second_order_broadcast_ok"}}
2024/05/27 19:51:41 Received {n4 n0 {"message":69,"type":"second-order-broadcast"}}
2024/05/27 19:51:41 Sent {"src":"n0","dest":"n4","body":{"in_reply_to":0,"type":"second_order_broadcast_ok"}}
2024/05/27 19:51:41 Received {c10 n0 {"type":"broadcast","message":70,"msg_id":40}}
2024/05/27 19:51:41 Sent {"src":"n0","dest":"n4","body":{"message":70,"type":"second-order-broadcast"}}
2024/05/27 19:51:41 Sent {"src":"n0","dest":"n1","body":{"message":70,"type":"second-order-broadcast"}}
2024/05/27 19:51:41 Sent {"src":"n0","dest":"n2","body":{"message":70,"type":"second-order-broadcast"}}
2024/05/27 19:51:41 Sent {"src":"n0","dest":"n3","body":{"message":70,"type":"second-order-broadcast"}}
2024/05/27 19:51:41 Sent {"src":"n0","dest":"n4","body":{"message":70,"type":"second-order-broadcast"}}
2024/05/27 19:51:41 Sent {"src":"n0","dest":"c10","body":{"in_reply_to":40,"type":"broadcast_ok"}}
2024/05/27 19:51:41 Received {n1 n0 {"in_reply_to":0,"type":"second_order_broadcast_ok"}}
2024/05/27 19:51:41 Received {n4 n0 {"in_reply_to":0,"type":"second_order_broadcast_ok"}}
2024/05/27 19:51:41 Received {n2 n0 {"in_reply_to":0,"type":"second_order_broadcast_ok"}}
2024/05/27 19:51:41 Received {n3 n0 {"in_reply_to":0,"type":"second_order_broadcast_ok"}}
2024/05/27 19:51:41 Received {n4 n0 {"in_reply_to":0,"type":"second_order_broadcast_ok"}}
2024/05/27 19:51:41 Received {c10 n0 {"type":"read","msg_id":41}}
2024/05/27 19:51:41 Sent {"src":"n0","dest":"c10","body":{"in_reply_to":41,"messages":[0,1,2,3,4,5,6,7,8,9,10,11,12,13,14,15,17,16,18,19,20,21,22,23,24,25,26,27,28,29,30,31,32,33,34,35,36,37,38,39,40,41,42,43,44,45,46,47,48,49,50,51,52,53,54,55,56,57,58,59,60,61,62,63,64,65,66,67,68,69,70],"msg_id":41,"type":"read_ok"}}
2024/05/27 19:51:41 Received {n1 n0 {"message":71,"type":"second-order-broadcast"}}
2024/05/27 19:51:41 Sent {"src":"n0","dest":"n1","body":{"in_reply_to":0,"type":"second_order_broadcast_ok"}}
2024/05/27 19:51:41 Received {n2 n0 {"message":72,"type":"second-order-broadcast"}}
2024/05/27 19:51:41 Sent {"src":"n0","dest":"n2","body":{"in_reply_to":0,"type":"second_order_broadcast_ok"}}
2024/05/27 19:51:42 Received {n3 n0 {"message":73,"type":"second-order-broadcast"}}
2024/05/27 19:51:42 Sent {"src":"n0","dest":"n3","body":{"in_reply_to":0,"type":"second_order_broadcast_ok"}}
2024/05/27 19:51:42 Received {n4 n0 {"message":74,"type":"second-order-broadcast"}}
2024/05/27 19:51:42 Sent {"src":"n0","dest":"n4","body":{"in_reply_to":0,"type":"second_order_broadcast_ok"}}
2024/05/27 19:51:42 Received {c10 n0 {"type":"broadcast","message":75,"msg_id":42}}
2024/05/27 19:51:42 Sent {"src":"n0","dest":"n4","body":{"message":75,"type":"second-order-broadcast"}}
2024/05/27 19:51:42 Sent {"src":"n0","dest":"n1","body":{"message":75,"type":"second-order-broadcast"}}
2024/05/27 19:51:42 Sent {"src":"n0","dest":"n2","body":{"message":75,"type":"second-order-broadcast"}}
2024/05/27 19:51:42 Sent {"src":"n0","dest":"n3","body":{"message":75,"type":"second-order-broadcast"}}
2024/05/27 19:51:42 Sent {"src":"n0","dest":"n4","body":{"message":75,"type":"second-order-broadcast"}}
2024/05/27 19:51:42 Sent {"src":"n0","dest":"c10","body":{"in_reply_to":42,"type":"broadcast_ok"}}
2024/05/27 19:51:42 Received {n2 n0 {"in_reply_to":0,"type":"second_order_broadcast_ok"}}
2024/05/27 19:51:42 Received {n3 n0 {"in_reply_to":0,"type":"second_order_broadcast_ok"}}
2024/05/27 19:51:42 Received {n1 n0 {"in_reply_to":0,"type":"second_order_broadcast_ok"}}
2024/05/27 19:51:42 Received {n4 n0 {"in_reply_to":0,"type":"second_order_broadcast_ok"}}
2024/05/27 19:51:42 Received {n4 n0 {"in_reply_to":0,"type":"second_order_broadcast_ok"}}
2024/05/27 19:51:42 Received {c10 n0 {"type":"read","msg_id":43}}
2024/05/27 19:51:42 Sent {"src":"n0","dest":"c10","body":{"in_reply_to":43,"messages":[0,1,2,3,4,5,6,7,8,9,10,11,12,13,14,15,17,16,18,19,20,21,22,23,24,25,26,27,28,29,30,31,32,33,34,35,36,37,38,39,40,41,42,43,44,45,46,47,48,49,50,51,52,53,54,55,56,57,58,59,60,61,62,63,64,65,66,67,68,69,70,71,72,73,74,75],"msg_id":43,"type":"read_ok"}}
2024/05/27 19:51:42 Received {n3 n0 {"message":76,"type":"second-order-broadcast"}}
2024/05/27 19:51:42 Sent {"src":"n0","dest":"n3","body":{"in_reply_to":0,"type":"second_order_broadcast_ok"}}
2024/05/27 19:51:42 Received {n4 n0 {"message":77,"type":"second-order-broadcast"}}
2024/05/27 19:51:42 Sent {"src":"n0","dest":"n4","body":{"in_reply_to":0,"type":"second_order_broadcast_ok"}}
2024/05/27 19:51:42 Received {c10 n0 {"type":"broadcast","message":78,"msg_id":44}}
2024/05/27 19:51:42 Sent {"src":"n0","dest":"n4","body":{"message":78,"type":"second-order-broadcast"}}
2024/05/27 19:51:42 Sent {"src":"n0","dest":"n1","body":{"message":78,"type":"second-order-broadcast"}}
2024/05/27 19:51:42 Sent {"src":"n0","dest":"n2","body":{"message":78,"type":"second-order-broadcast"}}
2024/05/27 19:51:42 Sent {"src":"n0","dest":"n3","body":{"message":78,"type":"second-order-broadcast"}}
2024/05/27 19:51:42 Sent {"src":"n0","dest":"n4","body":{"message":78,"type":"second-order-broadcast"}}
2024/05/27 19:51:42 Sent {"src":"n0","dest":"c10","body":{"in_reply_to":44,"type":"broadcast_ok"}}
2024/05/27 19:51:42 Received {n2 n0 {"in_reply_to":0,"type":"second_order_broadcast_ok"}}
2024/05/27 19:51:42 Received {n1 n0 {"in_reply_to":0,"type":"second_order_broadcast_ok"}}
2024/05/27 19:51:42 Received {n4 n0 {"in_reply_to":0,"type":"second_order_broadcast_ok"}}
2024/05/27 19:51:42 Received {n4 n0 {"in_reply_to":0,"type":"second_order_broadcast_ok"}}
2024/05/27 19:51:42 Received {n3 n0 {"in_reply_to":0,"type":"second_order_broadcast_ok"}}
2024/05/27 19:51:42 Received {c10 n0 {"type":"read","msg_id":45}}
2024/05/27 19:51:42 Sent {"src":"n0","dest":"c10","body":{"in_reply_to":45,"messages":[0,1,2,3,4,5,6,7,8,9,10,11,12,13,14,15,17,16,18,19,20,21,22,23,24,25,26,27,28,29,30,31,32,33,34,35,36,37,38,39,40,41,42,43,44,45,46,47,48,49,50,51,52,53,54,55,56,57,58,59,60,61,62,63,64,65,66,67,68,69,70,71,72,73,74,75,76,77,78],"msg_id":45,"type":"read_ok"}}
2024/05/27 19:51:42 Received {n1 n0 {"message":79,"type":"second-order-broadcast"}}
2024/05/27 19:51:42 Sent {"src":"n0","dest":"n1","body":{"in_reply_to":0,"type":"second_order_broadcast_ok"}}
2024/05/27 19:51:43 Received {n2 n0 {"message":80,"type":"second-order-broadcast"}}
2024/05/27 19:51:43 Sent {"src":"n0","dest":"n2","body":{"in_reply_to":0,"type":"second_order_broadcast_ok"}}
2024/05/27 19:51:43 Received {n3 n0 {"message":81,"type":"second-order-broadcast"}}
2024/05/27 19:51:43 Sent {"src":"n0","dest":"n3","body":{"in_reply_to":0,"type":"second_order_broadcast_ok"}}
2024/05/27 19:51:43 Received {n4 n0 {"message":82,"type":"second-order-broadcast"}}
2024/05/27 19:51:43 Sent {"src":"n0","dest":"n4","body":{"in_reply_to":0,"type":"second_order_broadcast_ok"}}
2024/05/27 19:51:43 Received {c10 n0 {"type":"read","msg_id":46}}
2024/05/27 19:51:43 Sent {"src":"n0","dest":"c10","body":{"in_reply_to":46,"messages":[0,1,2,3,4,5,6,7,8,9,10,11,12,13,14,15,17,16,18,19,20,21,22,23,24,25,26,27,28,29,30,31,32,33,34,35,36,37,38,39,40,41,42,43,44,45,46,47,48,49,50,51,52,53,54,55,56,57,58,59,60,61,62,63,64,65,66,67,68,69,70,71,72,73,74,75,76,77,78,79,80,81,82],"msg_id":46,"type":"read_ok"}}
2024/05/27 19:51:43 Received {c10 n0 {"type":"broadcast","message":83,"msg_id":47}}
2024/05/27 19:51:43 Sent {"src":"n0","dest":"n4","body":{"message":83,"type":"second-order-broadcast"}}
2024/05/27 19:51:43 Sent {"src":"n0","dest":"n1","body":{"message":83,"type":"second-order-broadcast"}}
2024/05/27 19:51:43 Sent {"src":"n0","dest":"n2","body":{"message":83,"type":"second-order-broadcast"}}
2024/05/27 19:51:43 Sent {"src":"n0","dest":"n3","body":{"message":83,"type":"second-order-broadcast"}}
2024/05/27 19:51:43 Sent {"src":"n0","dest":"n4","body":{"message":83,"type":"second-order-broadcast"}}
2024/05/27 19:51:43 Sent {"src":"n0","dest":"c10","body":{"in_reply_to":47,"type":"broadcast_ok"}}
2024/05/27 19:51:43 Received {n2 n0 {"in_reply_to":0,"type":"second_order_broadcast_ok"}}
2024/05/27 19:51:43 Received {n3 n0 {"in_reply_to":0,"type":"second_order_broadcast_ok"}}
2024/05/27 19:51:43 Received {n1 n0 {"in_reply_to":0,"type":"second_order_broadcast_ok"}}
2024/05/27 19:51:43 Received {n4 n0 {"in_reply_to":0,"type":"second_order_broadcast_ok"}}
2024/05/27 19:51:43 Received {n4 n0 {"in_reply_to":0,"type":"second_order_broadcast_ok"}}
2024/05/27 19:51:43 Received {n1 n0 {"message":84,"type":"second-order-broadcast"}}
2024/05/27 19:51:43 Sent {"src":"n0","dest":"n1","body":{"in_reply_to":0,"type":"second_order_broadcast_ok"}}
2024/05/27 19:51:43 Received {c10 n0 {"type":"read","msg_id":48}}
2024/05/27 19:51:43 Sent {"src":"n0","dest":"c10","body":{"in_reply_to":48,"messages":[0,1,2,3,4,5,6,7,8,9,10,11,12,13,14,15,17,16,18,19,20,21,22,23,24,25,26,27,28,29,30,31,32,33,34,35,36,37,38,39,40,41,42,43,44,45,46,47,48,49,50,51,52,53,54,55,56,57,58,59,60,61,62,63,64,65,66,67,68,69,70,71,72,73,74,75,76,77,78,79,80,81,82,83,84],"msg_id":48,"type":"read_ok"}}
2024/05/27 19:51:43 Received {c10 n0 {"type":"read","msg_id":49}}
2024/05/27 19:51:43 Sent {"src":"n0","dest":"c10","body":{"in_reply_to":49,"messages":[0,1,2,3,4,5,6,7,8,9,10,11,12,13,14,15,17,16,18,19,20,21,22,23,24,25,26,27,28,29,30,31,32,33,34,35,36,37,38,39,40,41,42,43,44,45,46,47,48,49,50,51,52,53,54,55,56,57,58,59,60,61,62,63,64,65,66,67,68,69,70,71,72,73,74,75,76,77,78,79,80,81,82,83,84],"msg_id":49,"type":"read_ok"}}
2024/05/27 19:51:43 Received {n2 n0 {"message":85,"type":"second-order-broadcast"}}
2024/05/27 19:51:43 Sent {"src":"n0","dest":"n2","body":{"in_reply_to":0,"type":"second_order_broadcast_ok"}}
2024/05/27 19:51:44 Received {n3 n0 {"message":86,"type":"second-order-broadcast"}}
2024/05/27 19:51:44 Sent {"src":"n0","dest":"n3","body":{"in_reply_to":0,"type":"second_order_broadcast_ok"}}
2024/05/27 19:51:44 Received {c10 n0 {"type":"broadcast","message":87,"msg_id":50}}
2024/05/27 19:51:44 Sent {"src":"n0","dest":"n4","body":{"message":87,"type":"second-order-broadcast"}}
2024/05/27 19:51:44 Sent {"src":"n0","dest":"n1","body":{"message":87,"type":"second-order-broadcast"}}
2024/05/27 19:51:44 Sent {"src":"n0","dest":"n2","body":{"message":87,"type":"second-order-broadcast"}}
2024/05/27 19:51:44 Sent {"src":"n0","dest":"n3","body":{"message":87,"type":"second-order-broadcast"}}
2024/05/27 19:51:44 Sent {"src":"n0","dest":"n4","body":{"message":87,"type":"second-order-broadcast"}}
2024/05/27 19:51:44 Sent {"src":"n0","dest":"c10","body":{"in_reply_to":50,"type":"broadcast_ok"}}
2024/05/27 19:51:44 Received {n1 n0 {"in_reply_to":0,"type":"second_order_broadcast_ok"}}
2024/05/27 19:51:44 Received {n4 n0 {"in_reply_to":0,"type":"second_order_broadcast_ok"}}
2024/05/27 19:51:44 Received {n4 n0 {"in_reply_to":0,"type":"second_order_broadcast_ok"}}
2024/05/27 19:51:44 Received {n3 n0 {"in_reply_to":0,"type":"second_order_broadcast_ok"}}
2024/05/27 19:51:44 Received {n2 n0 {"in_reply_to":0,"type":"second_order_broadcast_ok"}}
2024/05/27 19:51:44 Received {n1 n0 {"message":88,"type":"second-order-broadcast"}}
2024/05/27 19:51:44 Sent {"src":"n0","dest":"n1","body":{"in_reply_to":0,"type":"second_order_broadcast_ok"}}
2024/05/27 19:51:44 Received {n2 n0 {"message":89,"type":"second-order-broadcast"}}
2024/05/27 19:51:44 Sent {"src":"n0","dest":"n2","body":{"in_reply_to":0,"type":"second_order_broadcast_ok"}}
2024/05/27 19:51:44 Received {c10 n0 {"type":"broadcast","message":90,"msg_id":51}}
2024/05/27 19:51:44 Sent {"src":"n0","dest":"n4","body":{"message":90,"type":"second-order-broadcast"}}
2024/05/27 19:51:44 Sent {"src":"n0","dest":"n1","body":{"message":90,"type":"second-order-broadcast"}}
2024/05/27 19:51:44 Sent {"src":"n0","dest":"n2","body":{"message":90,"type":"second-order-broadcast"}}
2024/05/27 19:51:44 Sent {"src":"n0","dest":"n3","body":{"message":90,"type":"second-order-broadcast"}}
2024/05/27 19:51:44 Sent {"src":"n0","dest":"n4","body":{"message":90,"type":"second-order-broadcast"}}
2024/05/27 19:51:44 Sent {"src":"n0","dest":"c10","body":{"in_reply_to":51,"type":"broadcast_ok"}}
2024/05/27 19:51:44 Received {n1 n0 {"in_reply_to":0,"type":"second_order_broadcast_ok"}}
2024/05/27 19:51:44 Received {n4 n0 {"in_reply_to":0,"type":"second_order_broadcast_ok"}}
2024/05/27 19:51:44 Received {n4 n0 {"in_reply_to":0,"type":"second_order_broadcast_ok"}}
2024/05/27 19:51:44 Received {n3 n0 {"in_reply_to":0,"type":"second_order_broadcast_ok"}}
2024/05/27 19:51:44 Received {n2 n0 {"in_reply_to":0,"type":"second_order_broadcast_ok"}}
2024/05/27 19:51:44 Received {c10 n0 {"type":"read","msg_id":52}}
2024/05/27 19:51:44 Sent {"src":"n0","dest":"c10","body":{"in_reply_to":52,"messages":[0,1,2,3,4,5,6,7,8,9,10,11,12,13,14,15,17,16,18,19,20,21,22,23,24,25,26,27,28,29,30,31,32,33,34,35,36,37,38,39,40,41,42,43,44,45,46,47,48,49,50,51,52,53,54,55,56,57,58,59,60,61,62,63,64,65,66,67,68,69,70,71,72,73,74,75,76,77,78,79,80,81,82,83,84,85,86,87,88,89,90],"msg_id":52,"type":"read_ok"}}
2024/05/27 19:51:44 Received {n1 n0 {"message":91,"type":"second-order-broadcast"}}
2024/05/27 19:51:44 Sent {"src":"n0","dest":"n1","body":{"in_reply_to":0,"type":"second_order_broadcast_ok"}}
2024/05/27 19:51:44 Received {n2 n0 {"message":92,"type":"second-order-broadcast"}}
2024/05/27 19:51:44 Sent {"src":"n0","dest":"n2","body":{"in_reply_to":0,"type":"second_order_broadcast_ok"}}
2024/05/27 19:51:45 Received {c10 n0 {"type":"broadcast","message":93,"msg_id":53}}
2024/05/27 19:51:45 Sent {"src":"n0","dest":"n4","body":{"message":93,"type":"second-order-broadcast"}}
2024/05/27 19:51:45 Sent {"src":"n0","dest":"n1","body":{"message":93,"type":"second-order-broadcast"}}
2024/05/27 19:51:45 Sent {"src":"n0","dest":"n2","body":{"message":93,"type":"second-order-broadcast"}}
2024/05/27 19:51:45 Sent {"src":"n0","dest":"n3","body":{"message":93,"type":"second-order-broadcast"}}
2024/05/27 19:51:45 Sent {"src":"n0","dest":"n4","body":{"message":93,"type":"second-order-broadcast"}}
2024/05/27 19:51:45 Sent {"src":"n0","dest":"c10","body":{"in_reply_to":53,"type":"broadcast_ok"}}
2024/05/27 19:51:45 Received {n1 n0 {"in_reply_to":0,"type":"second_order_broadcast_ok"}}
2024/05/27 19:51:45 Received {n2 n0 {"in_reply_to":0,"type":"second_order_broadcast_ok"}}
2024/05/27 19:51:45 Received {n3 n0 {"in_reply_to":0,"type":"second_order_broadcast_ok"}}
2024/05/27 19:51:45 Received {n4 n0 {"in_reply_to":0,"type":"second_order_broadcast_ok"}}
2024/05/27 19:51:45 Received {n4 n0 {"in_reply_to":0,"type":"second_order_broadcast_ok"}}
2024/05/27 19:51:45 Received {c10 n0 {"type":"broadcast","message":94,"msg_id":54}}
2024/05/27 19:51:45 Sent {"src":"n0","dest":"n4","body":{"message":94,"type":"second-order-broadcast"}}
2024/05/27 19:51:45 Sent {"src":"n0","dest":"n1","body":{"message":94,"type":"second-order-broadcast"}}
2024/05/27 19:51:45 Sent {"src":"n0","dest":"n2","body":{"message":94,"type":"second-order-broadcast"}}
2024/05/27 19:51:45 Sent {"src":"n0","dest":"n3","body":{"message":94,"type":"second-order-broadcast"}}
2024/05/27 19:51:45 Sent {"src":"n0","dest":"n4","body":{"message":94,"type":"second-order-broadcast"}}
2024/05/27 19:51:45 Sent {"src":"n0","dest":"c10","body":{"in_reply_to":54,"type":"broadcast_ok"}}
2024/05/27 19:51:45 Received {n4 n0 {"in_reply_to":0,"type":"second_order_broadcast_ok"}}
2024/05/27 19:51:45 Received {n1 n0 {"in_reply_to":0,"type":"second_order_broadcast_ok"}}
2024/05/27 19:51:45 Received {n2 n0 {"in_reply_to":0,"type":"second_order_broadcast_ok"}}
2024/05/27 19:51:45 Received {n3 n0 {"in_reply_to":0,"type":"second_order_broadcast_ok"}}
2024/05/27 19:51:45 Received {n4 n0 {"in_reply_to":0,"type":"second_order_broadcast_ok"}}
2024/05/27 19:51:45 Received {n1 n0 {"message":95,"type":"second-order-broadcast"}}
2024/05/27 19:51:45 Sent {"src":"n0","dest":"n1","body":{"in_reply_to":0,"type":"second_order_broadcast_ok"}}
2024/05/27 19:51:45 Received {n2 n0 {"message":96,"type":"second-order-broadcast"}}
2024/05/27 19:51:45 Sent {"src":"n0","dest":"n2","body":{"in_reply_to":0,"type":"second_order_broadcast_ok"}}
2024/05/27 19:51:45 Received {n3 n0 {"message":97,"type":"second-order-broadcast"}}
2024/05/27 19:51:45 Sent {"src":"n0","dest":"n3","body":{"in_reply_to":0,"type":"second_order_broadcast_ok"}}
2024/05/27 19:51:45 Received {c10 n0 {"type":"read","msg_id":55}}
2024/05/27 19:51:45 Sent {"src":"n0","dest":"c10","body":{"in_reply_to":55,"messages":[0,1,2,3,4,5,6,7,8,9,10,11,12,13,14,15,17,16,18,19,20,21,22,23,24,25,26,27,28,29,30,31,32,33,34,35,36,37,38,39,40,41,42,43,44,45,46,47,48,49,50,51,52,53,54,55,56,57,58,59,60,61,62,63,64,65,66,67,68,69,70,71,72,73,74,75,76,77,78,79,80,81,82,83,84,85,86,87,88,89,90,91,92,93,94,95,96,97],"msg_id":55,"type":"read_ok"}}
2024/05/27 19:51:46 Received {c10 n0 {"type":"broadcast","message":98,"msg_id":56}}
2024/05/27 19:51:46 Sent {"src":"n0","dest":"n4","body":{"message":98,"type":"second-order-broadcast"}}
2024/05/27 19:51:46 Sent {"src":"n0","dest":"n1","body":{"message":98,"type":"second-order-broadcast"}}
2024/05/27 19:51:46 Sent {"src":"n0","dest":"n2","body":{"message":98,"type":"second-order-broadcast"}}
2024/05/27 19:51:46 Sent {"src":"n0","dest":"n3","body":{"message":98,"type":"second-order-broadcast"}}
2024/05/27 19:51:46 Sent {"src":"n0","dest":"n4","body":{"message":98,"type":"second-order-broadcast"}}
2024/05/27 19:51:46 Sent {"src":"n0","dest":"c10","body":{"in_reply_to":56,"type":"broadcast_ok"}}
2024/05/27 19:51:46 Received {n2 n0 {"in_reply_to":0,"type":"second_order_broadcast_ok"}}
2024/05/27 19:51:46 Received {n3 n0 {"in_reply_to":0,"type":"second_order_broadcast_ok"}}
2024/05/27 19:51:46 Received {n4 n0 {"in_reply_to":0,"type":"second_order_broadcast_ok"}}
2024/05/27 19:51:46 Received {n4 n0 {"in_reply_to":0,"type":"second_order_broadcast_ok"}}
2024/05/27 19:51:46 Received {n1 n0 {"in_reply_to":0,"type":"second_order_broadcast_ok"}}
2024/05/27 19:51:46 Received {c10 n0 {"type":"read","msg_id":57}}
2024/05/27 19:51:46 Sent {"src":"n0","dest":"c10","body":{"in_reply_to":57,"messages":[0,1,2,3,4,5,6,7,8,9,10,11,12,13,14,15,17,16,18,19,20,21,22,23,24,25,26,27,28,29,30,31,32,33,34,35,36,37,38,39,40,41,42,43,44,45,46,47,48,49,50,51,52,53,54,55,56,57,58,59,60,61,62,63,64,65,66,67,68,69,70,71,72,73,74,75,76,77,78,79,80,81,82,83,84,85,86,87,88,89,90,91,92,93,94,95,96,97,98],"msg_id":57,"type":"read_ok"}}
2024/05/27 19:51:46 Received {c10 n0 {"type":"read","msg_id":58}}
2024/05/27 19:51:46 Sent {"src":"n0","dest":"c10","body":{"in_reply_to":58,"messages":[0,1,2,3,4,5,6,7,8,9,10,11,12,13,14,15,17,16,18,19,20,21,22,23,24,25,26,27,28,29,30,31,32,33,34,35,36,37,38,39,40,41,42,43,44,45,46,47,48,49,50,51,52,53,54,55,56,57,58,59,60,61,62,63,64,65,66,67,68,69,70,71,72,73,74,75,76,77,78,79,80,81,82,83,84,85,86,87,88,89,90,91,92,93,94,95,96,97,98],"msg_id":58,"type":"read_ok"}}
2024/05/27 19:51:46 Received {n1 n0 {"message":99,"type":"second-order-broadcast"}}
2024/05/27 19:51:46 Sent {"src":"n0","dest":"n1","body":{"in_reply_to":0,"type":"second_order_broadcast_ok"}}
2024/05/27 19:51:46 Received {n2 n0 {"message":100,"type":"second-order-broadcast"}}
2024/05/27 19:51:46 Sent {"src":"n0","dest":"n2","body":{"in_reply_to":0,"type":"second_order_broadcast_ok"}}
2024/05/27 19:51:46 Received {n4 n0 {"message":101,"type":"second-order-broadcast"}}
2024/05/27 19:51:46 Sent {"src":"n0","dest":"n4","body":{"in_reply_to":0,"type":"second_order_broadcast_ok"}}
2024/05/27 19:51:47 Received {c10 n0 {"type":"broadcast","message":102,"msg_id":59}}
2024/05/27 19:51:47 Sent {"src":"n0","dest":"n4","body":{"message":102,"type":"second-order-broadcast"}}
2024/05/27 19:51:47 Sent {"src":"n0","dest":"n1","body":{"message":102,"type":"second-order-broadcast"}}
2024/05/27 19:51:47 Sent {"src":"n0","dest":"n2","body":{"message":102,"type":"second-order-broadcast"}}
2024/05/27 19:51:47 Sent {"src":"n0","dest":"n3","body":{"message":102,"type":"second-order-broadcast"}}
2024/05/27 19:51:47 Sent {"src":"n0","dest":"n4","body":{"message":102,"type":"second-order-broadcast"}}
2024/05/27 19:51:47 Sent {"src":"n0","dest":"c10","body":{"in_reply_to":59,"type":"broadcast_ok"}}
2024/05/27 19:51:47 Received {n3 n0 {"in_reply_to":0,"type":"second_order_broadcast_ok"}}
2024/05/27 19:51:47 Received {n1 n0 {"in_reply_to":0,"type":"second_order_broadcast_ok"}}
2024/05/27 19:51:47 Received {n2 n0 {"in_reply_to":0,"type":"second_order_broadcast_ok"}}
2024/05/27 19:51:47 Received {n4 n0 {"in_reply_to":0,"type":"second_order_broadcast_ok"}}
2024/05/27 19:51:47 Received {n4 n0 {"in_reply_to":0,"type":"second_order_broadcast_ok"}}
2024/05/27 19:51:47 Received {c10 n0 {"type":"read","msg_id":60}}
2024/05/27 19:51:47 Sent {"src":"n0","dest":"c10","body":{"in_reply_to":60,"messages":[0,1,2,3,4,5,6,7,8,9,10,11,12,13,14,15,17,16,18,19,20,21,22,23,24,25,26,27,28,29,30,31,32,33,34,35,36,37,38,39,40,41,42,43,44,45,46,47,48,49,50,51,52,53,54,55,56,57,58,59,60,61,62,63,64,65,66,67,68,69,70,71,72,73,74,75,76,77,78,79,80,81,82,83,84,85,86,87,88,89,90,91,92,93,94,95,96,97,98,99,100,101,102],"msg_id":60,"type":"read_ok"}}
2024/05/27 19:51:47 Received {n2 n0 {"message":103,"type":"second-order-broadcast"}}
2024/05/27 19:51:47 Sent {"src":"n0","dest":"n2","body":{"in_reply_to":0,"type":"second_order_broadcast_ok"}}
2024/05/27 19:51:47 Received {n3 n0 {"message":104,"type":"second-order-broadcast"}}
2024/05/27 19:51:47 Sent {"src":"n0","dest":"n3","body":{"in_reply_to":0,"type":"second_order_broadcast_ok"}}
2024/05/27 19:51:48 Received {c10 n0 {"type":"broadcast","message":105,"msg_id":61}}
2024/05/27 19:51:48 Sent {"src":"n0","dest":"n4","body":{"message":105,"type":"second-order-broadcast"}}
2024/05/27 19:51:48 Sent {"src":"n0","dest":"n1","body":{"message":105,"type":"second-order-broadcast"}}
2024/05/27 19:51:48 Sent {"src":"n0","dest":"n2","body":{"message":105,"type":"second-order-broadcast"}}
2024/05/27 19:51:48 Sent {"src":"n0","dest":"n3","body":{"message":105,"type":"second-order-broadcast"}}
2024/05/27 19:51:48 Sent {"src":"n0","dest":"n4","body":{"message":105,"type":"second-order-broadcast"}}
2024/05/27 19:51:48 Sent {"src":"n0","dest":"c10","body":{"in_reply_to":61,"type":"broadcast_ok"}}
2024/05/27 19:51:48 Received {n1 n0 {"in_reply_to":0,"type":"second_order_broadcast_ok"}}
2024/05/27 19:51:48 Received {n4 n0 {"in_reply_to":0,"type":"second_order_broadcast_ok"}}
2024/05/27 19:51:48 Received {n4 n0 {"in_reply_to":0,"type":"second_order_broadcast_ok"}}
2024/05/27 19:51:48 Received {n3 n0 {"in_reply_to":0,"type":"second_order_broadcast_ok"}}
2024/05/27 19:51:48 Received {n2 n0 {"in_reply_to":0,"type":"second_order_broadcast_ok"}}
2024/05/27 19:51:48 Received {c10 n0 {"type":"read","msg_id":62}}
2024/05/27 19:51:48 Sent {"src":"n0","dest":"c10","body":{"in_reply_to":62,"messages":[0,1,2,3,4,5,6,7,8,9,10,11,12,13,14,15,17,16,18,19,20,21,22,23,24,25,26,27,28,29,30,31,32,33,34,35,36,37,38,39,40,41,42,43,44,45,46,47,48,49,50,51,52,53,54,55,56,57,58,59,60,61,62,63,64,65,66,67,68,69,70,71,72,73,74,75,76,77,78,79,80,81,82,83,84,85,86,87,88,89,90,91,92,93,94,95,96,97,98,99,100,101,102,103,104,105],"msg_id":62,"type":"read_ok"}}
2024/05/27 19:51:48 Received {n1 n0 {"message":106,"type":"second-order-broadcast"}}
2024/05/27 19:51:48 Sent {"src":"n0","dest":"n1","body":{"in_reply_to":0,"type":"second_order_broadcast_ok"}}
2024/05/27 19:51:48 Received {n4 n0 {"message":107,"type":"second-order-broadcast"}}
2024/05/27 19:51:48 Sent {"src":"n0","dest":"n4","body":{"in_reply_to":0,"type":"second_order_broadcast_ok"}}
2024/05/27 19:51:48 Received {c10 n0 {"type":"broadcast","message":108,"msg_id":63}}
2024/05/27 19:51:48 Sent {"src":"n0","dest":"n4","body":{"message":108,"type":"second-order-broadcast"}}
2024/05/27 19:51:48 Sent {"src":"n0","dest":"n1","body":{"message":108,"type":"second-order-broadcast"}}
2024/05/27 19:51:48 Sent {"src":"n0","dest":"n2","body":{"message":108,"type":"second-order-broadcast"}}
2024/05/27 19:51:48 Sent {"src":"n0","dest":"n3","body":{"message":108,"type":"second-order-broadcast"}}
2024/05/27 19:51:48 Sent {"src":"n0","dest":"n4","body":{"message":108,"type":"second-order-broadcast"}}
2024/05/27 19:51:48 Sent {"src":"n0","dest":"c10","body":{"in_reply_to":63,"type":"broadcast_ok"}}
2024/05/27 19:51:48 Received {n2 n0 {"in_reply_to":0,"type":"second_order_broadcast_ok"}}
2024/05/27 19:51:48 Received {n1 n0 {"in_reply_to":0,"type":"second_order_broadcast_ok"}}
2024/05/27 19:51:48 Received {n3 n0 {"in_reply_to":0,"type":"second_order_broadcast_ok"}}
2024/05/27 19:51:48 Received {n4 n0 {"in_reply_to":0,"type":"second_order_broadcast_ok"}}
2024/05/27 19:51:48 Received {n4 n0 {"in_reply_to":0,"type":"second_order_broadcast_ok"}}
2024/05/27 19:51:48 Received {c10 n0 {"type":"broadcast","message":109,"msg_id":64}}
2024/05/27 19:51:48 Sent {"src":"n0","dest":"n4","body":{"message":109,"type":"second-order-broadcast"}}
2024/05/27 19:51:48 Sent {"src":"n0","dest":"n1","body":{"message":109,"type":"second-order-broadcast"}}
2024/05/27 19:51:48 Sent {"src":"n0","dest":"n2","body":{"message":109,"type":"second-order-broadcast"}}
2024/05/27 19:51:48 Sent {"src":"n0","dest":"n3","body":{"message":109,"type":"second-order-broadcast"}}
2024/05/27 19:51:48 Sent {"src":"n0","dest":"n4","body":{"message":109,"type":"second-order-broadcast"}}
2024/05/27 19:51:48 Sent {"src":"n0","dest":"c10","body":{"in_reply_to":64,"type":"broadcast_ok"}}
2024/05/27 19:51:48 Received {n4 n0 {"in_reply_to":0,"type":"second_order_broadcast_ok"}}
2024/05/27 19:51:48 Received {n1 n0 {"in_reply_to":0,"type":"second_order_broadcast_ok"}}
2024/05/27 19:51:48 Received {n3 n0 {"in_reply_to":0,"type":"second_order_broadcast_ok"}}
2024/05/27 19:51:48 Received {n2 n0 {"in_reply_to":0,"type":"second_order_broadcast_ok"}}
2024/05/27 19:51:48 Received {n4 n0 {"in_reply_to":0,"type":"second_order_broadcast_ok"}}
2024/05/27 19:51:59 Received {c10 n0 {"type":"read","msg_id":65}}
2024/05/27 19:51:59 Sent {"src":"n0","dest":"c10","body":{"in_reply_to":65,"messages":[0,1,2,3,4,5,6,7,8,9,10,11,12,13,14,15,17,16,18,19,20,21,22,23,24,25,26,27,28,29,30,31,32,33,34,35,36,37,38,39,40,41,42,43,44,45,46,47,48,49,50,51,52,53,54,55,56,57,58,59,60,61,62,63,64,65,66,67,68,69,70,71,72,73,74,75,76,77,78,79,80,81,82,83,84,85,86,87,88,89,90,91,92,93,94,95,96,97,98,99,100,101,102,103,104,105,106,107,108,109],"msg_id":65,"type":"read_ok"}}
