2024/05/27 19:51:29 Received {c1 n1 {"type":"init","node_id":"n1","node_ids":["n0","n1","n2","n3","n4"],"msg_id":1}}
2024/05/27 19:51:29 Node n1 initialized
2024/05/27 19:51:29 Sent {"src":"n1","dest":"c1","body":{"in_reply_to":1,"type":"init_ok"}}
2024/05/27 19:51:29 Received {c6 n1 {"type":"topology","topology":{"n0":["n3","n1"],"n1":["n4","n2","n0"],"n2":["n1"],"n3":["n0","n4"],"n4":["n1","n3"]},"msg_id":1}}
2024/05/27 19:51:29 Sent {"src":"n1","dest":"c6","body":{"in_reply_to":1,"type":"topology_ok"}}
2024/05/27 19:51:29 Received {n0 n1 {"message":0,"type":"second-order-broadcast"}}
2024/05/27 19:51:29 Sent {"src":"n1","dest":"n0","body":{"in_reply_to":0,"type":"second_order_broadcast_ok"}}
2024/05/27 19:51:29 Received {c11 n1 {"type":"broadcast","message":1,"msg_id":1}}
2024/05/27 19:51:29 Sent {"src":"n1","dest":"n0","body":{"message":1,"type":"second-order-broadcast"}}
2024/05/27 19:51:29 Sent {"src":"n1","dest":"n4","body":{"message":1,"type":"second-order-broadcast"}}
2024/05/27 19:51:29 Sent {"src":"n1","dest":"n2","body":{"message":1,"type":"second-order-broadcast"}}
2024/05/27 19:51:29 Sent {"src":"n1","dest":"n3","body":{"message":1,"type":"second-order-broadcast"}}
2024/05/27 19:51:29 Sent {"src":"n1","dest":"n4","body":{"message":1,"type":"second-order-broadcast"}}
2024/05/27 19:51:29 Sent {"src":"n1","dest":"c11","body":{"in_reply_to":1,"type":"broadcast_ok"}}
2024/05/27 19:51:29 Received {n0 n1 {"in_reply_to":0,"type":"second_order_broadcast_ok"}}
2024/05/27 19:51:29 Received {n2 n1 {"in_reply_to":0,"type":"second_order_broadcast_ok"}}
2024/05/27 19:51:29 Received {n4 n1 {"in_reply_to":0,"type":"second_order_broadcast_ok"}}
2024/05/27 19:51:29 Received {n3 n1 {"in_reply_to":0,"type":"second_order_broadcast_ok"}}
2024/05/27 19:51:29 Received {n4 n1 {"in_reply_to":0,"type":"second_order_broadcast_ok"}}
2024/05/27 19:51:29 Received {n2 n1 {"message":2,"type":"second-order-broadcast"}}
2024/05/27 19:51:29 Sent {"src":"n1","dest":"n2","body":{"in_reply_to":0,"type":"second_order_broadcast_ok"}}
2024/05/27 19:51:29 Received {n3 n1 {"message":3,"type":"second-order-broadcast"}}
2024/05/27 19:51:29 Sent {"src":"n1","dest":"n3","body":{"in_reply_to":0,"type":"second_order_broadcast_ok"}}
2024/05/27 19:51:29 Received {n0 n1 {"message":4,"type":"second-order-broadcast"}}
2024/05/27 19:51:29 Sent {"src":"n1","dest":"n0","body":{"in_reply_to":0,"type":"second_order_broadcast_ok"}}
2024/05/27 19:51:29 Received {c11 n1 {"type":"read","msg_id":2}}
2024/05/27 19:51:29 Sent {"src":"n1","dest":"c11","body":{"in_reply_to":2,"messages":[0,1,2,3,4],"msg_id":2,"type":"read_ok"}}
2024/05/27 19:51:30 Received {n3 n1 {"message":5,"type":"second-order-broadcast"}}
2024/05/27 19:51:30 Sent {"src":"n1","dest":"n3","body":{"in_reply_to":0,"type":"second_order_broadcast_ok"}}
2024/05/27 19:51:30 Received {n4 n1 {"message":6,"type":"second-order-broadcast"}}
2024/05/27 19:51:30 Sent {"src":"n1","dest":"n4","body":{"in_reply_to":0,"type":"second_order_broadcast_ok"}}
2024/05/27 19:51:30 Received {n0 n1 {"message":7,"type":"second-order-broadcast"}}
2024/05/27 19:51:30 Sent {"src":"n1","dest":"n0","body":{"in_reply_to":0,"type":"second_order_broadcast_ok"}}
2024/05/27 19:51:30 Received {c11 n1 {"type":"read","msg_id":3}}
2024/05/27 19:51:30 Sent {"src":"n1","dest":"c11","body":{"in_reply_to":3,"messages":[0,1,2,3,4,5,6,7],"msg_id":3,"type":"read_ok"}}
2024/05/27 19:51:30 Received {n2 n1 {"message":8,"type":"second-order-broadcast"}}
2024/05/27 19:51:30 Sent {"src":"n1","dest":"n2","body":{"in_reply_to":0,"type":"second_order_broadcast_ok"}}
2024/05/27 19:51:30 Received {n0 n1 {"message":9,"type":"second-order-broadcast"}}
2024/05/27 19:51:30 Sent {"src":"n1","dest":"n0","body":{"in_reply_to":0,"type":"second_order_broadcast_ok"}}
2024/05/27 19:51:30 Received {c11 n1 {"type":"read","msg_id":4}}
2024/05/27 19:51:30 Sent {"src":"n1","dest":"c11","body":{"in_reply_to":4,"messages":[0,1,2,3,4,5,6,7,8,9],"msg_id":4,"type":"read_ok"}}
2024/05/27 19:51:31 Received {n0 n1 {"message":10,"type":"second-order-broadcast"}}
2024/05/27 19:51:31 Sent {"src":"n1","dest":"n0","body":{"in_reply_to":0,"type":"second_order_broadcast_ok"}}
2024/05/27 19:51:31 Received {n0 n1 {"message":11,"type":"second-order-broadcast"}}
2024/05/27 19:51:31 Sent {"src":"n1","dest":"n0","body":{"in_reply_to":0,"type":"second_order_broadcast_ok"}}
2024/05/27 19:51:31 Received {c11 n1 {"type":"broadcast","message":12,"msg_id":5}}
2024/05/27 19:51:31 Sent {"src":"n1","dest":"n0","body":{"message":12,"type":"second-order-broadcast"}}
2024/05/27 19:51:31 Sent {"src":"n1","dest":"n4","body":{"message":12,"type":"second-order-broadcast"}}
2024/05/27 19:51:31 Sent {"src":"n1","dest":"n2","body":{"message":12,"type":"second-order-broadcast"}}
2024/05/27 19:51:31 Sent {"src":"n1","dest":"n3","body":{"message":12,"type":"second-order-broadcast"}}
2024/05/27 19:51:31 Sent {"src":"n1","dest":"n4","body":{"message":12,"type":"second-order-broadcast"}}
2024/05/27 19:51:31 Sent {"src":"n1","dest":"c11","body":{"in_reply_to":5,"type":"broadcast_ok"}}
2024/05/27 19:51:31 Received {n3 n1 {"in_reply_to":0,"type":"second_order_broadcast_ok"}}
2024/05/27 19:51:31 Received {n2 n1 {"in_reply_to":0,"type":"second_order_broadcast_ok"}}
2024/05/27 19:51:31 Received {n4 n1 {"in_reply_to":0,"type":"second_order_broadcast_ok"}}
2024/05/27 19:51:31 Received {n0 n1 {"in_reply_to":0,"type":"second_order_broadcast_ok"}}
2024/05/27 19:51:31 Received {n4 n1 {"in_reply_to":0,"type":"second_order_broadcast_ok"}}
2024/05/27 19:51:31 Received {n2 n1 {"message":13,"type":"second-order-broadcast"}}
2024/05/27 19:51:31 Sent {"src":"n1","dest":"n2","body":{"in_reply_to":0,"type":"second_order_broadcast_ok"}}
2024/05/27 19:51:31 Received {n3 n1 {"message":14,"type":"second-order-broadcast"}}
2024/05/27 19:51:31 Sent {"src":"n1","dest":"n3","body":{"in_reply_to":0,"type":"second_order_broadcast_ok"}}
2024/05/27 19:51:31 Received {n0 n1 {"message":15,"type":"second-order-broadcast"}}
2024/05/27 19:51:31 Sent {"src":"n1","dest":"n0","body":{"in_reply_to":0,"type":"second_order_broadcast_ok"}}
2024/05/27 19:51:31 Received {c11 n1 {"type":"broadcast","message":16,"msg_id":6}}
2024/05/27 19:51:31 Sent {"src":"n1","dest":"n0","body":{"message":16,"type":"second-order-broadcast"}}
2024/05/27 19:51:31 Sent {"src":"n1","dest":"n4","body":{"message":16,"type":"second-order-broadcast"}}
2024/05/27 19:51:31 Sent {"src":"n1","dest":"n2","body":{"message":16,"type":"second-order-broadcast"}}
2024/05/27 19:51:31 Sent {"src":"n1","dest":"n3","body":{"message":16,"type":"second-order-broadcast"}}
2024/05/27 19:51:31 Sent {"src":"n1","dest":"n4","body":{"message":16,"type":"second-order-broadcast"}}
2024/05/27 19:51:31 Sent {"src":"n1","dest":"c11","body":{"in_reply_to":6,"type":"broadcast_ok"}}
2024/05/27 19:51:31 Received {n4 n1 {"in_reply_to":0,"type":"second_order_broadcast_ok"}}
2024/05/27 19:51:31 Received {n2 n1 {"message":17,"type":"second-order-broadcast"}}
2024/05/27 19:51:31 Sent {"src":"n1","dest":"n2","body":{"in_reply_to":0,"type":"second_order_broadcast_ok"}}
2024/05/27 19:51:31 Received {n3 n1 {"in_reply_to":0,"type":"second_order_broadcast_ok"}}
2024/05/27 19:51:31 Received {n4 n1 {"in_reply_to":0,"type":"second_order_broadcast_ok"}}
2024/05/27 19:51:31 Received {n0 n1 {"in_reply_to":0,"type":"second_order_broadcast_ok"}}
2024/05/27 19:51:31 Received {n2 n1 {"in_reply_to":0,"type":"second_order_broadcast_ok"}}
2024/05/27 19:51:32 Received {n4 n1 {"message":18,"type":"second-order-broadcast"}}
2024/05/27 19:51:32 Sent {"src":"n1","dest":"n4","body":{"in_reply_to":0,"type":"second_order_broadcast_ok"}}
2024/05/27 19:51:32 Received {n0 n1 {"message":19,"type":"second-order-broadcast"}}
2024/05/27 19:51:32 Sent {"src":"n1","dest":"n0","body":{"in_reply_to":0,"type":"second_order_broadcast_ok"}}
2024/05/27 19:51:32 Received {c11 n1 {"type":"read","msg_id":7}}
2024/05/27 19:51:32 Sent {"src":"n1","dest":"c11","body":{"in_reply_to":7,"messages":[0,1,2,3,4,5,6,7,8,9,10,11,12,13,14,15,16,17,18,19],"msg_id":7,"type":"read_ok"}}
2024/05/27 19:51:32 Received {n2 n1 {"message":20,"type":"second-order-broadcast"}}
2024/05/27 19:51:32 Sent {"src":"n1","dest":"n2","body":{"in_reply_to":0,"type":"second_order_broadcast_ok"}}
2024/05/27 19:51:32 Received {n4 n1 {"message":21,"type":"second-order-broadcast"}}
2024/05/27 19:51:32 Sent {"src":"n1","dest":"n4","body":{"in_reply_to":0,"type":"second_order_broadcast_ok"}}
2024/05/27 19:51:32 Received {n0 n1 {"message":22,"type":"second-order-broadcast"}}
2024/05/27 19:51:32 Sent {"src":"n1","dest":"n0","body":{"in_reply_to":0,"type":"second_order_broadcast_ok"}}
2024/05/27 19:51:32 Received {n0 n1 {"message":23,"type":"second-order-broadcast"}}
2024/05/27 19:51:32 Sent {"src":"n1","dest":"n0","body":{"in_reply_to":0,"type":"second_order_broadcast_ok"}}
2024/05/27 19:51:32 Received {c11 n1 {"type":"read","msg_id":8}}
2024/05/27 19:51:32 Sent {"src":"n1","dest":"c11","body":{"in_reply_to":8,"messages":[0,1,2,3,4,5,6,7,8,9,10,11,12,13,14,15,16,17,18,19,20,21,22,23],"msg_id":8,"type":"read_ok"}}
2024/05/27 19:51:32 Received {n2 n1 {"message":24,"type":"second-order-broadcast"}}
2024/05/27 19:51:32 Sent {"src":"n1","dest":"n2","body":{"in_reply_to":0,"type":"second_order_broadcast_ok"}}
2024/05/27 19:51:32 Received {n3 n1 {"message":25,"type":"second-order-broadcast"}}
2024/05/27 19:51:32 Sent {"src":"n1","dest":"n3","body":{"in_reply_to":0,"type":"second_order_broadcast_ok"}}
2024/05/27 19:51:33 Received {n4 n1 {"message":26,"type":"second-order-broadcast"}}
2024/05/27 19:51:33 Sent {"src":"n1","dest":"n4","body":{"in_reply_to":0,"type":"second_order_broadcast_ok"}}
2024/05/27 19:51:33 Received {n0 n1 {"message":27,"type":"second-order-broadcast"}}
2024/05/27 19:51:33 Sent {"src":"n1","dest":"n0","body":{"in_reply_to":0,"type":"second_order_broadcast_ok"}}
2024/05/27 19:51:33 Received {n0 n1 {"message":28,"type":"second-order-broadcast"}}
2024/05/27 19:51:33 Sent {"src":"n1","dest":"n0","body":{"in_reply_to":0,"type":"second_order_broadcast_ok"}}
2024/05/27 19:51:33 Received {c11 n1 {"type":"read","msg_id":9}}
2024/05/27 19:51:33 Sent {"src":"n1","dest":"c11","body":{"in_reply_to":9,"messages":[0,1,2,3,4,5,6,7,8,9,10,11,12,13,14,15,16,17,18,19,20,21,22,23,24,25,26,27,28],"msg_id":9,"type":"read_ok"}}
2024/05/27 19:51:33 Received {n4 n1 {"message":29,"type":"second-order-broadcast"}}
2024/05/27 19:51:33 Sent {"src":"n1","dest":"n4","body":{"in_reply_to":0,"type":"second_order_broadcast_ok"}}
2024/05/27 19:51:34 Received {n0 n1 {"message":30,"type":"second-order-broadcast"}}
2024/05/27 19:51:34 Sent {"src":"n1","dest":"n0","body":{"in_reply_to":0,"type":"second_order_broadcast_ok"}}
2024/05/27 19:51:34 Received {c11 n1 {"type":"broadcast","message":31,"msg_id":10}}
2024/05/27 19:51:34 Sent {"src":"n1","dest":"n0","body":{"message":31,"type":"second-order-broadcast"}}
2024/05/27 19:51:34 Sent {"src":"n1","dest":"n4","body":{"message":31,"type":"second-order-broadcast"}}
2024/05/27 19:51:34 Sent {"src":"n1","dest":"n2","body":{"message":31,"type":"second-order-broadcast"}}
2024/05/27 19:51:34 Sent {"src":"n1","dest":"n3","body":{"message":31,"type":"second-order-broadcast"}}
2024/05/27 19:51:34 Sent {"src":"n1","dest":"n4","body":{"message":31,"type":"second-order-broadcast"}}
2024/05/27 19:51:34 Sent {"src":"n1","dest":"c11","body":{"in_reply_to":10,"type":"broadcast_ok"}}
2024/05/27 19:51:34 Received {n4 n1 {"in_reply_to":0,"type":"second_order_broadcast_ok"}}
2024/05/27 19:51:34 Received {n4 n1 {"in_reply_to":0,"type":"second_order_broadcast_ok"}}
2024/05/27 19:51:34 Received {n3 n1 {"in_reply_to":0,"type":"second_order_broadcast_ok"}}
2024/05/27 19:51:34 Received {n0 n1 {"in_reply_to":0,"type":"second_order_broadcast_ok"}}
2024/05/27 19:51:34 Received {n2 n1 {"in_reply_to":0,"type":"second_order_broadcast_ok"}}
2024/05/27 19:51:34 Received {n2 n1 {"message":32,"type":"second-order-broadcast"}}
2024/05/27 19:51:34 Sent {"src":"n1","dest":"n2","body":{"in_reply_to":0,"type":"second_order_broadcast_ok"}}
2024/05/27 19:51:34 Received {n4 n1 {"message":33,"type":"second-order-broadcast"}}
2024/05/27 19:51:34 Sent {"src":"n1","dest":"n4","body":{"in_reply_to":0,"type":"second_order_broadcast_ok"}}
2024/05/27 19:51:34 Received {n0 n1 {"message":34,"type":"second-order-broadcast"}}
2024/05/27 19:51:34 Sent {"src":"n1","dest":"n0","body":{"in_reply_to":0,"type":"second_order_broadcast_ok"}}
2024/05/27 19:51:35 Received {c11 n1 {"type":"read","msg_id":11}}
2024/05/27 19:51:35 Sent {"src":"n1","dest":"c11","body":{"in_reply_to":11,"messages":[0,1,2,3,4,5,6,7,8,9,10,11,12,13,14,15,16,17,18,19,20,21,22,23,24,25,26,27,28,29,30,31,32,33,34],"msg_id":11,"type":"read_ok"}}
2024/05/27 19:51:35 Received {n2 n1 {"message":35,"type":"second-order-broadcast"}}
2024/05/27 19:51:35 Sent {"src":"n1","dest":"n2","body":{"in_reply_to":0,"type":"second_order_broadcast_ok"}}
2024/05/27 19:51:35 Received {n3 n1 {"message":36,"type":"second-order-broadcast"}}
2024/05/27 19:51:35 Sent {"src":"n1","dest":"n3","body":{"in_reply_to":0,"type":"second_order_broadcast_ok"}}
2024/05/27 19:51:35 Received {n4 n1 {"message":37,"type":"second-order-broadcast"}}
2024/05/27 19:51:35 Sent {"src":"n1","dest":"n4","body":{"in_reply_to":0,"type":"second_order_broadcast_ok"}}
2024/05/27 19:51:35 Received {n0 n1 {"message":38,"type":"second-order-broadcast"}}
2024/05/27 19:51:35 Sent {"src":"n1","dest":"n0","body":{"in_reply_to":0,"type":"second_order_broadcast_ok"}}
2024/05/27 19:51:35 Received {n0 n1 {"message":39,"type":"second-order-broadcast"}}
2024/05/27 19:51:35 Sent {"src":"n1","dest":"n0","body":{"in_reply_to":0,"type":"second_order_broadcast_ok"}}
2024/05/27 19:51:35 Received {c11 n1 {"type":"broadcast","message":40,"msg_id":12}}
2024/05/27 19:51:35 Sent {"src":"n1","dest":"n0","body":{"message":40,"type":"second-order-broadcast"}}
2024/05/27 19:51:35 Sent {"src":"n1","dest":"n4","body":{"message":40,"type":"second-order-broadcast"}}
2024/05/27 19:51:35 Sent {"src":"n1","dest":"n2","body":{"message":40,"type":"second-order-broadcast"}}
2024/05/27 19:51:35 Sent {"src":"n1","dest":"n3","body":{"message":40,"type":"second-order-broadcast"}}
2024/05/27 19:51:35 Sent {"src":"n1","dest":"n4","body":{"message":40,"type":"second-order-broadcast"}}
2024/05/27 19:51:35 Sent {"src":"n1","dest":"c11","body":{"in_reply_to":12,"type":"broadcast_ok"}}
2024/05/27 19:51:35 Received {n2 n1 {"in_reply_to":0,"type":"second_order_broadcast_ok"}}
2024/05/27 19:51:35 Received {n4 n1 {"in_reply_to":0,"type":"second_order_broadcast_ok"}}
2024/05/27 19:51:35 Received {n3 n1 {"in_reply_to":0,"type":"second_order_broadcast_ok"}}
2024/05/27 19:51:35 Received {n4 n1 {"in_reply_to":0,"type":"second_order_broadcast_ok"}}
2024/05/27 19:51:35 Received {n0 n1 {"in_reply_to":0,"type":"second_order_broadcast_ok"}}
2024/05/27 19:51:35 Received {n4 n1 {"message":41,"type":"second-order-broadcast"}}
2024/05/27 19:51:35 Sent {"src":"n1","dest":"n4","body":{"in_reply_to":0,"type":"second_order_broadcast_ok"}}
2024/05/27 19:51:35 Received {n0 n1 {"message":42,"type":"second-order-broadcast"}}
2024/05/27 19:51:35 Sent {"src":"n1","dest":"n0","body":{"in_reply_to":0,"type":"second_order_broadcast_ok"}}
2024/05/27 19:51:36 Received {c11 n1 {"type":"broadcast","message":43,"msg_id":13}}
2024/05/27 19:51:36 Sent {"src":"n1","dest":"n0","body":{"message":43,"type":"second-order-broadcast"}}
2024/05/27 19:51:36 Sent {"src":"n1","dest":"n4","body":{"message":43,"type":"second-order-broadcast"}}
2024/05/27 19:51:36 Sent {"src":"n1","dest":"n2","body":{"message":43,"type":"second-order-broadcast"}}
2024/05/27 19:51:36 Sent {"src":"n1","dest":"n3","body":{"message":43,"type":"second-order-broadcast"}}
2024/05/27 19:51:36 Sent {"src":"n1","dest":"n4","body":{"message":43,"type":"second-order-broadcast"}}
2024/05/27 19:51:36 Sent {"src":"n1","dest":"c11","body":{"in_reply_to":13,"type":"broadcast_ok"}}
2024/05/27 19:51:36 Received {n0 n1 {"in_reply_to":0,"type":"second_order_broadcast_ok"}}
2024/05/27 19:51:36 Received {n3 n1 {"in_reply_to":0,"type":"second_order_broadcast_ok"}}
2024/05/27 19:51:36 Received {n4 n1 {"in_reply_to":0,"type":"second_order_broadcast_ok"}}
2024/05/27 19:51:36 Received {n4 n1 {"in_reply_to":0,"type":"second_order_broadcast_ok"}}
2024/05/27 19:51:36 Received {n2 n1 {"in_reply_to":0,"type":"second_order_broadcast_ok"}}
2024/05/27 19:51:36 Received {n2 n1 {"message":44,"type":"second-order-broadcast"}}
2024/05/27 19:51:36 Sent {"src":"n1","dest":"n2","body":{"in_reply_to":0,"type":"second_order_broadcast_ok"}}
2024/05/27 19:51:36 Received {n0 n1 {"message":45,"type":"second-order-broadcast"}}
2024/05/27 19:51:36 Sent {"src":"n1","dest":"n0","body":{"in_reply_to":0,"type":"second_order_broadcast_ok"}}
2024/05/27 19:51:36 Received {n0 n1 {"message":46,"type":"second-order-broadcast"}}
2024/05/27 19:51:36 Sent {"src":"n1","dest":"n0","body":{"in_reply_to":0,"type":"second_order_broadcast_ok"}}
2024/05/27 19:51:36 Received {c11 n1 {"type":"read","msg_id":14}}
2024/05/27 19:51:36 Sent {"src":"n1","dest":"c11","body":{"in_reply_to":14,"messages":[0,1,2,3,4,5,6,7,8,9,10,11,12,13,14,15,16,17,18,19,20,21,22,23,24,25,26,27,28,29,30,31,32,33,34,35,36,37,38,39,40,41,42,43,44,45,46],"msg_id":14,"type":"read_ok"}}
2024/05/27 19:51:37 Received {n3 n1 {"message":47,"type":"second-order-broadcast"}}
2024/05/27 19:51:37 Sent {"src":"n1","dest":"n3","body":{"in_reply_to":0,"type":"second_order_broadcast_ok"}}
2024/05/27 19:51:37 Received {n0 n1 {"message":48,"type":"second-order-broadcast"}}
2024/05/27 19:51:37 Sent {"src":"n1","dest":"n0","body":{"in_reply_to":0,"type":"second_order_broadcast_ok"}}
2024/05/27 19:51:37 Received {c11 n1 {"type":"read","msg_id":15}}
2024/05/27 19:51:37 Sent {"src":"n1","dest":"c11","body":{"in_reply_to":15,"messages":[0,1,2,3,4,5,6,7,8,9,10,11,12,13,14,15,16,17,18,19,20,21,22,23,24,25,26,27,28,29,30,31,32,33,34,35,36,37,38,39,40,41,42,43,44,45,46,47,48],"msg_id":15,"type":"read_ok"}}
2024/05/27 19:51:37 Received {n2 n1 {"message":49,"type":"second-order-broadcast"}}
2024/05/27 19:51:37 Sent {"src":"n1","dest":"n2","body":{"in_reply_to":0,"type":"second_order_broadcast_ok"}}
2024/05/27 19:51:37 Received {n3 n1 {"message":50,"type":"second-order-broadcast"}}
2024/05/27 19:51:37 Sent {"src":"n1","dest":"n3","body":{"in_reply_to":0,"type":"second_order_broadcast_ok"}}
2024/05/27 19:51:37 Received {n4 n1 {"message":51,"type":"second-order-broadcast"}}
2024/05/27 19:51:37 Sent {"src":"n1","dest":"n4","body":{"in_reply_to":0,"type":"second_order_broadcast_ok"}}
2024/05/27 19:51:38 Received {n0 n1 {"message":52,"type":"second-order-broadcast"}}
2024/05/27 19:51:38 Sent {"src":"n1","dest":"n0","body":{"in_reply_to":0,"type":"second_order_broadcast_ok"}}
2024/05/27 19:51:38 Received {n0 n1 {"message":53,"type":"second-order-broadcast"}}
2024/05/27 19:51:38 Sent {"src":"n1","dest":"n0","body":{"in_reply_to":0,"type":"second_order_broadcast_ok"}}
2024/05/27 19:51:38 Received {c11 n1 {"type":"broadcast","message":54,"msg_id":16}}
2024/05/27 19:51:38 Sent {"src":"n1","dest":"n0","body":{"message":54,"type":"second-order-broadcast"}}
2024/05/27 19:51:38 Sent {"src":"n1","dest":"n4","body":{"message":54,"type":"second-order-broadcast"}}
2024/05/27 19:51:38 Sent {"src":"n1","dest":"n2","body":{"message":54,"type":"second-order-broadcast"}}
2024/05/27 19:51:38 Sent {"src":"n1","dest":"n3","body":{"message":54,"type":"second-order-broadcast"}}
2024/05/27 19:51:38 Sent {"src":"n1","dest":"n4","body":{"message":54,"type":"second-order-broadcast"}}
2024/05/27 19:51:38 Sent {"src":"n1","dest":"c11","body":{"in_reply_to":16,"type":"broadcast_ok"}}
2024/05/27 19:51:38 Received {n2 n1 {"in_reply_to":0,"type":"second_order_broadcast_ok"}}
2024/05/27 19:51:38 Received {n3 n1 {"in_reply_to":0,"type":"second_order_broadcast_ok"}}
2024/05/27 19:51:38 Received {n0 n1 {"in_reply_to":0,"type":"second_order_broadcast_ok"}}
2024/05/27 19:51:38 Received {n4 n1 {"in_reply_to":0,"type":"second_order_broadcast_ok"}}
2024/05/27 19:51:38 Received {n4 n1 {"in_reply_to":0,"type":"second_order_broadcast_ok"}}
2024/05/27 19:51:38 Received {n2 n1 {"message":55,"type":"second-order-broadcast"}}
2024/05/27 19:51:38 Sent {"src":"n1","dest":"n2","body":{"in_reply_to":0,"type":"second_order_broadcast_ok"}}
2024/05/27 19:51:38 Received {n3 n1 {"message":56,"type":"second-order-broadcast"}}
2024/05/27 19:51:38 Sent {"src":"n1","dest":"n3","body":{"in_reply_to":0,"type":"second_order_broadcast_ok"}}
2024/05/27 19:51:38 Received {n0 n1 {"message":57,"type":"second-order-broadcast"}}
2024/05/27 19:51:38 Sent {"src":"n1","dest":"n0","body":{"in_reply_to":0,"type":"second_order_broadcast_ok"}}
2024/05/27 19:51:39 Received {n0 n1 {"message":58,"type":"second-order-broadcast"}}
2024/05/27 19:51:39 Sent {"src":"n1","dest":"n0","body":{"in_reply_to":0,"type":"second_order_broadcast_ok"}}
2024/05/27 19:51:39 Received {c11 n1 {"type":"broadcast","message":59,"msg_id":17}}
2024/05/27 19:51:39 Sent {"src":"n1","dest":"n0","body":{"message":59,"type":"second-order-broadcast"}}
2024/05/27 19:51:39 Sent {"src":"n1","dest":"n4","body":{"message":59,"type":"second-order-broadcast"}}
2024/05/27 19:51:39 Sent {"src":"n1","dest":"n2","body":{"message":59,"type":"second-order-broadcast"}}
2024/05/27 19:51:39 Sent {"src":"n1","dest":"n3","body":{"message":59,"type":"second-order-broadcast"}}
2024/05/27 19:51:39 Sent {"src":"n1","dest":"n4","body":{"message":59,"type":"second-order-broadcast"}}
2024/05/27 19:51:39 Sent {"src":"n1","dest":"c11","body":{"in_reply_to":17,"type":"broadcast_ok"}}
2024/05/27 19:51:39 Received {n4 n1 {"in_reply_to":0,"type":"second_order_broadcast_ok"}}
2024/05/27 19:51:39 Received {n4 n1 {"in_reply_to":0,"type":"second_order_broadcast_ok"}}
2024/05/27 19:51:39 Received {n2 n1 {"in_reply_to":0,"type":"second_order_broadcast_ok"}}
2024/05/27 19:51:39 Received {n0 n1 {"in_reply_to":0,"type":"second_order_broadcast_ok"}}
2024/05/27 19:51:39 Received {n3 n1 {"in_reply_to":0,"type":"second_order_broadcast_ok"}}
2024/05/27 19:51:39 Received {c11 n1 {"type":"read","msg_id":18}}
2024/05/27 19:51:39 Sent {"src":"n1","dest":"c11","body":{"in_reply_to":18,"messages":[0,1,2,3,4,5,6,7,8,9,10,11,12,13,14,15,16,17,18,19,20,21,22,23,24,25,26,27,28,29,30,31,32,33,34,35,36,37,38,39,40,41,42,43,44,45,46,47,48,49,50,51,52,53,54,55,56,57,58,59],"msg_id":18,"type":"read_ok"}}
2024/05/27 19:51:39 Received {n2 n1 {"message":60,"type":"second-order-broadcast"}}
2024/05/27 19:51:39 Sent {"src":"n1","dest":"n2","body":{"in_reply_to":0,"type":"second_order_broadcast_ok"}}
2024/05/27 19:51:40 Received {n4 n1 {"message":61,"type":"second-order-broadcast"}}
2024/05/27 19:51:40 Sent {"src":"n1","dest":"n4","body":{"in_reply_to":0,"type":"second_order_broadcast_ok"}}
2024/05/27 19:51:40 Received {n0 n1 {"message":62,"type":"second-order-broadcast"}}
2024/05/27 19:51:40 Sent {"src":"n1","dest":"n0","body":{"in_reply_to":0,"type":"second_order_broadcast_ok"}}
2024/05/27 19:51:40 Received {n0 n1 {"message":63,"type":"second-order-broadcast"}}
2024/05/27 19:51:40 Sent {"src":"n1","dest":"n0","body":{"in_reply_to":0,"type":"second_order_broadcast_ok"}}
2024/05/27 19:51:40 Received {c11 n1 {"type":"broadcast","message":64,"msg_id":19}}
2024/05/27 19:51:40 Sent {"src":"n1","dest":"n0","body":{"message":64,"type":"second-order-broadcast"}}
2024/05/27 19:51:40 Sent {"src":"n1","dest":"n4","body":{"message":64,"type":"second-order-broadcast"}}
2024/05/27 19:51:40 Sent {"src":"n1","dest":"n2","body":{"message":64,"type":"second-order-broadcast"}}
2024/05/27 19:51:40 Sent {"src":"n1","dest":"n3","body":{"message":64,"type":"second-order-broadcast"}}
2024/05/27 19:51:40 Sent {"src":"n1","dest":"n4","body":{"message":64,"type":"second-order-broadcast"}}
2024/05/27 19:51:40 Sent {"src":"n1","dest":"c11","body":{"in_reply_to":19,"type":"broadcast_ok"}}
2024/05/27 19:51:40 Received {n4 n1 {"in_reply_to":0,"type":"second_order_broadcast_ok"}}
2024/05/27 19:51:40 Received {n0 n1 {"in_reply_to":0,"type":"second_order_broadcast_ok"}}
2024/05/27 19:51:40 Received {n2 n1 {"in_reply_to":0,"type":"second_order_broadcast_ok"}}
2024/05/27 19:51:40 Received {n3 n1 {"in_reply_to":0,"type":"second_order_broadcast_ok"}}
2024/05/27 19:51:40 Received {n4 n1 {"in_reply_to":0,"type":"second_order_broadcast_ok"}}
2024/05/27 19:51:40 Received {n3 n1 {"message":65,"type":"second-order-broadcast"}}
2024/05/27 19:51:40 Sent {"src":"n1","dest":"n3","body":{"in_reply_to":0,"type":"second_order_broadcast_ok"}}
2024/05/27 19:51:40 Received {n0 n1 {"message":66,"type":"second-order-broadcast"}}
2024/05/27 19:51:40 Sent {"src":"n1","dest":"n0","body":{"in_reply_to":0,"type":"second_order_broadcast_ok"}}
2024/05/27 19:51:41 Received {c11 n1 {"type":"broadcast","message":67,"msg_id":20}}
2024/05/27 19:51:41 Sent {"src":"n1","dest":"n0","body":{"message":67,"type":"second-order-broadcast"}}
2024/05/27 19:51:41 Sent {"src":"n1","dest":"n4","body":{"message":67,"type":"second-order-broadcast"}}
2024/05/27 19:51:41 Sent {"src":"n1","dest":"n2","body":{"message":67,"type":"second-order-broadcast"}}
2024/05/27 19:51:41 Sent {"src":"n1","dest":"n3","body":{"message":67,"type":"second-order-broadcast"}}
2024/05/27 19:51:41 Sent {"src":"n1","dest":"n4","body":{"message":67,"type":"second-order-broadcast"}}
2024/05/27 19:51:41 Sent {"src":"n1","dest":"c11","body":{"in_reply_to":20,"type":"broadcast_ok"}}
2024/05/27 19:51:41 Received {n4 n1 {"in_reply_to":0,"type":"second_order_broadcast_ok"}}
2024/05/27 19:51:41 Received {n4 n1 {"in_reply_to":0,"type":"second_order_broadcast_ok"}}
2024/05/27 19:51:41 Received {n3 n1 {"in_reply_to":0,"type":"second_order_broadcast_ok"}}
2024/05/27 19:51:41 Received {n2 n1 {"in_reply_to":0,"type":"second_order_broadcast_ok"}}
2024/05/27 19:51:41 Received {n0 n1 {"in_reply_to":0,"type":"second_order_broadcast_ok"}}
2024/05/27 19:51:41 Received {n2 n1 {"message":68,"type":"second-order-broadcast"}}
2024/05/27 19:51:41 Sent {"src":"n1","dest":"n2","body":{"in_reply_to":0,"type":"second_order_broadcast_ok"}}
2024/05/27 19:51:41 Received {n4 n1 {"message":69,"type":"second-order-broadcast"}}
2024/05/27 19:51:41 Sent {"src":"n1","dest":"n4","body":{"in_reply_to":0,"type":"second_order_broadcast_ok"}}
2024/05/27 19:51:41 Received {n0 n1 {"message":70,"type":"second-order-broadcast"}}
2024/05/27 19:51:41 Sent {"src":"n1","dest":"n0","body":{"in_reply_to":0,"type":"second_order_broadcast_ok"}}
2024/05/27 19:51:41 Received {c11 n1 {"type":"broadcast","message":71,"msg_id":21}}
2024/05/27 19:51:41 Sent {"src":"n1","dest":"n0","body":{"message":71,"type":"second-order-broadcast"}}
2024/05/27 19:51:41 Sent {"src":"n1","dest":"n4","body":{"message":71,"type":"second-order-broadcast"}}
2024/05/27 19:51:41 Sent {"src":"n1","dest":"n2","body":{"message":71,"type":"second-order-broadcast"}}
2024/05/27 19:51:41 Sent {"src":"n1","dest":"n3","body":{"message":71,"type":"second-order-broadcast"}}
2024/05/27 19:51:41 Sent {"src":"n1","dest":"n4","body":{"message":71,"type":"second-order-broadcast"}}
2024/05/27 19:51:41 Sent {"src":"n1","dest":"c11","body":{"in_reply_to":21,"type":"broadcast_ok"}}
2024/05/27 19:51:41 Received {n0 n1 {"in_reply_to":0,"type":"second_order_broadcast_ok"}}
2024/05/27 19:51:41 Received {n2 n1 {"in_reply_to":0,"type":"second_order_broadcast_ok"}}
2024/05/27 19:51:41 Received {n4 n1 {"in_reply_to":0,"type":"second_order_broadcast_ok"}}
2024/05/27 19:51:41 Received {n3 n1 {"in_reply_to":0,"type":"second_order_broadcast_ok"}}
2024/05/27 19:51:41 Received {n4 n1 {"in_reply_to":0,"type":"second_order_broadcast_ok"}}
2024/05/27 19:51:41 Received {n2 n1 {"message":72,"type":"second-order-broadcast"}}
2024/05/27 19:51:41 Sent {"src":"n1","dest":"n2","body":{"in_reply_to":0,"type":"second_order_broadcast_ok"}}
2024/05/27 19:51:42 Received {n3 n1 {"message":73,"type":"second-order-broadcast"}}
2024/05/27 19:51:42 Sent {"src":"n1","dest":"n3","body":{"in_reply_to":0,"type":"second_order_broadcast_ok"}}
2024/05/27 19:51:42 Received {n4 n1 {"message":74,"type":"second-order-broadcast"}}
2024/05/27 19:51:42 Sent {"src":"n1","dest":"n4","body":{"in_reply_to":0,"type":"second_order_broadcast_ok"}}
2024/05/27 19:51:42 Received {n0 n1 {"message":75,"type":"second-order-broadcast"}}
2024/05/27 19:51:42 Sent {"src":"n1","dest":"n0","body":{"in_reply_to":0,"type":"second_order_broadcast_ok"}}
2024/05/27 19:51:42 Received {c11 n1 {"type":"read","msg_id":22}}
2024/05/27 19:51:42 Sent {"src":"n1","dest":"c11","body":{"in_reply_to":22,"messages":[0,1,2,3,4,5,6,7,8,9,10,11,12,13,14,15,16,17,18,19,20,21,22,23,24,25,26,27,28,29,30,31,32,33,34,35,36,37,38,39,40,41,42,43,44,45,46,47,48,49,50,51,52,53,54,55,56,57,58,59,60,61,62,63,64,65,66,67,68,69,70,71,72,73,74,75],"msg_id":22,"type":"read_ok"}}
2024/05/27 19:51:42 Received {n3 n1 {"message":76,"type":"second-order-broadcast"}}
2024/05/27 19:51:42 Sent {"src":"n1","dest":"n3","body":{"in_reply_to":0,"type":"second_order_broadcast_ok"}}
2024/05/27 19:51:42 Received {n4 n1 {"message":77,"type":"second-order-broadcast"}}
2024/05/27 19:51:42 Sent {"src":"n1","dest":"n4","body":{"in_reply_to":0,"type":"second_order_broadcast_ok"}}
2024/05/27 19:51:42 Received {n0 n1 {"message":78,"type":"second-order-broadcast"}}
2024/05/27 19:51:42 Sent {"src":"n1","dest":"n0","body":{"in_reply_to":0,"type":"second_order_broadcast_ok"}}
2024/05/27 19:51:42 Received {c11 n1 {"type":"broadcast","message":79,"msg_id":23}}
2024/05/27 19:51:42 Sent {"src":"n1","dest":"n0","body":{"message":79,"type":"second-order-broadcast"}}
2024/05/27 19:51:42 Sent {"src":"n1","dest":"n4","body":{"message":79,"type":"second-order-broadcast"}}
2024/05/27 19:51:42 Sent {"src":"n1","dest":"n2","body":{"message":79,"type":"second-order-broadcast"}}
2024/05/27 19:51:42 Sent {"src":"n1","dest":"n3","body":{"message":79,"type":"second-order-broadcast"}}
2024/05/27 19:51:42 Sent {"src":"n1","dest":"n4","body":{"message":79,"type":"second-order-broadcast"}}
2024/05/27 19:51:42 Sent {"src":"n1","dest":"c11","body":{"in_reply_to":23,"type":"broadcast_ok"}}
2024/05/27 19:51:42 Received {n3 n1 {"in_reply_to":0,"type":"second_order_broadcast_ok"}}
2024/05/27 19:51:42 Received {n4 n1 {"in_reply_to":0,"type":"second_order_broadcast_ok"}}
2024/05/27 19:51:42 Received {n4 n1 {"in_reply_to":0,"type":"second_order_broadcast_ok"}}
2024/05/27 19:51:42 Received {n0 n1 {"in_reply_to":0,"type":"second_order_broadcast_ok"}}
2024/05/27 19:51:42 Received {n2 n1 {"in_reply_to":0,"type":"second_order_broadcast_ok"}}
2024/05/27 19:51:43 Received {n2 n1 {"message":80,"type":"second-order-broadcast"}}
2024/05/27 19:51:43 Sent {"src":"n1","dest":"n2","body":{"in_reply_to":0,"type":"second_order_broadcast_ok"}}
2024/05/27 19:51:43 Received {n3 n1 {"message":81,"type":"second-order-broadcast"}}
2024/05/27 19:51:43 Sent {"src":"n1","dest":"n3","body":{"in_reply_to":0,"type":"second_order_broadcast_ok"}}
2024/05/27 19:51:43 Received {n4 n1 {"message":82,"type":"second-order-broadcast"}}
2024/05/27 19:51:43 Sent {"src":"n1","dest":"n4","body":{"in_reply_to":0,"type":"second_order_broadcast_ok"}}
2024/05/27 19:51:43 Received {n0 n1 {"message":83,"type":"second-order-broadcast"}}
2024/05/27 19:51:43 Sent {"src":"n1","dest":"n0","body":{"in_reply_to":0,"type":"second_order_broadcast_ok"}}
2024/05/27 19:51:43 Received {c11 n1 {"type":"broadcast","message":84,"msg_id":24}}
2024/05/27 19:51:43 Sent {"src":"n1","dest":"n0","body":{"message":84,"type":"second-order-broadcast"}}
2024/05/27 19:51:43 Sent {"src":"n1","dest":"n4","body":{"message":84,"type":"second-order-broadcast"}}
2024/05/27 19:51:43 Sent {"src":"n1","dest":"n2","body":{"message":84,"type":"second-order-broadcast"}}
2024/05/27 19:51:43 Sent {"src":"n1","dest":"n3","body":{"message":84,"type":"second-order-broadcast"}}
2024/05/27 19:51:43 Sent {"src":"n1","dest":"n4","body":{"message":84,"type":"second-order-broadcast"}}
2024/05/27 19:51:43 Sent {"src":"n1","dest":"c11","body":{"in_reply_to":24,"type":"broadcast_ok"}}
2024/05/27 19:51:43 Received {n0 n1 {"in_reply_to":0,"type":"second_order_broadcast_ok"}}
2024/05/27 19:51:43 Received {n2 n1 {"in_reply_to":0,"type":"second_order_broadcast_ok"}}
2024/05/27 19:51:43 Received {n4 n1 {"in_reply_to":0,"type":"second_order_broadcast_ok"}}
2024/05/27 19:51:43 Received {n4 n1 {"in_reply_to":0,"type":"second_order_broadcast_ok"}}
2024/05/27 19:51:43 Received {n3 n1 {"in_reply_to":0,"type":"second_order_broadcast_ok"}}
2024/05/27 19:51:43 Received {c11 n1 {"type":"read","msg_id":25}}
2024/05/27 19:51:43 Sent {"src":"n1","dest":"c11","body":{"in_reply_to":25,"messages":[0,1,2,3,4,5,6,7,8,9,10,11,12,13,14,15,16,17,18,19,20,21,22,23,24,25,26,27,28,29,30,31,32,33,34,35,36,37,38,39,40,41,42,43,44,45,46,47,48,49,50,51,52,53,54,55,56,57,58,59,60,61,62,63,64,65,66,67,68,69,70,71,72,73,74,75,76,77,78,79,80,81,82,83,84],"msg_id":25,"type":"read_ok"}}
2024/05/27 19:51:43 Received {n2 n1 {"message":85,"type":"second-order-broadcast"}}
2024/05/27 19:51:43 Sent {"src":"n1","dest":"n2","body":{"in_reply_to":0,"type":"second_order_broadcast_ok"}}
2024/05/27 19:51:44 Received {n3 n1 {"message":86,"type":"second-order-broadcast"}}
2024/05/27 19:51:44 Sent {"src":"n1","dest":"n3","body":{"in_reply_to":0,"type":"second_order_broadcast_ok"}}
2024/05/27 19:51:44 Received {n0 n1 {"message":87,"type":"second-order-broadcast"}}
2024/05/27 19:51:44 Sent {"src":"n1","dest":"n0","body":{"in_reply_to":0,"type":"second_order_broadcast_ok"}}
2024/05/27 19:51:44 Received {c11 n1 {"type":"broadcast","message":88,"msg_id":26}}
2024/05/27 19:51:44 Sent {"src":"n1","dest":"n0","body":{"message":88,"type":"second-order-broadcast"}}
2024/05/27 19:51:44 Sent {"src":"n1","dest":"n4","body":{"message":88,"type":"second-order-broadcast"}}
2024/05/27 19:51:44 Sent {"src":"n1","dest":"n2","body":{"message":88,"type":"second-order-broadcast"}}
2024/05/27 19:51:44 Sent {"src":"n1","dest":"n3","body":{"message":88,"type":"second-order-broadcast"}}
2024/05/27 19:51:44 Sent {"src":"n1","dest":"n4","body":{"message":88,"type":"second-order-broadcast"}}
2024/05/27 19:51:44 Sent {"src":"n1","dest":"c11","body":{"in_reply_to":26,"type":"broadcast_ok"}}
2024/05/27 19:51:44 Received {n2 n1 {"in_reply_to":0,"type":"second_order_broadcast_ok"}}
2024/05/27 19:51:44 Received {n3 n1 {"in_reply_to":0,"type":"second_order_broadcast_ok"}}
2024/05/27 19:51:44 Received {n4 n1 {"in_reply_to":0,"type":"second_order_broadcast_ok"}}
2024/05/27 19:51:44 Received {n4 n1 {"in_reply_to":0,"type":"second_order_broadcast_ok"}}
2024/05/27 19:51:44 Received {n0 n1 {"in_reply_to":0,"type":"second_order_broadcast_ok"}}
2024/05/27 19:51:44 Received {c11 n1 {"type":"read","msg_id":27}}
2024/05/27 19:51:44 Sent {"src":"n1","dest":"c11","body":{"in_reply_to":27,"messages":[0,1,2,3,4,5,6,7,8,9,10,11,12,13,14,15,16,17,18,19,20,21,22,23,24,25,26,27,28,29,30,31,32,33,34,35,36,37,38,39,40,41,42,43,44,45,46,47,48,49,50,51,52,53,54,55,56,57,58,59,60,61,62,63,64,65,66,67,68,69,70,71,72,73,74,75,76,77,78,79,80,81,82,83,84,85,86,87,88],"msg_id":27,"type":"read_ok"}}
2024/05/27 19:51:44 Received {n2 n1 {"message":89,"type":"second-order-broadcast"}}
2024/05/27 19:51:44 Sent {"src":"n1","dest":"n2","body":{"in_reply_to":0,"type":"second_order_broadcast_ok"}}
2024/05/27 19:51:44 Received {n0 n1 {"message":90,"type":"second-order-broadcast"}}
2024/05/27 19:51:44 Sent {"src":"n1","dest":"n0","body":{"in_reply_to":0,"type":"second_order_broadcast_ok"}}
2024/05/27 19:51:44 Received {c11 n1 {"type":"broadcast","message":91,"msg_id":28}}
2024/05/27 19:51:44 Sent {"src":"n1","dest":"n0","body":{"message":91,"type":"second-order-broadcast"}}
2024/05/27 19:51:44 Sent {"src":"n1","dest":"n4","body":{"message":91,"type":"second-order-broadcast"}}
2024/05/27 19:51:44 Sent {"src":"n1","dest":"n2","body":{"message":91,"type":"second-order-broadcast"}}
2024/05/27 19:51:44 Sent {"src":"n1","dest":"n3","body":{"message":91,"type":"second-order-broadcast"}}
2024/05/27 19:51:44 Sent {"src":"n1","dest":"n4","body":{"message":91,"type":"second-order-broadcast"}}
2024/05/27 19:51:44 Sent {"src":"n1","dest":"c11","body":{"in_reply_to":28,"type":"broadcast_ok"}}
2024/05/27 19:51:44 Received {n3 n1 {"in_reply_to":0,"type":"second_order_broadcast_ok"}}
2024/05/27 19:51:44 Received {n4 n1 {"in_reply_to":0,"type":"second_order_broadcast_ok"}}
2024/05/27 19:51:44 Received {n4 n1 {"in_reply_to":0,"type":"second_order_broadcast_ok"}}
2024/05/27 19:51:44 Received {n2 n1 {"in_reply_to":0,"type":"second_order_broadcast_ok"}}
2024/05/27 19:51:44 Received {n0 n1 {"in_reply_to":0,"type":"second_order_broadcast_ok"}}
2024/05/27 19:51:44 Received {n2 n1 {"message":92,"type":"second-order-broadcast"}}
2024/05/27 19:51:44 Sent {"src":"n1","dest":"n2","body":{"in_reply_to":0,"type":"second_order_broadcast_ok"}}
2024/05/27 19:51:45 Received {n0 n1 {"message":93,"type":"second-order-broadcast"}}
2024/05/27 19:51:45 Sent {"src":"n1","dest":"n0","body":{"in_reply_to":0,"type":"second_order_broadcast_ok"}}
2024/05/27 19:51:45 Received {n0 n1 {"message":94,"type":"second-order-broadcast"}}
2024/05/27 19:51:45 Sent {"src":"n1","dest":"n0","body":{"in_reply_to":0,"type":"second_order_broadcast_ok"}}
2024/05/27 19:51:45 Received {c11 n1 {"type":"broadcast","message":95,"msg_id":29}}
2024/05/27 19:51:45 Sent {"src":"n1","dest":"n0","body":{"message":95,"type":"second-order-broadcast"}}
2024/05/27 19:51:45 Sent {"src":"n1","dest":"n4","body":{"message":95,"type":"second-order-broadcast"}}
2024/05/27 19:51:45 Sent {"src":"n1","dest":"n2","body":{"message":95,"type":"second-order-broadcast"}}
2024/05/27 19:51:45 Sent {"src":"n1","dest":"n3","body":{"message":95,"type":"second-order-broadcast"}}
2024/05/27 19:51:45 Sent {"src":"n1","dest":"n4","body":{"message":95,"type":"second-order-broadcast"}}
2024/05/27 19:51:45 Sent {"src":"n1","dest":"c11","body":{"in_reply_to":29,"type":"broadcast_ok"}}
2024/05/27 19:51:45 Received {n2 n1 {"in_reply_to":0,"type":"second_order_broadcast_ok"}}
2024/05/27 19:51:45 Received {n0 n1 {"in_reply_to":0,"type":"second_order_broadcast_ok"}}
2024/05/27 19:51:45 Received {n4 n1 {"in_reply_to":0,"type":"second_order_broadcast_ok"}}
2024/05/27 19:51:45 Received {n3 n1 {"in_reply_to":0,"type":"second_order_broadcast_ok"}}
2024/05/27 19:51:45 Received {n4 n1 {"in_reply_to":0,"type":"second_order_broadcast_ok"}}
2024/05/27 19:51:45 Received {n2 n1 {"message":96,"type":"second-order-broadcast"}}
2024/05/27 19:51:45 Sent {"src":"n1","dest":"n2","body":{"in_reply_to":0,"type":"second_order_broadcast_ok"}}
2024/05/27 19:51:45 Received {n3 n1 {"message":97,"type":"second-order-broadcast"}}
2024/05/27 19:51:45 Sent {"src":"n1","dest":"n3","body":{"in_reply_to":0,"type":"second_order_broadcast_ok"}}
2024/05/27 19:51:46 Received {n0 n1 {"message":98,"type":"second-order-broadcast"}}
2024/05/27 19:51:46 Sent {"src":"n1","dest":"n0","body":{"in_reply_to":0,"type":"second_order_broadcast_ok"}}
2024/05/27 19:51:46 Received {c11 n1 {"type":"read","msg_id":30}}
2024/05/27 19:51:46 Sent {"src":"n1","dest":"c11","body":{"in_reply_to":30,"messages":[0,1,2,3,4,5,6,7,8,9,10,11,12,13,14,15,16,17,18,19,20,21,22,23,24,25,26,27,28,29,30,31,32,33,34,35,36,37,38,39,40,41,42,43,44,45,46,47,48,49,50,51,52,53,54,55,56,57,58,59,60,61,62,63,64,65,66,67,68,69,70,71,72,73,74,75,76,77,78,79,80,81,82,83,84,85,86,87,88,89,90,91,92,93,94,95,96,97,98],"msg_id":30,"type":"read_ok"}}
2024/05/27 19:51:46 Received {c11 n1 {"type":"broadcast","message":99,"msg_id":31}}
2024/05/27 19:51:46 Sent {"src":"n1","dest":"n0","body":{"message":99,"type":"second-order-broadcast"}}
2024/05/27 19:51:46 Sent {"src":"n1","dest":"n4","body":{"message":99,"type":"second-order-broadcast"}}
2024/05/27 19:51:46 Sent {"src":"n1","dest":"n2","body":{"message":99,"type":"second-order-broadcast"}}
2024/05/27 19:51:46 Sent {"src":"n1","dest":"n3","body":{"message":99,"type":"second-order-broadcast"}}
2024/05/27 19:51:46 Sent {"src":"n1","dest":"n4","body":{"message":99,"type":"second-order-broadcast"}}
2024/05/27 19:51:46 Sent {"src":"n1","dest":"c11","body":{"in_reply_to":31,"type":"broadcast_ok"}}
2024/05/27 19:51:46 Received {n4 n1 {"in_reply_to":0,"type":"second_order_broadcast_ok"}}
2024/05/27 19:51:46 Received {n3 n1 {"in_reply_to":0,"type":"second_order_broadcast_ok"}}
2024/05/27 19:51:46 Received {n2 n1 {"in_reply_to":0,"type":"second_order_broadcast_ok"}}
2024/05/27 19:51:46 Received {n0 n1 {"in_reply_to":0,"type":"second_order_broadcast_ok"}}
2024/05/27 19:51:46 Received {n4 n1 {"in_reply_to":0,"type":"second_order_broadcast_ok"}}
2024/05/27 19:51:46 Received {n2 n1 {"message":100,"type":"second-order-broadcast"}}
2024/05/27 19:51:46 Sent {"src":"n1","dest":"n2","body":{"in_reply_to":0,"type":"second_order_broadcast_ok"}}
2024/05/27 19:51:46 Received {n4 n1 {"message":101,"type":"second-order-broadcast"}}
2024/05/27 19:51:46 Sent {"src":"n1","dest":"n4","body":{"in_reply_to":0,"type":"second_order_broadcast_ok"}}
2024/05/27 19:51:47 Received {n0 n1 {"message":102,"type":"second-order-broadcast"}}
2024/05/27 19:51:47 Sent {"src":"n1","dest":"n0","body":{"in_reply_to":0,"type":"second_order_broadcast_ok"}}
2024/05/27 19:51:47 Received {c11 n1 {"type":"read","msg_id":32}}
2024/05/27 19:51:47 Sent {"src":"n1","dest":"c11","body":{"in_reply_to":32,"messages":[0,1,2,3,4,5,6,7,8,9,10,11,12,13,14,15,16,17,18,19,20,21,22,23,24,25,26,27,28,29,30,31,32,33,34,35,36,37,38,39,40,41,42,43,44,45,46,47,48,49,50,51,52,53,54,55,56,57,58,59,60,61,62,63,64,65,66,67,68,69,70,71,72,73,74,75,76,77,78,79,80,81,82,83,84,85,86,87,88,89,90,91,92,93,94,95,96,97,98,99,100,101,102],"msg_id":32,"type":"read_ok"}}
2024/05/27 19:51:47 Received {n2 n1 {"message":103,"type":"second-order-broadcast"}}
2024/05/27 19:51:47 Sent {"src":"n1","dest":"n2","body":{"in_reply_to":0,"type":"second_order_broadcast_ok"}}
2024/05/27 19:51:47 Received {n3 n1 {"message":104,"type":"second-order-broadcast"}}
2024/05/27 19:51:47 Sent {"src":"n1","dest":"n3","body":{"in_reply_to":0,"type":"second_order_broadcast_ok"}}
2024/05/27 19:51:48 Received {n0 n1 {"message":105,"type":"second-order-broadcast"}}
2024/05/27 19:51:48 Sent {"src":"n1","dest":"n0","body":{"in_reply_to":0,"type":"second_order_broadcast_ok"}}
2024/05/27 19:51:48 Received {c11 n1 {"type":"broadcast","message":106,"msg_id":33}}
2024/05/27 19:51:48 Sent {"src":"n1","dest":"n0","body":{"message":106,"type":"second-order-broadcast"}}
2024/05/27 19:51:48 Sent {"src":"n1","dest":"n4","body":{"message":106,"type":"second-order-broadcast"}}
2024/05/27 19:51:48 Sent {"src":"n1","dest":"n2","body":{"message":106,"type":"second-order-broadcast"}}
2024/05/27 19:51:48 Sent {"src":"n1","dest":"n3","body":{"message":106,"type":"second-order-broadcast"}}
2024/05/27 19:51:48 Sent {"src":"n1","dest":"n4","body":{"message":106,"type":"second-order-broadcast"}}
2024/05/27 19:51:48 Sent {"src":"n1","dest":"c11","body":{"in_reply_to":33,"type":"broadcast_ok"}}
2024/05/27 19:51:48 Received {n3 n1 {"in_reply_to":0,"type":"second_order_broadcast_ok"}}
2024/05/27 19:51:48 Received {n4 n1 {"in_reply_to":0,"type":"second_order_broadcast_ok"}}
2024/05/27 19:51:48 Received {n2 n1 {"in_reply_to":0,"type":"second_order_broadcast_ok"}}
2024/05/27 19:51:48 Received {n4 n1 {"in_reply_to":0,"type":"second_order_broadcast_ok"}}
2024/05/27 19:51:48 Received {n0 n1 {"in_reply_to":0,"type":"second_order_broadcast_ok"}}
2024/05/27 19:51:48 Received {n4 n1 {"message":107,"type":"second-order-broadcast"}}
2024/05/27 19:51:48 Sent {"src":"n1","dest":"n4","body":{"in_reply_to":0,"type":"second_order_broadcast_ok"}}
2024/05/27 19:51:48 Received {n0 n1 {"message":108,"type":"second-order-broadcast"}}
2024/05/27 19:51:48 Sent {"src":"n1","dest":"n0","body":{"in_reply_to":0,"type":"second_order_broadcast_ok"}}
2024/05/27 19:51:48 Received {n0 n1 {"message":109,"type":"second-order-broadcast"}}
2024/05/27 19:51:48 Sent {"src":"n1","dest":"n0","body":{"in_reply_to":0,"type":"second_order_broadcast_ok"}}
2024/05/27 19:51:49 Received {c11 n1 {"type":"read","msg_id":34}}
2024/05/27 19:51:49 Sent {"src":"n1","dest":"c11","body":{"in_reply_to":34,"messages":[0,1,2,3,4,5,6,7,8,9,10,11,12,13,14,15,16,17,18,19,20,21,22,23,24,25,26,27,28,29,30,31,32,33,34,35,36,37,38,39,40,41,42,43,44,45,46,47,48,49,50,51,52,53,54,55,56,57,58,59,60,61,62,63,64,65,66,67,68,69,70,71,72,73,74,75,76,77,78,79,80,81,82,83,84,85,86,87,88,89,90,91,92,93,94,95,96,97,98,99,100,101,102,103,104,105,106,107,108,109],"msg_id":34,"type":"read_ok"}}
2024/05/27 19:51:59 Received {c11 n1 {"type":"read","msg_id":35}}
2024/05/27 19:51:59 Sent {"src":"n1","dest":"c11","body":{"in_reply_to":35,"messages":[0,1,2,3,4,5,6,7,8,9,10,11,12,13,14,15,16,17,18,19,20,21,22,23,24,25,26,27,28,29,30,31,32,33,34,35,36,37,38,39,40,41,42,43,44,45,46,47,48,49,50,51,52,53,54,55,56,57,58,59,60,61,62,63,64,65,66,67,68,69,70,71,72,73,74,75,76,77,78,79,80,81,82,83,84,85,86,87,88,89,90,91,92,93,94,95,96,97,98,99,100,101,102,103,104,105,106,107,108,109],"msg_id":35,"type":"read_ok"}}
