2024/05/27 19:51:29 Received {c0 n2 {"type":"init","node_id":"n2","node_ids":["n0","n1","n2","n3","n4"],"msg_id":1}}
2024/05/27 19:51:29 Node n2 initialized
2024/05/27 19:51:29 Sent {"src":"n2","dest":"c0","body":{"in_reply_to":1,"type":"init_ok"}}
2024/05/27 19:51:29 Received {c7 n2 {"type":"topology","topology":{"n0":["n3","n1"],"n1":["n4","n2","n0"],"n2":["n1"],"n3":["n0","n4"],"n4":["n1","n3"]},"msg_id":1}}
2024/05/27 19:51:29 Sent {"src":"n2","dest":"c7","body":{"in_reply_to":1,"type":"topology_ok"}}
2024/05/27 19:51:29 Received {n0 n2 {"message":0,"type":"second-order-broadcast"}}
2024/05/27 19:51:29 Sent {"src":"n2","dest":"n0","body":{"in_reply_to":0,"type":"second_order_broadcast_ok"}}
2024/05/27 19:51:29 Received {n1 n2 {"message":1,"type":"second-order-broadcast"}}
2024/05/27 19:51:29 Sent {"src":"n2","dest":"n1","body":{"in_reply_to":0,"type":"second_order_broadcast_ok"}}
2024/05/27 19:51:29 Received {c12 n2 {"type":"broadcast","message":2,"msg_id":1}}
2024/05/27 19:51:29 Sent {"src":"n2","dest":"n0","body":{"message":2,"type":"second-order-broadcast"}}
2024/05/27 19:51:29 Sent {"src":"n2","dest":"n1","body":{"message":2,"type":"second-order-broadcast"}}
2024/05/27 19:51:29 Sent {"src":"n2","dest":"n4","body":{"message":2,"type":"second-order-broadcast"}}
2024/05/27 19:51:29 Sent {"src":"n2","dest":"n3","body":{"message":2,"type":"second-order-broadcast"}}
2024/05/27 19:51:29 Sent {"src":"n2","dest":"n4","body":{"message":2,"type":"second-order-broadcast"}}
2024/05/27 19:51:29 Sent {"src":"n2","dest":"c12","body":{"in_reply_to":1,"type":"broadcast_ok"}}
2024/05/27 19:51:29 Received {n1 n2 {"in_reply_to":0,"type":"second_order_broadcast_ok"}}
2024/05/27 19:51:29 Received {n4 n2 {"in_reply_to":0,"type":"second_order_broadcast_ok"}}
2024/05/27 19:51:29 Received {n0 n2 {"in_reply_to":0,"type":"second_order_broadcast_ok"}}
2024/05/27 19:51:29 Received {n4 n2 {"in_reply_to":0,"type":"second_order_broadcast_ok"}}
2024/05/27 19:51:29 Received {n3 n2 {"in_reply_to":0,"type":"second_order_broadcast_ok"}}
2024/05/27 19:51:29 Received {n3 n2 {"message":3,"type":"second-order-broadcast"}}
2024/05/27 19:51:29 Sent {"src":"n2","dest":"n3","body":{"in_reply_to":0,"type":"second_order_broadcast_ok"}}
2024/05/27 19:51:29 Received {n0 n2 {"message":4,"type":"second-order-broadcast"}}
2024/05/27 19:51:29 Sent {"src":"n2","dest":"n0","body":{"in_reply_to":0,"type":"second_order_broadcast_ok"}}
2024/05/27 19:51:29 Received {c12 n2 {"type":"read","msg_id":2}}
2024/05/27 19:51:29 Sent {"src":"n2","dest":"c12","body":{"in_reply_to":2,"messages":[0,1,2,3,4],"msg_id":2,"type":"read_ok"}}
2024/05/27 19:51:30 Received {n3 n2 {"message":5,"type":"second-order-broadcast"}}
2024/05/27 19:51:30 Sent {"src":"n2","dest":"n3","body":{"in_reply_to":0,"type":"second_order_broadcast_ok"}}
2024/05/27 19:51:30 Received {n4 n2 {"message":6,"type":"second-order-broadcast"}}
2024/05/27 19:51:30 Sent {"src":"n2","dest":"n4","body":{"in_reply_to":0,"type":"second_order_broadcast_ok"}}
2024/05/27 19:51:30 Received {n0 n2 {"message":7,"type":"second-order-broadcast"}}
2024/05/27 19:51:30 Sent {"src":"n2","dest":"n0","body":{"in_reply_to":0,"type":"second_order_broadcast_ok"}}
2024/05/27 19:51:30 Received {c12 n2 {"type":"broadcast","message":8,"msg_id":3}}
2024/05/27 19:51:30 Sent {"src":"n2","dest":"n0","body":{"message":8,"type":"second-order-broadcast"}}
2024/05/27 19:51:30 Sent {"src":"n2","dest":"n1","body":{"message":8,"type":"second-order-broadcast"}}
2024/05/27 19:51:30 Sent {"src":"n2","dest":"n4","body":{"message":8,"type":"second-order-broadcast"}}
2024/05/27 19:51:30 Sent {"src":"n2","dest":"n3","body":{"message":8,"type":"second-order-broadcast"}}
2024/05/27 19:51:30 Sent {"src":"n2","dest":"n4","body":{"message":8,"type":"second-order-broadcast"}}
2024/05/27 19:51:30 Sent {"src":"n2","dest":"c12","body":{"in_reply_to":3,"type":"broadcast_ok"}}
2024/05/27 19:51:30 Received {n1 n2 {"in_reply_to":0,"type":"second_order_broadcast_ok"}}
2024/05/27 19:51:30 Received {n4 n2 {"in_reply_to":0,"type":"second_order_broadcast_ok"}}
2024/05/27 19:51:30 Received {n0 n2 {"in_reply_to":0,"type":"second_order_broadcast_ok"}}
2024/05/27 19:51:30 Received {n3 n2 {"in_reply_to":0,"type":"second_order_broadcast_ok"}}
2024/05/27 19:51:30 Received {n4 n2 {"in_reply_to":0,"type":"second_order_broadcast_ok"}}
2024/05/27 19:51:30 Received {n0 n2 {"message":9,"type":"second-order-broadcast"}}
2024/05/27 19:51:30 Sent {"src":"n2","dest":"n0","body":{"in_reply_to":0,"type":"second_order_broadcast_ok"}}
2024/05/27 19:51:30 Received {c12 n2 {"type":"read","msg_id":4}}
2024/05/27 19:51:30 Sent {"src":"n2","dest":"c12","body":{"in_reply_to":4,"messages":[0,1,2,3,4,5,6,7,8,9],"msg_id":4,"type":"read_ok"}}
2024/05/27 19:51:31 Received {n0 n2 {"message":10,"type":"second-order-broadcast"}}
2024/05/27 19:51:31 Sent {"src":"n2","dest":"n0","body":{"in_reply_to":0,"type":"second_order_broadcast_ok"}}
2024/05/27 19:51:31 Received {n0 n2 {"message":11,"type":"second-order-broadcast"}}
2024/05/27 19:51:31 Sent {"src":"n2","dest":"n0","body":{"in_reply_to":0,"type":"second_order_broadcast_ok"}}
2024/05/27 19:51:31 Received {n1 n2 {"message":12,"type":"second-order-broadcast"}}
2024/05/27 19:51:31 Sent {"src":"n2","dest":"n1","body":{"in_reply_to":0,"type":"second_order_broadcast_ok"}}
2024/05/27 19:51:31 Received {c12 n2 {"type":"broadcast","message":13,"msg_id":5}}
2024/05/27 19:51:31 Sent {"src":"n2","dest":"n0","body":{"message":13,"type":"second-order-broadcast"}}
2024/05/27 19:51:31 Sent {"src":"n2","dest":"n1","body":{"message":13,"type":"second-order-broadcast"}}
2024/05/27 19:51:31 Sent {"src":"n2","dest":"n4","body":{"message":13,"type":"second-order-broadcast"}}
2024/05/27 19:51:31 Sent {"src":"n2","dest":"n3","body":{"message":13,"type":"second-order-broadcast"}}
2024/05/27 19:51:31 Sent {"src":"n2","dest":"n4","body":{"message":13,"type":"second-order-broadcast"}}
2024/05/27 19:51:31 Sent {"src":"n2","dest":"c12","body":{"in_reply_to":5,"type":"broadcast_ok"}}
2024/05/27 19:51:31 Received {n0 n2 {"in_reply_to":0,"type":"second_order_broadcast_ok"}}
2024/05/27 19:51:31 Received {n1 n2 {"in_reply_to":0,"type":"second_order_broadcast_ok"}}
2024/05/27 19:51:31 Received {n4 n2 {"in_reply_to":0,"type":"second_order_broadcast_ok"}}
2024/05/27 19:51:31 Received {n4 n2 {"in_reply_to":0,"type":"second_order_broadcast_ok"}}
2024/05/27 19:51:31 Received {n3 n2 {"in_reply_to":0,"type":"second_order_broadcast_ok"}}
2024/05/27 19:51:31 Received {n3 n2 {"message":14,"type":"second-order-broadcast"}}
2024/05/27 19:51:31 Sent {"src":"n2","dest":"n3","body":{"in_reply_to":0,"type":"second_order_broadcast_ok"}}
2024/05/27 19:51:31 Received {n0 n2 {"message":15,"type":"second-order-broadcast"}}
2024/05/27 19:51:31 Sent {"src":"n2","dest":"n0","body":{"in_reply_to":0,"type":"second_order_broadcast_ok"}}
2024/05/27 19:51:31 Received {c12 n2 {"type":"broadcast","message":17,"msg_id":6}}
2024/05/27 19:51:31 Sent {"src":"n2","dest":"n0","body":{"message":17,"type":"second-order-broadcast"}}
2024/05/27 19:51:31 Sent {"src":"n2","dest":"n1","body":{"message":17,"type":"second-order-broadcast"}}
2024/05/27 19:51:31 Sent {"src":"n2","dest":"n4","body":{"message":17,"type":"second-order-broadcast"}}
2024/05/27 19:51:31 Sent {"src":"n2","dest":"n3","body":{"message":17,"type":"second-order-broadcast"}}
2024/05/27 19:51:31 Sent {"src":"n2","dest":"n4","body":{"message":17,"type":"second-order-broadcast"}}
2024/05/27 19:51:31 Sent {"src":"n2","dest":"c12","body":{"in_reply_to":6,"type":"broadcast_ok"}}
2024/05/27 19:51:31 Received {n3 n2 {"in_reply_to":0,"type":"second_order_broadcast_ok"}}
2024/05/27 19:51:31 Received {n4 n2 {"in_reply_to":0,"type":"second_order_broadcast_ok"}}
2024/05/27 19:51:31 Received {n4 n2 {"in_reply_to":0,"type":"second_order_broadcast_ok"}}
2024/05/27 19:51:31 Received {n1 n2 {"message":16,"type":"second-order-broadcast"}}
2024/05/27 19:51:31 Sent {"src":"n2","dest":"n1","body":{"in_reply_to":0,"type":"second_order_broadcast_ok"}}
2024/05/27 19:51:31 Received {n1 n2 {"in_reply_to":0,"type":"second_order_broadcast_ok"}}
2024/05/27 19:51:31 Received {n0 n2 {"in_reply_to":0,"type":"second_order_broadcast_ok"}}
2024/05/27 19:51:32 Received {n4 n2 {"message":18,"type":"second-order-broadcast"}}
2024/05/27 19:51:32 Sent {"src":"n2","dest":"n4","body":{"in_reply_to":0,"type":"second_order_broadcast_ok"}}
2024/05/27 19:51:32 Received {n0 n2 {"message":19,"type":"second-order-broadcast"}}
2024/05/27 19:51:32 Sent {"src":"n2","dest":"n0","body":{"in_reply_to":0,"type":"second_order_broadcast_ok"}}
2024/05/27 19:51:32 Received {c12 n2 {"type":"broadcast","message":20,"msg_id":7}}
2024/05/27 19:51:32 Sent {"src":"n2","dest":"n0","body":{"message":20,"type":"second-order-broadcast"}}
2024/05/27 19:51:32 Sent {"src":"n2","dest":"n1","body":{"message":20,"type":"second-order-broadcast"}}
2024/05/27 19:51:32 Sent {"src":"n2","dest":"n4","body":{"message":20,"type":"second-order-broadcast"}}
2024/05/27 19:51:32 Sent {"src":"n2","dest":"n3","body":{"message":20,"type":"second-order-broadcast"}}
2024/05/27 19:51:32 Sent {"src":"n2","dest":"n4","body":{"message":20,"type":"second-order-broadcast"}}
2024/05/27 19:51:32 Sent {"src":"n2","dest":"c12","body":{"in_reply_to":7,"type":"broadcast_ok"}}
2024/05/27 19:51:32 Received {n1 n2 {"in_reply_to":0,"type":"second_order_broadcast_ok"}}
2024/05/27 19:51:32 Received {n0 n2 {"in_reply_to":0,"type":"second_order_broadcast_ok"}}
2024/05/27 19:51:32 Received {n4 n2 {"in_reply_to":0,"type":"second_order_broadcast_ok"}}
2024/05/27 19:51:32 Received {n3 n2 {"in_reply_to":0,"type":"second_order_broadcast_ok"}}
2024/05/27 19:51:32 Received {n4 n2 {"in_reply_to":0,"type":"second_order_broadcast_ok"}}
2024/05/27 19:51:32 Received {n4 n2 {"message":21,"type":"second-order-broadcast"}}
2024/05/27 19:51:32 Sent {"src":"n2","dest":"n4","body":{"in_reply_to":0,"type":"second_order_broadcast_ok"}}
2024/05/27 19:51:32 Received {n0 n2 {"message":22,"type":"second-order-broadcast"}}
2024/05/27 19:51:32 Sent {"src":"n2","dest":"n0","body":{"in_reply_to":0,"type":"second_order_broadcast_ok"}}
2024/05/27 19:51:32 Received {n0 n2 {"message":23,"type":"second-order-broadcast"}}
2024/05/27 19:51:32 Sent {"src":"n2","dest":"n0","body":{"in_reply_to":0,"type":"second_order_broadcast_ok"}}
2024/05/27 19:51:32 Received {c12 n2 {"type":"broadcast","message":24,"msg_id":8}}
2024/05/27 19:51:32 Sent {"src":"n2","dest":"n0","body":{"message":24,"type":"second-order-broadcast"}}
2024/05/27 19:51:32 Sent {"src":"n2","dest":"n1","body":{"message":24,"type":"second-order-broadcast"}}
2024/05/27 19:51:32 Sent {"src":"n2","dest":"n4","body":{"message":24,"type":"second-order-broadcast"}}
2024/05/27 19:51:32 Sent {"src":"n2","dest":"n3","body":{"message":24,"type":"second-order-broadcast"}}
2024/05/27 19:51:32 Sent {"src":"n2","dest":"n4","body":{"message":24,"type":"second-order-broadcast"}}
2024/05/27 19:51:32 Sent {"src":"n2","dest":"c12","body":{"in_reply_to":8,"type":"broadcast_ok"}}
2024/05/27 19:51:32 Received {n0 n2 {"in_reply_to":0,"type":"second_order_broadcast_ok"}}
2024/05/27 19:51:32 Received {n1 n2 {"in_reply_to":0,"type":"second_order_broadcast_ok"}}
2024/05/27 19:51:32 Received {n3 n2 {"in_reply_to":0,"type":"second_order_broadcast_ok"}}
2024/05/27 19:51:32 Received {n4 n2 {"in_reply_to":0,"type":"second_order_broadcast_ok"}}
2024/05/27 19:51:32 Received {n4 n2 {"in_reply_to":0,"type":"second_order_broadcast_ok"}}
2024/05/27 19:51:32 Received {n3 n2 {"message":25,"type":"second-order-broadcast"}}
2024/05/27 19:51:32 Sent {"src":"n2","dest":"n3","body":{"in_reply_to":0,"type":"second_order_broadcast_ok"}}
2024/05/27 19:51:33 Received {n4 n2 {"message":26,"type":"second-order-broadcast"}}
2024/05/27 19:51:33 Sent {"src":"n2","dest":"n4","body":{"in_reply_to":0,"type":"second_order_broadcast_ok"}}
2024/05/27 19:51:33 Received {n0 n2 {"message":27,"type":"second-order-broadcast"}}
2024/05/27 19:51:33 Sent {"src":"n2","dest":"n0","body":{"in_reply_to":0,"type":"second_order_broadcast_ok"}}
2024/05/27 19:51:33 Received {n0 n2 {"message":28,"type":"second-order-broadcast"}}
2024/05/27 19:51:33 Sent {"src":"n2","dest":"n0","body":{"in_reply_to":0,"type":"second_order_broadcast_ok"}}
2024/05/27 19:51:33 Received {c12 n2 {"type":"read","msg_id":9}}
2024/05/27 19:51:33 Sent {"src":"n2","dest":"c12","body":{"in_reply_to":9,"messages":[0,1,2,3,4,5,6,7,8,9,10,11,12,13,14,15,17,16,18,19,20,21,22,23,24,25,26,27,28],"msg_id":9,"type":"read_ok"}}
2024/05/27 19:51:33 Received {n4 n2 {"message":29,"type":"second-order-broadcast"}}
2024/05/27 19:51:33 Sent {"src":"n2","dest":"n4","body":{"in_reply_to":0,"type":"second_order_broadcast_ok"}}
2024/05/27 19:51:34 Received {n0 n2 {"message":30,"type":"second-order-broadcast"}}
2024/05/27 19:51:34 Sent {"src":"n2","dest":"n0","body":{"in_reply_to":0,"type":"second_order_broadcast_ok"}}
2024/05/27 19:51:34 Received {n1 n2 {"message":31,"type":"second-order-broadcast"}}
2024/05/27 19:51:34 Sent {"src":"n2","dest":"n1","body":{"in_reply_to":0,"type":"second_order_broadcast_ok"}}
2024/05/27 19:51:34 Received {c12 n2 {"type":"broadcast","message":32,"msg_id":10}}
2024/05/27 19:51:34 Sent {"src":"n2","dest":"n0","body":{"message":32,"type":"second-order-broadcast"}}
2024/05/27 19:51:34 Sent {"src":"n2","dest":"n1","body":{"message":32,"type":"second-order-broadcast"}}
2024/05/27 19:51:34 Sent {"src":"n2","dest":"n4","body":{"message":32,"type":"second-order-broadcast"}}
2024/05/27 19:51:34 Sent {"src":"n2","dest":"n3","body":{"message":32,"type":"second-order-broadcast"}}
2024/05/27 19:51:34 Sent {"src":"n2","dest":"n4","body":{"message":32,"type":"second-order-broadcast"}}
2024/05/27 19:51:34 Sent {"src":"n2","dest":"c12","body":{"in_reply_to":10,"type":"broadcast_ok"}}
2024/05/27 19:51:34 Received {n4 n2 {"in_reply_to":0,"type":"second_order_broadcast_ok"}}
2024/05/27 19:51:34 Received {n4 n2 {"in_reply_to":0,"type":"second_order_broadcast_ok"}}
2024/05/27 19:51:34 Received {n3 n2 {"in_reply_to":0,"type":"second_order_broadcast_ok"}}
2024/05/27 19:51:34 Received {n1 n2 {"in_reply_to":0,"type":"second_order_broadcast_ok"}}
2024/05/27 19:51:34 Received {n0 n2 {"in_reply_to":0,"type":"second_order_broadcast_ok"}}
2024/05/27 19:51:34 Received {n4 n2 {"message":33,"type":"second-order-broadcast"}}
2024/05/27 19:51:34 Sent {"src":"n2","dest":"n4","body":{"in_reply_to":0,"type":"second_order_broadcast_ok"}}
2024/05/27 19:51:34 Received {n0 n2 {"message":34,"type":"second-order-broadcast"}}
2024/05/27 19:51:34 Sent {"src":"n2","dest":"n0","body":{"in_reply_to":0,"type":"second_order_broadcast_ok"}}
2024/05/27 19:51:35 Received {c12 n2 {"type":"broadcast","message":35,"msg_id":11}}
2024/05/27 19:51:35 Sent {"src":"n2","dest":"n0","body":{"message":35,"type":"second-order-broadcast"}}
2024/05/27 19:51:35 Sent {"src":"n2","dest":"n1","body":{"message":35,"type":"second-order-broadcast"}}
2024/05/27 19:51:35 Sent {"src":"n2","dest":"n4","body":{"message":35,"type":"second-order-broadcast"}}
2024/05/27 19:51:35 Sent {"src":"n2","dest":"n3","body":{"message":35,"type":"second-order-broadcast"}}
2024/05/27 19:51:35 Sent {"src":"n2","dest":"n4","body":{"message":35,"type":"second-order-broadcast"}}
2024/05/27 19:51:35 Sent {"src":"n2","dest":"c12","body":{"in_reply_to":11,"type":"broadcast_ok"}}
2024/05/27 19:51:35 Received {n4 n2 {"in_reply_to":0,"type":"second_order_broadcast_ok"}}
2024/05/27 19:51:35 Received {n4 n2 {"in_reply_to":0,"type":"second_order_broadcast_ok"}}
2024/05/27 19:51:35 Received {n3 n2 {"in_reply_to":0,"type":"second_order_broadcast_ok"}}
2024/05/27 19:51:35 Received {n0 n2 {"in_reply_to":0,"type":"second_order_broadcast_ok"}}
2024/05/27 19:51:35 Received {n1 n2 {"in_reply_to":0,"type":"second_order_broadcast_ok"}}
2024/05/27 19:51:35 Received {n3 n2 {"message":36,"type":"second-order-broadcast"}}
2024/05/27 19:51:35 Sent {"src":"n2","dest":"n3","body":{"in_reply_to":0,"type":"second_order_broadcast_ok"}}
2024/05/27 19:51:35 Received {n4 n2 {"message":37,"type":"second-order-broadcast"}}
2024/05/27 19:51:35 Sent {"src":"n2","dest":"n4","body":{"in_reply_to":0,"type":"second_order_broadcast_ok"}}
2024/05/27 19:51:35 Received {n0 n2 {"message":38,"type":"second-order-broadcast"}}
2024/05/27 19:51:35 Sent {"src":"n2","dest":"n0","body":{"in_reply_to":0,"type":"second_order_broadcast_ok"}}
2024/05/27 19:51:35 Received {n0 n2 {"message":39,"type":"second-order-broadcast"}}
2024/05/27 19:51:35 Sent {"src":"n2","dest":"n0","body":{"in_reply_to":0,"type":"second_order_broadcast_ok"}}
2024/05/27 19:51:35 Received {n1 n2 {"message":40,"type":"second-order-broadcast"}}
2024/05/27 19:51:35 Sent {"src":"n2","dest":"n1","body":{"in_reply_to":0,"type":"second_order_broadcast_ok"}}
2024/05/27 19:51:35 Received {c12 n2 {"type":"read","msg_id":12}}
2024/05/27 19:51:35 Sent {"src":"n2","dest":"c12","body":{"in_reply_to":12,"messages":[0,1,2,3,4,5,6,7,8,9,10,11,12,13,14,15,17,16,18,19,20,21,22,23,24,25,26,27,28,29,30,31,32,33,34,35,36,37,38,39,40],"msg_id":12,"type":"read_ok"}}
2024/05/27 19:51:35 Received {n4 n2 {"message":41,"type":"second-order-broadcast"}}
2024/05/27 19:51:35 Sent {"src":"n2","dest":"n4","body":{"in_reply_to":0,"type":"second_order_broadcast_ok"}}
2024/05/27 19:51:35 Received {n0 n2 {"message":42,"type":"second-order-broadcast"}}
2024/05/27 19:51:35 Sent {"src":"n2","dest":"n0","body":{"in_reply_to":0,"type":"second_order_broadcast_ok"}}
2024/05/27 19:51:36 Received {n1 n2 {"message":43,"type":"second-order-broadcast"}}
2024/05/27 19:51:36 Sent {"src":"n2","dest":"n1","body":{"in_reply_to":0,"type":"second_order_broadcast_ok"}}
2024/05/27 19:51:36 Received {c12 n2 {"type":"broadcast","message":44,"msg_id":13}}
2024/05/27 19:51:36 Sent {"src":"n2","dest":"n0","body":{"message":44,"type":"second-order-broadcast"}}
2024/05/27 19:51:36 Sent {"src":"n2","dest":"n1","body":{"message":44,"type":"second-order-broadcast"}}
2024/05/27 19:51:36 Sent {"src":"n2","dest":"n4","body":{"message":44,"type":"second-order-broadcast"}}
2024/05/27 19:51:36 Sent {"src":"n2","dest":"n3","body":{"message":44,"type":"second-order-broadcast"}}
2024/05/27 19:51:36 Sent {"src":"n2","dest":"n4","body":{"message":44,"type":"second-order-broadcast"}}
2024/05/27 19:51:36 Sent {"src":"n2","dest":"c12","body":{"in_reply_to":13,"type":"broadcast_ok"}}
2024/05/27 19:51:36 Received {n0 n2 {"in_reply_to":0,"type":"second_order_broadcast_ok"}}
2024/05/27 19:51:36 Received {n3 n2 {"in_reply_to":0,"type":"second_order_broadcast_ok"}}
2024/05/27 19:51:36 Received {n1 n2 {"in_reply_to":0,"type":"second_order_broadcast_ok"}}
2024/05/27 19:51:36 Received {n4 n2 {"in_reply_to":0,"type":"second_order_broadcast_ok"}}
2024/05/27 19:51:36 Received {n4 n2 {"in_reply_to":0,"type":"second_order_broadcast_ok"}}
2024/05/27 19:51:36 Received {n0 n2 {"message":45,"type":"second-order-broadcast"}}
2024/05/27 19:51:36 Sent {"src":"n2","dest":"n0","body":{"in_reply_to":0,"type":"second_order_broadcast_ok"}}
2024/05/27 19:51:36 Received {n0 n2 {"message":46,"type":"second-order-broadcast"}}
2024/05/27 19:51:36 Sent {"src":"n2","dest":"n0","body":{"in_reply_to":0,"type":"second_order_broadcast_ok"}}
2024/05/27 19:51:37 Received {c12 n2 {"type":"read","msg_id":14}}
2024/05/27 19:51:37 Sent {"src":"n2","dest":"c12","body":{"in_reply_to":14,"messages":[0,1,2,3,4,5,6,7,8,9,10,11,12,13,14,15,17,16,18,19,20,21,22,23,24,25,26,27,28,29,30,31,32,33,34,35,36,37,38,39,40,41,42,43,44,45,46],"msg_id":14,"type":"read_ok"}}
2024/05/27 19:51:37 Received {n3 n2 {"message":47,"type":"second-order-broadcast"}}
2024/05/27 19:51:37 Sent {"src":"n2","dest":"n3","body":{"in_reply_to":0,"type":"second_order_broadcast_ok"}}
2024/05/27 19:51:37 Received {n0 n2 {"message":48,"type":"second-order-broadcast"}}
2024/05/27 19:51:37 Sent {"src":"n2","dest":"n0","body":{"in_reply_to":0,"type":"second_order_broadcast_ok"}}
2024/05/27 19:51:37 Received {c12 n2 {"type":"broadcast","message":49,"msg_id":15}}
2024/05/27 19:51:37 Sent {"src":"n2","dest":"n0","body":{"message":49,"type":"second-order-broadcast"}}
2024/05/27 19:51:37 Sent {"src":"n2","dest":"n1","body":{"message":49,"type":"second-order-broadcast"}}
2024/05/27 19:51:37 Sent {"src":"n2","dest":"n4","body":{"message":49,"type":"second-order-broadcast"}}
2024/05/27 19:51:37 Sent {"src":"n2","dest":"n3","body":{"message":49,"type":"second-order-broadcast"}}
2024/05/27 19:51:37 Sent {"src":"n2","dest":"n4","body":{"message":49,"type":"second-order-broadcast"}}
2024/05/27 19:51:37 Sent {"src":"n2","dest":"c12","body":{"in_reply_to":15,"type":"broadcast_ok"}}
2024/05/27 19:51:37 Received {n3 n2 {"in_reply_to":0,"type":"second_order_broadcast_ok"}}
2024/05/27 19:51:37 Received {n0 n2 {"in_reply_to":0,"type":"second_order_broadcast_ok"}}
2024/05/27 19:51:37 Received {n1 n2 {"in_reply_to":0,"type":"second_order_broadcast_ok"}}
2024/05/27 19:51:37 Received {n4 n2 {"in_reply_to":0,"type":"second_order_broadcast_ok"}}
2024/05/27 19:51:37 Received {n4 n2 {"in_reply_to":0,"type":"second_order_broadcast_ok"}}
2024/05/27 19:51:37 Received {n3 n2 {"message":50,"type":"second-order-broadcast"}}
2024/05/27 19:51:37 Sent {"src":"n2","dest":"n3","body":{"in_reply_to":0,"type":"second_order_broadcast_ok"}}
2024/05/27 19:51:37 Received {n4 n2 {"message":51,"type":"second-order-broadcast"}}
2024/05/27 19:51:37 Sent {"src":"n2","dest":"n4","body":{"in_reply_to":0,"type":"second_order_broadcast_ok"}}
2024/05/27 19:51:38 Received {n0 n2 {"message":52,"type":"second-order-broadcast"}}
2024/05/27 19:51:38 Sent {"src":"n2","dest":"n0","body":{"in_reply_to":0,"type":"second_order_broadcast_ok"}}
2024/05/27 19:51:38 Received {n0 n2 {"message":53,"type":"second-order-broadcast"}}
2024/05/27 19:51:38 Sent {"src":"n2","dest":"n0","body":{"in_reply_to":0,"type":"second_order_broadcast_ok"}}
2024/05/27 19:51:38 Received {n1 n2 {"message":54,"type":"second-order-broadcast"}}
2024/05/27 19:51:38 Sent {"src":"n2","dest":"n1","body":{"in_reply_to":0,"type":"second_order_broadcast_ok"}}
2024/05/27 19:51:38 Received {c12 n2 {"type":"broadcast","message":55,"msg_id":16}}
2024/05/27 19:51:38 Sent {"src":"n2","dest":"n0","body":{"message":55,"type":"second-order-broadcast"}}
2024/05/27 19:51:38 Sent {"src":"n2","dest":"n1","body":{"message":55,"type":"second-order-broadcast"}}
2024/05/27 19:51:38 Sent {"src":"n2","dest":"n4","body":{"message":55,"type":"second-order-broadcast"}}
2024/05/27 19:51:38 Sent {"src":"n2","dest":"n3","body":{"message":55,"type":"second-order-broadcast"}}
2024/05/27 19:51:38 Sent {"src":"n2","dest":"n4","body":{"message":55,"type":"second-order-broadcast"}}
2024/05/27 19:51:38 Sent {"src":"n2","dest":"c12","body":{"in_reply_to":16,"type":"broadcast_ok"}}
2024/05/27 19:51:38 Received {n0 n2 {"in_reply_to":0,"type":"second_order_broadcast_ok"}}
2024/05/27 19:51:38 Received {n1 n2 {"in_reply_to":0,"type":"second_order_broadcast_ok"}}
2024/05/27 19:51:38 Received {n3 n2 {"in_reply_to":0,"type":"second_order_broadcast_ok"}}
2024/05/27 19:51:38 Received {n4 n2 {"in_reply_to":0,"type":"second_order_broadcast_ok"}}
2024/05/27 19:51:38 Received {n4 n2 {"in_reply_to":0,"type":"second_order_broadcast_ok"}}
2024/05/27 19:51:38 Received {n3 n2 {"message":56,"type":"second-order-broadcast"}}
2024/05/27 19:51:38 Sent {"src":"n2","dest":"n3","body":{"in_reply_to":0,"type":"second_order_broadcast_ok"}}
2024/05/27 19:51:38 Received {n0 n2 {"message":57,"type":"second-order-broadcast"}}
2024/05/27 19:51:38 Sent {"src":"n2","dest":"n0","body":{"in_reply_to":0,"type":"second_order_broadcast_ok"}}
2024/05/27 19:51:39 Received {n0 n2 {"message":58,"type":"second-order-broadcast"}}
2024/05/27 19:51:39 Sent {"src":"n2","dest":"n0","body":{"in_reply_to":0,"type":"second_order_broadcast_ok"}}
2024/05/27 19:51:39 Received {n1 n2 {"message":59,"type":"second-order-broadcast"}}
2024/05/27 19:51:39 Sent {"src":"n2","dest":"n1","body":{"in_reply_to":0,"type":"second_order_broadcast_ok"}}
2024/05/27 19:51:39 Received {c12 n2 {"type":"read","msg_id":17}}
2024/05/27 19:51:39 Sent {"src":"n2","dest":"c12","body":{"in_reply_to":17,"messages":[0,1,2,3,4,5,6,7,8,9,10,11,12,13,14,15,17,16,18,19,20,21,22,23,24,25,26,27,28,29,30,31,32,33,34,35,36,37,38,39,40,41,42,43,44,45,46,47,48,49,50,51,52,53,54,55,56,57,58,59],"msg_id":17,"type":"read_ok"}}
2024/05/27 19:51:39 Received {c12 n2 {"type":"broadcast","message":60,"msg_id":18}}
2024/05/27 19:51:39 Sent {"src":"n2","dest":"n0","body":{"message":60,"type":"second-order-broadcast"}}
2024/05/27 19:51:39 Sent {"src":"n2","dest":"n1","body":{"message":60,"type":"second-order-broadcast"}}
2024/05/27 19:51:39 Sent {"src":"n2","dest":"n4","body":{"message":60,"type":"second-order-broadcast"}}
2024/05/27 19:51:39 Sent {"src":"n2","dest":"n3","body":{"message":60,"type":"second-order-broadcast"}}
2024/05/27 19:51:39 Sent {"src":"n2","dest":"n4","body":{"message":60,"type":"second-order-broadcast"}}
2024/05/27 19:51:39 Sent {"src":"n2","dest":"c12","body":{"in_reply_to":18,"type":"broadcast_ok"}}
2024/05/27 19:51:39 Received {n4 n2 {"in_reply_to":0,"type":"second_order_broadcast_ok"}}
2024/05/27 19:51:39 Received {n4 n2 {"in_reply_to":0,"type":"second_order_broadcast_ok"}}
2024/05/27 19:51:39 Received {n0 n2 {"in_reply_to":0,"type":"second_order_broadcast_ok"}}
2024/05/27 19:51:39 Received {n3 n2 {"in_reply_to":0,"type":"second_order_broadcast_ok"}}
2024/05/27 19:51:39 Received {n1 n2 {"in_reply_to":0,"type":"second_order_broadcast_ok"}}
2024/05/27 19:51:40 Received {n4 n2 {"message":61,"type":"second-order-broadcast"}}
2024/05/27 19:51:40 Sent {"src":"n2","dest":"n4","body":{"in_reply_to":0,"type":"second_order_broadcast_ok"}}
2024/05/27 19:51:40 Received {n0 n2 {"message":62,"type":"second-order-broadcast"}}
2024/05/27 19:51:40 Sent {"src":"n2","dest":"n0","body":{"in_reply_to":0,"type":"second_order_broadcast_ok"}}
2024/05/27 19:51:40 Received {n0 n2 {"message":63,"type":"second-order-broadcast"}}
2024/05/27 19:51:40 Sent {"src":"n2","dest":"n0","body":{"in_reply_to":0,"type":"second_order_broadcast_ok"}}
2024/05/27 19:51:40 Received {n1 n2 {"message":64,"type":"second-order-broadcast"}}
2024/05/27 19:51:40 Sent {"src":"n2","dest":"n1","body":{"in_reply_to":0,"type":"second_order_broadcast_ok"}}
2024/05/27 19:51:40 Received {c12 n2 {"type":"read","msg_id":19}}
2024/05/27 19:51:40 Sent {"src":"n2","dest":"c12","body":{"in_reply_to":19,"messages":[0,1,2,3,4,5,6,7,8,9,10,11,12,13,14,15,17,16,18,19,20,21,22,23,24,25,26,27,28,29,30,31,32,33,34,35,36,37,38,39,40,41,42,43,44,45,46,47,48,49,50,51,52,53,54,55,56,57,58,59,60,61,62,63,64],"msg_id":19,"type":"read_ok"}}
2024/05/27 19:51:40 Received {n3 n2 {"message":65,"type":"second-order-broadcast"}}
2024/05/27 19:51:40 Sent {"src":"n2","dest":"n3","body":{"in_reply_to":0,"type":"second_order_broadcast_ok"}}
2024/05/27 19:51:40 Received {n0 n2 {"message":66,"type":"second-order-broadcast"}}
2024/05/27 19:51:40 Sent {"src":"n2","dest":"n0","body":{"in_reply_to":0,"type":"second_order_broadcast_ok"}}
2024/05/27 19:51:41 Received {n1 n2 {"message":67,"type":"second-order-broadcast"}}
2024/05/27 19:51:41 Sent {"src":"n2","dest":"n1","body":{"in_reply_to":0,"type":"second_order_broadcast_ok"}}
2024/05/27 19:51:41 Received {c12 n2 {"type":"broadcast","message":68,"msg_id":20}}
2024/05/27 19:51:41 Sent {"src":"n2","dest":"n0","body":{"message":68,"type":"second-order-broadcast"}}
2024/05/27 19:51:41 Sent {"src":"n2","dest":"n1","body":{"message":68,"type":"second-order-broadcast"}}
2024/05/27 19:51:41 Sent {"src":"n2","dest":"n4","body":{"message":68,"type":"second-order-broadcast"}}
2024/05/27 19:51:41 Sent {"src":"n2","dest":"n3","body":{"message":68,"type":"second-order-broadcast"}}
2024/05/27 19:51:41 Sent {"src":"n2","dest":"n4","body":{"message":68,"type":"second-order-broadcast"}}
2024/05/27 19:51:41 Sent {"src":"n2","dest":"c12","body":{"in_reply_to":20,"type":"broadcast_ok"}}
2024/05/27 19:51:41 Received {n3 n2 {"in_reply_to":0,"type":"second_order_broadcast_ok"}}
2024/05/27 19:51:41 Received {n4 n2 {"in_reply_to":0,"type":"second_order_broadcast_ok"}}
2024/05/27 19:51:41 Received {n4 n2 {"in_reply_to":0,"type":"second_order_broadcast_ok"}}
2024/05/27 19:51:41 Received {n0 n2 {"in_reply_to":0,"type":"second_order_broadcast_ok"}}
2024/05/27 19:51:41 Received {n1 n2 {"in_reply_to":0,"type":"second_order_broadcast_ok"}}
2024/05/27 19:51:41 Received {n4 n2 {"message":69,"type":"second-order-broadcast"}}
2024/05/27 19:51:41 Sent {"src":"n2","dest":"n4","body":{"in_reply_to":0,"type":"second_order_broadcast_ok"}}
2024/05/27 19:51:41 Received {n0 n2 {"message":70,"type":"second-order-broadcast"}}
2024/05/27 19:51:41 Sent {"src":"n2","dest":"n0","body":{"in_reply_to":0,"type":"second_order_broadcast_ok"}}
2024/05/27 19:51:41 Received {n1 n2 {"message":71,"type":"second-order-broadcast"}}
2024/05/27 19:51:41 Sent {"src":"n2","dest":"n1","body":{"in_reply_to":0,"type":"second_order_broadcast_ok"}}
2024/05/27 19:51:41 Received {c12 n2 {"type":"broadcast","message":72,"msg_id":21}}
2024/05/27 19:51:41 Sent {"src":"n2","dest":"n0","body":{"message":72,"type":"second-order-broadcast"}}
2024/05/27 19:51:41 Sent {"src":"n2","dest":"n1","body":{"message":72,"type":"second-order-broadcast"}}
2024/05/27 19:51:41 Sent {"src":"n2","dest":"n4","body":{"message":72,"type":"second-order-broadcast"}}
2024/05/27 19:51:41 Sent {"src":"n2","dest":"n3","body":{"message":72,"type":"second-order-broadcast"}}
2024/05/27 19:51:41 Sent {"src":"n2","dest":"n4","body":{"message":72,"type":"second-order-broadcast"}}
2024/05/27 19:51:41 Sent {"src":"n2","dest":"c12","body":{"in_reply_to":21,"type":"broadcast_ok"}}
2024/05/27 19:51:41 Received {n0 n2 {"in_reply_to":0,"type":"second_order_broadcast_ok"}}
2024/05/27 19:51:41 Received {n4 n2 {"in_reply_to":0,"type":"second_order_broadcast_ok"}}
2024/05/27 19:51:41 Received {n4 n2 {"in_reply_to":0,"type":"second_order_broadcast_ok"}}
2024/05/27 19:51:41 Received {n3 n2 {"in_reply_to":0,"type":"second_order_broadcast_ok"}}
2024/05/27 19:51:41 Received {n1 n2 {"in_reply_to":0,"type":"second_order_broadcast_ok"}}
2024/05/27 19:51:42 Received {n3 n2 {"message":73,"type":"second-order-broadcast"}}
2024/05/27 19:51:42 Sent {"src":"n2","dest":"n3","body":{"in_reply_to":0,"type":"second_order_broadcast_ok"}}
2024/05/27 19:51:42 Received {n4 n2 {"message":74,"type":"second-order-broadcast"}}
2024/05/27 19:51:42 Sent {"src":"n2","dest":"n4","body":{"in_reply_to":0,"type":"second_order_broadcast_ok"}}
2024/05/27 19:51:42 Received {n0 n2 {"message":75,"type":"second-order-broadcast"}}
2024/05/27 19:51:42 Sent {"src":"n2","dest":"n0","body":{"in_reply_to":0,"type":"second_order_broadcast_ok"}}
2024/05/27 19:51:42 Received {c12 n2 {"type":"read","msg_id":22}}
2024/05/27 19:51:42 Sent {"src":"n2","dest":"c12","body":{"in_reply_to":22,"messages":[0,1,2,3,4,5,6,7,8,9,10,11,12,13,14,15,17,16,18,19,20,21,22,23,24,25,26,27,28,29,30,31,32,33,34,35,36,37,38,39,40,41,42,43,44,45,46,47,48,49,50,51,52,53,54,55,56,57,58,59,60,61,62,63,64,65,66,67,68,69,70,71,72,73,74,75],"msg_id":22,"type":"read_ok"}}
2024/05/27 19:51:42 Received {n3 n2 {"message":76,"type":"second-order-broadcast"}}
2024/05/27 19:51:42 Sent {"src":"n2","dest":"n3","body":{"in_reply_to":0,"type":"second_order_broadcast_ok"}}
2024/05/27 19:51:42 Received {n4 n2 {"message":77,"type":"second-order-broadcast"}}
2024/05/27 19:51:42 Sent {"src":"n2","dest":"n4","body":{"in_reply_to":0,"type":"second_order_broadcast_ok"}}
2024/05/27 19:51:42 Received {n0 n2 {"message":78,"type":"second-order-broadcast"}}
2024/05/27 19:51:42 Sent {"src":"n2","dest":"n0","body":{"in_reply_to":0,"type":"second_order_broadcast_ok"}}
2024/05/27 19:51:42 Received {n1 n2 {"message":79,"type":"second-order-broadcast"}}
2024/05/27 19:51:42 Sent {"src":"n2","dest":"n1","body":{"in_reply_to":0,"type":"second_order_broadcast_ok"}}
2024/05/27 19:51:43 Received {c12 n2 {"type":"broadcast","message":80,"msg_id":23}}
2024/05/27 19:51:43 Sent {"src":"n2","dest":"n0","body":{"message":80,"type":"second-order-broadcast"}}
2024/05/27 19:51:43 Sent {"src":"n2","dest":"n1","body":{"message":80,"type":"second-order-broadcast"}}
2024/05/27 19:51:43 Sent {"src":"n2","dest":"n4","body":{"message":80,"type":"second-order-broadcast"}}
2024/05/27 19:51:43 Sent {"src":"n2","dest":"n3","body":{"message":80,"type":"second-order-broadcast"}}
2024/05/27 19:51:43 Sent {"src":"n2","dest":"n4","body":{"message":80,"type":"second-order-broadcast"}}
2024/05/27 19:51:43 Sent {"src":"n2","dest":"c12","body":{"in_reply_to":23,"type":"broadcast_ok"}}
2024/05/27 19:51:43 Received {n3 n2 {"in_reply_to":0,"type":"second_order_broadcast_ok"}}
2024/05/27 19:51:43 Received {n1 n2 {"in_reply_to":0,"type":"second_order_broadcast_ok"}}
2024/05/27 19:51:43 Received {n0 n2 {"in_reply_to":0,"type":"second_order_broadcast_ok"}}
2024/05/27 19:51:43 Received {n4 n2 {"in_reply_to":0,"type":"second_order_broadcast_ok"}}
2024/05/27 19:51:43 Received {n4 n2 {"in_reply_to":0,"type":"second_order_broadcast_ok"}}
2024/05/27 19:51:43 Received {n3 n2 {"message":81,"type":"second-order-broadcast"}}
2024/05/27 19:51:43 Sent {"src":"n2","dest":"n3","body":{"in_reply_to":0,"type":"second_order_broadcast_ok"}}
2024/05/27 19:51:43 Received {n4 n2 {"message":82,"type":"second-order-broadcast"}}
2024/05/27 19:51:43 Sent {"src":"n2","dest":"n4","body":{"in_reply_to":0,"type":"second_order_broadcast_ok"}}
2024/05/27 19:51:43 Received {n0 n2 {"message":83,"type":"second-order-broadcast"}}
2024/05/27 19:51:43 Sent {"src":"n2","dest":"n0","body":{"in_reply_to":0,"type":"second_order_broadcast_ok"}}
2024/05/27 19:51:43 Received {n1 n2 {"message":84,"type":"second-order-broadcast"}}
2024/05/27 19:51:43 Sent {"src":"n2","dest":"n1","body":{"in_reply_to":0,"type":"second_order_broadcast_ok"}}
2024/05/27 19:51:43 Received {c12 n2 {"type":"read","msg_id":24}}
2024/05/27 19:51:43 Sent {"src":"n2","dest":"c12","body":{"in_reply_to":24,"messages":[0,1,2,3,4,5,6,7,8,9,10,11,12,13,14,15,17,16,18,19,20,21,22,23,24,25,26,27,28,29,30,31,32,33,34,35,36,37,38,39,40,41,42,43,44,45,46,47,48,49,50,51,52,53,54,55,56,57,58,59,60,61,62,63,64,65,66,67,68,69,70,71,72,73,74,75,76,77,78,79,80,81,82,83,84],"msg_id":24,"type":"read_ok"}}
2024/05/27 19:51:43 Received {c12 n2 {"type":"broadcast","message":85,"msg_id":25}}
2024/05/27 19:51:43 Sent {"src":"n2","dest":"n0","body":{"message":85,"type":"second-order-broadcast"}}
2024/05/27 19:51:43 Sent {"src":"n2","dest":"n1","body":{"message":85,"type":"second-order-broadcast"}}
2024/05/27 19:51:43 Sent {"src":"n2","dest":"n4","body":{"message":85,"type":"second-order-broadcast"}}
2024/05/27 19:51:43 Sent {"src":"n2","dest":"n3","body":{"message":85,"type":"second-order-broadcast"}}
2024/05/27 19:51:43 Sent {"src":"n2","dest":"n4","body":{"message":85,"type":"second-order-broadcast"}}
2024/05/27 19:51:43 Sent {"src":"n2","dest":"c12","body":{"in_reply_to":25,"type":"broadcast_ok"}}
2024/05/27 19:51:43 Received {n1 n2 {"in_reply_to":0,"type":"second_order_broadcast_ok"}}
2024/05/27 19:51:43 Received {n0 n2 {"in_reply_to":0,"type":"second_order_broadcast_ok"}}
2024/05/27 19:51:43 Received {n3 n2 {"in_reply_to":0,"type":"second_order_broadcast_ok"}}
2024/05/27 19:51:43 Received {n4 n2 {"in_reply_to":0,"type":"second_order_broadcast_ok"}}
2024/05/27 19:51:43 Received {n4 n2 {"in_reply_to":0,"type":"second_order_broadcast_ok"}}
2024/05/27 19:51:44 Received {n3 n2 {"message":86,"type":"second-order-broadcast"}}
2024/05/27 19:51:44 Sent {"src":"n2","dest":"n3","body":{"in_reply_to":0,"type":"second_order_broadcast_ok"}}
2024/05/27 19:51:44 Received {n0 n2 {"message":87,"type":"second-order-broadcast"}}
2024/05/27 19:51:44 Sent {"src":"n2","dest":"n0","body":{"in_reply_to":0,"type":"second_order_broadcast_ok"}}
2024/05/27 19:51:44 Received {n1 n2 {"message":88,"type":"second-order-broadcast"}}
2024/05/27 19:51:44 Sent {"src":"n2","dest":"n1","body":{"in_reply_to":0,"type":"second_order_broadcast_ok"}}
2024/05/27 19:51:44 Received {c12 n2 {"type":"broadcast","message":89,"msg_id":26}}
2024/05/27 19:51:44 Sent {"src":"n2","dest":"n0","body":{"message":89,"type":"second-order-broadcast"}}
2024/05/27 19:51:44 Sent {"src":"n2","dest":"n1","body":{"message":89,"type":"second-order-broadcast"}}
2024/05/27 19:51:44 Sent {"src":"n2","dest":"n4","body":{"message":89,"type":"second-order-broadcast"}}
2024/05/27 19:51:44 Sent {"src":"n2","dest":"n3","body":{"message":89,"type":"second-order-broadcast"}}
2024/05/27 19:51:44 Sent {"src":"n2","dest":"n4","body":{"message":89,"type":"second-order-broadcast"}}
2024/05/27 19:51:44 Sent {"src":"n2","dest":"c12","body":{"in_reply_to":26,"type":"broadcast_ok"}}
2024/05/27 19:51:44 Received {n0 n2 {"in_reply_to":0,"type":"second_order_broadcast_ok"}}
2024/05/27 19:51:44 Received {n1 n2 {"in_reply_to":0,"type":"second_order_broadcast_ok"}}
2024/05/27 19:51:44 Received {n4 n2 {"in_reply_to":0,"type":"second_order_broadcast_ok"}}
2024/05/27 19:51:44 Received {n4 n2 {"in_reply_to":0,"type":"second_order_broadcast_ok"}}
2024/05/27 19:51:44 Received {n3 n2 {"in_reply_to":0,"type":"second_order_broadcast_ok"}}
2024/05/27 19:51:44 Received {n0 n2 {"message":90,"type":"second-order-broadcast"}}
2024/05/27 19:51:44 Sent {"src":"n2","dest":"n0","body":{"in_reply_to":0,"type":"second_order_broadcast_ok"}}
2024/05/27 19:51:44 Received {n1 n2 {"message":91,"type":"second-order-broadcast"}}
2024/05/27 19:51:44 Sent {"src":"n2","dest":"n1","body":{"in_reply_to":0,"type":"second_order_broadcast_ok"}}
2024/05/27 19:51:44 Received {c12 n2 {"type":"broadcast","message":92,"msg_id":27}}
2024/05/27 19:51:44 Sent {"src":"n2","dest":"n0","body":{"message":92,"type":"second-order-broadcast"}}
2024/05/27 19:51:44 Sent {"src":"n2","dest":"n1","body":{"message":92,"type":"second-order-broadcast"}}
2024/05/27 19:51:44 Sent {"src":"n2","dest":"n4","body":{"message":92,"type":"second-order-broadcast"}}
2024/05/27 19:51:44 Sent {"src":"n2","dest":"n3","body":{"message":92,"type":"second-order-broadcast"}}
2024/05/27 19:51:44 Sent {"src":"n2","dest":"n4","body":{"message":92,"type":"second-order-broadcast"}}
2024/05/27 19:51:44 Sent {"src":"n2","dest":"c12","body":{"in_reply_to":27,"type":"broadcast_ok"}}
2024/05/27 19:51:44 Received {n1 n2 {"in_reply_to":0,"type":"second_order_broadcast_ok"}}
2024/05/27 19:51:44 Received {n4 n2 {"in_reply_to":0,"type":"second_order_broadcast_ok"}}
2024/05/27 19:51:44 Received {n3 n2 {"in_reply_to":0,"type":"second_order_broadcast_ok"}}
2024/05/27 19:51:44 Received {n0 n2 {"in_reply_to":0,"type":"second_order_broadcast_ok"}}
2024/05/27 19:51:44 Received {n4 n2 {"in_reply_to":0,"type":"second_order_broadcast_ok"}}
2024/05/27 19:51:45 Received {n0 n2 {"message":93,"type":"second-order-broadcast"}}
2024/05/27 19:51:45 Sent {"src":"n2","dest":"n0","body":{"in_reply_to":0,"type":"second_order_broadcast_ok"}}
2024/05/27 19:51:45 Received {n0 n2 {"message":94,"type":"second-order-broadcast"}}
2024/05/27 19:51:45 Sent {"src":"n2","dest":"n0","body":{"in_reply_to":0,"type":"second_order_broadcast_ok"}}
2024/05/27 19:51:45 Received {n1 n2 {"message":95,"type":"second-order-broadcast"}}
2024/05/27 19:51:45 Sent {"src":"n2","dest":"n1","body":{"in_reply_to":0,"type":"second_order_broadcast_ok"}}
2024/05/27 19:51:45 Received {c12 n2 {"type":"broadcast","message":96,"msg_id":28}}
2024/05/27 19:51:45 Sent {"src":"n2","dest":"n0","body":{"message":96,"type":"second-order-broadcast"}}
2024/05/27 19:51:45 Sent {"src":"n2","dest":"n1","body":{"message":96,"type":"second-order-broadcast"}}
2024/05/27 19:51:45 Sent {"src":"n2","dest":"n4","body":{"message":96,"type":"second-order-broadcast"}}
2024/05/27 19:51:45 Sent {"src":"n2","dest":"n3","body":{"message":96,"type":"second-order-broadcast"}}
2024/05/27 19:51:45 Sent {"src":"n2","dest":"n4","body":{"message":96,"type":"second-order-broadcast"}}
2024/05/27 19:51:45 Sent {"src":"n2","dest":"c12","body":{"in_reply_to":28,"type":"broadcast_ok"}}
2024/05/27 19:51:45 Received {n3 n2 {"in_reply_to":0,"type":"second_order_broadcast_ok"}}
2024/05/27 19:51:45 Received {n0 n2 {"in_reply_to":0,"type":"second_order_broadcast_ok"}}
2024/05/27 19:51:45 Received {n4 n2 {"in_reply_to":0,"type":"second_order_broadcast_ok"}}
2024/05/27 19:51:45 Received {n4 n2 {"in_reply_to":0,"type":"second_order_broadcast_ok"}}
2024/05/27 19:51:45 Received {n1 n2 {"in_reply_to":0,"type":"second_order_broadcast_ok"}}
2024/05/27 19:51:45 Received {n3 n2 {"message":97,"type":"second-order-broadcast"}}
2024/05/27 19:51:45 Sent {"src":"n2","dest":"n3","body":{"in_reply_to":0,"type":"second_order_broadcast_ok"}}
2024/05/27 19:51:46 Received {n0 n2 {"message":98,"type":"second-order-broadcast"}}
2024/05/27 19:51:46 Sent {"src":"n2","dest":"n0","body":{"in_reply_to":0,"type":"second_order_broadcast_ok"}}
2024/05/27 19:51:46 Received {c12 n2 {"type":"read","msg_id":29}}
2024/05/27 19:51:46 Sent {"src":"n2","dest":"c12","body":{"in_reply_to":29,"messages":[0,1,2,3,4,5,6,7,8,9,10,11,12,13,14,15,17,16,18,19,20,21,22,23,24,25,26,27,28,29,30,31,32,33,34,35,36,37,38,39,40,41,42,43,44,45,46,47,48,49,50,51,52,53,54,55,56,57,58,59,60,61,62,63,64,65,66,67,68,69,70,71,72,73,74,75,76,77,78,79,80,81,82,83,84,85,86,87,88,89,90,91,92,93,94,95,96,97,98],"msg_id":29,"type":"read_ok"}}
2024/05/27 19:51:46 Received {n1 n2 {"message":99,"type":"second-order-broadcast"}}
2024/05/27 19:51:46 Sent {"src":"n2","dest":"n1","body":{"in_reply_to":0,"type":"second_order_broadcast_ok"}}
2024/05/27 19:51:46 Received {c12 n2 {"type":"broadcast","message":100,"msg_id":30}}
2024/05/27 19:51:46 Sent {"src":"n2","dest":"n0","body":{"message":100,"type":"second-order-broadcast"}}
2024/05/27 19:51:46 Sent {"src":"n2","dest":"n1","body":{"message":100,"type":"second-order-broadcast"}}
2024/05/27 19:51:46 Sent {"src":"n2","dest":"n4","body":{"message":100,"type":"second-order-broadcast"}}
2024/05/27 19:51:46 Sent {"src":"n2","dest":"n3","body":{"message":100,"type":"second-order-broadcast"}}
2024/05/27 19:51:46 Sent {"src":"n2","dest":"n4","body":{"message":100,"type":"second-order-broadcast"}}
2024/05/27 19:51:46 Sent {"src":"n2","dest":"c12","body":{"in_reply_to":30,"type":"broadcast_ok"}}
2024/05/27 19:51:46 Received {n0 n2 {"in_reply_to":0,"type":"second_order_broadcast_ok"}}
2024/05/27 19:51:46 Received {n4 n2 {"in_reply_to":0,"type":"second_order_broadcast_ok"}}
2024/05/27 19:51:46 Received {n1 n2 {"in_reply_to":0,"type":"second_order_broadcast_ok"}}
2024/05/27 19:51:46 Received {n3 n2 {"in_reply_to":0,"type":"second_order_broadcast_ok"}}
2024/05/27 19:51:46 Received {n4 n2 {"in_reply_to":0,"type":"second_order_broadcast_ok"}}
2024/05/27 19:51:46 Received {n4 n2 {"message":101,"type":"second-order-broadcast"}}
2024/05/27 19:51:46 Sent {"src":"n2","dest":"n4","body":{"in_reply_to":0,"type":"second_order_broadcast_ok"}}
2024/05/27 19:51:47 Received {n0 n2 {"message":102,"type":"second-order-broadcast"}}
2024/05/27 19:51:47 Sent {"src":"n2","dest":"n0","body":{"in_reply_to":0,"type":"second_order_broadcast_ok"}}
2024/05/27 19:51:47 Received {c12 n2 {"type":"broadcast","message":103,"msg_id":31}}
2024/05/27 19:51:47 Sent {"src":"n2","dest":"n0","body":{"message":103,"type":"second-order-broadcast"}}
2024/05/27 19:51:47 Sent {"src":"n2","dest":"n1","body":{"message":103,"type":"second-order-broadcast"}}
2024/05/27 19:51:47 Sent {"src":"n2","dest":"n4","body":{"message":103,"type":"second-order-broadcast"}}
2024/05/27 19:51:47 Sent {"src":"n2","dest":"n3","body":{"message":103,"type":"second-order-broadcast"}}
2024/05/27 19:51:47 Sent {"src":"n2","dest":"n4","body":{"message":103,"type":"second-order-broadcast"}}
2024/05/27 19:51:47 Sent {"src":"n2","dest":"c12","body":{"in_reply_to":31,"type":"broadcast_ok"}}
2024/05/27 19:51:47 Received {n3 n2 {"in_reply_to":0,"type":"second_order_broadcast_ok"}}
2024/05/27 19:51:47 Received {n4 n2 {"in_reply_to":0,"type":"second_order_broadcast_ok"}}
2024/05/27 19:51:47 Received {n4 n2 {"in_reply_to":0,"type":"second_order_broadcast_ok"}}
2024/05/27 19:51:47 Received {n1 n2 {"in_reply_to":0,"type":"second_order_broadcast_ok"}}
2024/05/27 19:51:47 Received {n0 n2 {"in_reply_to":0,"type":"second_order_broadcast_ok"}}
2024/05/27 19:51:47 Received {n3 n2 {"message":104,"type":"second-order-broadcast"}}
2024/05/27 19:51:47 Sent {"src":"n2","dest":"n3","body":{"in_reply_to":0,"type":"second_order_broadcast_ok"}}
2024/05/27 19:51:48 Received {n0 n2 {"message":105,"type":"second-order-broadcast"}}
2024/05/27 19:51:48 Sent {"src":"n2","dest":"n0","body":{"in_reply_to":0,"type":"second_order_broadcast_ok"}}
2024/05/27 19:51:48 Received {n1 n2 {"message":106,"type":"second-order-broadcast"}}
2024/05/27 19:51:48 Sent {"src":"n2","dest":"n1","body":{"in_reply_to":0,"type":"second_order_broadcast_ok"}}
2024/05/27 19:51:48 Received {c12 n2 {"type":"read","msg_id":32}}
2024/05/27 19:51:48 Sent {"src":"n2","dest":"c12","body":{"in_reply_to":32,"messages":[0,1,2,3,4,5,6,7,8,9,10,11,12,13,14,15,17,16,18,19,20,21,22,23,24,25,26,27,28,29,30,31,32,33,34,35,36,37,38,39,40,41,42,43,44,45,46,47,48,49,50,51,52,53,54,55,56,57,58,59,60,61,62,63,64,65,66,67,68,69,70,71,72,73,74,75,76,77,78,79,80,81,82,83,84,85,86,87,88,89,90,91,92,93,94,95,96,97,98,99,100,101,102,103,104,105,106],"msg_id":32,"type":"read_ok"}}
2024/05/27 19:51:48 Received {n4 n2 {"message":107,"type":"second-order-broadcast"}}
2024/05/27 19:51:48 Sent {"src":"n2","dest":"n4","body":{"in_reply_to":0,"type":"second_order_broadcast_ok"}}
2024/05/27 19:51:48 Received {n0 n2 {"message":108,"type":"second-order-broadcast"}}
2024/05/27 19:51:48 Sent {"src":"n2","dest":"n0","body":{"in_reply_to":0,"type":"second_order_broadcast_ok"}}
2024/05/27 19:51:48 Received {n0 n2 {"message":109,"type":"second-order-broadcast"}}
2024/05/27 19:51:48 Sent {"src":"n2","dest":"n0","body":{"in_reply_to":0,"type":"second_order_broadcast_ok"}}
2024/05/27 19:51:59 Received {c12 n2 {"type":"read","msg_id":33}}
2024/05/27 19:51:59 Sent {"src":"n2","dest":"c12","body":{"in_reply_to":33,"messages":[0,1,2,3,4,5,6,7,8,9,10,11,12,13,14,15,17,16,18,19,20,21,22,23,24,25,26,27,28,29,30,31,32,33,34,35,36,37,38,39,40,41,42,43,44,45,46,47,48,49,50,51,52,53,54,55,56,57,58,59,60,61,62,63,64,65,66,67,68,69,70,71,72,73,74,75,76,77,78,79,80,81,82,83,84,85,86,87,88,89,90,91,92,93,94,95,96,97,98,99,100,101,102,103,104,105,106,107,108,109],"msg_id":33,"type":"read_ok"}}
