2024/05/27 19:51:29 Received {c2 n4 {"type":"init","node_id":"n4","node_ids":["n0","n1","n2","n3","n4"],"msg_id":1}}
2024/05/27 19:51:29 Node n4 initialized
2024/05/27 19:51:29 Sent {"src":"n4","dest":"c2","body":{"in_reply_to":1,"type":"init_ok"}}
2024/05/27 19:51:29 Received {c9 n4 {"type":"topology","topology":{"n0":["n3","n1"],"n1":["n4","n2","n0"],"n2":["n1"],"n3":["n0","n4"],"n4":["n1","n3"]},"msg_id":1}}
2024/05/27 19:51:29 Sent {"src":"n4","dest":"c9","body":{"in_reply_to":1,"type":"topology_ok"}}
2024/05/27 19:51:29 Received {n0 n4 {"message":0,"type":"second-order-broadcast"}}
2024/05/27 19:51:29 Sent {"src":"n4","dest":"n0","body":{"in_reply_to":0,"type":"second_order_broadcast_ok"}}
2024/05/27 19:51:29 Received {n0 n4 {"message":0,"type":"second-order-broadcast"}}
2024/05/27 19:51:29 Sent {"src":"n4","dest":"n0","body":{"in_reply_to":0,"type":"second_order_broadcast_ok"}}
2024/05/27 19:51:29 Received {n1 n4 {"message":1,"type":"second-order-broadcast"}}
2024/05/27 19:51:29 Sent {"src":"n4","dest":"n1","body":{"in_reply_to":0,"type":"second_order_broadcast_ok"}}
2024/05/27 19:51:29 Received {n1 n4 {"message":1,"type":"second-order-broadcast"}}
2024/05/27 19:51:29 Sent {"src":"n4","dest":"n1","body":{"in_reply_to":0,"type":"second_order_broadcast_ok"}}
2024/05/27 19:51:29 Received {n2 n4 {"message":2,"type":"second-order-broadcast"}}
2024/05/27 19:51:29 Received {n2 n4 {"message":2,"type":"second-order-broadcast"}}
2024/05/27 19:51:29 Sent {"src":"n4","dest":"n2","body":{"in_reply_to":0,"type":"second_order_broadcast_ok"}}
2024/05/27 19:51:29 Sent {"src":"n4","dest":"n2","body":{"in_reply_to":0,"type":"second_order_broadcast_ok"}}
2024/05/27 19:51:29 Received {n3 n4 {"message":3,"type":"second-order-broadcast"}}
2024/05/27 19:51:29 Received {n3 n4 {"message":3,"type":"second-order-broadcast"}}
2024/05/27 19:51:29 Sent {"src":"n4","dest":"n3","body":{"in_reply_to":0,"type":"second_order_broadcast_ok"}}
2024/05/27 19:51:29 Sent {"src":"n4","dest":"n3","body":{"in_reply_to":0,"type":"second_order_broadcast_ok"}}
2024/05/27 19:51:29 Received {c14 n4 {"type":"read","msg_id":1}}
2024/05/27 19:51:29 Sent {"src":"n4","dest":"c14","body":{"in_reply_to":1,"messages":[0,0,1,1,2,2,3,3],"msg_id":1,"type":"read_ok"}}
2024/05/27 19:51:29 Received {n0 n4 {"message":4,"type":"second-order-broadcast"}}
2024/05/27 19:51:29 Sent {"src":"n4","dest":"n0","body":{"in_reply_to":0,"type":"second_order_broadcast_ok"}}
2024/05/27 19:51:29 Received {n0 n4 {"message":4,"type":"second-order-broadcast"}}
2024/05/27 19:51:29 Sent {"src":"n4","dest":"n0","body":{"in_reply_to":0,"type":"second_order_broadcast_ok"}}
2024/05/27 19:51:30 Received {n3 n4 {"message":5,"type":"second-order-broadcast"}}
2024/05/27 19:51:30 Received {n3 n4 {"message":5,"type":"second-order-broadcast"}}
2024/05/27 19:51:30 Sent {"src":"n4","dest":"n3","body":{"in_reply_to":0,"type":"second_order_broadcast_ok"}}
2024/05/27 19:51:30 Sent {"src":"n4","dest":"n3","body":{"in_reply_to":0,"type":"second_order_broadcast_ok"}}
2024/05/27 19:51:30 Received {c14 n4 {"type":"broadcast","message":6,"msg_id":2}}
2024/05/27 19:51:30 Sent {"src":"n4","dest":"n0","body":{"message":6,"type":"second-order-broadcast"}}
2024/05/27 19:51:30 Sent {"src":"n4","dest":"n1","body":{"message":6,"type":"second-order-broadcast"}}
2024/05/27 19:51:30 Sent {"src":"n4","dest":"n2","body":{"message":6,"type":"second-order-broadcast"}}
2024/05/27 19:51:30 Sent {"src":"n4","dest":"n3","body":{"message":6,"type":"second-order-broadcast"}}
2024/05/27 19:51:30 Sent {"src":"n4","dest":"c14","body":{"in_reply_to":2,"type":"broadcast_ok"}}
2024/05/27 19:51:30 Received {n1 n4 {"in_reply_to":0,"type":"second_order_broadcast_ok"}}
2024/05/27 19:51:30 Received {n0 n4 {"in_reply_to":0,"type":"second_order_broadcast_ok"}}
2024/05/27 19:51:30 Received {n2 n4 {"in_reply_to":0,"type":"second_order_broadcast_ok"}}
2024/05/27 19:51:30 Received {n3 n4 {"in_reply_to":0,"type":"second_order_broadcast_ok"}}
2024/05/27 19:51:30 Received {n0 n4 {"message":7,"type":"second-order-broadcast"}}
2024/05/27 19:51:30 Sent {"src":"n4","dest":"n0","body":{"in_reply_to":0,"type":"second_order_broadcast_ok"}}
2024/05/27 19:51:30 Received {n0 n4 {"message":7,"type":"second-order-broadcast"}}
2024/05/27 19:51:30 Sent {"src":"n4","dest":"n0","body":{"in_reply_to":0,"type":"second_order_broadcast_ok"}}
2024/05/27 19:51:30 Received {n2 n4 {"message":8,"type":"second-order-broadcast"}}
2024/05/27 19:51:30 Received {n2 n4 {"message":8,"type":"second-order-broadcast"}}
2024/05/27 19:51:30 Sent {"src":"n4","dest":"n2","body":{"in_reply_to":0,"type":"second_order_broadcast_ok"}}
2024/05/27 19:51:30 Sent {"src":"n4","dest":"n2","body":{"in_reply_to":0,"type":"second_order_broadcast_ok"}}
2024/05/27 19:51:30 Received {c14 n4 {"type":"read","msg_id":3}}
2024/05/27 19:51:30 Sent {"src":"n4","dest":"c14","body":{"in_reply_to":3,"messages":[0,0,1,1,2,2,3,3,4,4,5,5,6,7,7,8,8],"msg_id":3,"type":"read_ok"}}
2024/05/27 19:51:30 Received {n0 n4 {"message":9,"type":"second-order-broadcast"}}
2024/05/27 19:51:30 Received {n0 n4 {"message":9,"type":"second-order-broadcast"}}
2024/05/27 19:51:30 Sent {"src":"n4","dest":"n0","body":{"in_reply_to":0,"type":"second_order_broadcast_ok"}}
2024/05/27 19:51:30 Sent {"src":"n4","dest":"n0","body":{"in_reply_to":0,"type":"second_order_broadcast_ok"}}
2024/05/27 19:51:31 Received {c14 n4 {"type":"read","msg_id":4}}
2024/05/27 19:51:31 Sent {"src":"n4","dest":"c14","body":{"in_reply_to":4,"messages":[0,0,1,1,2,2,3,3,4,4,5,5,6,7,7,8,8,9,9],"msg_id":4,"type":"read_ok"}}
2024/05/27 19:51:31 Received {n0 n4 {"message":10,"type":"second-order-broadcast"}}
2024/05/27 19:51:31 Sent {"src":"n4","dest":"n0","body":{"in_reply_to":0,"type":"second_order_broadcast_ok"}}
2024/05/27 19:51:31 Received {n0 n4 {"message":10,"type":"second-order-broadcast"}}
2024/05/27 19:51:31 Sent {"src":"n4","dest":"n0","body":{"in_reply_to":0,"type":"second_order_broadcast_ok"}}
2024/05/27 19:51:31 Received {n0 n4 {"message":11,"type":"second-order-broadcast"}}
2024/05/27 19:51:31 Received {n0 n4 {"message":11,"type":"second-order-broadcast"}}
2024/05/27 19:51:31 Sent {"src":"n4","dest":"n0","body":{"in_reply_to":0,"type":"second_order_broadcast_ok"}}
2024/05/27 19:51:31 Sent {"src":"n4","dest":"n0","body":{"in_reply_to":0,"type":"second_order_broadcast_ok"}}
2024/05/27 19:51:31 Received {n1 n4 {"message":12,"type":"second-order-broadcast"}}
2024/05/27 19:51:31 Received {n1 n4 {"message":12,"type":"second-order-broadcast"}}
2024/05/27 19:51:31 Sent {"src":"n4","dest":"n1","body":{"in_reply_to":0,"type":"second_order_broadcast_ok"}}
2024/05/27 19:51:31 Sent {"src":"n4","dest":"n1","body":{"in_reply_to":0,"type":"second_order_broadcast_ok"}}
2024/05/27 19:51:31 Received {n2 n4 {"message":13,"type":"second-order-broadcast"}}
2024/05/27 19:51:31 Received {n2 n4 {"message":13,"type":"second-order-broadcast"}}
2024/05/27 19:51:31 Sent {"src":"n4","dest":"n2","body":{"in_reply_to":0,"type":"second_order_broadcast_ok"}}
2024/05/27 19:51:31 Sent {"src":"n4","dest":"n2","body":{"in_reply_to":0,"type":"second_order_broadcast_ok"}}
2024/05/27 19:51:31 Received {n3 n4 {"message":14,"type":"second-order-broadcast"}}
2024/05/27 19:51:31 Received {n3 n4 {"message":14,"type":"second-order-broadcast"}}
2024/05/27 19:51:31 Sent {"src":"n4","dest":"n3","body":{"in_reply_to":0,"type":"second_order_broadcast_ok"}}
2024/05/27 19:51:31 Sent {"src":"n4","dest":"n3","body":{"in_reply_to":0,"type":"second_order_broadcast_ok"}}
2024/05/27 19:51:31 Received {c14 n4 {"type":"read","msg_id":5}}
2024/05/27 19:51:31 Sent {"src":"n4","dest":"c14","body":{"in_reply_to":5,"messages":[0,0,1,1,2,2,3,3,4,4,5,5,6,7,7,8,8,9,9,10,10,11,11,12,12,13,13,14,14],"msg_id":5,"type":"read_ok"}}
2024/05/27 19:51:31 Received {n0 n4 {"message":15,"type":"second-order-broadcast"}}
2024/05/27 19:51:31 Sent {"src":"n4","dest":"n0","body":{"in_reply_to":0,"type":"second_order_broadcast_ok"}}
2024/05/27 19:51:31 Received {n0 n4 {"message":15,"type":"second-order-broadcast"}}
2024/05/27 19:51:31 Sent {"src":"n4","dest":"n0","body":{"in_reply_to":0,"type":"second_order_broadcast_ok"}}
2024/05/27 19:51:31 Received {n1 n4 {"message":16,"type":"second-order-broadcast"}}
2024/05/27 19:51:31 Sent {"src":"n4","dest":"n1","body":{"in_reply_to":0,"type":"second_order_broadcast_ok"}}
2024/05/27 19:51:31 Received {n2 n4 {"message":17,"type":"second-order-broadcast"}}
2024/05/27 19:51:31 Received {n2 n4 {"message":17,"type":"second-order-broadcast"}}
2024/05/27 19:51:31 Sent {"src":"n4","dest":"n2","body":{"in_reply_to":0,"type":"second_order_broadcast_ok"}}
2024/05/27 19:51:31 Sent {"src":"n4","dest":"n2","body":{"in_reply_to":0,"type":"second_order_broadcast_ok"}}
2024/05/27 19:51:31 Received {n1 n4 {"message":16,"type":"second-order-broadcast"}}
2024/05/27 19:51:31 Sent {"src":"n4","dest":"n1","body":{"in_reply_to":0,"type":"second_order_broadcast_ok"}}
2024/05/27 19:51:32 Received {c14 n4 {"type":"broadcast","message":18,"msg_id":6}}
2024/05/27 19:51:32 Sent {"src":"n4","dest":"n0","body":{"message":18,"type":"second-order-broadcast"}}
2024/05/27 19:51:32 Sent {"src":"n4","dest":"n1","body":{"message":18,"type":"second-order-broadcast"}}
2024/05/27 19:51:32 Sent {"src":"n4","dest":"n2","body":{"message":18,"type":"second-order-broadcast"}}
2024/05/27 19:51:32 Sent {"src":"n4","dest":"n3","body":{"message":18,"type":"second-order-broadcast"}}
2024/05/27 19:51:32 Sent {"src":"n4","dest":"c14","body":{"in_reply_to":6,"type":"broadcast_ok"}}
2024/05/27 19:51:32 Received {n0 n4 {"in_reply_to":0,"type":"second_order_broadcast_ok"}}
2024/05/27 19:51:32 Received {n1 n4 {"in_reply_to":0,"type":"second_order_broadcast_ok"}}
2024/05/27 19:51:32 Received {n2 n4 {"in_reply_to":0,"type":"second_order_broadcast_ok"}}
2024/05/27 19:51:32 Received {n3 n4 {"in_reply_to":0,"type":"second_order_broadcast_ok"}}
2024/05/27 19:51:32 Received {n0 n4 {"message":19,"type":"second-order-broadcast"}}
2024/05/27 19:51:32 Received {n0 n4 {"message":19,"type":"second-order-broadcast"}}
2024/05/27 19:51:32 Sent {"src":"n4","dest":"n0","body":{"in_reply_to":0,"type":"second_order_broadcast_ok"}}
2024/05/27 19:51:32 Sent {"src":"n4","dest":"n0","body":{"in_reply_to":0,"type":"second_order_broadcast_ok"}}
2024/05/27 19:51:32 Received {n2 n4 {"message":20,"type":"second-order-broadcast"}}
2024/05/27 19:51:32 Sent {"src":"n4","dest":"n2","body":{"in_reply_to":0,"type":"second_order_broadcast_ok"}}
2024/05/27 19:51:32 Received {n2 n4 {"message":20,"type":"second-order-broadcast"}}
2024/05/27 19:51:32 Sent {"src":"n4","dest":"n2","body":{"in_reply_to":0,"type":"second_order_broadcast_ok"}}
2024/05/27 19:51:32 Received {c14 n4 {"type":"broadcast","message":21,"msg_id":7}}
2024/05/27 19:51:32 Sent {"src":"n4","dest":"n0","body":{"message":21,"type":"second-order-broadcast"}}
2024/05/27 19:51:32 Sent {"src":"n4","dest":"n1","body":{"message":21,"type":"second-order-broadcast"}}
2024/05/27 19:51:32 Sent {"src":"n4","dest":"n2","body":{"message":21,"type":"second-order-broadcast"}}
2024/05/27 19:51:32 Sent {"src":"n4","dest":"n3","body":{"message":21,"type":"second-order-broadcast"}}
2024/05/27 19:51:32 Sent {"src":"n4","dest":"c14","body":{"in_reply_to":7,"type":"broadcast_ok"}}
2024/05/27 19:51:32 Received {n0 n4 {"in_reply_to":0,"type":"second_order_broadcast_ok"}}
2024/05/27 19:51:32 Received {n1 n4 {"in_reply_to":0,"type":"second_order_broadcast_ok"}}
2024/05/27 19:51:32 Received {n2 n4 {"in_reply_to":0,"type":"second_order_broadcast_ok"}}
2024/05/27 19:51:32 Received {n3 n4 {"in_reply_to":0,"type":"second_order_broadcast_ok"}}
2024/05/27 19:51:32 Received {n0 n4 {"message":22,"type":"second-order-broadcast"}}
2024/05/27 19:51:32 Sent {"src":"n4","dest":"n0","body":{"in_reply_to":0,"type":"second_order_broadcast_ok"}}
2024/05/27 19:51:32 Received {n0 n4 {"message":22,"type":"second-order-broadcast"}}
2024/05/27 19:51:32 Sent {"src":"n4","dest":"n0","body":{"in_reply_to":0,"type":"second_order_broadcast_ok"}}
2024/05/27 19:51:32 Received {n0 n4 {"message":23,"type":"second-order-broadcast"}}
2024/05/27 19:51:32 Sent {"src":"n4","dest":"n0","body":{"in_reply_to":0,"type":"second_order_broadcast_ok"}}
2024/05/27 19:51:32 Received {n0 n4 {"message":23,"type":"second-order-broadcast"}}
2024/05/27 19:51:32 Sent {"src":"n4","dest":"n0","body":{"in_reply_to":0,"type":"second_order_broadcast_ok"}}
2024/05/27 19:51:32 Received {n2 n4 {"message":24,"type":"second-order-broadcast"}}
2024/05/27 19:51:32 Received {n2 n4 {"message":24,"type":"second-order-broadcast"}}
2024/05/27 19:51:32 Sent {"src":"n4","dest":"n2","body":{"in_reply_to":0,"type":"second_order_broadcast_ok"}}
2024/05/27 19:51:32 Sent {"src":"n4","dest":"n2","body":{"in_reply_to":0,"type":"second_order_broadcast_ok"}}
2024/05/27 19:51:32 Received {n3 n4 {"message":25,"type":"second-order-broadcast"}}
2024/05/27 19:51:32 Received {n3 n4 {"message":25,"type":"second-order-broadcast"}}
2024/05/27 19:51:32 Sent {"src":"n4","dest":"n3","body":{"in_reply_to":0,"type":"second_order_broadcast_ok"}}
2024/05/27 19:51:32 Sent {"src":"n4","dest":"n3","body":{"in_reply_to":0,"type":"second_order_broadcast_ok"}}
2024/05/27 19:51:33 Received {c14 n4 {"type":"broadcast","message":26,"msg_id":8}}
2024/05/27 19:51:33 Sent {"src":"n4","dest":"n0","body":{"message":26,"type":"second-order-broadcast"}}
2024/05/27 19:51:33 Sent {"src":"n4","dest":"n1","body":{"message":26,"type":"second-order-broadcast"}}
2024/05/27 19:51:33 Sent {"src":"n4","dest":"n2","body":{"message":26,"type":"second-order-broadcast"}}
2024/05/27 19:51:33 Sent {"src":"n4","dest":"n3","body":{"message":26,"type":"second-order-broadcast"}}
2024/05/27 19:51:33 Sent {"src":"n4","dest":"c14","body":{"in_reply_to":8,"type":"broadcast_ok"}}
2024/05/27 19:51:33 Received {n0 n4 {"in_reply_to":0,"type":"second_order_broadcast_ok"}}
2024/05/27 19:51:33 Received {n1 n4 {"in_reply_to":0,"type":"second_order_broadcast_ok"}}
2024/05/27 19:51:33 Received {n2 n4 {"in_reply_to":0,"type":"second_order_broadcast_ok"}}
2024/05/27 19:51:33 Received {n3 n4 {"in_reply_to":0,"type":"second_order_broadcast_ok"}}
2024/05/27 19:51:33 Received {n0 n4 {"message":27,"type":"second-order-broadcast"}}
2024/05/27 19:51:33 Sent {"src":"n4","dest":"n0","body":{"in_reply_to":0,"type":"second_order_broadcast_ok"}}
2024/05/27 19:51:33 Received {n0 n4 {"message":27,"type":"second-order-broadcast"}}
2024/05/27 19:51:33 Sent {"src":"n4","dest":"n0","body":{"in_reply_to":0,"type":"second_order_broadcast_ok"}}
2024/05/27 19:51:33 Received {n0 n4 {"message":28,"type":"second-order-broadcast"}}
2024/05/27 19:51:33 Sent {"src":"n4","dest":"n0","body":{"in_reply_to":0,"type":"second_order_broadcast_ok"}}
2024/05/27 19:51:33 Received {n0 n4 {"message":28,"type":"second-order-broadcast"}}
2024/05/27 19:51:33 Sent {"src":"n4","dest":"n0","body":{"in_reply_to":0,"type":"second_order_broadcast_ok"}}
2024/05/27 19:51:33 Received {c14 n4 {"type":"broadcast","message":29,"msg_id":9}}
2024/05/27 19:51:33 Sent {"src":"n4","dest":"n0","body":{"message":29,"type":"second-order-broadcast"}}
2024/05/27 19:51:33 Sent {"src":"n4","dest":"n1","body":{"message":29,"type":"second-order-broadcast"}}
2024/05/27 19:51:33 Sent {"src":"n4","dest":"n2","body":{"message":29,"type":"second-order-broadcast"}}
2024/05/27 19:51:33 Sent {"src":"n4","dest":"n3","body":{"message":29,"type":"second-order-broadcast"}}
2024/05/27 19:51:33 Sent {"src":"n4","dest":"c14","body":{"in_reply_to":9,"type":"broadcast_ok"}}
2024/05/27 19:51:33 Received {n3 n4 {"in_reply_to":0,"type":"second_order_broadcast_ok"}}
2024/05/27 19:51:33 Received {n0 n4 {"in_reply_to":0,"type":"second_order_broadcast_ok"}}
2024/05/27 19:51:33 Received {n2 n4 {"in_reply_to":0,"type":"second_order_broadcast_ok"}}
2024/05/27 19:51:33 Received {n1 n4 {"in_reply_to":0,"type":"second_order_broadcast_ok"}}
2024/05/27 19:51:34 Received {n0 n4 {"message":30,"type":"second-order-broadcast"}}
2024/05/27 19:51:34 Sent {"src":"n4","dest":"n0","body":{"in_reply_to":0,"type":"second_order_broadcast_ok"}}
2024/05/27 19:51:34 Received {n0 n4 {"message":30,"type":"second-order-broadcast"}}
2024/05/27 19:51:34 Sent {"src":"n4","dest":"n0","body":{"in_reply_to":0,"type":"second_order_broadcast_ok"}}
2024/05/27 19:51:34 Received {n1 n4 {"message":31,"type":"second-order-broadcast"}}
2024/05/27 19:51:34 Received {n1 n4 {"message":31,"type":"second-order-broadcast"}}
2024/05/27 19:51:34 Sent {"src":"n4","dest":"n1","body":{"in_reply_to":0,"type":"second_order_broadcast_ok"}}
2024/05/27 19:51:34 Sent {"src":"n4","dest":"n1","body":{"in_reply_to":0,"type":"second_order_broadcast_ok"}}
2024/05/27 19:51:34 Received {n2 n4 {"message":32,"type":"second-order-broadcast"}}
2024/05/27 19:51:34 Received {n2 n4 {"message":32,"type":"second-order-broadcast"}}
2024/05/27 19:51:34 Sent {"src":"n4","dest":"n2","body":{"in_reply_to":0,"type":"second_order_broadcast_ok"}}
2024/05/27 19:51:34 Sent {"src":"n4","dest":"n2","body":{"in_reply_to":0,"type":"second_order_broadcast_ok"}}
2024/05/27 19:51:34 Received {c14 n4 {"type":"broadcast","message":33,"msg_id":10}}
2024/05/27 19:51:34 Sent {"src":"n4","dest":"n0","body":{"message":33,"type":"second-order-broadcast"}}
2024/05/27 19:51:34 Sent {"src":"n4","dest":"n1","body":{"message":33,"type":"second-order-broadcast"}}
2024/05/27 19:51:34 Sent {"src":"n4","dest":"n2","body":{"message":33,"type":"second-order-broadcast"}}
2024/05/27 19:51:34 Sent {"src":"n4","dest":"n3","body":{"message":33,"type":"second-order-broadcast"}}
2024/05/27 19:51:34 Sent {"src":"n4","dest":"c14","body":{"in_reply_to":10,"type":"broadcast_ok"}}
2024/05/27 19:51:34 Received {n0 n4 {"in_reply_to":0,"type":"second_order_broadcast_ok"}}
2024/05/27 19:51:34 Received {n1 n4 {"in_reply_to":0,"type":"second_order_broadcast_ok"}}
2024/05/27 19:51:34 Received {n2 n4 {"in_reply_to":0,"type":"second_order_broadcast_ok"}}
2024/05/27 19:51:34 Received {n3 n4 {"in_reply_to":0,"type":"second_order_broadcast_ok"}}
2024/05/27 19:51:34 Received {n0 n4 {"message":34,"type":"second-order-broadcast"}}
2024/05/27 19:51:34 Received {n0 n4 {"message":34,"type":"second-order-broadcast"}}
2024/05/27 19:51:34 Sent {"src":"n4","dest":"n0","body":{"in_reply_to":0,"type":"second_order_broadcast_ok"}}
2024/05/27 19:51:34 Sent {"src":"n4","dest":"n0","body":{"in_reply_to":0,"type":"second_order_broadcast_ok"}}
2024/05/27 19:51:35 Received {n2 n4 {"message":35,"type":"second-order-broadcast"}}
2024/05/27 19:51:35 Received {n2 n4 {"message":35,"type":"second-order-broadcast"}}
2024/05/27 19:51:35 Sent {"src":"n4","dest":"n2","body":{"in_reply_to":0,"type":"second_order_broadcast_ok"}}
2024/05/27 19:51:35 Sent {"src":"n4","dest":"n2","body":{"in_reply_to":0,"type":"second_order_broadcast_ok"}}
2024/05/27 19:51:35 Received {n3 n4 {"message":36,"type":"second-order-broadcast"}}
2024/05/27 19:51:35 Received {n3 n4 {"message":36,"type":"second-order-broadcast"}}
2024/05/27 19:51:35 Sent {"src":"n4","dest":"n3","body":{"in_reply_to":0,"type":"second_order_broadcast_ok"}}
2024/05/27 19:51:35 Sent {"src":"n4","dest":"n3","body":{"in_reply_to":0,"type":"second_order_broadcast_ok"}}
2024/05/27 19:51:35 Received {c14 n4 {"type":"broadcast","message":37,"msg_id":11}}
2024/05/27 19:51:35 Sent {"src":"n4","dest":"n0","body":{"message":37,"type":"second-order-broadcast"}}
2024/05/27 19:51:35 Sent {"src":"n4","dest":"n1","body":{"message":37,"type":"second-order-broadcast"}}
2024/05/27 19:51:35 Sent {"src":"n4","dest":"n2","body":{"message":37,"type":"second-order-broadcast"}}
2024/05/27 19:51:35 Sent {"src":"n4","dest":"n3","body":{"message":37,"type":"second-order-broadcast"}}
2024/05/27 19:51:35 Sent {"src":"n4","dest":"c14","body":{"in_reply_to":11,"type":"broadcast_ok"}}
2024/05/27 19:51:35 Received {n0 n4 {"in_reply_to":0,"type":"second_order_broadcast_ok"}}
2024/05/27 19:51:35 Received {n1 n4 {"in_reply_to":0,"type":"second_order_broadcast_ok"}}
2024/05/27 19:51:35 Received {n3 n4 {"in_reply_to":0,"type":"second_order_broadcast_ok"}}
2024/05/27 19:51:35 Received {n2 n4 {"in_reply_to":0,"type":"second_order_broadcast_ok"}}
2024/05/27 19:51:35 Received {n0 n4 {"message":38,"type":"second-order-broadcast"}}
2024/05/27 19:51:35 Sent {"src":"n4","dest":"n0","body":{"in_reply_to":0,"type":"second_order_broadcast_ok"}}
2024/05/27 19:51:35 Received {n0 n4 {"message":38,"type":"second-order-broadcast"}}
2024/05/27 19:51:35 Sent {"src":"n4","dest":"n0","body":{"in_reply_to":0,"type":"second_order_broadcast_ok"}}
2024/05/27 19:51:35 Received {n0 n4 {"message":39,"type":"second-order-broadcast"}}
2024/05/27 19:51:35 Received {n0 n4 {"message":39,"type":"second-order-broadcast"}}
2024/05/27 19:51:35 Sent {"src":"n4","dest":"n0","body":{"in_reply_to":0,"type":"second_order_broadcast_ok"}}
2024/05/27 19:51:35 Sent {"src":"n4","dest":"n0","body":{"in_reply_to":0,"type":"second_order_broadcast_ok"}}
2024/05/27 19:51:35 Received {n1 n4 {"message":40,"type":"second-order-broadcast"}}
2024/05/27 19:51:35 Sent {"src":"n4","dest":"n1","body":{"in_reply_to":0,"type":"second_order_broadcast_ok"}}
2024/05/27 19:51:35 Received {n1 n4 {"message":40,"type":"second-order-broadcast"}}
2024/05/27 19:51:35 Sent {"src":"n4","dest":"n1","body":{"in_reply_to":0,"type":"second_order_broadcast_ok"}}
2024/05/27 19:51:35 Received {c14 n4 {"type":"broadcast","message":41,"msg_id":12}}
2024/05/27 19:51:35 Sent {"src":"n4","dest":"n0","body":{"message":41,"type":"second-order-broadcast"}}
2024/05/27 19:51:35 Sent {"src":"n4","dest":"n1","body":{"message":41,"type":"second-order-broadcast"}}
2024/05/27 19:51:35 Sent {"src":"n4","dest":"n2","body":{"message":41,"type":"second-order-broadcast"}}
2024/05/27 19:51:35 Sent {"src":"n4","dest":"n3","body":{"message":41,"type":"second-order-broadcast"}}
2024/05/27 19:51:35 Sent {"src":"n4","dest":"c14","body":{"in_reply_to":12,"type":"broadcast_ok"}}
2024/05/27 19:51:35 Received {n2 n4 {"in_reply_to":0,"type":"second_order_broadcast_ok"}}
2024/05/27 19:51:35 Received {n3 n4 {"in_reply_to":0,"type":"second_order_broadcast_ok"}}
2024/05/27 19:51:35 Received {n1 n4 {"in_reply_to":0,"type":"second_order_broadcast_ok"}}
2024/05/27 19:51:35 Received {n0 n4 {"in_reply_to":0,"type":"second_order_broadcast_ok"}}
2024/05/27 19:51:35 Received {n0 n4 {"message":42,"type":"second-order-broadcast"}}
2024/05/27 19:51:35 Received {n0 n4 {"message":42,"type":"second-order-broadcast"}}
2024/05/27 19:51:35 Sent {"src":"n4","dest":"n0","body":{"in_reply_to":0,"type":"second_order_broadcast_ok"}}
2024/05/27 19:51:35 Sent {"src":"n4","dest":"n0","body":{"in_reply_to":0,"type":"second_order_broadcast_ok"}}
2024/05/27 19:51:36 Received {n1 n4 {"message":43,"type":"second-order-broadcast"}}
2024/05/27 19:51:36 Received {n1 n4 {"message":43,"type":"second-order-broadcast"}}
2024/05/27 19:51:36 Sent {"src":"n4","dest":"n1","body":{"in_reply_to":0,"type":"second_order_broadcast_ok"}}
2024/05/27 19:51:36 Sent {"src":"n4","dest":"n1","body":{"in_reply_to":0,"type":"second_order_broadcast_ok"}}
2024/05/27 19:51:36 Received {n2 n4 {"message":44,"type":"second-order-broadcast"}}
2024/05/27 19:51:36 Received {n2 n4 {"message":44,"type":"second-order-broadcast"}}
2024/05/27 19:51:36 Sent {"src":"n4","dest":"n2","body":{"in_reply_to":0,"type":"second_order_broadcast_ok"}}
2024/05/27 19:51:36 Sent {"src":"n4","dest":"n2","body":{"in_reply_to":0,"type":"second_order_broadcast_ok"}}
2024/05/27 19:51:36 Received {c14 n4 {"type":"read","msg_id":13}}
2024/05/27 19:51:36 Sent {"src":"n4","dest":"c14","body":{"in_reply_to":13,"messages":[0,0,1,1,2,2,3,3,4,4,5,5,6,7,7,8,8,9,9,10,10,11,11,12,12,13,13,14,14,15,15,16,17,17,16,18,19,19,20,20,21,22,22,23,23,24,24,25,25,26,27,27,28,28,29,30,30,31,31,32,32,33,34,34,35,35,36,36,37,38,38,39,39,40,40,41,42,42,43,43,44,44],"msg_id":13,"type":"read_ok"}}
2024/05/27 19:51:36 Received {n0 n4 {"message":45,"type":"second-order-broadcast"}}
2024/05/27 19:51:36 Received {n0 n4 {"message":45,"type":"second-order-broadcast"}}
2024/05/27 19:51:36 Sent {"src":"n4","dest":"n0","body":{"in_reply_to":0,"type":"second_order_broadcast_ok"}}
2024/05/27 19:51:36 Sent {"src":"n4","dest":"n0","body":{"in_reply_to":0,"type":"second_order_broadcast_ok"}}
2024/05/27 19:51:36 Received {n0 n4 {"message":46,"type":"second-order-broadcast"}}
2024/05/27 19:51:36 Received {n0 n4 {"message":46,"type":"second-order-broadcast"}}
2024/05/27 19:51:36 Sent {"src":"n4","dest":"n0","body":{"in_reply_to":0,"type":"second_order_broadcast_ok"}}
2024/05/27 19:51:36 Sent {"src":"n4","dest":"n0","body":{"in_reply_to":0,"type":"second_order_broadcast_ok"}}
2024/05/27 19:51:37 Received {n3 n4 {"message":47,"type":"second-order-broadcast"}}
2024/05/27 19:51:37 Received {n3 n4 {"message":47,"type":"second-order-broadcast"}}
2024/05/27 19:51:37 Sent {"src":"n4","dest":"n3","body":{"in_reply_to":0,"type":"second_order_broadcast_ok"}}
2024/05/27 19:51:37 Sent {"src":"n4","dest":"n3","body":{"in_reply_to":0,"type":"second_order_broadcast_ok"}}
2024/05/27 19:51:37 Received {c14 n4 {"type":"read","msg_id":14}}
2024/05/27 19:51:37 Sent {"src":"n4","dest":"c14","body":{"in_reply_to":14,"messages":[0,0,1,1,2,2,3,3,4,4,5,5,6,7,7,8,8,9,9,10,10,11,11,12,12,13,13,14,14,15,15,16,17,17,16,18,19,19,20,20,21,22,22,23,23,24,24,25,25,26,27,27,28,28,29,30,30,31,31,32,32,33,34,34,35,35,36,36,37,38,38,39,39,40,40,41,42,42,43,43,44,44,45,45,46,46,47,47],"msg_id":14,"type":"read_ok"}}
2024/05/27 19:51:37 Received {n0 n4 {"message":48,"type":"second-order-broadcast"}}
2024/05/27 19:51:37 Received {n0 n4 {"message":48,"type":"second-order-broadcast"}}
2024/05/27 19:51:37 Sent {"src":"n4","dest":"n0","body":{"in_reply_to":0,"type":"second_order_broadcast_ok"}}
2024/05/27 19:51:37 Sent {"src":"n4","dest":"n0","body":{"in_reply_to":0,"type":"second_order_broadcast_ok"}}
2024/05/27 19:51:37 Received {n2 n4 {"message":49,"type":"second-order-broadcast"}}
2024/05/27 19:51:37 Received {n2 n4 {"message":49,"type":"second-order-broadcast"}}
2024/05/27 19:51:37 Sent {"src":"n4","dest":"n2","body":{"in_reply_to":0,"type":"second_order_broadcast_ok"}}
2024/05/27 19:51:37 Sent {"src":"n4","dest":"n2","body":{"in_reply_to":0,"type":"second_order_broadcast_ok"}}
2024/05/27 19:51:37 Received {n3 n4 {"message":50,"type":"second-order-broadcast"}}
2024/05/27 19:51:37 Received {n3 n4 {"message":50,"type":"second-order-broadcast"}}
2024/05/27 19:51:37 Sent {"src":"n4","dest":"n3","body":{"in_reply_to":0,"type":"second_order_broadcast_ok"}}
2024/05/27 19:51:37 Sent {"src":"n4","dest":"n3","body":{"in_reply_to":0,"type":"second_order_broadcast_ok"}}
2024/05/27 19:51:37 Received {c14 n4 {"type":"broadcast","message":51,"msg_id":15}}
2024/05/27 19:51:37 Sent {"src":"n4","dest":"n0","body":{"message":51,"type":"second-order-broadcast"}}
2024/05/27 19:51:37 Sent {"src":"n4","dest":"n1","body":{"message":51,"type":"second-order-broadcast"}}
2024/05/27 19:51:37 Sent {"src":"n4","dest":"n2","body":{"message":51,"type":"second-order-broadcast"}}
2024/05/27 19:51:37 Sent {"src":"n4","dest":"n3","body":{"message":51,"type":"second-order-broadcast"}}
2024/05/27 19:51:37 Sent {"src":"n4","dest":"c14","body":{"in_reply_to":15,"type":"broadcast_ok"}}
2024/05/27 19:51:37 Received {n1 n4 {"in_reply_to":0,"type":"second_order_broadcast_ok"}}
2024/05/27 19:51:37 Received {n0 n4 {"in_reply_to":0,"type":"second_order_broadcast_ok"}}
2024/05/27 19:51:37 Received {n3 n4 {"in_reply_to":0,"type":"second_order_broadcast_ok"}}
2024/05/27 19:51:37 Received {n2 n4 {"in_reply_to":0,"type":"second_order_broadcast_ok"}}
2024/05/27 19:51:38 Received {n0 n4 {"message":52,"type":"second-order-broadcast"}}
2024/05/27 19:51:38 Sent {"src":"n4","dest":"n0","body":{"in_reply_to":0,"type":"second_order_broadcast_ok"}}
2024/05/27 19:51:38 Received {n0 n4 {"message":52,"type":"second-order-broadcast"}}
2024/05/27 19:51:38 Sent {"src":"n4","dest":"n0","body":{"in_reply_to":0,"type":"second_order_broadcast_ok"}}
2024/05/27 19:51:38 Received {n0 n4 {"message":53,"type":"second-order-broadcast"}}
2024/05/27 19:51:38 Received {n0 n4 {"message":53,"type":"second-order-broadcast"}}
2024/05/27 19:51:38 Sent {"src":"n4","dest":"n0","body":{"in_reply_to":0,"type":"second_order_broadcast_ok"}}
2024/05/27 19:51:38 Sent {"src":"n4","dest":"n0","body":{"in_reply_to":0,"type":"second_order_broadcast_ok"}}
2024/05/27 19:51:38 Received {n1 n4 {"message":54,"type":"second-order-broadcast"}}
2024/05/27 19:51:38 Received {n1 n4 {"message":54,"type":"second-order-broadcast"}}
2024/05/27 19:51:38 Sent {"src":"n4","dest":"n1","body":{"in_reply_to":0,"type":"second_order_broadcast_ok"}}
2024/05/27 19:51:38 Sent {"src":"n4","dest":"n1","body":{"in_reply_to":0,"type":"second_order_broadcast_ok"}}
2024/05/27 19:51:38 Received {n2 n4 {"message":55,"type":"second-order-broadcast"}}
2024/05/27 19:51:38 Received {n2 n4 {"message":55,"type":"second-order-broadcast"}}
2024/05/27 19:51:38 Sent {"src":"n4","dest":"n2","body":{"in_reply_to":0,"type":"second_order_broadcast_ok"}}
2024/05/27 19:51:38 Sent {"src":"n4","dest":"n2","body":{"in_reply_to":0,"type":"second_order_broadcast_ok"}}
2024/05/27 19:51:38 Received {n3 n4 {"message":56,"type":"second-order-broadcast"}}
2024/05/27 19:51:38 Received {n3 n4 {"message":56,"type":"second-order-broadcast"}}
2024/05/27 19:51:38 Sent {"src":"n4","dest":"n3","body":{"in_reply_to":0,"type":"second_order_broadcast_ok"}}
2024/05/27 19:51:38 Sent {"src":"n4","dest":"n3","body":{"in_reply_to":0,"type":"second_order_broadcast_ok"}}
2024/05/27 19:51:38 Received {c14 n4 {"type":"read","msg_id":16}}
2024/05/27 19:51:38 Sent {"src":"n4","dest":"c14","body":{"in_reply_to":16,"messages":[0,0,1,1,2,2,3,3,4,4,5,5,6,7,7,8,8,9,9,10,10,11,11,12,12,13,13,14,14,15,15,16,17,17,16,18,19,19,20,20,21,22,22,23,23,24,24,25,25,26,27,27,28,28,29,30,30,31,31,32,32,33,34,34,35,35,36,36,37,38,38,39,39,40,40,41,42,42,43,43,44,44,45,45,46,46,47,47,48,48,49,49,50,50,51,52,52,53,53,54,54,55,55,56,56],"msg_id":16,"type":"read_ok"}}
2024/05/27 19:51:38 Received {n0 n4 {"message":57,"type":"second-order-broadcast"}}
2024/05/27 19:51:38 Received {n0 n4 {"message":57,"type":"second-order-broadcast"}}
2024/05/27 19:51:38 Sent {"src":"n4","dest":"n0","body":{"in_reply_to":0,"type":"second_order_broadcast_ok"}}
2024/05/27 19:51:38 Sent {"src":"n4","dest":"n0","body":{"in_reply_to":0,"type":"second_order_broadcast_ok"}}
2024/05/27 19:51:39 Received {n0 n4 {"message":58,"type":"second-order-broadcast"}}
2024/05/27 19:51:39 Sent {"src":"n4","dest":"n0","body":{"in_reply_to":0,"type":"second_order_broadcast_ok"}}
2024/05/27 19:51:39 Received {n0 n4 {"message":58,"type":"second-order-broadcast"}}
2024/05/27 19:51:39 Sent {"src":"n4","dest":"n0","body":{"in_reply_to":0,"type":"second_order_broadcast_ok"}}
2024/05/27 19:51:39 Received {n1 n4 {"message":59,"type":"second-order-broadcast"}}
2024/05/27 19:51:39 Sent {"src":"n4","dest":"n1","body":{"in_reply_to":0,"type":"second_order_broadcast_ok"}}
2024/05/27 19:51:39 Received {n1 n4 {"message":59,"type":"second-order-broadcast"}}
2024/05/27 19:51:39 Sent {"src":"n4","dest":"n1","body":{"in_reply_to":0,"type":"second_order_broadcast_ok"}}
2024/05/27 19:51:39 Received {c14 n4 {"type":"read","msg_id":17}}
2024/05/27 19:51:39 Sent {"src":"n4","dest":"c14","body":{"in_reply_to":17,"messages":[0,0,1,1,2,2,3,3,4,4,5,5,6,7,7,8,8,9,9,10,10,11,11,12,12,13,13,14,14,15,15,16,17,17,16,18,19,19,20,20,21,22,22,23,23,24,24,25,25,26,27,27,28,28,29,30,30,31,31,32,32,33,34,34,35,35,36,36,37,38,38,39,39,40,40,41,42,42,43,43,44,44,45,45,46,46,47,47,48,48,49,49,50,50,51,52,52,53,53,54,54,55,55,56,56,57,57,58,58,59,59],"msg_id":17,"type":"read_ok"}}
2024/05/27 19:51:39 Received {n2 n4 {"message":60,"type":"second-order-broadcast"}}
2024/05/27 19:51:39 Received {n2 n4 {"message":60,"type":"second-order-broadcast"}}
2024/05/27 19:51:39 Sent {"src":"n4","dest":"n2","body":{"in_reply_to":0,"type":"second_order_broadcast_ok"}}
2024/05/27 19:51:39 Sent {"src":"n4","dest":"n2","body":{"in_reply_to":0,"type":"second_order_broadcast_ok"}}
2024/05/27 19:51:40 Received {c14 n4 {"type":"broadcast","message":61,"msg_id":18}}
2024/05/27 19:51:40 Sent {"src":"n4","dest":"n0","body":{"message":61,"type":"second-order-broadcast"}}
2024/05/27 19:51:40 Sent {"src":"n4","dest":"n1","body":{"message":61,"type":"second-order-broadcast"}}
2024/05/27 19:51:40 Sent {"src":"n4","dest":"n2","body":{"message":61,"type":"second-order-broadcast"}}
2024/05/27 19:51:40 Sent {"src":"n4","dest":"n3","body":{"message":61,"type":"second-order-broadcast"}}
2024/05/27 19:51:40 Sent {"src":"n4","dest":"c14","body":{"in_reply_to":18,"type":"broadcast_ok"}}
2024/05/27 19:51:40 Received {n0 n4 {"in_reply_to":0,"type":"second_order_broadcast_ok"}}
2024/05/27 19:51:40 Received {n1 n4 {"in_reply_to":0,"type":"second_order_broadcast_ok"}}
2024/05/27 19:51:40 Received {n3 n4 {"in_reply_to":0,"type":"second_order_broadcast_ok"}}
2024/05/27 19:51:40 Received {n2 n4 {"in_reply_to":0,"type":"second_order_broadcast_ok"}}
2024/05/27 19:51:40 Received {n0 n4 {"message":62,"type":"second-order-broadcast"}}
2024/05/27 19:51:40 Received {n0 n4 {"message":62,"type":"second-order-broadcast"}}
2024/05/27 19:51:40 Sent {"src":"n4","dest":"n0","body":{"in_reply_to":0,"type":"second_order_broadcast_ok"}}
2024/05/27 19:51:40 Sent {"src":"n4","dest":"n0","body":{"in_reply_to":0,"type":"second_order_broadcast_ok"}}
2024/05/27 19:51:40 Received {n0 n4 {"message":63,"type":"second-order-broadcast"}}
2024/05/27 19:51:40 Received {n0 n4 {"message":63,"type":"second-order-broadcast"}}
2024/05/27 19:51:40 Sent {"src":"n4","dest":"n0","body":{"in_reply_to":0,"type":"second_order_broadcast_ok"}}
2024/05/27 19:51:40 Sent {"src":"n4","dest":"n0","body":{"in_reply_to":0,"type":"second_order_broadcast_ok"}}
2024/05/27 19:51:40 Received {n1 n4 {"message":64,"type":"second-order-broadcast"}}
2024/05/27 19:51:40 Sent {"src":"n4","dest":"n1","body":{"in_reply_to":0,"type":"second_order_broadcast_ok"}}
2024/05/27 19:51:40 Received {n1 n4 {"message":64,"type":"second-order-broadcast"}}
2024/05/27 19:51:40 Sent {"src":"n4","dest":"n1","body":{"in_reply_to":0,"type":"second_order_broadcast_ok"}}
2024/05/27 19:51:40 Received {n3 n4 {"message":65,"type":"second-order-broadcast"}}
2024/05/27 19:51:40 Sent {"src":"n4","dest":"n3","body":{"in_reply_to":0,"type":"second_order_broadcast_ok"}}
2024/05/27 19:51:40 Received {n3 n4 {"message":65,"type":"second-order-broadcast"}}
2024/05/27 19:51:40 Sent {"src":"n4","dest":"n3","body":{"in_reply_to":0,"type":"second_order_broadcast_ok"}}
2024/05/27 19:51:40 Received {c14 n4 {"type":"read","msg_id":19}}
2024/05/27 19:51:40 Sent {"src":"n4","dest":"c14","body":{"in_reply_to":19,"messages":[0,0,1,1,2,2,3,3,4,4,5,5,6,7,7,8,8,9,9,10,10,11,11,12,12,13,13,14,14,15,15,16,17,17,16,18,19,19,20,20,21,22,22,23,23,24,24,25,25,26,27,27,28,28,29,30,30,31,31,32,32,33,34,34,35,35,36,36,37,38,38,39,39,40,40,41,42,42,43,43,44,44,45,45,46,46,47,47,48,48,49,49,50,50,51,52,52,53,53,54,54,55,55,56,56,57,57,58,58,59,59,60,60,61,62,62,63,63,64,64,65,65],"msg_id":19,"type":"read_ok"}}
2024/05/27 19:51:40 Received {n0 n4 {"message":66,"type":"second-order-broadcast"}}
2024/05/27 19:51:40 Sent {"src":"n4","dest":"n0","body":{"in_reply_to":0,"type":"second_order_broadcast_ok"}}
2024/05/27 19:51:40 Received {n0 n4 {"message":66,"type":"second-order-broadcast"}}
2024/05/27 19:51:40 Sent {"src":"n4","dest":"n0","body":{"in_reply_to":0,"type":"second_order_broadcast_ok"}}
2024/05/27 19:51:41 Received {n1 n4 {"message":67,"type":"second-order-broadcast"}}
2024/05/27 19:51:41 Received {n1 n4 {"message":67,"type":"second-order-broadcast"}}
2024/05/27 19:51:41 Sent {"src":"n4","dest":"n1","body":{"in_reply_to":0,"type":"second_order_broadcast_ok"}}
2024/05/27 19:51:41 Sent {"src":"n4","dest":"n1","body":{"in_reply_to":0,"type":"second_order_broadcast_ok"}}
2024/05/27 19:51:41 Received {n2 n4 {"message":68,"type":"second-order-broadcast"}}
2024/05/27 19:51:41 Received {n2 n4 {"message":68,"type":"second-order-broadcast"}}
2024/05/27 19:51:41 Sent {"src":"n4","dest":"n2","body":{"in_reply_to":0,"type":"second_order_broadcast_ok"}}
2024/05/27 19:51:41 Sent {"src":"n4","dest":"n2","body":{"in_reply_to":0,"type":"second_order_broadcast_ok"}}
2024/05/27 19:51:41 Received {c14 n4 {"type":"broadcast","message":69,"msg_id":20}}
2024/05/27 19:51:41 Sent {"src":"n4","dest":"n0","body":{"message":69,"type":"second-order-broadcast"}}
2024/05/27 19:51:41 Sent {"src":"n4","dest":"n1","body":{"message":69,"type":"second-order-broadcast"}}
2024/05/27 19:51:41 Sent {"src":"n4","dest":"n2","body":{"message":69,"type":"second-order-broadcast"}}
2024/05/27 19:51:41 Sent {"src":"n4","dest":"n3","body":{"message":69,"type":"second-order-broadcast"}}
2024/05/27 19:51:41 Sent {"src":"n4","dest":"c14","body":{"in_reply_to":20,"type":"broadcast_ok"}}
2024/05/27 19:51:41 Received {n0 n4 {"in_reply_to":0,"type":"second_order_broadcast_ok"}}
2024/05/27 19:51:41 Received {n1 n4 {"in_reply_to":0,"type":"second_order_broadcast_ok"}}
2024/05/27 19:51:41 Received {n2 n4 {"in_reply_to":0,"type":"second_order_broadcast_ok"}}
2024/05/27 19:51:41 Received {n3 n4 {"in_reply_to":0,"type":"second_order_broadcast_ok"}}
2024/05/27 19:51:41 Received {n0 n4 {"message":70,"type":"second-order-broadcast"}}
2024/05/27 19:51:41 Sent {"src":"n4","dest":"n0","body":{"in_reply_to":0,"type":"second_order_broadcast_ok"}}
2024/05/27 19:51:41 Received {n0 n4 {"message":70,"type":"second-order-broadcast"}}
2024/05/27 19:51:41 Sent {"src":"n4","dest":"n0","body":{"in_reply_to":0,"type":"second_order_broadcast_ok"}}
2024/05/27 19:51:41 Received {n1 n4 {"message":71,"type":"second-order-broadcast"}}
2024/05/27 19:51:41 Sent {"src":"n4","dest":"n1","body":{"in_reply_to":0,"type":"second_order_broadcast_ok"}}
2024/05/27 19:51:41 Received {n1 n4 {"message":71,"type":"second-order-broadcast"}}
2024/05/27 19:51:41 Sent {"src":"n4","dest":"n1","body":{"in_reply_to":0,"type":"second_order_broadcast_ok"}}
2024/05/27 19:51:41 Received {n2 n4 {"message":72,"type":"second-order-broadcast"}}
2024/05/27 19:51:41 Received {n2 n4 {"message":72,"type":"second-order-broadcast"}}
2024/05/27 19:51:41 Sent {"src":"n4","dest":"n2","body":{"in_reply_to":0,"type":"second_order_broadcast_ok"}}
2024/05/27 19:51:41 Sent {"src":"n4","dest":"n2","body":{"in_reply_to":0,"type":"second_order_broadcast_ok"}}
2024/05/27 19:51:42 Received {n3 n4 {"message":73,"type":"second-order-broadcast"}}
2024/05/27 19:51:42 Received {n3 n4 {"message":73,"type":"second-order-broadcast"}}
2024/05/27 19:51:42 Sent {"src":"n4","dest":"n3","body":{"in_reply_to":0,"type":"second_order_broadcast_ok"}}
2024/05/27 19:51:42 Sent {"src":"n4","dest":"n3","body":{"in_reply_to":0,"type":"second_order_broadcast_ok"}}
2024/05/27 19:51:42 Received {c14 n4 {"type":"broadcast","message":74,"msg_id":21}}
2024/05/27 19:51:42 Sent {"src":"n4","dest":"n0","body":{"message":74,"type":"second-order-broadcast"}}
2024/05/27 19:51:42 Sent {"src":"n4","dest":"n1","body":{"message":74,"type":"second-order-broadcast"}}
2024/05/27 19:51:42 Sent {"src":"n4","dest":"n2","body":{"message":74,"type":"second-order-broadcast"}}
2024/05/27 19:51:42 Sent {"src":"n4","dest":"n3","body":{"message":74,"type":"second-order-broadcast"}}
2024/05/27 19:51:42 Sent {"src":"n4","dest":"c14","body":{"in_reply_to":21,"type":"broadcast_ok"}}
2024/05/27 19:51:42 Received {n1 n4 {"in_reply_to":0,"type":"second_order_broadcast_ok"}}
2024/05/27 19:51:42 Received {n0 n4 {"in_reply_to":0,"type":"second_order_broadcast_ok"}}
2024/05/27 19:51:42 Received {n3 n4 {"in_reply_to":0,"type":"second_order_broadcast_ok"}}
2024/05/27 19:51:42 Received {n2 n4 {"in_reply_to":0,"type":"second_order_broadcast_ok"}}
2024/05/27 19:51:42 Received {n0 n4 {"message":75,"type":"second-order-broadcast"}}
2024/05/27 19:51:42 Received {n0 n4 {"message":75,"type":"second-order-broadcast"}}
2024/05/27 19:51:42 Sent {"src":"n4","dest":"n0","body":{"in_reply_to":0,"type":"second_order_broadcast_ok"}}
2024/05/27 19:51:42 Sent {"src":"n4","dest":"n0","body":{"in_reply_to":0,"type":"second_order_broadcast_ok"}}
2024/05/27 19:51:42 Received {n3 n4 {"message":76,"type":"second-order-broadcast"}}
2024/05/27 19:51:42 Received {n3 n4 {"message":76,"type":"second-order-broadcast"}}
2024/05/27 19:51:42 Sent {"src":"n4","dest":"n3","body":{"in_reply_to":0,"type":"second_order_broadcast_ok"}}
2024/05/27 19:51:42 Sent {"src":"n4","dest":"n3","body":{"in_reply_to":0,"type":"second_order_broadcast_ok"}}
2024/05/27 19:51:42 Received {c14 n4 {"type":"broadcast","message":77,"msg_id":22}}
2024/05/27 19:51:42 Sent {"src":"n4","dest":"n0","body":{"message":77,"type":"second-order-broadcast"}}
2024/05/27 19:51:42 Sent {"src":"n4","dest":"n1","body":{"message":77,"type":"second-order-broadcast"}}
2024/05/27 19:51:42 Sent {"src":"n4","dest":"n2","body":{"message":77,"type":"second-order-broadcast"}}
2024/05/27 19:51:42 Sent {"src":"n4","dest":"n3","body":{"message":77,"type":"second-order-broadcast"}}
2024/05/27 19:51:42 Sent {"src":"n4","dest":"c14","body":{"in_reply_to":22,"type":"broadcast_ok"}}
2024/05/27 19:51:42 Received {n0 n4 {"in_reply_to":0,"type":"second_order_broadcast_ok"}}
2024/05/27 19:51:42 Received {n2 n4 {"in_reply_to":0,"type":"second_order_broadcast_ok"}}
2024/05/27 19:51:42 Received {n1 n4 {"in_reply_to":0,"type":"second_order_broadcast_ok"}}
2024/05/27 19:51:42 Received {n3 n4 {"in_reply_to":0,"type":"second_order_broadcast_ok"}}
2024/05/27 19:51:42 Received {n0 n4 {"message":78,"type":"second-order-broadcast"}}
2024/05/27 19:51:42 Sent {"src":"n4","dest":"n0","body":{"in_reply_to":0,"type":"second_order_broadcast_ok"}}
2024/05/27 19:51:42 Received {n0 n4 {"message":78,"type":"second-order-broadcast"}}
2024/05/27 19:51:42 Sent {"src":"n4","dest":"n0","body":{"in_reply_to":0,"type":"second_order_broadcast_ok"}}
2024/05/27 19:51:42 Received {n1 n4 {"message":79,"type":"second-order-broadcast"}}
2024/05/27 19:51:42 Received {n1 n4 {"message":79,"type":"second-order-broadcast"}}
2024/05/27 19:51:42 Sent {"src":"n4","dest":"n1","body":{"in_reply_to":0,"type":"second_order_broadcast_ok"}}
2024/05/27 19:51:42 Sent {"src":"n4","dest":"n1","body":{"in_reply_to":0,"type":"second_order_broadcast_ok"}}
2024/05/27 19:51:43 Received {n2 n4 {"message":80,"type":"second-order-broadcast"}}
2024/05/27 19:51:43 Received {n2 n4 {"message":80,"type":"second-order-broadcast"}}
2024/05/27 19:51:43 Sent {"src":"n4","dest":"n2","body":{"in_reply_to":0,"type":"second_order_broadcast_ok"}}
2024/05/27 19:51:43 Sent {"src":"n4","dest":"n2","body":{"in_reply_to":0,"type":"second_order_broadcast_ok"}}
2024/05/27 19:51:43 Received {n3 n4 {"message":81,"type":"second-order-broadcast"}}
2024/05/27 19:51:43 Received {n3 n4 {"message":81,"type":"second-order-broadcast"}}
2024/05/27 19:51:43 Sent {"src":"n4","dest":"n3","body":{"in_reply_to":0,"type":"second_order_broadcast_ok"}}
2024/05/27 19:51:43 Sent {"src":"n4","dest":"n3","body":{"in_reply_to":0,"type":"second_order_broadcast_ok"}}
2024/05/27 19:51:43 Received {c14 n4 {"type":"broadcast","message":82,"msg_id":23}}
2024/05/27 19:51:43 Sent {"src":"n4","dest":"n0","body":{"message":82,"type":"second-order-broadcast"}}
2024/05/27 19:51:43 Sent {"src":"n4","dest":"n1","body":{"message":82,"type":"second-order-broadcast"}}
2024/05/27 19:51:43 Sent {"src":"n4","dest":"n2","body":{"message":82,"type":"second-order-broadcast"}}
2024/05/27 19:51:43 Sent {"src":"n4","dest":"n3","body":{"message":82,"type":"second-order-broadcast"}}
2024/05/27 19:51:43 Sent {"src":"n4","dest":"c14","body":{"in_reply_to":23,"type":"broadcast_ok"}}
2024/05/27 19:51:43 Received {n2 n4 {"in_reply_to":0,"type":"second_order_broadcast_ok"}}
2024/05/27 19:51:43 Received {n1 n4 {"in_reply_to":0,"type":"second_order_broadcast_ok"}}
2024/05/27 19:51:43 Received {n0 n4 {"in_reply_to":0,"type":"second_order_broadcast_ok"}}
2024/05/27 19:51:43 Received {n3 n4 {"in_reply_to":0,"type":"second_order_broadcast_ok"}}
2024/05/27 19:51:43 Received {n0 n4 {"message":83,"type":"second-order-broadcast"}}
2024/05/27 19:51:43 Received {n0 n4 {"message":83,"type":"second-order-broadcast"}}
2024/05/27 19:51:43 Sent {"src":"n4","dest":"n0","body":{"in_reply_to":0,"type":"second_order_broadcast_ok"}}
2024/05/27 19:51:43 Sent {"src":"n4","dest":"n0","body":{"in_reply_to":0,"type":"second_order_broadcast_ok"}}
2024/05/27 19:51:43 Received {n1 n4 {"message":84,"type":"second-order-broadcast"}}
2024/05/27 19:51:43 Sent {"src":"n4","dest":"n1","body":{"in_reply_to":0,"type":"second_order_broadcast_ok"}}
2024/05/27 19:51:43 Received {n1 n4 {"message":84,"type":"second-order-broadcast"}}
2024/05/27 19:51:43 Sent {"src":"n4","dest":"n1","body":{"in_reply_to":0,"type":"second_order_broadcast_ok"}}
2024/05/27 19:51:43 Received {c14 n4 {"type":"read","msg_id":24}}
2024/05/27 19:51:43 Sent {"src":"n4","dest":"c14","body":{"in_reply_to":24,"messages":[0,0,1,1,2,2,3,3,4,4,5,5,6,7,7,8,8,9,9,10,10,11,11,12,12,13,13,14,14,15,15,16,17,17,16,18,19,19,20,20,21,22,22,23,23,24,24,25,25,26,27,27,28,28,29,30,30,31,31,32,32,33,34,34,35,35,36,36,37,38,38,39,39,40,40,41,42,42,43,43,44,44,45,45,46,46,47,47,48,48,49,49,50,50,51,52,52,53,53,54,54,55,55,56,56,57,57,58,58,59,59,60,60,61,62,62,63,63,64,64,65,65,66,66,67,67,68,68,69,70,70,71,71,72,73,73,74,75,75,76,76,77,78,78,79,79,80,80,81,81,82,83,83,84,84],"msg_id":24,"type":"read_ok"}}
2024/05/27 19:51:43 Received {n2 n4 {"message":85,"type":"second-order-broadcast"}}
2024/05/27 19:51:43 Received {n2 n4 {"message":85,"type":"second-order-broadcast"}}
2024/05/27 19:51:43 Sent {"src":"n4","dest":"n2","body":{"in_reply_to":0,"type":"second_order_broadcast_ok"}}
2024/05/27 19:51:43 Sent {"src":"n4","dest":"n2","body":{"in_reply_to":0,"type":"second_order_broadcast_ok"}}
2024/05/27 19:51:44 Received {n3 n4 {"message":86,"type":"second-order-broadcast"}}
2024/05/27 19:51:44 Received {n3 n4 {"message":86,"type":"second-order-broadcast"}}
2024/05/27 19:51:44 Sent {"src":"n4","dest":"n3","body":{"in_reply_to":0,"type":"second_order_broadcast_ok"}}
2024/05/27 19:51:44 Sent {"src":"n4","dest":"n3","body":{"in_reply_to":0,"type":"second_order_broadcast_ok"}}
2024/05/27 19:51:44 Received {c14 n4 {"type":"read","msg_id":25}}
2024/05/27 19:51:44 Sent {"src":"n4","dest":"c14","body":{"in_reply_to":25,"messages":[0,0,1,1,2,2,3,3,4,4,5,5,6,7,7,8,8,9,9,10,10,11,11,12,12,13,13,14,14,15,15,16,17,17,16,18,19,19,20,20,21,22,22,23,23,24,24,25,25,26,27,27,28,28,29,30,30,31,31,32,32,33,34,34,35,35,36,36,37,38,38,39,39,40,40,41,42,42,43,43,44,44,45,45,46,46,47,47,48,48,49,49,50,50,51,52,52,53,53,54,54,55,55,56,56,57,57,58,58,59,59,60,60,61,62,62,63,63,64,64,65,65,66,66,67,67,68,68,69,70,70,71,71,72,73,73,74,75,75,76,76,77,78,78,79,79,80,80,81,81,82,83,83,84,84,85,85,86,86],"msg_id":25,"type":"read_ok"}}
2024/05/27 19:51:44 Received {n0 n4 {"message":87,"type":"second-order-broadcast"}}
2024/05/27 19:51:44 Received {n0 n4 {"message":87,"type":"second-order-broadcast"}}
2024/05/27 19:51:44 Sent {"src":"n4","dest":"n0","body":{"in_reply_to":0,"type":"second_order_broadcast_ok"}}
2024/05/27 19:51:44 Sent {"src":"n4","dest":"n0","body":{"in_reply_to":0,"type":"second_order_broadcast_ok"}}
2024/05/27 19:51:44 Received {n1 n4 {"message":88,"type":"second-order-broadcast"}}
2024/05/27 19:51:44 Received {n1 n4 {"message":88,"type":"second-order-broadcast"}}
2024/05/27 19:51:44 Sent {"src":"n4","dest":"n1","body":{"in_reply_to":0,"type":"second_order_broadcast_ok"}}
2024/05/27 19:51:44 Sent {"src":"n4","dest":"n1","body":{"in_reply_to":0,"type":"second_order_broadcast_ok"}}
2024/05/27 19:51:44 Received {n2 n4 {"message":89,"type":"second-order-broadcast"}}
2024/05/27 19:51:44 Received {n2 n4 {"message":89,"type":"second-order-broadcast"}}
2024/05/27 19:51:44 Sent {"src":"n4","dest":"n2","body":{"in_reply_to":0,"type":"second_order_broadcast_ok"}}
2024/05/27 19:51:44 Sent {"src":"n4","dest":"n2","body":{"in_reply_to":0,"type":"second_order_broadcast_ok"}}
2024/05/27 19:51:44 Received {c14 n4 {"type":"read","msg_id":26}}
2024/05/27 19:51:44 Sent {"src":"n4","dest":"c14","body":{"in_reply_to":26,"messages":[0,0,1,1,2,2,3,3,4,4,5,5,6,7,7,8,8,9,9,10,10,11,11,12,12,13,13,14,14,15,15,16,17,17,16,18,19,19,20,20,21,22,22,23,23,24,24,25,25,26,27,27,28,28,29,30,30,31,31,32,32,33,34,34,35,35,36,36,37,38,38,39,39,40,40,41,42,42,43,43,44,44,45,45,46,46,47,47,48,48,49,49,50,50,51,52,52,53,53,54,54,55,55,56,56,57,57,58,58,59,59,60,60,61,62,62,63,63,64,64,65,65,66,66,67,67,68,68,69,70,70,71,71,72,73,73,74,75,75,76,76,77,78,78,79,79,80,80,81,81,82,83,83,84,84,85,85,86,86,87,87,88,88,89,89],"msg_id":26,"type":"read_ok"}}
2024/05/27 19:51:44 Received {n0 n4 {"message":90,"type":"second-order-broadcast"}}
2024/05/27 19:51:44 Received {n0 n4 {"message":90,"type":"second-order-broadcast"}}
2024/05/27 19:51:44 Sent {"src":"n4","dest":"n0","body":{"in_reply_to":0,"type":"second_order_broadcast_ok"}}
2024/05/27 19:51:44 Sent {"src":"n4","dest":"n0","body":{"in_reply_to":0,"type":"second_order_broadcast_ok"}}
2024/05/27 19:51:44 Received {n1 n4 {"message":91,"type":"second-order-broadcast"}}
2024/05/27 19:51:44 Received {n1 n4 {"message":91,"type":"second-order-broadcast"}}
2024/05/27 19:51:44 Sent {"src":"n4","dest":"n1","body":{"in_reply_to":0,"type":"second_order_broadcast_ok"}}
2024/05/27 19:51:44 Sent {"src":"n4","dest":"n1","body":{"in_reply_to":0,"type":"second_order_broadcast_ok"}}
2024/05/27 19:51:44 Received {n2 n4 {"message":92,"type":"second-order-broadcast"}}
2024/05/27 19:51:44 Sent {"src":"n4","dest":"n2","body":{"in_reply_to":0,"type":"second_order_broadcast_ok"}}
2024/05/27 19:51:44 Received {n2 n4 {"message":92,"type":"second-order-broadcast"}}
2024/05/27 19:51:44 Sent {"src":"n4","dest":"n2","body":{"in_reply_to":0,"type":"second_order_broadcast_ok"}}
2024/05/27 19:51:45 Received {c14 n4 {"type":"read","msg_id":27}}
2024/05/27 19:51:45 Sent {"src":"n4","dest":"c14","body":{"in_reply_to":27,"messages":[0,0,1,1,2,2,3,3,4,4,5,5,6,7,7,8,8,9,9,10,10,11,11,12,12,13,13,14,14,15,15,16,17,17,16,18,19,19,20,20,21,22,22,23,23,24,24,25,25,26,27,27,28,28,29,30,30,31,31,32,32,33,34,34,35,35,36,36,37,38,38,39,39,40,40,41,42,42,43,43,44,44,45,45,46,46,47,47,48,48,49,49,50,50,51,52,52,53,53,54,54,55,55,56,56,57,57,58,58,59,59,60,60,61,62,62,63,63,64,64,65,65,66,66,67,67,68,68,69,70,70,71,71,72,73,73,74,75,75,76,76,77,78,78,79,79,80,80,81,81,82,83,83,84,84,85,85,86,86,87,87,88,88,89,89,90,90,91,91,92,92],"msg_id":27,"type":"read_ok"}}
2024/05/27 19:51:45 Received {n0 n4 {"message":93,"type":"second-order-broadcast"}}
2024/05/27 19:51:45 Received {n0 n4 {"message":93,"type":"second-order-broadcast"}}
2024/05/27 19:51:45 Sent {"src":"n4","dest":"n0","body":{"in_reply_to":0,"type":"second_order_broadcast_ok"}}
2024/05/27 19:51:45 Sent {"src":"n4","dest":"n0","body":{"in_reply_to":0,"type":"second_order_broadcast_ok"}}
2024/05/27 19:51:45 Received {n0 n4 {"message":94,"type":"second-order-broadcast"}}
2024/05/27 19:51:45 Sent {"src":"n4","dest":"n0","body":{"in_reply_to":0,"type":"second_order_broadcast_ok"}}
2024/05/27 19:51:45 Received {n0 n4 {"message":94,"type":"second-order-broadcast"}}
2024/05/27 19:51:45 Sent {"src":"n4","dest":"n0","body":{"in_reply_to":0,"type":"second_order_broadcast_ok"}}
2024/05/27 19:51:45 Received {n1 n4 {"message":95,"type":"second-order-broadcast"}}
2024/05/27 19:51:45 Sent {"src":"n4","dest":"n1","body":{"in_reply_to":0,"type":"second_order_broadcast_ok"}}
2024/05/27 19:51:45 Received {n1 n4 {"message":95,"type":"second-order-broadcast"}}
2024/05/27 19:51:45 Sent {"src":"n4","dest":"n1","body":{"in_reply_to":0,"type":"second_order_broadcast_ok"}}
2024/05/27 19:51:45 Received {n2 n4 {"message":96,"type":"second-order-broadcast"}}
2024/05/27 19:51:45 Received {n2 n4 {"message":96,"type":"second-order-broadcast"}}
2024/05/27 19:51:45 Sent {"src":"n4","dest":"n2","body":{"in_reply_to":0,"type":"second_order_broadcast_ok"}}
2024/05/27 19:51:45 Sent {"src":"n4","dest":"n2","body":{"in_reply_to":0,"type":"second_order_broadcast_ok"}}
2024/05/27 19:51:45 Received {n3 n4 {"message":97,"type":"second-order-broadcast"}}
2024/05/27 19:51:45 Received {n3 n4 {"message":97,"type":"second-order-broadcast"}}
2024/05/27 19:51:45 Sent {"src":"n4","dest":"n3","body":{"in_reply_to":0,"type":"second_order_broadcast_ok"}}
2024/05/27 19:51:45 Sent {"src":"n4","dest":"n3","body":{"in_reply_to":0,"type":"second_order_broadcast_ok"}}
2024/05/27 19:51:45 Received {c14 n4 {"type":"read","msg_id":28}}
2024/05/27 19:51:45 Sent {"src":"n4","dest":"c14","body":{"in_reply_to":28,"messages":[0,0,1,1,2,2,3,3,4,4,5,5,6,7,7,8,8,9,9,10,10,11,11,12,12,13,13,14,14,15,15,16,17,17,16,18,19,19,20,20,21,22,22,23,23,24,24,25,25,26,27,27,28,28,29,30,30,31,31,32,32,33,34,34,35,35,36,36,37,38,38,39,39,40,40,41,42,42,43,43,44,44,45,45,46,46,47,47,48,48,49,49,50,50,51,52,52,53,53,54,54,55,55,56,56,57,57,58,58,59,59,60,60,61,62,62,63,63,64,64,65,65,66,66,67,67,68,68,69,70,70,71,71,72,73,73,74,75,75,76,76,77,78,78,79,79,80,80,81,81,82,83,83,84,84,85,85,86,86,87,87,88,88,89,89,90,90,91,91,92,92,93,93,94,94,95,95,96,96,97,97],"msg_id":28,"type":"read_ok"}}
2024/05/27 19:51:46 Received {n0 n4 {"message":98,"type":"second-order-broadcast"}}
2024/05/27 19:51:46 Received {n0 n4 {"message":98,"type":"second-order-broadcast"}}
2024/05/27 19:51:46 Sent {"src":"n4","dest":"n0","body":{"in_reply_to":0,"type":"second_order_broadcast_ok"}}
2024/05/27 19:51:46 Sent {"src":"n4","dest":"n0","body":{"in_reply_to":0,"type":"second_order_broadcast_ok"}}
2024/05/27 19:51:46 Received {c14 n4 {"type":"read","msg_id":29}}
2024/05/27 19:51:46 Sent {"src":"n4","dest":"c14","body":{"in_reply_to":29,"messages":[0,0,1,1,2,2,3,3,4,4,5,5,6,7,7,8,8,9,9,10,10,11,11,12,12,13,13,14,14,15,15,16,17,17,16,18,19,19,20,20,21,22,22,23,23,24,24,25,25,26,27,27,28,28,29,30,30,31,31,32,32,33,34,34,35,35,36,36,37,38,38,39,39,40,40,41,42,42,43,43,44,44,45,45,46,46,47,47,48,48,49,49,50,50,51,52,52,53,53,54,54,55,55,56,56,57,57,58,58,59,59,60,60,61,62,62,63,63,64,64,65,65,66,66,67,67,68,68,69,70,70,71,71,72,73,73,74,75,75,76,76,77,78,78,79,79,80,80,81,81,82,83,83,84,84,85,85,86,86,87,87,88,88,89,89,90,90,91,91,92,92,93,93,94,94,95,95,96,96,97,97,98,98],"msg_id":29,"type":"read_ok"}}
2024/05/27 19:51:46 Received {n1 n4 {"message":99,"type":"second-order-broadcast"}}
2024/05/27 19:51:46 Sent {"src":"n4","dest":"n1","body":{"in_reply_to":0,"type":"second_order_broadcast_ok"}}
2024/05/27 19:51:46 Received {n1 n4 {"message":99,"type":"second-order-broadcast"}}
2024/05/27 19:51:46 Sent {"src":"n4","dest":"n1","body":{"in_reply_to":0,"type":"second_order_broadcast_ok"}}
2024/05/27 19:51:46 Received {n2 n4 {"message":100,"type":"second-order-broadcast"}}
2024/05/27 19:51:46 Sent {"src":"n4","dest":"n2","body":{"in_reply_to":0,"type":"second_order_broadcast_ok"}}
2024/05/27 19:51:46 Received {n2 n4 {"message":100,"type":"second-order-broadcast"}}
2024/05/27 19:51:46 Sent {"src":"n4","dest":"n2","body":{"in_reply_to":0,"type":"second_order_broadcast_ok"}}
2024/05/27 19:51:46 Received {c14 n4 {"type":"broadcast","message":101,"msg_id":30}}
2024/05/27 19:51:46 Sent {"src":"n4","dest":"n0","body":{"message":101,"type":"second-order-broadcast"}}
2024/05/27 19:51:46 Sent {"src":"n4","dest":"n1","body":{"message":101,"type":"second-order-broadcast"}}
2024/05/27 19:51:46 Sent {"src":"n4","dest":"n2","body":{"message":101,"type":"second-order-broadcast"}}
2024/05/27 19:51:46 Sent {"src":"n4","dest":"n3","body":{"message":101,"type":"second-order-broadcast"}}
2024/05/27 19:51:46 Sent {"src":"n4","dest":"c14","body":{"in_reply_to":30,"type":"broadcast_ok"}}
2024/05/27 19:51:46 Received {n0 n4 {"in_reply_to":0,"type":"second_order_broadcast_ok"}}
2024/05/27 19:51:46 Received {n1 n4 {"in_reply_to":0,"type":"second_order_broadcast_ok"}}
2024/05/27 19:51:46 Received {n2 n4 {"in_reply_to":0,"type":"second_order_broadcast_ok"}}
2024/05/27 19:51:46 Received {n3 n4 {"in_reply_to":0,"type":"second_order_broadcast_ok"}}
2024/05/27 19:51:47 Received {n0 n4 {"message":102,"type":"second-order-broadcast"}}
2024/05/27 19:51:47 Received {n0 n4 {"message":102,"type":"second-order-broadcast"}}
2024/05/27 19:51:47 Sent {"src":"n4","dest":"n0","body":{"in_reply_to":0,"type":"second_order_broadcast_ok"}}
2024/05/27 19:51:47 Sent {"src":"n4","dest":"n0","body":{"in_reply_to":0,"type":"second_order_broadcast_ok"}}
2024/05/27 19:51:47 Received {n2 n4 {"message":103,"type":"second-order-broadcast"}}
2024/05/27 19:51:47 Received {n2 n4 {"message":103,"type":"second-order-broadcast"}}
2024/05/27 19:51:47 Sent {"src":"n4","dest":"n2","body":{"in_reply_to":0,"type":"second_order_broadcast_ok"}}
2024/05/27 19:51:47 Sent {"src":"n4","dest":"n2","body":{"in_reply_to":0,"type":"second_order_broadcast_ok"}}
2024/05/27 19:51:47 Received {n3 n4 {"message":104,"type":"second-order-broadcast"}}
2024/05/27 19:51:47 Sent {"src":"n4","dest":"n3","body":{"in_reply_to":0,"type":"second_order_broadcast_ok"}}
2024/05/27 19:51:47 Received {n3 n4 {"message":104,"type":"second-order-broadcast"}}
2024/05/27 19:51:47 Sent {"src":"n4","dest":"n3","body":{"in_reply_to":0,"type":"second_order_broadcast_ok"}}
2024/05/27 19:51:47 Received {c14 n4 {"type":"read","msg_id":31}}
2024/05/27 19:51:47 Sent {"src":"n4","dest":"c14","body":{"in_reply_to":31,"messages":[0,0,1,1,2,2,3,3,4,4,5,5,6,7,7,8,8,9,9,10,10,11,11,12,12,13,13,14,14,15,15,16,17,17,16,18,19,19,20,20,21,22,22,23,23,24,24,25,25,26,27,27,28,28,29,30,30,31,31,32,32,33,34,34,35,35,36,36,37,38,38,39,39,40,40,41,42,42,43,43,44,44,45,45,46,46,47,47,48,48,49,49,50,50,51,52,52,53,53,54,54,55,55,56,56,57,57,58,58,59,59,60,60,61,62,62,63,63,64,64,65,65,66,66,67,67,68,68,69,70,70,71,71,72,73,73,74,75,75,76,76,77,78,78,79,79,80,80,81,81,82,83,83,84,84,85,85,86,86,87,87,88,88,89,89,90,90,91,91,92,92,93,93,94,94,95,95,96,96,97,97,98,98,99,99,100,100,101,102,102,103,103,104,104],"msg_id":31,"type":"read_ok"}}
2024/05/27 19:51:48 Received {n0 n4 {"message":105,"type":"second-order-broadcast"}}
2024/05/27 19:51:48 Received {n0 n4 {"message":105,"type":"second-order-broadcast"}}
2024/05/27 19:51:48 Sent {"src":"n4","dest":"n0","body":{"in_reply_to":0,"type":"second_order_broadcast_ok"}}
2024/05/27 19:51:48 Sent {"src":"n4","dest":"n0","body":{"in_reply_to":0,"type":"second_order_broadcast_ok"}}
2024/05/27 19:51:48 Received {n1 n4 {"message":106,"type":"second-order-broadcast"}}
2024/05/27 19:51:48 Received {n1 n4 {"message":106,"type":"second-order-broadcast"}}
2024/05/27 19:51:48 Sent {"src":"n4","dest":"n1","body":{"in_reply_to":0,"type":"second_order_broadcast_ok"}}
2024/05/27 19:51:48 Sent {"src":"n4","dest":"n1","body":{"in_reply_to":0,"type":"second_order_broadcast_ok"}}
2024/05/27 19:51:48 Received {c14 n4 {"type":"broadcast","message":107,"msg_id":32}}
2024/05/27 19:51:48 Sent {"src":"n4","dest":"n0","body":{"message":107,"type":"second-order-broadcast"}}
2024/05/27 19:51:48 Sent {"src":"n4","dest":"n1","body":{"message":107,"type":"second-order-broadcast"}}
2024/05/27 19:51:48 Sent {"src":"n4","dest":"n2","body":{"message":107,"type":"second-order-broadcast"}}
2024/05/27 19:51:48 Sent {"src":"n4","dest":"n3","body":{"message":107,"type":"second-order-broadcast"}}
2024/05/27 19:51:48 Sent {"src":"n4","dest":"c14","body":{"in_reply_to":32,"type":"broadcast_ok"}}
2024/05/27 19:51:48 Received {n0 n4 {"in_reply_to":0,"type":"second_order_broadcast_ok"}}
2024/05/27 19:51:48 Received {n1 n4 {"in_reply_to":0,"type":"second_order_broadcast_ok"}}
2024/05/27 19:51:48 Received {n2 n4 {"in_reply_to":0,"type":"second_order_broadcast_ok"}}
2024/05/27 19:51:48 Received {n3 n4 {"in_reply_to":0,"type":"second_order_broadcast_ok"}}
2024/05/27 19:51:48 Received {n0 n4 {"message":108,"type":"second-order-broadcast"}}
2024/05/27 19:51:48 Received {n0 n4 {"message":108,"type":"second-order-broadcast"}}
2024/05/27 19:51:48 Sent {"src":"n4","dest":"n0","body":{"in_reply_to":0,"type":"second_order_broadcast_ok"}}
2024/05/27 19:51:48 Sent {"src":"n4","dest":"n0","body":{"in_reply_to":0,"type":"second_order_broadcast_ok"}}
2024/05/27 19:51:48 Received {n0 n4 {"message":109,"type":"second-order-broadcast"}}
2024/05/27 19:51:48 Sent {"src":"n4","dest":"n0","body":{"in_reply_to":0,"type":"second_order_broadcast_ok"}}
2024/05/27 19:51:48 Received {n0 n4 {"message":109,"type":"second-order-broadcast"}}
2024/05/27 19:51:48 Sent {"src":"n4","dest":"n0","body":{"in_reply_to":0,"type":"second_order_broadcast_ok"}}
2024/05/27 19:51:59 Received {c14 n4 {"type":"read","msg_id":33}}
2024/05/27 19:51:59 Sent {"src":"n4","dest":"c14","body":{"in_reply_to":33,"messages":[0,0,1,1,2,2,3,3,4,4,5,5,6,7,7,8,8,9,9,10,10,11,11,12,12,13,13,14,14,15,15,16,17,17,16,18,19,19,20,20,21,22,22,23,23,24,24,25,25,26,27,27,28,28,29,30,30,31,31,32,32,33,34,34,35,35,36,36,37,38,38,39,39,40,40,41,42,42,43,43,44,44,45,45,46,46,47,47,48,48,49,49,50,50,51,52,52,53,53,54,54,55,55,56,56,57,57,58,58,59,59,60,60,61,62,62,63,63,64,64,65,65,66,66,67,67,68,68,69,70,70,71,71,72,73,73,74,75,75,76,76,77,78,78,79,79,80,80,81,81,82,83,83,84,84,85,85,86,86,87,87,88,88,89,89,90,90,91,91,92,92,93,93,94,94,95,95,96,96,97,97,98,98,99,99,100,100,101,102,102,103,103,104,104,105,105,106,106,107,108,108,109,109],"msg_id":33,"type":"read_ok"}}
