2024/07/02 19:00:24 Received {c3 n0 {"type":"init","node_id":"n0","node_ids":["n0","n1","n2","n3","n4"],"msg_id":1}}
2024/07/02 19:00:24 Node n0 initialized
2024/07/02 19:00:24 Sent {"src":"n0","dest":"c3","body":{"in_reply_to":1,"type":"init_ok"}}
2024/07/02 19:00:24 Received {c5 n0 {"type":"topology","topology":{"n0":["n3","n1"],"n1":["n4","n2","n0"],"n2":["n1"],"n3":["n0","n4"],"n4":["n1","n3"]},"msg_id":1}}
2024/07/02 19:00:24 Sent {"src":"n0","dest":"c5","body":{"in_reply_to":1,"type":"topology_ok"}}
2024/07/02 19:00:24 Received {c10 n0 {"type":"broadcast","message":0,"msg_id":1}}
2024/07/02 19:00:24 Sent {"src":"n0","dest":"n4","body":{"message":0,"type":"second-order-broadcast"}}
2024/07/02 19:00:24 Sent {"src":"n0","dest":"n1","body":{"message":0,"type":"second-order-broadcast"}}
2024/07/02 19:00:24 Sent {"src":"n0","dest":"n2","body":{"message":0,"type":"second-order-broadcast"}}
2024/07/02 19:00:24 Sent {"src":"n0","dest":"n3","body":{"message":0,"type":"second-order-broadcast"}}
2024/07/02 19:00:24 Sent {"src":"n0","dest":"n4","body":{"message":0,"type":"second-order-broadcast"}}
2024/07/02 19:00:24 Sent {"src":"n0","dest":"c10","body":{"in_reply_to":1,"type":"broadcast_ok"}}
2024/07/02 19:00:24 Received {n4 n0 {"in_reply_to":0,"node":"n4","type":"second_order_broadcast_ok"}}
2024/07/02 19:00:24 Received {n1 n0 {"in_reply_to":0,"node":"n1","type":"second_order_broadcast_ok"}}
2024/07/02 19:00:24 Received {n2 n0 {"in_reply_to":0,"node":"n2","type":"second_order_broadcast_ok"}}
2024/07/02 19:00:24 Received {n3 n0 {"in_reply_to":0,"node":"n3","type":"second_order_broadcast_ok"}}
2024/07/02 19:00:24 Received {n4 n0 {"in_reply_to":0,"node":"n4","type":"second_order_broadcast_ok"}}
2024/07/02 19:00:24 Received {n2 n0 {"message":1,"type":"second-order-broadcast"}}
2024/07/02 19:00:24 Sent {"src":"n0","dest":"n2","body":{"in_reply_to":0,"node":"n0","type":"second_order_broadcast_ok"}}
2024/07/02 19:00:24 Received {n3 n0 {"message":2,"type":"second-order-broadcast"}}
2024/07/02 19:00:24 Sent {"src":"n0","dest":"n3","body":{"in_reply_to":0,"node":"n0","type":"second_order_broadcast_ok"}}
2024/07/02 19:00:24 Received {c10 n0 {"type":"broadcast","message":4,"msg_id":2}}
2024/07/02 19:00:24 Sent {"src":"n0","dest":"n4","body":{"message":4,"type":"second-order-broadcast"}}
2024/07/02 19:00:24 Sent {"src":"n0","dest":"n1","body":{"message":4,"type":"second-order-broadcast"}}
2024/07/02 19:00:24 Sent {"src":"n0","dest":"n2","body":{"message":4,"type":"second-order-broadcast"}}
2024/07/02 19:00:24 Sent {"src":"n0","dest":"n3","body":{"message":4,"type":"second-order-broadcast"}}
2024/07/02 19:00:24 Sent {"src":"n0","dest":"n4","body":{"message":4,"type":"second-order-broadcast"}}
2024/07/02 19:00:24 Sent {"src":"n0","dest":"c10","body":{"in_reply_to":2,"type":"broadcast_ok"}}
2024/07/02 19:00:24 Received {n2 n0 {"in_reply_to":0,"node":"n2","type":"second_order_broadcast_ok"}}
2024/07/02 19:00:24 Received {n3 n0 {"in_reply_to":0,"node":"n3","type":"second_order_broadcast_ok"}}
2024/07/02 19:00:24 Received {c10 n0 {"type":"read","msg_id":3}}
2024/07/02 19:00:24 Sent {"src":"n0","dest":"c10","body":{"in_reply_to":3,"messages":[0,1,2,4],"msg_id":3,"type":"read_ok"}}
2024/07/02 19:00:25 Received {c10 n0 {"type":"read","msg_id":4}}
2024/07/02 19:00:25 Sent {"src":"n0","dest":"c10","body":{"in_reply_to":4,"messages":[0,1,2,4],"msg_id":4,"type":"read_ok"}}
2024/07/02 19:00:25 Received {c10 n0 {"type":"broadcast","message":7,"msg_id":5}}
2024/07/02 19:00:25 Sent {"src":"n0","dest":"n4","body":{"message":7,"type":"second-order-broadcast"}}
2024/07/02 19:00:25 Sent {"src":"n0","dest":"n1","body":{"message":7,"type":"second-order-broadcast"}}
2024/07/02 19:00:25 Sent {"src":"n0","dest":"n2","body":{"message":7,"type":"second-order-broadcast"}}
2024/07/02 19:00:25 Sent {"src":"n0","dest":"n3","body":{"message":7,"type":"second-order-broadcast"}}
2024/07/02 19:00:25 Sent {"src":"n0","dest":"n4","body":{"message":7,"type":"second-order-broadcast"}}
2024/07/02 19:00:25 Sent {"src":"n0","dest":"c10","body":{"in_reply_to":5,"type":"broadcast_ok"}}
2024/07/02 19:00:25 Received {n3 n0 {"in_reply_to":0,"node":"n3","type":"second_order_broadcast_ok"}}
2024/07/02 19:00:25 Received {n2 n0 {"in_reply_to":0,"node":"n2","type":"second_order_broadcast_ok"}}
2024/07/02 19:00:25 Received {n3 n0 {"message":8,"type":"second-order-broadcast"}}
2024/07/02 19:00:25 Sent {"src":"n0","dest":"n3","body":{"in_reply_to":0,"node":"n0","type":"second_order_broadcast_ok"}}
2024/07/02 19:00:26 Received {c10 n0 {"type":"read","msg_id":6}}
2024/07/02 19:00:26 Sent {"src":"n0","dest":"c10","body":{"in_reply_to":6,"messages":[0,1,2,4,7,8],"msg_id":6,"type":"read_ok"}}
2024/07/02 19:00:26 Received {c10 n0 {"type":"read","msg_id":7}}
2024/07/02 19:00:26 Sent {"src":"n0","dest":"c10","body":{"in_reply_to":7,"messages":[0,1,2,4,7,8],"msg_id":7,"type":"read_ok"}}
2024/07/02 19:00:26 Received {n2 n0 {"message":10,"type":"second-order-broadcast"}}
2024/07/02 19:00:26 Sent {"src":"n0","dest":"n2","body":{"in_reply_to":0,"node":"n0","type":"second_order_broadcast_ok"}}
2024/07/02 19:00:26 Received {n3 n0 {"message":11,"type":"second-order-broadcast"}}
2024/07/02 19:00:26 Sent {"src":"n0","dest":"n3","body":{"in_reply_to":0,"node":"n0","type":"second_order_broadcast_ok"}}
2024/07/02 19:00:26 Received {c10 n0 {"type":"broadcast","message":12,"msg_id":8}}
2024/07/02 19:00:26 Sent {"src":"n0","dest":"n4","body":{"message":12,"type":"second-order-broadcast"}}
2024/07/02 19:00:26 Sent {"src":"n0","dest":"n1","body":{"message":12,"type":"second-order-broadcast"}}
2024/07/02 19:00:26 Sent {"src":"n0","dest":"n2","body":{"message":12,"type":"second-order-broadcast"}}
2024/07/02 19:00:26 Sent {"src":"n0","dest":"n3","body":{"message":12,"type":"second-order-broadcast"}}
2024/07/02 19:00:26 Sent {"src":"n0","dest":"n4","body":{"message":12,"type":"second-order-broadcast"}}
2024/07/02 19:00:26 Sent {"src":"n0","dest":"c10","body":{"in_reply_to":8,"type":"broadcast_ok"}}
2024/07/02 19:00:26 Received {n3 n0 {"in_reply_to":0,"node":"n3","type":"second_order_broadcast_ok"}}
2024/07/02 19:00:26 Received {n2 n0 {"in_reply_to":0,"node":"n2","type":"second_order_broadcast_ok"}}
2024/07/02 19:00:26 Received {c10 n0 {"type":"broadcast","message":13,"msg_id":9}}
2024/07/02 19:00:26 Sent {"src":"n0","dest":"n4","body":{"message":13,"type":"second-order-broadcast"}}
2024/07/02 19:00:26 Sent {"src":"n0","dest":"n1","body":{"message":13,"type":"second-order-broadcast"}}
2024/07/02 19:00:26 Sent {"src":"n0","dest":"n2","body":{"message":13,"type":"second-order-broadcast"}}
2024/07/02 19:00:26 Sent {"src":"n0","dest":"n3","body":{"message":13,"type":"second-order-broadcast"}}
2024/07/02 19:00:26 Sent {"src":"n0","dest":"n4","body":{"message":13,"type":"second-order-broadcast"}}
2024/07/02 19:00:26 Sent {"src":"n0","dest":"c10","body":{"in_reply_to":9,"type":"broadcast_ok"}}
2024/07/02 19:00:26 Received {n2 n0 {"in_reply_to":0,"node":"n2","type":"second_order_broadcast_ok"}}
2024/07/02 19:00:26 Received {n3 n0 {"in_reply_to":0,"node":"n3","type":"second_order_broadcast_ok"}}
2024/07/02 19:00:27 Received {c10 n0 {"type":"read","msg_id":10}}
2024/07/02 19:00:27 Sent {"src":"n0","dest":"c10","body":{"in_reply_to":10,"messages":[0,1,2,4,7,8,10,11,12,13],"msg_id":10,"type":"read_ok"}}
2024/07/02 19:00:27 Received {c10 n0 {"type":"broadcast","message":15,"msg_id":11}}
2024/07/02 19:00:27 Sent {"src":"n0","dest":"n4","body":{"message":15,"type":"second-order-broadcast"}}
2024/07/02 19:00:27 Sent {"src":"n0","dest":"n1","body":{"message":15,"type":"second-order-broadcast"}}
2024/07/02 19:00:27 Sent {"src":"n0","dest":"n2","body":{"message":15,"type":"second-order-broadcast"}}
2024/07/02 19:00:27 Sent {"src":"n0","dest":"n3","body":{"message":15,"type":"second-order-broadcast"}}
2024/07/02 19:00:27 Sent {"src":"n0","dest":"n4","body":{"message":15,"type":"second-order-broadcast"}}
2024/07/02 19:00:27 Sent {"src":"n0","dest":"c10","body":{"in_reply_to":11,"type":"broadcast_ok"}}
2024/07/02 19:00:27 Received {n2 n0 {"in_reply_to":0,"node":"n2","type":"second_order_broadcast_ok"}}
2024/07/02 19:00:27 Received {n3 n0 {"in_reply_to":0,"node":"n3","type":"second_order_broadcast_ok"}}
2024/07/02 19:00:27 Received {n2 n0 {"message":16,"type":"second-order-broadcast"}}
2024/07/02 19:00:27 Sent {"src":"n0","dest":"n2","body":{"in_reply_to":0,"node":"n0","type":"second_order_broadcast_ok"}}
2024/07/02 19:00:27 Received {c10 n0 {"type":"read","msg_id":12}}
2024/07/02 19:00:27 Sent {"src":"n0","dest":"c10","body":{"in_reply_to":12,"messages":[0,1,2,4,7,8,10,11,12,13,15,16],"msg_id":12,"type":"read_ok"}}
2024/07/02 19:00:27 Received {c10 n0 {"type":"broadcast","message":17,"msg_id":13}}
2024/07/02 19:00:27 Sent {"src":"n0","dest":"n4","body":{"message":17,"type":"second-order-broadcast"}}
2024/07/02 19:00:27 Sent {"src":"n0","dest":"n1","body":{"message":17,"type":"second-order-broadcast"}}
2024/07/02 19:00:27 Sent {"src":"n0","dest":"n2","body":{"message":17,"type":"second-order-broadcast"}}
2024/07/02 19:00:27 Sent {"src":"n0","dest":"n3","body":{"message":17,"type":"second-order-broadcast"}}
2024/07/02 19:00:27 Sent {"src":"n0","dest":"n4","body":{"message":17,"type":"second-order-broadcast"}}
2024/07/02 19:00:27 Sent {"src":"n0","dest":"c10","body":{"in_reply_to":13,"type":"broadcast_ok"}}
2024/07/02 19:00:27 Received {n3 n0 {"in_reply_to":0,"node":"n3","type":"second_order_broadcast_ok"}}
2024/07/02 19:00:27 Received {n2 n0 {"in_reply_to":0,"node":"n2","type":"second_order_broadcast_ok"}}
2024/07/02 19:00:27 Received {n2 n0 {"message":18,"type":"second-order-broadcast"}}
2024/07/02 19:00:27 Sent {"src":"n0","dest":"n2","body":{"in_reply_to":0,"node":"n0","type":"second_order_broadcast_ok"}}
2024/07/02 19:00:27 Received {n3 n0 {"message":19,"type":"second-order-broadcast"}}
2024/07/02 19:00:27 Sent {"src":"n0","dest":"n3","body":{"in_reply_to":0,"node":"n0","type":"second_order_broadcast_ok"}}
2024/07/02 19:00:27 Received {c10 n0 {"type":"broadcast","message":20,"msg_id":14}}
2024/07/02 19:00:27 Sent {"src":"n0","dest":"n4","body":{"message":20,"type":"second-order-broadcast"}}
2024/07/02 19:00:27 Sent {"src":"n0","dest":"n1","body":{"message":20,"type":"second-order-broadcast"}}
2024/07/02 19:00:27 Sent {"src":"n0","dest":"n2","body":{"message":20,"type":"second-order-broadcast"}}
2024/07/02 19:00:27 Sent {"src":"n0","dest":"n3","body":{"message":20,"type":"second-order-broadcast"}}
2024/07/02 19:00:27 Sent {"src":"n0","dest":"n4","body":{"message":20,"type":"second-order-broadcast"}}
2024/07/02 19:00:27 Sent {"src":"n0","dest":"c10","body":{"in_reply_to":14,"type":"broadcast_ok"}}
2024/07/02 19:00:27 Received {n2 n0 {"in_reply_to":0,"node":"n2","type":"second_order_broadcast_ok"}}
2024/07/02 19:00:27 Received {n3 n0 {"in_reply_to":0,"node":"n3","type":"second_order_broadcast_ok"}}
2024/07/02 19:00:27 Received {c10 n0 {"type":"broadcast","message":21,"msg_id":15}}
2024/07/02 19:00:27 Sent {"src":"n0","dest":"n4","body":{"message":21,"type":"second-order-broadcast"}}
2024/07/02 19:00:27 Sent {"src":"n0","dest":"n1","body":{"message":21,"type":"second-order-broadcast"}}
2024/07/02 19:00:27 Sent {"src":"n0","dest":"n2","body":{"message":21,"type":"second-order-broadcast"}}
2024/07/02 19:00:27 Sent {"src":"n0","dest":"n3","body":{"message":21,"type":"second-order-broadcast"}}
2024/07/02 19:00:27 Sent {"src":"n0","dest":"n4","body":{"message":21,"type":"second-order-broadcast"}}
2024/07/02 19:00:27 Sent {"src":"n0","dest":"c10","body":{"in_reply_to":15,"type":"broadcast_ok"}}
2024/07/02 19:00:27 Received {n2 n0 {"in_reply_to":0,"node":"n2","type":"second_order_broadcast_ok"}}
2024/07/02 19:00:27 Received {n3 n0 {"in_reply_to":0,"node":"n3","type":"second_order_broadcast_ok"}}
2024/07/02 19:00:28 Received {n3 n0 {"message":23,"type":"second-order-broadcast"}}
2024/07/02 19:00:28 Sent {"src":"n0","dest":"n3","body":{"in_reply_to":0,"node":"n0","type":"second_order_broadcast_ok"}}
2024/07/02 19:00:28 Received {c10 n0 {"type":"read","msg_id":16}}
2024/07/02 19:00:28 Sent {"src":"n0","dest":"c10","body":{"in_reply_to":16,"messages":[0,1,2,4,7,8,10,11,12,13,15,16,17,18,19,20,21,23],"msg_id":16,"type":"read_ok"}}
2024/07/02 19:00:28 Received {c10 n0 {"type":"read","msg_id":17}}
2024/07/02 19:00:28 Sent {"src":"n0","dest":"c10","body":{"in_reply_to":17,"messages":[0,1,2,4,7,8,10,11,12,13,15,16,17,18,19,20,21,23],"msg_id":17,"type":"read_ok"}}
2024/07/02 19:00:28 Received {c10 n0 {"type":"read","msg_id":18}}
2024/07/02 19:00:28 Sent {"src":"n0","dest":"c10","body":{"in_reply_to":18,"messages":[0,1,2,4,7,8,10,11,12,13,15,16,17,18,19,20,21,23],"msg_id":18,"type":"read_ok"}}
2024/07/02 19:00:29 Received {c10 n0 {"type":"broadcast","message":26,"msg_id":19}}
2024/07/02 19:00:29 Sent {"src":"n0","dest":"n4","body":{"message":26,"type":"second-order-broadcast"}}
2024/07/02 19:00:29 Sent {"src":"n0","dest":"n1","body":{"message":26,"type":"second-order-broadcast"}}
2024/07/02 19:00:29 Sent {"src":"n0","dest":"n2","body":{"message":26,"type":"second-order-broadcast"}}
2024/07/02 19:00:29 Sent {"src":"n0","dest":"n3","body":{"message":26,"type":"second-order-broadcast"}}
2024/07/02 19:00:29 Sent {"src":"n0","dest":"n4","body":{"message":26,"type":"second-order-broadcast"}}
2024/07/02 19:00:29 Sent {"src":"n0","dest":"c10","body":{"in_reply_to":19,"type":"broadcast_ok"}}
2024/07/02 19:00:29 Received {n2 n0 {"in_reply_to":0,"node":"n2","type":"second_order_broadcast_ok"}}
2024/07/02 19:00:29 Received {n3 n0 {"in_reply_to":0,"node":"n3","type":"second_order_broadcast_ok"}}
2024/07/02 19:00:29 Received {n2 n0 {"message":27,"type":"second-order-broadcast"}}
2024/07/02 19:00:29 Sent {"src":"n0","dest":"n2","body":{"in_reply_to":0,"node":"n0","type":"second_order_broadcast_ok"}}
2024/07/02 19:00:29 Received {c10 n0 {"type":"read","msg_id":20}}
2024/07/02 19:00:29 Sent {"src":"n0","dest":"c10","body":{"in_reply_to":20,"messages":[0,1,2,4,7,8,10,11,12,13,15,16,17,18,19,20,21,23,26,27],"msg_id":20,"type":"read_ok"}}
2024/07/02 19:00:29 Received {c10 n0 {"type":"broadcast","message":28,"msg_id":21}}
2024/07/02 19:00:29 Sent {"src":"n0","dest":"n4","body":{"message":28,"type":"second-order-broadcast"}}
2024/07/02 19:00:29 Sent {"src":"n0","dest":"n1","body":{"message":28,"type":"second-order-broadcast"}}
2024/07/02 19:00:29 Sent {"src":"n0","dest":"n2","body":{"message":28,"type":"second-order-broadcast"}}
2024/07/02 19:00:29 Sent {"src":"n0","dest":"n3","body":{"message":28,"type":"second-order-broadcast"}}
2024/07/02 19:00:29 Sent {"src":"n0","dest":"n4","body":{"message":28,"type":"second-order-broadcast"}}
2024/07/02 19:00:29 Sent {"src":"n0","dest":"c10","body":{"in_reply_to":21,"type":"broadcast_ok"}}
2024/07/02 19:00:29 Received {n2 n0 {"in_reply_to":0,"node":"n2","type":"second_order_broadcast_ok"}}
2024/07/02 19:00:29 Received {n3 n0 {"in_reply_to":0,"node":"n3","type":"second_order_broadcast_ok"}}
2024/07/02 19:00:30 Received {n2 n0 {"message":30,"type":"second-order-broadcast"}}
2024/07/02 19:00:30 Sent {"src":"n0","dest":"n2","body":{"in_reply_to":0,"node":"n0","type":"second_order_broadcast_ok"}}
2024/07/02 19:00:30 Received {n3 n0 {"message":31,"type":"second-order-broadcast"}}
2024/07/02 19:00:30 Sent {"src":"n0","dest":"n3","body":{"in_reply_to":0,"node":"n0","type":"second_order_broadcast_ok"}}
2024/07/02 19:00:30 Received {c10 n0 {"type":"read","msg_id":22}}
2024/07/02 19:00:30 Sent {"src":"n0","dest":"c10","body":{"in_reply_to":22,"messages":[0,1,2,4,7,8,10,11,12,13,15,16,17,18,19,20,21,23,26,27,28,30,31],"msg_id":22,"type":"read_ok"}}
2024/07/02 19:00:30 Received {c10 n0 {"type":"broadcast","message":32,"msg_id":23}}
2024/07/02 19:00:30 Sent {"src":"n0","dest":"n4","body":{"message":32,"type":"second-order-broadcast"}}
2024/07/02 19:00:30 Sent {"src":"n0","dest":"n1","body":{"message":32,"type":"second-order-broadcast"}}
2024/07/02 19:00:30 Sent {"src":"n0","dest":"n2","body":{"message":32,"type":"second-order-broadcast"}}
2024/07/02 19:00:30 Sent {"src":"n0","dest":"n3","body":{"message":32,"type":"second-order-broadcast"}}
2024/07/02 19:00:30 Sent {"src":"n0","dest":"n4","body":{"message":32,"type":"second-order-broadcast"}}
2024/07/02 19:00:30 Sent {"src":"n0","dest":"c10","body":{"in_reply_to":23,"type":"broadcast_ok"}}
2024/07/02 19:00:30 Received {n3 n0 {"in_reply_to":0,"node":"n3","type":"second_order_broadcast_ok"}}
2024/07/02 19:00:30 Received {n2 n0 {"in_reply_to":0,"node":"n2","type":"second_order_broadcast_ok"}}
2024/07/02 19:00:30 Received {n2 n0 {"message":34,"type":"second-order-broadcast"}}
2024/07/02 19:00:30 Sent {"src":"n0","dest":"n2","body":{"in_reply_to":0,"node":"n0","type":"second_order_broadcast_ok"}}
2024/07/02 19:00:31 Received {n3 n0 {"message":35,"type":"second-order-broadcast"}}
2024/07/02 19:00:31 Sent {"src":"n0","dest":"n3","body":{"in_reply_to":0,"node":"n0","type":"second_order_broadcast_ok"}}
2024/07/02 19:00:31 Received {c10 n0 {"type":"broadcast","message":36,"msg_id":24}}
2024/07/02 19:00:31 Sent {"src":"n0","dest":"n4","body":{"message":36,"type":"second-order-broadcast"}}
2024/07/02 19:00:31 Sent {"src":"n0","dest":"n1","body":{"message":36,"type":"second-order-broadcast"}}
2024/07/02 19:00:31 Sent {"src":"n0","dest":"n2","body":{"message":36,"type":"second-order-broadcast"}}
2024/07/02 19:00:31 Sent {"src":"n0","dest":"n3","body":{"message":36,"type":"second-order-broadcast"}}
2024/07/02 19:00:31 Sent {"src":"n0","dest":"n4","body":{"message":36,"type":"second-order-broadcast"}}
2024/07/02 19:00:31 Sent {"src":"n0","dest":"c10","body":{"in_reply_to":24,"type":"broadcast_ok"}}
2024/07/02 19:00:31 Received {n2 n0 {"in_reply_to":0,"node":"n2","type":"second_order_broadcast_ok"}}
2024/07/02 19:00:31 Received {n3 n0 {"in_reply_to":0,"node":"n3","type":"second_order_broadcast_ok"}}
2024/07/02 19:00:31 Received {n1 n0 {"message":37,"type":"second-order-broadcast"}}
2024/07/02 19:00:31 Sent {"src":"n0","dest":"n1","body":{"in_reply_to":0,"node":"n0","type":"second_order_broadcast_ok"}}
2024/07/02 19:00:31 Received {n2 n0 {"message":38,"type":"second-order-broadcast"}}
2024/07/02 19:00:31 Sent {"src":"n0","dest":"n2","body":{"in_reply_to":0,"node":"n0","type":"second_order_broadcast_ok"}}
2024/07/02 19:00:31 Received {n3 n0 {"message":39,"type":"second-order-broadcast"}}
2024/07/02 19:00:31 Sent {"src":"n0","dest":"n3","body":{"in_reply_to":0,"node":"n0","type":"second_order_broadcast_ok"}}
2024/07/02 19:00:31 Received {c10 n0 {"type":"broadcast","message":40,"msg_id":25}}
2024/07/02 19:00:31 Sent {"src":"n0","dest":"n4","body":{"message":40,"type":"second-order-broadcast"}}
2024/07/02 19:00:31 Sent {"src":"n0","dest":"n1","body":{"message":40,"type":"second-order-broadcast"}}
2024/07/02 19:00:31 Sent {"src":"n0","dest":"n2","body":{"message":40,"type":"second-order-broadcast"}}
2024/07/02 19:00:31 Sent {"src":"n0","dest":"n3","body":{"message":40,"type":"second-order-broadcast"}}
2024/07/02 19:00:31 Sent {"src":"n0","dest":"n4","body":{"message":40,"type":"second-order-broadcast"}}
2024/07/02 19:00:31 Sent {"src":"n0","dest":"c10","body":{"in_reply_to":25,"type":"broadcast_ok"}}
2024/07/02 19:00:31 Received {n1 n0 {"in_reply_to":0,"node":"n1","type":"second_order_broadcast_ok"}}
2024/07/02 19:00:31 Received {n2 n0 {"in_reply_to":0,"node":"n2","type":"second_order_broadcast_ok"}}
2024/07/02 19:00:31 Received {n4 n0 {"in_reply_to":0,"node":"n4","type":"second_order_broadcast_ok"}}
2024/07/02 19:00:31 Received {n4 n0 {"in_reply_to":0,"node":"n4","type":"second_order_broadcast_ok"}}
2024/07/02 19:00:31 Received {n3 n0 {"in_reply_to":0,"node":"n3","type":"second_order_broadcast_ok"}}
2024/07/02 19:00:31 Received {c10 n0 {"type":"broadcast","message":41,"msg_id":26}}
2024/07/02 19:00:31 Sent {"src":"n0","dest":"n4","body":{"message":41,"type":"second-order-broadcast"}}
2024/07/02 19:00:31 Sent {"src":"n0","dest":"n1","body":{"message":41,"type":"second-order-broadcast"}}
2024/07/02 19:00:31 Sent {"src":"n0","dest":"n2","body":{"message":41,"type":"second-order-broadcast"}}
2024/07/02 19:00:31 Sent {"src":"n0","dest":"n3","body":{"message":41,"type":"second-order-broadcast"}}
2024/07/02 19:00:31 Sent {"src":"n0","dest":"n4","body":{"message":41,"type":"second-order-broadcast"}}
2024/07/02 19:00:31 Sent {"src":"n0","dest":"c10","body":{"in_reply_to":26,"type":"broadcast_ok"}}
2024/07/02 19:00:31 Received {n1 n0 {"in_reply_to":0,"node":"n1","type":"second_order_broadcast_ok"}}
2024/07/02 19:00:31 Received {n2 n0 {"in_reply_to":0,"node":"n2","type":"second_order_broadcast_ok"}}
2024/07/02 19:00:31 Received {n3 n0 {"in_reply_to":0,"node":"n3","type":"second_order_broadcast_ok"}}
2024/07/02 19:00:31 Received {n4 n0 {"in_reply_to":0,"node":"n4","type":"second_order_broadcast_ok"}}
2024/07/02 19:00:31 Received {n4 n0 {"in_reply_to":0,"node":"n4","type":"second_order_broadcast_ok"}}
2024/07/02 19:00:31 Received {n1 n0 {"message":42,"type":"second-order-broadcast"}}
2024/07/02 19:00:31 Sent {"src":"n0","dest":"n1","body":{"in_reply_to":0,"node":"n0","type":"second_order_broadcast_ok"}}
2024/07/02 19:00:31 Received {n3 n0 {"message":43,"type":"second-order-broadcast"}}
2024/07/02 19:00:31 Sent {"src":"n0","dest":"n3","body":{"in_reply_to":0,"node":"n0","type":"second_order_broadcast_ok"}}
2024/07/02 19:00:32 Received {c10 n0 {"type":"broadcast","message":44,"msg_id":27}}
2024/07/02 19:00:32 Sent {"src":"n0","dest":"n4","body":{"message":44,"type":"second-order-broadcast"}}
2024/07/02 19:00:32 Sent {"src":"n0","dest":"n1","body":{"message":44,"type":"second-order-broadcast"}}
2024/07/02 19:00:32 Sent {"src":"n0","dest":"n2","body":{"message":44,"type":"second-order-broadcast"}}
2024/07/02 19:00:32 Sent {"src":"n0","dest":"n3","body":{"message":44,"type":"second-order-broadcast"}}
2024/07/02 19:00:32 Sent {"src":"n0","dest":"n4","body":{"message":44,"type":"second-order-broadcast"}}
2024/07/02 19:00:32 Sent {"src":"n0","dest":"c10","body":{"in_reply_to":27,"type":"broadcast_ok"}}
2024/07/02 19:00:32 Received {n4 n0 {"in_reply_to":0,"node":"n4","type":"second_order_broadcast_ok"}}
2024/07/02 19:00:32 Received {n3 n0 {"in_reply_to":0,"node":"n3","type":"second_order_broadcast_ok"}}
2024/07/02 19:00:32 Received {n2 n0 {"in_reply_to":0,"node":"n2","type":"second_order_broadcast_ok"}}
2024/07/02 19:00:32 Received {n1 n0 {"in_reply_to":0,"node":"n1","type":"second_order_broadcast_ok"}}
2024/07/02 19:00:32 Received {n4 n0 {"in_reply_to":0,"node":"n4","type":"second_order_broadcast_ok"}}
2024/07/02 19:00:32 Received {c10 n0 {"type":"broadcast","message":45,"msg_id":28}}
2024/07/02 19:00:32 Sent {"src":"n0","dest":"n4","body":{"message":45,"type":"second-order-broadcast"}}
2024/07/02 19:00:32 Sent {"src":"n0","dest":"n1","body":{"message":45,"type":"second-order-broadcast"}}
2024/07/02 19:00:32 Sent {"src":"n0","dest":"n2","body":{"message":45,"type":"second-order-broadcast"}}
2024/07/02 19:00:32 Sent {"src":"n0","dest":"n3","body":{"message":45,"type":"second-order-broadcast"}}
2024/07/02 19:00:32 Sent {"src":"n0","dest":"n4","body":{"message":45,"type":"second-order-broadcast"}}
2024/07/02 19:00:32 Sent {"src":"n0","dest":"c10","body":{"in_reply_to":28,"type":"broadcast_ok"}}
2024/07/02 19:00:32 Received {n3 n0 {"in_reply_to":0,"node":"n3","type":"second_order_broadcast_ok"}}
2024/07/02 19:00:32 Received {n2 n0 {"in_reply_to":0,"node":"n2","type":"second_order_broadcast_ok"}}
2024/07/02 19:00:32 Received {n4 n0 {"in_reply_to":0,"node":"n4","type":"second_order_broadcast_ok"}}
2024/07/02 19:00:32 Received {n1 n0 {"in_reply_to":0,"node":"n1","type":"second_order_broadcast_ok"}}
2024/07/02 19:00:32 Received {n4 n0 {"in_reply_to":0,"node":"n4","type":"second_order_broadcast_ok"}}
2024/07/02 19:00:32 Received {n1 n0 {"message":46,"type":"second-order-broadcast"}}
2024/07/02 19:00:32 Sent {"src":"n0","dest":"n1","body":{"in_reply_to":0,"node":"n0","type":"second_order_broadcast_ok"}}
2024/07/02 19:00:32 Received {n2 n0 {"message":47,"type":"second-order-broadcast"}}
2024/07/02 19:00:32 Sent {"src":"n0","dest":"n2","body":{"in_reply_to":0,"node":"n0","type":"second_order_broadcast_ok"}}
2024/07/02 19:00:32 Received {n4 n0 {"message":48,"type":"second-order-broadcast"}}
2024/07/02 19:00:32 Sent {"src":"n0","dest":"n4","body":{"in_reply_to":0,"node":"n0","type":"second_order_broadcast_ok"}}
2024/07/02 19:00:32 Received {c10 n0 {"type":"broadcast","message":49,"msg_id":29}}
2024/07/02 19:00:32 Sent {"src":"n0","dest":"n4","body":{"message":49,"type":"second-order-broadcast"}}
2024/07/02 19:00:32 Sent {"src":"n0","dest":"n1","body":{"message":49,"type":"second-order-broadcast"}}
2024/07/02 19:00:32 Sent {"src":"n0","dest":"n2","body":{"message":49,"type":"second-order-broadcast"}}
2024/07/02 19:00:32 Sent {"src":"n0","dest":"n3","body":{"message":49,"type":"second-order-broadcast"}}
2024/07/02 19:00:32 Sent {"src":"n0","dest":"n4","body":{"message":49,"type":"second-order-broadcast"}}
2024/07/02 19:00:32 Sent {"src":"n0","dest":"c10","body":{"in_reply_to":29,"type":"broadcast_ok"}}
2024/07/02 19:00:32 Received {n1 n0 {"in_reply_to":0,"node":"n1","type":"second_order_broadcast_ok"}}
2024/07/02 19:00:32 Received {n3 n0 {"in_reply_to":0,"node":"n3","type":"second_order_broadcast_ok"}}
2024/07/02 19:00:32 Received {n2 n0 {"in_reply_to":0,"node":"n2","type":"second_order_broadcast_ok"}}
2024/07/02 19:00:32 Received {n4 n0 {"in_reply_to":0,"node":"n4","type":"second_order_broadcast_ok"}}
2024/07/02 19:00:32 Received {n4 n0 {"in_reply_to":0,"node":"n4","type":"second_order_broadcast_ok"}}
2024/07/02 19:00:32 Received {c10 n0 {"type":"read","msg_id":30}}
2024/07/02 19:00:32 Sent {"src":"n0","dest":"c10","body":{"in_reply_to":30,"messages":[0,1,2,4,7,8,10,11,12,13,15,16,17,18,19,20,21,23,26,27,28,30,31,32,34,35,36,37,38,39,40,41,42,43,44,45,46,47,48,49],"msg_id":30,"type":"read_ok"}}
2024/07/02 19:00:32 Received {n1 n0 {"message":50,"type":"second-order-broadcast"}}
2024/07/02 19:00:32 Sent {"src":"n0","dest":"n1","body":{"in_reply_to":0,"node":"n0","type":"second_order_broadcast_ok"}}
2024/07/02 19:00:32 Received {n2 n0 {"message":51,"type":"second-order-broadcast"}}
2024/07/02 19:00:32 Sent {"src":"n0","dest":"n2","body":{"in_reply_to":0,"node":"n0","type":"second_order_broadcast_ok"}}
2024/07/02 19:00:33 Received {n3 n0 {"message":52,"type":"second-order-broadcast"}}
2024/07/02 19:00:33 Sent {"src":"n0","dest":"n3","body":{"in_reply_to":0,"node":"n0","type":"second_order_broadcast_ok"}}
2024/07/02 19:00:33 Received {c10 n0 {"type":"broadcast","message":53,"msg_id":31}}
2024/07/02 19:00:33 Sent {"src":"n0","dest":"n4","body":{"message":53,"type":"second-order-broadcast"}}
2024/07/02 19:00:33 Sent {"src":"n0","dest":"n1","body":{"message":53,"type":"second-order-broadcast"}}
2024/07/02 19:00:33 Sent {"src":"n0","dest":"n2","body":{"message":53,"type":"second-order-broadcast"}}
2024/07/02 19:00:33 Sent {"src":"n0","dest":"n3","body":{"message":53,"type":"second-order-broadcast"}}
2024/07/02 19:00:33 Sent {"src":"n0","dest":"n4","body":{"message":53,"type":"second-order-broadcast"}}
2024/07/02 19:00:33 Sent {"src":"n0","dest":"c10","body":{"in_reply_to":31,"type":"broadcast_ok"}}
2024/07/02 19:00:33 Received {n3 n0 {"in_reply_to":0,"node":"n3","type":"second_order_broadcast_ok"}}
2024/07/02 19:00:33 Received {n1 n0 {"in_reply_to":0,"node":"n1","type":"second_order_broadcast_ok"}}
2024/07/02 19:00:33 Received {n2 n0 {"in_reply_to":0,"node":"n2","type":"second_order_broadcast_ok"}}
2024/07/02 19:00:33 Received {n4 n0 {"in_reply_to":0,"node":"n4","type":"second_order_broadcast_ok"}}
2024/07/02 19:00:33 Received {n4 n0 {"in_reply_to":0,"node":"n4","type":"second_order_broadcast_ok"}}
2024/07/02 19:00:33 Received {c10 n0 {"type":"broadcast","message":54,"msg_id":32}}
2024/07/02 19:00:33 Sent {"src":"n0","dest":"n4","body":{"message":54,"type":"second-order-broadcast"}}
2024/07/02 19:00:33 Sent {"src":"n0","dest":"n1","body":{"message":54,"type":"second-order-broadcast"}}
2024/07/02 19:00:33 Sent {"src":"n0","dest":"n2","body":{"message":54,"type":"second-order-broadcast"}}
2024/07/02 19:00:33 Sent {"src":"n0","dest":"n3","body":{"message":54,"type":"second-order-broadcast"}}
2024/07/02 19:00:33 Sent {"src":"n0","dest":"n4","body":{"message":54,"type":"second-order-broadcast"}}
2024/07/02 19:00:33 Sent {"src":"n0","dest":"c10","body":{"in_reply_to":32,"type":"broadcast_ok"}}
2024/07/02 19:00:33 Received {n1 n0 {"in_reply_to":0,"node":"n1","type":"second_order_broadcast_ok"}}
2024/07/02 19:00:33 Received {n4 n0 {"in_reply_to":0,"node":"n4","type":"second_order_broadcast_ok"}}
2024/07/02 19:00:33 Received {n4 n0 {"in_reply_to":0,"node":"n4","type":"second_order_broadcast_ok"}}
2024/07/02 19:00:33 Received {n3 n0 {"in_reply_to":0,"node":"n3","type":"second_order_broadcast_ok"}}
2024/07/02 19:00:33 Received {n2 n0 {"in_reply_to":0,"node":"n2","type":"second_order_broadcast_ok"}}
2024/07/02 19:00:33 Received {n1 n0 {"message":55,"type":"second-order-broadcast"}}
2024/07/02 19:00:33 Sent {"src":"n0","dest":"n1","body":{"in_reply_to":0,"node":"n0","type":"second_order_broadcast_ok"}}
2024/07/02 19:00:33 Received {n2 n0 {"message":56,"type":"second-order-broadcast"}}
2024/07/02 19:00:33 Sent {"src":"n0","dest":"n2","body":{"in_reply_to":0,"node":"n0","type":"second_order_broadcast_ok"}}
2024/07/02 19:00:33 Received {n3 n0 {"message":57,"type":"second-order-broadcast"}}
2024/07/02 19:00:33 Sent {"src":"n0","dest":"n3","body":{"in_reply_to":0,"node":"n0","type":"second_order_broadcast_ok"}}
2024/07/02 19:00:33 Received {n4 n0 {"message":58,"type":"second-order-broadcast"}}
2024/07/02 19:00:33 Sent {"src":"n0","dest":"n4","body":{"in_reply_to":0,"node":"n0","type":"second_order_broadcast_ok"}}
2024/07/02 19:00:33 Received {c10 n0 {"type":"read","msg_id":33}}
2024/07/02 19:00:33 Sent {"src":"n0","dest":"c10","body":{"in_reply_to":33,"messages":[0,1,2,4,7,8,10,11,12,13,15,16,17,18,19,20,21,23,26,27,28,30,31,32,34,35,36,37,38,39,40,41,42,43,44,45,46,47,48,49,50,51,52,53,54,55,56,57,58],"msg_id":33,"type":"read_ok"}}
2024/07/02 19:00:33 Received {c10 n0 {"type":"broadcast","message":59,"msg_id":34}}
2024/07/02 19:00:33 Sent {"src":"n0","dest":"n4","body":{"message":59,"type":"second-order-broadcast"}}
2024/07/02 19:00:33 Sent {"src":"n0","dest":"n1","body":{"message":59,"type":"second-order-broadcast"}}
2024/07/02 19:00:33 Sent {"src":"n0","dest":"n2","body":{"message":59,"type":"second-order-broadcast"}}
2024/07/02 19:00:33 Sent {"src":"n0","dest":"n3","body":{"message":59,"type":"second-order-broadcast"}}
2024/07/02 19:00:33 Sent {"src":"n0","dest":"n4","body":{"message":59,"type":"second-order-broadcast"}}
2024/07/02 19:00:33 Sent {"src":"n0","dest":"c10","body":{"in_reply_to":34,"type":"broadcast_ok"}}
2024/07/02 19:00:33 Received {n2 n0 {"in_reply_to":0,"node":"n2","type":"second_order_broadcast_ok"}}
2024/07/02 19:00:33 Received {n1 n0 {"in_reply_to":0,"node":"n1","type":"second_order_broadcast_ok"}}
2024/07/02 19:00:33 Received {n4 n0 {"in_reply_to":0,"node":"n4","type":"second_order_broadcast_ok"}}
2024/07/02 19:00:33 Received {n4 n0 {"in_reply_to":0,"node":"n4","type":"second_order_broadcast_ok"}}
2024/07/02 19:00:33 Received {n3 n0 {"in_reply_to":0,"node":"n3","type":"second_order_broadcast_ok"}}
2024/07/02 19:00:33 Received {n1 n0 {"message":60,"type":"second-order-broadcast"}}
2024/07/02 19:00:33 Sent {"src":"n0","dest":"n1","body":{"in_reply_to":0,"node":"n0","type":"second_order_broadcast_ok"}}
2024/07/02 19:00:33 Received {n3 n0 {"message":61,"type":"second-order-broadcast"}}
2024/07/02 19:00:33 Sent {"src":"n0","dest":"n3","body":{"in_reply_to":0,"node":"n0","type":"second_order_broadcast_ok"}}
2024/07/02 19:00:33 Received {n4 n0 {"message":62,"type":"second-order-broadcast"}}
2024/07/02 19:00:33 Sent {"src":"n0","dest":"n4","body":{"in_reply_to":0,"node":"n0","type":"second_order_broadcast_ok"}}
2024/07/02 19:00:34 Received {c10 n0 {"type":"broadcast","message":63,"msg_id":35}}
2024/07/02 19:00:34 Sent {"src":"n0","dest":"n4","body":{"message":63,"type":"second-order-broadcast"}}
2024/07/02 19:00:34 Sent {"src":"n0","dest":"n1","body":{"message":63,"type":"second-order-broadcast"}}
2024/07/02 19:00:34 Sent {"src":"n0","dest":"n2","body":{"message":63,"type":"second-order-broadcast"}}
2024/07/02 19:00:34 Sent {"src":"n0","dest":"n3","body":{"message":63,"type":"second-order-broadcast"}}
2024/07/02 19:00:34 Sent {"src":"n0","dest":"n4","body":{"message":63,"type":"second-order-broadcast"}}
2024/07/02 19:00:34 Sent {"src":"n0","dest":"c10","body":{"in_reply_to":35,"type":"broadcast_ok"}}
2024/07/02 19:00:34 Received {n4 n0 {"in_reply_to":0,"node":"n4","type":"second_order_broadcast_ok"}}
2024/07/02 19:00:34 Received {n3 n0 {"in_reply_to":0,"node":"n3","type":"second_order_broadcast_ok"}}
2024/07/02 19:00:34 Received {n1 n0 {"in_reply_to":0,"node":"n1","type":"second_order_broadcast_ok"}}
2024/07/02 19:00:34 Received {n2 n0 {"in_reply_to":0,"node":"n2","type":"second_order_broadcast_ok"}}
2024/07/02 19:00:34 Received {n4 n0 {"in_reply_to":0,"node":"n4","type":"second_order_broadcast_ok"}}
2024/07/02 19:00:34 Received {c10 n0 {"type":"read","msg_id":36}}
2024/07/02 19:00:34 Sent {"src":"n0","dest":"c10","body":{"in_reply_to":36,"messages":[0,1,2,4,7,8,10,11,12,13,15,16,17,18,19,20,21,23,26,27,28,30,31,32,34,35,36,37,38,39,40,41,42,43,44,45,46,47,48,49,50,51,52,53,54,55,56,57,58,59,60,61,62,63],"msg_id":36,"type":"read_ok"}}
2024/07/02 19:00:34 Received {n1 n0 {"message":64,"type":"second-order-broadcast"}}
2024/07/02 19:00:34 Sent {"src":"n0","dest":"n1","body":{"in_reply_to":0,"node":"n0","type":"second_order_broadcast_ok"}}
2024/07/02 19:00:34 Received {n2 n0 {"message":65,"type":"second-order-broadcast"}}
2024/07/02 19:00:34 Sent {"src":"n0","dest":"n2","body":{"in_reply_to":0,"node":"n0","type":"second_order_broadcast_ok"}}
2024/07/02 19:00:34 Received {n3 n0 {"message":66,"type":"second-order-broadcast"}}
2024/07/02 19:00:34 Sent {"src":"n0","dest":"n3","body":{"in_reply_to":0,"node":"n0","type":"second_order_broadcast_ok"}}
2024/07/02 19:00:34 Received {n4 n0 {"message":67,"type":"second-order-broadcast"}}
2024/07/02 19:00:34 Sent {"src":"n0","dest":"n4","body":{"in_reply_to":0,"node":"n0","type":"second_order_broadcast_ok"}}
2024/07/02 19:00:34 Received {c10 n0 {"type":"read","msg_id":37}}
2024/07/02 19:00:34 Sent {"src":"n0","dest":"c10","body":{"in_reply_to":37,"messages":[0,1,2,4,7,8,10,11,12,13,15,16,17,18,19,20,21,23,26,27,28,30,31,32,34,35,36,37,38,39,40,41,42,43,44,45,46,47,48,49,50,51,52,53,54,55,56,57,58,59,60,61,62,63,64,65,66,67],"msg_id":37,"type":"read_ok"}}
2024/07/02 19:00:34 Received {c10 n0 {"type":"broadcast","message":68,"msg_id":38}}
2024/07/02 19:00:34 Sent {"src":"n0","dest":"n4","body":{"message":68,"type":"second-order-broadcast"}}
2024/07/02 19:00:34 Sent {"src":"n0","dest":"n1","body":{"message":68,"type":"second-order-broadcast"}}
2024/07/02 19:00:34 Sent {"src":"n0","dest":"n2","body":{"message":68,"type":"second-order-broadcast"}}
2024/07/02 19:00:34 Sent {"src":"n0","dest":"n3","body":{"message":68,"type":"second-order-broadcast"}}
2024/07/02 19:00:34 Sent {"src":"n0","dest":"n4","body":{"message":68,"type":"second-order-broadcast"}}
2024/07/02 19:00:34 Sent {"src":"n0","dest":"c10","body":{"in_reply_to":38,"type":"broadcast_ok"}}
2024/07/02 19:00:34 Received {n4 n0 {"in_reply_to":0,"node":"n4","type":"second_order_broadcast_ok"}}
2024/07/02 19:00:34 Received {n3 n0 {"in_reply_to":0,"node":"n3","type":"second_order_broadcast_ok"}}
2024/07/02 19:00:34 Received {n2 n0 {"in_reply_to":0,"node":"n2","type":"second_order_broadcast_ok"}}
2024/07/02 19:00:34 Received {n1 n0 {"in_reply_to":0,"node":"n1","type":"second_order_broadcast_ok"}}
2024/07/02 19:00:34 Received {n4 n0 {"in_reply_to":0,"node":"n4","type":"second_order_broadcast_ok"}}
2024/07/02 19:00:34 Received {n1 n0 {"message":69,"type":"second-order-broadcast"}}
2024/07/02 19:00:34 Sent {"src":"n0","dest":"n1","body":{"in_reply_to":0,"node":"n0","type":"second_order_broadcast_ok"}}
2024/07/02 19:00:35 Received {n3 n0 {"message":70,"type":"second-order-broadcast"}}
2024/07/02 19:00:35 Sent {"src":"n0","dest":"n3","body":{"in_reply_to":0,"node":"n0","type":"second_order_broadcast_ok"}}
2024/07/02 19:00:35 Received {c10 n0 {"type":"broadcast","message":71,"msg_id":39}}
2024/07/02 19:00:35 Sent {"src":"n0","dest":"n4","body":{"message":71,"type":"second-order-broadcast"}}
2024/07/02 19:00:35 Sent {"src":"n0","dest":"n1","body":{"message":71,"type":"second-order-broadcast"}}
2024/07/02 19:00:35 Sent {"src":"n0","dest":"n2","body":{"message":71,"type":"second-order-broadcast"}}
2024/07/02 19:00:35 Sent {"src":"n0","dest":"n3","body":{"message":71,"type":"second-order-broadcast"}}
2024/07/02 19:00:35 Sent {"src":"n0","dest":"n4","body":{"message":71,"type":"second-order-broadcast"}}
2024/07/02 19:00:35 Sent {"src":"n0","dest":"c10","body":{"in_reply_to":39,"type":"broadcast_ok"}}
2024/07/02 19:00:35 Received {n3 n0 {"in_reply_to":0,"node":"n3","type":"second_order_broadcast_ok"}}
2024/07/02 19:00:35 Received {n1 n0 {"in_reply_to":0,"node":"n1","type":"second_order_broadcast_ok"}}
2024/07/02 19:00:35 Received {n2 n0 {"in_reply_to":0,"node":"n2","type":"second_order_broadcast_ok"}}
2024/07/02 19:00:35 Received {n4 n0 {"in_reply_to":0,"node":"n4","type":"second_order_broadcast_ok"}}
2024/07/02 19:00:35 Received {n4 n0 {"in_reply_to":0,"node":"n4","type":"second_order_broadcast_ok"}}
2024/07/02 19:00:35 Received {c10 n0 {"type":"read","msg_id":40}}
2024/07/02 19:00:35 Sent {"src":"n0","dest":"c10","body":{"in_reply_to":40,"messages":[0,1,2,4,7,8,10,11,12,13,15,16,17,18,19,20,21,23,26,27,28,30,31,32,34,35,36,37,38,39,40,41,42,43,44,45,46,47,48,49,50,51,52,53,54,55,56,57,58,59,60,61,62,63,64,65,66,67,68,69,70,71],"msg_id":40,"type":"read_ok"}}
2024/07/02 19:00:35 Received {n1 n0 {"message":72,"type":"second-order-broadcast"}}
2024/07/02 19:00:35 Sent {"src":"n0","dest":"n1","body":{"in_reply_to":0,"node":"n0","type":"second_order_broadcast_ok"}}
2024/07/02 19:00:35 Received {n3 n0 {"message":73,"type":"second-order-broadcast"}}
2024/07/02 19:00:35 Sent {"src":"n0","dest":"n3","body":{"in_reply_to":0,"node":"n0","type":"second_order_broadcast_ok"}}
2024/07/02 19:00:36 Received {c10 n0 {"type":"read","msg_id":41}}
2024/07/02 19:00:36 Sent {"src":"n0","dest":"c10","body":{"in_reply_to":41,"messages":[0,1,2,4,7,8,10,11,12,13,15,16,17,18,19,20,21,23,26,27,28,30,31,32,34,35,36,37,38,39,40,41,42,43,44,45,46,47,48,49,50,51,52,53,54,55,56,57,58,59,60,61,62,63,64,65,66,67,68,69,70,71,72,73],"msg_id":41,"type":"read_ok"}}
2024/07/02 19:00:36 Received {c10 n0 {"type":"read","msg_id":42}}
2024/07/02 19:00:36 Sent {"src":"n0","dest":"c10","body":{"in_reply_to":42,"messages":[0,1,2,4,7,8,10,11,12,13,15,16,17,18,19,20,21,23,26,27,28,30,31,32,34,35,36,37,38,39,40,41,42,43,44,45,46,47,48,49,50,51,52,53,54,55,56,57,58,59,60,61,62,63,64,65,66,67,68,69,70,71,72,73],"msg_id":42,"type":"read_ok"}}
2024/07/02 19:00:36 Received {n3 n0 {"message":74,"type":"second-order-broadcast"}}
2024/07/02 19:00:36 Sent {"src":"n0","dest":"n3","body":{"in_reply_to":0,"node":"n0","type":"second_order_broadcast_ok"}}
2024/07/02 19:00:36 Received {n4 n0 {"message":75,"type":"second-order-broadcast"}}
2024/07/02 19:00:36 Sent {"src":"n0","dest":"n4","body":{"in_reply_to":0,"node":"n0","type":"second_order_broadcast_ok"}}
2024/07/02 19:00:36 Received {c10 n0 {"type":"broadcast","message":76,"msg_id":43}}
2024/07/02 19:00:36 Sent {"src":"n0","dest":"n4","body":{"message":76,"type":"second-order-broadcast"}}
2024/07/02 19:00:36 Sent {"src":"n0","dest":"n1","body":{"message":76,"type":"second-order-broadcast"}}
2024/07/02 19:00:36 Sent {"src":"n0","dest":"n2","body":{"message":76,"type":"second-order-broadcast"}}
2024/07/02 19:00:36 Sent {"src":"n0","dest":"n3","body":{"message":76,"type":"second-order-broadcast"}}
2024/07/02 19:00:36 Sent {"src":"n0","dest":"n4","body":{"message":76,"type":"second-order-broadcast"}}
2024/07/02 19:00:36 Sent {"src":"n0","dest":"c10","body":{"in_reply_to":43,"type":"broadcast_ok"}}
2024/07/02 19:00:36 Received {n2 n0 {"in_reply_to":0,"node":"n2","type":"second_order_broadcast_ok"}}
2024/07/02 19:00:36 Received {n3 n0 {"in_reply_to":0,"node":"n3","type":"second_order_broadcast_ok"}}
2024/07/02 19:00:36 Received {n1 n0 {"in_reply_to":0,"node":"n1","type":"second_order_broadcast_ok"}}
2024/07/02 19:00:36 Received {n4 n0 {"in_reply_to":0,"node":"n4","type":"second_order_broadcast_ok"}}
2024/07/02 19:00:36 Received {n4 n0 {"in_reply_to":0,"node":"n4","type":"second_order_broadcast_ok"}}
2024/07/02 19:00:36 Received {c10 n0 {"type":"read","msg_id":44}}
2024/07/02 19:00:36 Sent {"src":"n0","dest":"c10","body":{"in_reply_to":44,"messages":[0,1,2,4,7,8,10,11,12,13,15,16,17,18,19,20,21,23,26,27,28,30,31,32,34,35,36,37,38,39,40,41,42,43,44,45,46,47,48,49,50,51,52,53,54,55,56,57,58,59,60,61,62,63,64,65,66,67,68,69,70,71,72,73,74,75,76],"msg_id":44,"type":"read_ok"}}
2024/07/02 19:00:37 Received {c10 n0 {"type":"broadcast","message":77,"msg_id":45}}
2024/07/02 19:00:37 Sent {"src":"n0","dest":"n4","body":{"message":77,"type":"second-order-broadcast"}}
2024/07/02 19:00:37 Sent {"src":"n0","dest":"n1","body":{"message":77,"type":"second-order-broadcast"}}
2024/07/02 19:00:37 Sent {"src":"n0","dest":"n2","body":{"message":77,"type":"second-order-broadcast"}}
2024/07/02 19:00:37 Sent {"src":"n0","dest":"n3","body":{"message":77,"type":"second-order-broadcast"}}
2024/07/02 19:00:37 Sent {"src":"n0","dest":"n4","body":{"message":77,"type":"second-order-broadcast"}}
2024/07/02 19:00:37 Sent {"src":"n0","dest":"c10","body":{"in_reply_to":45,"type":"broadcast_ok"}}
2024/07/02 19:00:37 Received {n1 n0 {"in_reply_to":0,"node":"n1","type":"second_order_broadcast_ok"}}
2024/07/02 19:00:37 Received {n3 n0 {"in_reply_to":0,"node":"n3","type":"second_order_broadcast_ok"}}
2024/07/02 19:00:37 Received {n4 n0 {"in_reply_to":0,"node":"n4","type":"second_order_broadcast_ok"}}
2024/07/02 19:00:37 Received {n2 n0 {"in_reply_to":0,"node":"n2","type":"second_order_broadcast_ok"}}
2024/07/02 19:00:37 Received {n4 n0 {"in_reply_to":0,"node":"n4","type":"second_order_broadcast_ok"}}
2024/07/02 19:00:37 Received {c10 n0 {"type":"read","msg_id":46}}
2024/07/02 19:00:37 Sent {"src":"n0","dest":"c10","body":{"in_reply_to":46,"messages":[0,1,2,4,7,8,10,11,12,13,15,16,17,18,19,20,21,23,26,27,28,30,31,32,34,35,36,37,38,39,40,41,42,43,44,45,46,47,48,49,50,51,52,53,54,55,56,57,58,59,60,61,62,63,64,65,66,67,68,69,70,71,72,73,74,75,76,77],"msg_id":46,"type":"read_ok"}}
2024/07/02 19:00:37 Received {n4 n0 {"message":78,"type":"second-order-broadcast"}}
2024/07/02 19:00:37 Sent {"src":"n0","dest":"n4","body":{"in_reply_to":0,"node":"n0","type":"second_order_broadcast_ok"}}
2024/07/02 19:00:37 Received {c10 n0 {"type":"read","msg_id":47}}
2024/07/02 19:00:37 Sent {"src":"n0","dest":"c10","body":{"in_reply_to":47,"messages":[0,1,2,4,7,8,10,11,12,13,15,16,17,18,19,20,21,23,26,27,28,30,31,32,34,35,36,37,38,39,40,41,42,43,44,45,46,47,48,49,50,51,52,53,54,55,56,57,58,59,60,61,62,63,64,65,66,67,68,69,70,71,72,73,74,75,76,77,78],"msg_id":47,"type":"read_ok"}}
2024/07/02 19:00:38 Received {c10 n0 {"type":"read","msg_id":48}}
2024/07/02 19:00:38 Sent {"src":"n0","dest":"c10","body":{"in_reply_to":48,"messages":[0,1,2,4,7,8,10,11,12,13,15,16,17,18,19,20,21,23,26,27,28,30,31,32,34,35,36,37,38,39,40,41,42,43,44,45,46,47,48,49,50,51,52,53,54,55,56,57,58,59,60,61,62,63,64,65,66,67,68,69,70,71,72,73,74,75,76,77,78],"msg_id":48,"type":"read_ok"}}
2024/07/02 19:00:38 Received {n1 n0 {"message":79,"type":"second-order-broadcast"}}
2024/07/02 19:00:38 Sent {"src":"n0","dest":"n1","body":{"in_reply_to":0,"node":"n0","type":"second_order_broadcast_ok"}}
2024/07/02 19:00:38 Received {n2 n0 {"message":80,"type":"second-order-broadcast"}}
2024/07/02 19:00:38 Sent {"src":"n0","dest":"n2","body":{"in_reply_to":0,"node":"n0","type":"second_order_broadcast_ok"}}
2024/07/02 19:00:38 Received {n3 n0 {"message":81,"type":"second-order-broadcast"}}
2024/07/02 19:00:38 Sent {"src":"n0","dest":"n3","body":{"in_reply_to":0,"node":"n0","type":"second_order_broadcast_ok"}}
2024/07/02 19:00:38 Received {c10 n0 {"type":"broadcast","message":82,"msg_id":49}}
2024/07/02 19:00:38 Sent {"src":"n0","dest":"n4","body":{"message":82,"type":"second-order-broadcast"}}
2024/07/02 19:00:38 Sent {"src":"n0","dest":"n1","body":{"message":82,"type":"second-order-broadcast"}}
2024/07/02 19:00:38 Sent {"src":"n0","dest":"n2","body":{"message":82,"type":"second-order-broadcast"}}
2024/07/02 19:00:38 Sent {"src":"n0","dest":"n3","body":{"message":82,"type":"second-order-broadcast"}}
2024/07/02 19:00:38 Sent {"src":"n0","dest":"n4","body":{"message":82,"type":"second-order-broadcast"}}
2024/07/02 19:00:38 Sent {"src":"n0","dest":"c10","body":{"in_reply_to":49,"type":"broadcast_ok"}}
2024/07/02 19:00:38 Received {n1 n0 {"in_reply_to":0,"node":"n1","type":"second_order_broadcast_ok"}}
2024/07/02 19:00:38 Received {n3 n0 {"in_reply_to":0,"node":"n3","type":"second_order_broadcast_ok"}}
2024/07/02 19:00:38 Received {n2 n0 {"in_reply_to":0,"node":"n2","type":"second_order_broadcast_ok"}}
2024/07/02 19:00:38 Received {n4 n0 {"in_reply_to":0,"node":"n4","type":"second_order_broadcast_ok"}}
2024/07/02 19:00:38 Received {n4 n0 {"in_reply_to":0,"node":"n4","type":"second_order_broadcast_ok"}}
2024/07/02 19:00:38 Received {c10 n0 {"type":"read","msg_id":50}}
2024/07/02 19:00:38 Sent {"src":"n0","dest":"c10","body":{"in_reply_to":50,"messages":[0,1,2,4,7,8,10,11,12,13,15,16,17,18,19,20,21,23,26,27,28,30,31,32,34,35,36,37,38,39,40,41,42,43,44,45,46,47,48,49,50,51,52,53,54,55,56,57,58,59,60,61,62,63,64,65,66,67,68,69,70,71,72,73,74,75,76,77,78,79,80,81,82],"msg_id":50,"type":"read_ok"}}
2024/07/02 19:00:39 Received {n4 n0 {"message":83,"type":"second-order-broadcast"}}
2024/07/02 19:00:39 Sent {"src":"n0","dest":"n4","body":{"in_reply_to":0,"node":"n0","type":"second_order_broadcast_ok"}}
2024/07/02 19:00:39 Received {c10 n0 {"type":"read","msg_id":51}}
2024/07/02 19:00:39 Sent {"src":"n0","dest":"c10","body":{"in_reply_to":51,"messages":[0,1,2,4,7,8,10,11,12,13,15,16,17,18,19,20,21,23,26,27,28,30,31,32,34,35,36,37,38,39,40,41,42,43,44,45,46,47,48,49,50,51,52,53,54,55,56,57,58,59,60,61,62,63,64,65,66,67,68,69,70,71,72,73,74,75,76,77,78,79,80,81,82,83],"msg_id":51,"type":"read_ok"}}
2024/07/02 19:00:39 Received {n2 n0 {"message":84,"type":"second-order-broadcast"}}
2024/07/02 19:00:39 Sent {"src":"n0","dest":"n2","body":{"in_reply_to":0,"node":"n0","type":"second_order_broadcast_ok"}}
2024/07/02 19:00:39 Received {n3 n0 {"message":85,"type":"second-order-broadcast"}}
2024/07/02 19:00:39 Sent {"src":"n0","dest":"n3","body":{"in_reply_to":0,"node":"n0","type":"second_order_broadcast_ok"}}
2024/07/02 19:00:39 Received {c10 n0 {"type":"read","msg_id":52}}
2024/07/02 19:00:39 Sent {"src":"n0","dest":"c10","body":{"in_reply_to":52,"messages":[0,1,2,4,7,8,10,11,12,13,15,16,17,18,19,20,21,23,26,27,28,30,31,32,34,35,36,37,38,39,40,41,42,43,44,45,46,47,48,49,50,51,52,53,54,55,56,57,58,59,60,61,62,63,64,65,66,67,68,69,70,71,72,73,74,75,76,77,78,79,80,81,82,83,84,85],"msg_id":52,"type":"read_ok"}}
2024/07/02 19:00:40 Received {c10 n0 {"type":"read","msg_id":53}}
2024/07/02 19:00:40 Sent {"src":"n0","dest":"c10","body":{"in_reply_to":53,"messages":[0,1,2,4,7,8,10,11,12,13,15,16,17,18,19,20,21,23,26,27,28,30,31,32,34,35,36,37,38,39,40,41,42,43,44,45,46,47,48,49,50,51,52,53,54,55,56,57,58,59,60,61,62,63,64,65,66,67,68,69,70,71,72,73,74,75,76,77,78,79,80,81,82,83,84,85],"msg_id":53,"type":"read_ok"}}
2024/07/02 19:00:40 Received {n3 n0 {"message":86,"type":"second-order-broadcast"}}
2024/07/02 19:00:40 Sent {"src":"n0","dest":"n3","body":{"in_reply_to":0,"node":"n0","type":"second_order_broadcast_ok"}}
2024/07/02 19:00:40 Received {c10 n0 {"type":"broadcast","message":88,"msg_id":54}}
2024/07/02 19:00:40 Sent {"src":"n0","dest":"n4","body":{"message":88,"type":"second-order-broadcast"}}
2024/07/02 19:00:40 Sent {"src":"n0","dest":"n1","body":{"message":88,"type":"second-order-broadcast"}}
2024/07/02 19:00:40 Sent {"src":"n0","dest":"n2","body":{"message":88,"type":"second-order-broadcast"}}
2024/07/02 19:00:40 Sent {"src":"n0","dest":"n3","body":{"message":88,"type":"second-order-broadcast"}}
2024/07/02 19:00:40 Sent {"src":"n0","dest":"n4","body":{"message":88,"type":"second-order-broadcast"}}
2024/07/02 19:00:40 Sent {"src":"n0","dest":"c10","body":{"in_reply_to":54,"type":"broadcast_ok"}}
2024/07/02 19:00:40 Received {n3 n0 {"in_reply_to":0,"node":"n3","type":"second_order_broadcast_ok"}}
2024/07/02 19:00:40 Received {n2 n0 {"in_reply_to":0,"node":"n2","type":"second_order_broadcast_ok"}}
2024/07/02 19:00:40 Received {n1 n0 {"in_reply_to":0,"node":"n1","type":"second_order_broadcast_ok"}}
2024/07/02 19:00:40 Received {c10 n0 {"type":"read","msg_id":55}}
2024/07/02 19:00:40 Sent {"src":"n0","dest":"c10","body":{"in_reply_to":55,"messages":[0,1,2,4,7,8,10,11,12,13,15,16,17,18,19,20,21,23,26,27,28,30,31,32,34,35,36,37,38,39,40,41,42,43,44,45,46,47,48,49,50,51,52,53,54,55,56,57,58,59,60,61,62,63,64,65,66,67,68,69,70,71,72,73,74,75,76,77,78,79,80,81,82,83,84,85,86,88],"msg_id":55,"type":"read_ok"}}
2024/07/02 19:00:41 Received {n1 n0 {"message":89,"type":"second-order-broadcast"}}
2024/07/02 19:00:41 Sent {"src":"n0","dest":"n1","body":{"in_reply_to":0,"node":"n0","type":"second_order_broadcast_ok"}}
2024/07/02 19:00:41 Received {c10 n0 {"type":"broadcast","message":90,"msg_id":56}}
2024/07/02 19:00:41 Sent {"src":"n0","dest":"n4","body":{"message":90,"type":"second-order-broadcast"}}
2024/07/02 19:00:41 Sent {"src":"n0","dest":"n1","body":{"message":90,"type":"second-order-broadcast"}}
2024/07/02 19:00:41 Sent {"src":"n0","dest":"n2","body":{"message":90,"type":"second-order-broadcast"}}
2024/07/02 19:00:41 Sent {"src":"n0","dest":"n3","body":{"message":90,"type":"second-order-broadcast"}}
2024/07/02 19:00:41 Sent {"src":"n0","dest":"n4","body":{"message":90,"type":"second-order-broadcast"}}
2024/07/02 19:00:41 Sent {"src":"n0","dest":"c10","body":{"in_reply_to":56,"type":"broadcast_ok"}}
2024/07/02 19:00:41 Received {n1 n0 {"in_reply_to":0,"node":"n1","type":"second_order_broadcast_ok"}}
2024/07/02 19:00:41 Received {n2 n0 {"in_reply_to":0,"node":"n2","type":"second_order_broadcast_ok"}}
2024/07/02 19:00:41 Received {n3 n0 {"in_reply_to":0,"node":"n3","type":"second_order_broadcast_ok"}}
2024/07/02 19:00:41 Received {c10 n0 {"type":"broadcast","message":91,"msg_id":57}}
2024/07/02 19:00:41 Sent {"src":"n0","dest":"n4","body":{"message":91,"type":"second-order-broadcast"}}
2024/07/02 19:00:41 Sent {"src":"n0","dest":"n1","body":{"message":91,"type":"second-order-broadcast"}}
2024/07/02 19:00:41 Sent {"src":"n0","dest":"n2","body":{"message":91,"type":"second-order-broadcast"}}
2024/07/02 19:00:41 Sent {"src":"n0","dest":"n3","body":{"message":91,"type":"second-order-broadcast"}}
2024/07/02 19:00:41 Sent {"src":"n0","dest":"n4","body":{"message":91,"type":"second-order-broadcast"}}
2024/07/02 19:00:41 Sent {"src":"n0","dest":"c10","body":{"in_reply_to":57,"type":"broadcast_ok"}}
2024/07/02 19:00:41 Received {n1 n0 {"in_reply_to":0,"node":"n1","type":"second_order_broadcast_ok"}}
2024/07/02 19:00:41 Received {n2 n0 {"in_reply_to":0,"node":"n2","type":"second_order_broadcast_ok"}}
2024/07/02 19:00:41 Received {n3 n0 {"in_reply_to":0,"node":"n3","type":"second_order_broadcast_ok"}}
2024/07/02 19:00:41 Received {n1 n0 {"message":92,"type":"second-order-broadcast"}}
2024/07/02 19:00:41 Sent {"src":"n0","dest":"n1","body":{"in_reply_to":0,"node":"n0","type":"second_order_broadcast_ok"}}
2024/07/02 19:00:41 Received {n2 n0 {"message":93,"type":"second-order-broadcast"}}
2024/07/02 19:00:41 Sent {"src":"n0","dest":"n2","body":{"in_reply_to":0,"node":"n0","type":"second_order_broadcast_ok"}}
2024/07/02 19:00:42 Received {c10 n0 {"type":"broadcast","message":95,"msg_id":58}}
2024/07/02 19:00:42 Sent {"src":"n0","dest":"n4","body":{"message":95,"type":"second-order-broadcast"}}
2024/07/02 19:00:42 Sent {"src":"n0","dest":"n1","body":{"message":95,"type":"second-order-broadcast"}}
2024/07/02 19:00:42 Sent {"src":"n0","dest":"n2","body":{"message":95,"type":"second-order-broadcast"}}
2024/07/02 19:00:42 Sent {"src":"n0","dest":"n3","body":{"message":95,"type":"second-order-broadcast"}}
2024/07/02 19:00:42 Sent {"src":"n0","dest":"n4","body":{"message":95,"type":"second-order-broadcast"}}
2024/07/02 19:00:42 Sent {"src":"n0","dest":"c10","body":{"in_reply_to":58,"type":"broadcast_ok"}}
2024/07/02 19:00:42 Received {n2 n0 {"in_reply_to":0,"node":"n2","type":"second_order_broadcast_ok"}}
2024/07/02 19:00:42 Received {n1 n0 {"in_reply_to":0,"node":"n1","type":"second_order_broadcast_ok"}}
2024/07/02 19:00:42 Received {n3 n0 {"in_reply_to":0,"node":"n3","type":"second_order_broadcast_ok"}}
2024/07/02 19:00:42 Received {c10 n0 {"type":"broadcast","message":96,"msg_id":59}}
2024/07/02 19:00:42 Sent {"src":"n0","dest":"n4","body":{"message":96,"type":"second-order-broadcast"}}
2024/07/02 19:00:42 Sent {"src":"n0","dest":"n1","body":{"message":96,"type":"second-order-broadcast"}}
2024/07/02 19:00:42 Sent {"src":"n0","dest":"n2","body":{"message":96,"type":"second-order-broadcast"}}
2024/07/02 19:00:42 Sent {"src":"n0","dest":"n3","body":{"message":96,"type":"second-order-broadcast"}}
2024/07/02 19:00:42 Sent {"src":"n0","dest":"n4","body":{"message":96,"type":"second-order-broadcast"}}
2024/07/02 19:00:42 Sent {"src":"n0","dest":"c10","body":{"in_reply_to":59,"type":"broadcast_ok"}}
2024/07/02 19:00:42 Received {n2 n0 {"in_reply_to":0,"node":"n2","type":"second_order_broadcast_ok"}}
2024/07/02 19:00:42 Received {n1 n0 {"in_reply_to":0,"node":"n1","type":"second_order_broadcast_ok"}}
2024/07/02 19:00:42 Received {n3 n0 {"in_reply_to":0,"node":"n3","type":"second_order_broadcast_ok"}}
2024/07/02 19:00:42 Received {n1 n0 {"message":97,"type":"second-order-broadcast"}}
2024/07/02 19:00:42 Sent {"src":"n0","dest":"n1","body":{"in_reply_to":0,"node":"n0","type":"second_order_broadcast_ok"}}
2024/07/02 19:00:42 Received {n2 n0 {"message":98,"type":"second-order-broadcast"}}
2024/07/02 19:00:42 Sent {"src":"n0","dest":"n2","body":{"in_reply_to":0,"node":"n0","type":"second_order_broadcast_ok"}}
2024/07/02 19:00:42 Received {n3 n0 {"message":99,"type":"second-order-broadcast"}}
2024/07/02 19:00:42 Sent {"src":"n0","dest":"n3","body":{"in_reply_to":0,"node":"n0","type":"second_order_broadcast_ok"}}
2024/07/02 19:00:42 Received {c10 n0 {"type":"broadcast","message":101,"msg_id":60}}
2024/07/02 19:00:42 Sent {"src":"n0","dest":"n4","body":{"message":101,"type":"second-order-broadcast"}}
2024/07/02 19:00:42 Sent {"src":"n0","dest":"n1","body":{"message":101,"type":"second-order-broadcast"}}
2024/07/02 19:00:42 Sent {"src":"n0","dest":"n2","body":{"message":101,"type":"second-order-broadcast"}}
2024/07/02 19:00:42 Sent {"src":"n0","dest":"n3","body":{"message":101,"type":"second-order-broadcast"}}
2024/07/02 19:00:42 Sent {"src":"n0","dest":"n4","body":{"message":101,"type":"second-order-broadcast"}}
2024/07/02 19:00:42 Sent {"src":"n0","dest":"c10","body":{"in_reply_to":60,"type":"broadcast_ok"}}
2024/07/02 19:00:42 Received {n2 n0 {"in_reply_to":0,"node":"n2","type":"second_order_broadcast_ok"}}
2024/07/02 19:00:42 Received {n1 n0 {"in_reply_to":0,"node":"n1","type":"second_order_broadcast_ok"}}
2024/07/02 19:00:42 Received {n3 n0 {"in_reply_to":0,"node":"n3","type":"second_order_broadcast_ok"}}
2024/07/02 19:00:42 Received {c10 n0 {"type":"read","msg_id":61}}
2024/07/02 19:00:42 Sent {"src":"n0","dest":"c10","body":{"in_reply_to":61,"messages":[0,1,2,4,7,8,10,11,12,13,15,16,17,18,19,20,21,23,26,27,28,30,31,32,34,35,36,37,38,39,40,41,42,43,44,45,46,47,48,49,50,51,52,53,54,55,56,57,58,59,60,61,62,63,64,65,66,67,68,69,70,71,72,73,74,75,76,77,78,79,80,81,82,83,84,85,86,88,89,90,91,92,93,95,96,97,98,99,101],"msg_id":61,"type":"read_ok"}}
2024/07/02 19:00:42 Received {n1 n0 {"message":102,"type":"second-order-broadcast"}}
2024/07/02 19:00:42 Sent {"src":"n0","dest":"n1","body":{"in_reply_to":0,"node":"n0","type":"second_order_broadcast_ok"}}
2024/07/02 19:00:43 Received {c10 n0 {"type":"read","msg_id":62}}
2024/07/02 19:00:43 Sent {"src":"n0","dest":"c10","body":{"in_reply_to":62,"messages":[0,1,2,4,7,8,10,11,12,13,15,16,17,18,19,20,21,23,26,27,28,30,31,32,34,35,36,37,38,39,40,41,42,43,44,45,46,47,48,49,50,51,52,53,54,55,56,57,58,59,60,61,62,63,64,65,66,67,68,69,70,71,72,73,74,75,76,77,78,79,80,81,82,83,84,85,86,88,89,90,91,92,93,95,96,97,98,99,101,102],"msg_id":62,"type":"read_ok"}}
2024/07/02 19:00:43 Received {c10 n0 {"type":"read","msg_id":63}}
2024/07/02 19:00:43 Sent {"src":"n0","dest":"c10","body":{"in_reply_to":63,"messages":[0,1,2,4,7,8,10,11,12,13,15,16,17,18,19,20,21,23,26,27,28,30,31,32,34,35,36,37,38,39,40,41,42,43,44,45,46,47,48,49,50,51,52,53,54,55,56,57,58,59,60,61,62,63,64,65,66,67,68,69,70,71,72,73,74,75,76,77,78,79,80,81,82,83,84,85,86,88,89,90,91,92,93,95,96,97,98,99,101,102],"msg_id":63,"type":"read_ok"}}
2024/07/02 19:00:43 Received {c10 n0 {"type":"read","msg_id":64}}
2024/07/02 19:00:43 Sent {"src":"n0","dest":"c10","body":{"in_reply_to":64,"messages":[0,1,2,4,7,8,10,11,12,13,15,16,17,18,19,20,21,23,26,27,28,30,31,32,34,35,36,37,38,39,40,41,42,43,44,45,46,47,48,49,50,51,52,53,54,55,56,57,58,59,60,61,62,63,64,65,66,67,68,69,70,71,72,73,74,75,76,77,78,79,80,81,82,83,84,85,86,88,89,90,91,92,93,95,96,97,98,99,101,102],"msg_id":64,"type":"read_ok"}}
2024/07/02 19:00:43 Received {c10 n0 {"type":"read","msg_id":65}}
2024/07/02 19:00:43 Sent {"src":"n0","dest":"c10","body":{"in_reply_to":65,"messages":[0,1,2,4,7,8,10,11,12,13,15,16,17,18,19,20,21,23,26,27,28,30,31,32,34,35,36,37,38,39,40,41,42,43,44,45,46,47,48,49,50,51,52,53,54,55,56,57,58,59,60,61,62,63,64,65,66,67,68,69,70,71,72,73,74,75,76,77,78,79,80,81,82,83,84,85,86,88,89,90,91,92,93,95,96,97,98,99,101,102],"msg_id":65,"type":"read_ok"}}
2024/07/02 19:00:43 Received {n1 n0 {"message":105,"type":"second-order-broadcast"}}
2024/07/02 19:00:43 Sent {"src":"n0","dest":"n1","body":{"in_reply_to":0,"node":"n0","type":"second_order_broadcast_ok"}}
2024/07/02 19:00:44 Received {n3 n0 {"message":106,"type":"second-order-broadcast"}}
2024/07/02 19:00:44 Sent {"src":"n0","dest":"n3","body":{"in_reply_to":0,"node":"n0","type":"second_order_broadcast_ok"}}
2024/07/02 19:00:44 Received {c10 n0 {"type":"read","msg_id":66}}
2024/07/02 19:00:44 Sent {"src":"n0","dest":"c10","body":{"in_reply_to":66,"messages":[0,1,2,4,7,8,10,11,12,13,15,16,17,18,19,20,21,23,26,27,28,30,31,32,34,35,36,37,38,39,40,41,42,43,44,45,46,47,48,49,50,51,52,53,54,55,56,57,58,59,60,61,62,63,64,65,66,67,68,69,70,71,72,73,74,75,76,77,78,79,80,81,82,83,84,85,86,88,89,90,91,92,93,95,96,97,98,99,101,102,105,106],"msg_id":66,"type":"read_ok"}}
2024/07/02 19:00:54 Received {c10 n0 {"type":"read","msg_id":67}}
2024/07/02 19:00:54 Sent {"src":"n0","dest":"c10","body":{"in_reply_to":67,"messages":[0,1,2,4,7,8,10,11,12,13,15,16,17,18,19,20,21,23,26,27,28,30,31,32,34,35,36,37,38,39,40,41,42,43,44,45,46,47,48,49,50,51,52,53,54,55,56,57,58,59,60,61,62,63,64,65,66,67,68,69,70,71,72,73,74,75,76,77,78,79,80,81,82,83,84,85,86,88,89,90,91,92,93,95,96,97,98,99,101,102,105,106],"msg_id":67,"type":"read_ok"}}
