2024/07/02 19:00:24 Received {c2 n2 {"type":"init","node_id":"n2","node_ids":["n0","n1","n2","n3","n4"],"msg_id":1}}
2024/07/02 19:00:24 Node n2 initialized
2024/07/02 19:00:24 Sent {"src":"n2","dest":"c2","body":{"in_reply_to":1,"type":"init_ok"}}
2024/07/02 19:00:24 Received {c8 n2 {"type":"topology","topology":{"n0":["n3","n1"],"n1":["n4","n2","n0"],"n2":["n1"],"n3":["n0","n4"],"n4":["n1","n3"]},"msg_id":1}}
2024/07/02 19:00:24 Sent {"src":"n2","dest":"c8","body":{"in_reply_to":1,"type":"topology_ok"}}
2024/07/02 19:00:24 Received {n0 n2 {"message":0,"type":"second-order-broadcast"}}
2024/07/02 19:00:24 Sent {"src":"n2","dest":"n0","body":{"in_reply_to":0,"node":"n2","type":"second_order_broadcast_ok"}}
2024/07/02 19:00:24 Received {c11 n2 {"type":"broadcast","message":1,"msg_id":1}}
2024/07/02 19:00:24 Sent {"src":"n2","dest":"n0","body":{"message":1,"type":"second-order-broadcast"}}
2024/07/02 19:00:24 Sent {"src":"n2","dest":"n1","body":{"message":1,"type":"second-order-broadcast"}}
2024/07/02 19:00:24 Sent {"src":"n2","dest":"n4","body":{"message":1,"type":"second-order-broadcast"}}
2024/07/02 19:00:24 Sent {"src":"n2","dest":"n3","body":{"message":1,"type":"second-order-broadcast"}}
2024/07/02 19:00:24 Sent {"src":"n2","dest":"n4","body":{"message":1,"type":"second-order-broadcast"}}
2024/07/02 19:00:24 Sent {"src":"n2","dest":"c11","body":{"in_reply_to":1,"type":"broadcast_ok"}}
2024/07/02 19:00:24 Received {n4 n2 {"in_reply_to":0,"node":"n4","type":"second_order_broadcast_ok"}}
2024/07/02 19:00:24 Received {n4 n2 {"in_reply_to":0,"node":"n4","type":"second_order_broadcast_ok"}}
2024/07/02 19:00:24 Received {n0 n2 {"in_reply_to":0,"node":"n0","type":"second_order_broadcast_ok"}}
2024/07/02 19:00:24 Received {n4 n2 {"message":3,"type":"second-order-broadcast"}}
2024/07/02 19:00:24 Sent {"src":"n2","dest":"n4","body":{"in_reply_to":0,"node":"n2","type":"second_order_broadcast_ok"}}
2024/07/02 19:00:24 Received {n0 n2 {"message":4,"type":"second-order-broadcast"}}
2024/07/02 19:00:24 Sent {"src":"n2","dest":"n0","body":{"in_reply_to":0,"node":"n2","type":"second_order_broadcast_ok"}}
2024/07/02 19:00:25 Received {c11 n2 {"type":"read","msg_id":2}}
2024/07/02 19:00:25 Sent {"src":"n2","dest":"c11","body":{"in_reply_to":2,"messages":[0,1,3,4],"msg_id":2,"type":"read_ok"}}
2024/07/02 19:00:25 Received {n4 n2 {"message":6,"type":"second-order-broadcast"}}
2024/07/02 19:00:25 Sent {"src":"n2","dest":"n4","body":{"in_reply_to":0,"node":"n2","type":"second_order_broadcast_ok"}}
2024/07/02 19:00:25 Received {n0 n2 {"message":7,"type":"second-order-broadcast"}}
2024/07/02 19:00:25 Sent {"src":"n2","dest":"n0","body":{"in_reply_to":0,"node":"n2","type":"second_order_broadcast_ok"}}
2024/07/02 19:00:25 Received {c11 n2 {"type":"read","msg_id":3}}
2024/07/02 19:00:25 Sent {"src":"n2","dest":"c11","body":{"in_reply_to":3,"messages":[0,1,3,4,6,7],"msg_id":3,"type":"read_ok"}}
2024/07/02 19:00:25 Received {n4 n2 {"message":9,"type":"second-order-broadcast"}}
2024/07/02 19:00:25 Sent {"src":"n2","dest":"n4","body":{"in_reply_to":0,"node":"n2","type":"second_order_broadcast_ok"}}
2024/07/02 19:00:26 Received {c11 n2 {"type":"broadcast","message":10,"msg_id":4}}
2024/07/02 19:00:26 Sent {"src":"n2","dest":"n0","body":{"message":10,"type":"second-order-broadcast"}}
2024/07/02 19:00:26 Sent {"src":"n2","dest":"n1","body":{"message":10,"type":"second-order-broadcast"}}
2024/07/02 19:00:26 Sent {"src":"n2","dest":"n4","body":{"message":10,"type":"second-order-broadcast"}}
2024/07/02 19:00:26 Sent {"src":"n2","dest":"n3","body":{"message":10,"type":"second-order-broadcast"}}
2024/07/02 19:00:26 Sent {"src":"n2","dest":"n4","body":{"message":10,"type":"second-order-broadcast"}}
2024/07/02 19:00:26 Sent {"src":"n2","dest":"c11","body":{"in_reply_to":4,"type":"broadcast_ok"}}
2024/07/02 19:00:26 Received {n0 n2 {"in_reply_to":0,"node":"n0","type":"second_order_broadcast_ok"}}
2024/07/02 19:00:26 Received {n4 n2 {"in_reply_to":0,"node":"n4","type":"second_order_broadcast_ok"}}
2024/07/02 19:00:26 Received {n4 n2 {"in_reply_to":0,"node":"n4","type":"second_order_broadcast_ok"}}
2024/07/02 19:00:26 Received {n0 n2 {"message":12,"type":"second-order-broadcast"}}
2024/07/02 19:00:26 Sent {"src":"n2","dest":"n0","body":{"in_reply_to":0,"node":"n2","type":"second_order_broadcast_ok"}}
2024/07/02 19:00:26 Received {n0 n2 {"message":13,"type":"second-order-broadcast"}}
2024/07/02 19:00:26 Sent {"src":"n2","dest":"n0","body":{"in_reply_to":0,"node":"n2","type":"second_order_broadcast_ok"}}
2024/07/02 19:00:26 Received {c11 n2 {"type":"read","msg_id":5}}
2024/07/02 19:00:26 Sent {"src":"n2","dest":"c11","body":{"in_reply_to":5,"messages":[0,1,3,4,6,7,9,10,12,13],"msg_id":5,"type":"read_ok"}}
2024/07/02 19:00:27 Received {n0 n2 {"message":15,"type":"second-order-broadcast"}}
2024/07/02 19:00:27 Sent {"src":"n2","dest":"n0","body":{"in_reply_to":0,"node":"n2","type":"second_order_broadcast_ok"}}
2024/07/02 19:00:27 Received {c11 n2 {"type":"broadcast","message":16,"msg_id":6}}
2024/07/02 19:00:27 Sent {"src":"n2","dest":"n0","body":{"message":16,"type":"second-order-broadcast"}}
2024/07/02 19:00:27 Sent {"src":"n2","dest":"n1","body":{"message":16,"type":"second-order-broadcast"}}
2024/07/02 19:00:27 Sent {"src":"n2","dest":"n4","body":{"message":16,"type":"second-order-broadcast"}}
2024/07/02 19:00:27 Sent {"src":"n2","dest":"n3","body":{"message":16,"type":"second-order-broadcast"}}
2024/07/02 19:00:27 Sent {"src":"n2","dest":"n4","body":{"message":16,"type":"second-order-broadcast"}}
2024/07/02 19:00:27 Sent {"src":"n2","dest":"c11","body":{"in_reply_to":6,"type":"broadcast_ok"}}
2024/07/02 19:00:27 Received {n0 n2 {"in_reply_to":0,"node":"n0","type":"second_order_broadcast_ok"}}
2024/07/02 19:00:27 Received {n4 n2 {"in_reply_to":0,"node":"n4","type":"second_order_broadcast_ok"}}
2024/07/02 19:00:27 Received {n4 n2 {"in_reply_to":0,"node":"n4","type":"second_order_broadcast_ok"}}
2024/07/02 19:00:27 Received {n0 n2 {"message":17,"type":"second-order-broadcast"}}
2024/07/02 19:00:27 Sent {"src":"n2","dest":"n0","body":{"in_reply_to":0,"node":"n2","type":"second_order_broadcast_ok"}}
2024/07/02 19:00:27 Received {c11 n2 {"type":"broadcast","message":18,"msg_id":7}}
2024/07/02 19:00:27 Sent {"src":"n2","dest":"n0","body":{"message":18,"type":"second-order-broadcast"}}
2024/07/02 19:00:27 Sent {"src":"n2","dest":"n1","body":{"message":18,"type":"second-order-broadcast"}}
2024/07/02 19:00:27 Sent {"src":"n2","dest":"n4","body":{"message":18,"type":"second-order-broadcast"}}
2024/07/02 19:00:27 Sent {"src":"n2","dest":"n3","body":{"message":18,"type":"second-order-broadcast"}}
2024/07/02 19:00:27 Sent {"src":"n2","dest":"n4","body":{"message":18,"type":"second-order-broadcast"}}
2024/07/02 19:00:27 Sent {"src":"n2","dest":"c11","body":{"in_reply_to":7,"type":"broadcast_ok"}}
2024/07/02 19:00:27 Received {n0 n2 {"in_reply_to":0,"node":"n0","type":"second_order_broadcast_ok"}}
2024/07/02 19:00:27 Received {n4 n2 {"in_reply_to":0,"node":"n4","type":"second_order_broadcast_ok"}}
2024/07/02 19:00:27 Received {n4 n2 {"in_reply_to":0,"node":"n4","type":"second_order_broadcast_ok"}}
2024/07/02 19:00:27 Received {n0 n2 {"message":20,"type":"second-order-broadcast"}}
2024/07/02 19:00:27 Sent {"src":"n2","dest":"n0","body":{"in_reply_to":0,"node":"n2","type":"second_order_broadcast_ok"}}
2024/07/02 19:00:27 Received {n0 n2 {"message":21,"type":"second-order-broadcast"}}
2024/07/02 19:00:27 Sent {"src":"n2","dest":"n0","body":{"in_reply_to":0,"node":"n2","type":"second_order_broadcast_ok"}}
2024/07/02 19:00:28 Received {c11 n2 {"type":"read","msg_id":8}}
2024/07/02 19:00:28 Sent {"src":"n2","dest":"c11","body":{"in_reply_to":8,"messages":[0,1,3,4,6,7,9,10,12,13,15,16,17,18,20,21],"msg_id":8,"type":"read_ok"}}
2024/07/02 19:00:28 Received {c11 n2 {"type":"read","msg_id":9}}
2024/07/02 19:00:28 Sent {"src":"n2","dest":"c11","body":{"in_reply_to":9,"messages":[0,1,3,4,6,7,9,10,12,13,15,16,17,18,20,21],"msg_id":9,"type":"read_ok"}}
2024/07/02 19:00:28 Received {n4 n2 {"message":25,"type":"second-order-broadcast"}}
2024/07/02 19:00:28 Sent {"src":"n2","dest":"n4","body":{"in_reply_to":0,"node":"n2","type":"second_order_broadcast_ok"}}
2024/07/02 19:00:29 Received {n0 n2 {"message":26,"type":"second-order-broadcast"}}
2024/07/02 19:00:29 Sent {"src":"n2","dest":"n0","body":{"in_reply_to":0,"node":"n2","type":"second_order_broadcast_ok"}}
2024/07/02 19:00:29 Received {c11 n2 {"type":"broadcast","message":27,"msg_id":10}}
2024/07/02 19:00:29 Sent {"src":"n2","dest":"n0","body":{"message":27,"type":"second-order-broadcast"}}
2024/07/02 19:00:29 Sent {"src":"n2","dest":"n1","body":{"message":27,"type":"second-order-broadcast"}}
2024/07/02 19:00:29 Sent {"src":"n2","dest":"n4","body":{"message":27,"type":"second-order-broadcast"}}
2024/07/02 19:00:29 Sent {"src":"n2","dest":"n3","body":{"message":27,"type":"second-order-broadcast"}}
2024/07/02 19:00:29 Sent {"src":"n2","dest":"n4","body":{"message":27,"type":"second-order-broadcast"}}
2024/07/02 19:00:29 Sent {"src":"n2","dest":"c11","body":{"in_reply_to":10,"type":"broadcast_ok"}}
2024/07/02 19:00:29 Received {n0 n2 {"in_reply_to":0,"node":"n0","type":"second_order_broadcast_ok"}}
2024/07/02 19:00:29 Received {n4 n2 {"in_reply_to":0,"node":"n4","type":"second_order_broadcast_ok"}}
2024/07/02 19:00:29 Received {n4 n2 {"in_reply_to":0,"node":"n4","type":"second_order_broadcast_ok"}}
2024/07/02 19:00:29 Received {n0 n2 {"message":28,"type":"second-order-broadcast"}}
2024/07/02 19:00:29 Sent {"src":"n2","dest":"n0","body":{"in_reply_to":0,"node":"n2","type":"second_order_broadcast_ok"}}
2024/07/02 19:00:30 Received {c11 n2 {"type":"broadcast","message":30,"msg_id":11}}
2024/07/02 19:00:30 Sent {"src":"n2","dest":"n0","body":{"message":30,"type":"second-order-broadcast"}}
2024/07/02 19:00:30 Sent {"src":"n2","dest":"n1","body":{"message":30,"type":"second-order-broadcast"}}
2024/07/02 19:00:30 Sent {"src":"n2","dest":"n4","body":{"message":30,"type":"second-order-broadcast"}}
2024/07/02 19:00:30 Sent {"src":"n2","dest":"n3","body":{"message":30,"type":"second-order-broadcast"}}
2024/07/02 19:00:30 Sent {"src":"n2","dest":"n4","body":{"message":30,"type":"second-order-broadcast"}}
2024/07/02 19:00:30 Sent {"src":"n2","dest":"c11","body":{"in_reply_to":11,"type":"broadcast_ok"}}
2024/07/02 19:00:30 Received {n0 n2 {"in_reply_to":0,"node":"n0","type":"second_order_broadcast_ok"}}
2024/07/02 19:00:30 Received {n4 n2 {"in_reply_to":0,"node":"n4","type":"second_order_broadcast_ok"}}
2024/07/02 19:00:30 Received {n4 n2 {"in_reply_to":0,"node":"n4","type":"second_order_broadcast_ok"}}
2024/07/02 19:00:30 Received {n0 n2 {"message":32,"type":"second-order-broadcast"}}
2024/07/02 19:00:30 Sent {"src":"n2","dest":"n0","body":{"in_reply_to":0,"node":"n2","type":"second_order_broadcast_ok"}}
2024/07/02 19:00:30 Received {c11 n2 {"type":"broadcast","message":34,"msg_id":12}}
2024/07/02 19:00:30 Sent {"src":"n2","dest":"n0","body":{"message":34,"type":"second-order-broadcast"}}
2024/07/02 19:00:30 Sent {"src":"n2","dest":"n1","body":{"message":34,"type":"second-order-broadcast"}}
2024/07/02 19:00:30 Sent {"src":"n2","dest":"n4","body":{"message":34,"type":"second-order-broadcast"}}
2024/07/02 19:00:30 Sent {"src":"n2","dest":"n3","body":{"message":34,"type":"second-order-broadcast"}}
2024/07/02 19:00:30 Sent {"src":"n2","dest":"n4","body":{"message":34,"type":"second-order-broadcast"}}
2024/07/02 19:00:30 Sent {"src":"n2","dest":"c11","body":{"in_reply_to":12,"type":"broadcast_ok"}}
2024/07/02 19:00:30 Received {n0 n2 {"in_reply_to":0,"node":"n0","type":"second_order_broadcast_ok"}}
2024/07/02 19:00:30 Received {n4 n2 {"in_reply_to":0,"node":"n4","type":"second_order_broadcast_ok"}}
2024/07/02 19:00:30 Received {n4 n2 {"in_reply_to":0,"node":"n4","type":"second_order_broadcast_ok"}}
2024/07/02 19:00:31 Received {n0 n2 {"message":36,"type":"second-order-broadcast"}}
2024/07/02 19:00:31 Sent {"src":"n2","dest":"n0","body":{"in_reply_to":0,"node":"n2","type":"second_order_broadcast_ok"}}
2024/07/02 19:00:31 Received {n1 n2 {"message":37,"type":"second-order-broadcast"}}
2024/07/02 19:00:31 Sent {"src":"n2","dest":"n1","body":{"in_reply_to":0,"node":"n2","type":"second_order_broadcast_ok"}}
2024/07/02 19:00:31 Received {c11 n2 {"type":"broadcast","message":38,"msg_id":13}}
2024/07/02 19:00:31 Sent {"src":"n2","dest":"n0","body":{"message":38,"type":"second-order-broadcast"}}
2024/07/02 19:00:31 Sent {"src":"n2","dest":"n1","body":{"message":38,"type":"second-order-broadcast"}}
2024/07/02 19:00:31 Sent {"src":"n2","dest":"n4","body":{"message":38,"type":"second-order-broadcast"}}
2024/07/02 19:00:31 Sent {"src":"n2","dest":"n3","body":{"message":38,"type":"second-order-broadcast"}}
2024/07/02 19:00:31 Sent {"src":"n2","dest":"n4","body":{"message":38,"type":"second-order-broadcast"}}
2024/07/02 19:00:31 Sent {"src":"n2","dest":"c11","body":{"in_reply_to":13,"type":"broadcast_ok"}}
2024/07/02 19:00:31 Received {n1 n2 {"in_reply_to":0,"node":"n1","type":"second_order_broadcast_ok"}}
2024/07/02 19:00:31 Received {n0 n2 {"in_reply_to":0,"node":"n0","type":"second_order_broadcast_ok"}}
2024/07/02 19:00:31 Received {n4 n2 {"in_reply_to":0,"node":"n4","type":"second_order_broadcast_ok"}}
2024/07/02 19:00:31 Received {n3 n2 {"in_reply_to":0,"node":"n3","type":"second_order_broadcast_ok"}}
2024/07/02 19:00:31 Received {n4 n2 {"in_reply_to":0,"node":"n4","type":"second_order_broadcast_ok"}}
2024/07/02 19:00:31 Received {n3 n2 {"message":39,"type":"second-order-broadcast"}}
2024/07/02 19:00:31 Sent {"src":"n2","dest":"n3","body":{"in_reply_to":0,"node":"n2","type":"second_order_broadcast_ok"}}
2024/07/02 19:00:31 Received {n0 n2 {"message":40,"type":"second-order-broadcast"}}
2024/07/02 19:00:31 Sent {"src":"n2","dest":"n0","body":{"in_reply_to":0,"node":"n2","type":"second_order_broadcast_ok"}}
2024/07/02 19:00:31 Received {n0 n2 {"message":41,"type":"second-order-broadcast"}}
2024/07/02 19:00:31 Sent {"src":"n2","dest":"n0","body":{"in_reply_to":0,"node":"n2","type":"second_order_broadcast_ok"}}
2024/07/02 19:00:31 Received {n1 n2 {"message":42,"type":"second-order-broadcast"}}
2024/07/02 19:00:31 Sent {"src":"n2","dest":"n1","body":{"in_reply_to":0,"node":"n2","type":"second_order_broadcast_ok"}}
2024/07/02 19:00:31 Received {c11 n2 {"type":"read","msg_id":14}}
2024/07/02 19:00:31 Sent {"src":"n2","dest":"c11","body":{"in_reply_to":14,"messages":[0,1,3,4,6,7,9,10,12,13,15,16,17,18,20,21,25,26,27,28,30,32,34,36,37,38,39,40,41,42],"msg_id":14,"type":"read_ok"}}
2024/07/02 19:00:31 Received {n3 n2 {"message":43,"type":"second-order-broadcast"}}
2024/07/02 19:00:31 Sent {"src":"n2","dest":"n3","body":{"in_reply_to":0,"node":"n2","type":"second_order_broadcast_ok"}}
2024/07/02 19:00:32 Received {n0 n2 {"message":44,"type":"second-order-broadcast"}}
2024/07/02 19:00:32 Sent {"src":"n2","dest":"n0","body":{"in_reply_to":0,"node":"n2","type":"second_order_broadcast_ok"}}
2024/07/02 19:00:32 Received {n0 n2 {"message":45,"type":"second-order-broadcast"}}
2024/07/02 19:00:32 Sent {"src":"n2","dest":"n0","body":{"in_reply_to":0,"node":"n2","type":"second_order_broadcast_ok"}}
2024/07/02 19:00:32 Received {n1 n2 {"message":46,"type":"second-order-broadcast"}}
2024/07/02 19:00:32 Sent {"src":"n2","dest":"n1","body":{"in_reply_to":0,"node":"n2","type":"second_order_broadcast_ok"}}
2024/07/02 19:00:32 Received {c11 n2 {"type":"broadcast","message":47,"msg_id":15}}
2024/07/02 19:00:32 Sent {"src":"n2","dest":"n0","body":{"message":47,"type":"second-order-broadcast"}}
2024/07/02 19:00:32 Sent {"src":"n2","dest":"n1","body":{"message":47,"type":"second-order-broadcast"}}
2024/07/02 19:00:32 Sent {"src":"n2","dest":"n4","body":{"message":47,"type":"second-order-broadcast"}}
2024/07/02 19:00:32 Sent {"src":"n2","dest":"n3","body":{"message":47,"type":"second-order-broadcast"}}
2024/07/02 19:00:32 Sent {"src":"n2","dest":"n4","body":{"message":47,"type":"second-order-broadcast"}}
2024/07/02 19:00:32 Sent {"src":"n2","dest":"c11","body":{"in_reply_to":15,"type":"broadcast_ok"}}
2024/07/02 19:00:32 Received {n0 n2 {"in_reply_to":0,"node":"n0","type":"second_order_broadcast_ok"}}
2024/07/02 19:00:32 Received {n1 n2 {"in_reply_to":0,"node":"n1","type":"second_order_broadcast_ok"}}
2024/07/02 19:00:32 Received {n3 n2 {"in_reply_to":0,"node":"n3","type":"second_order_broadcast_ok"}}
2024/07/02 19:00:32 Received {n4 n2 {"in_reply_to":0,"node":"n4","type":"second_order_broadcast_ok"}}
2024/07/02 19:00:32 Received {n4 n2 {"in_reply_to":0,"node":"n4","type":"second_order_broadcast_ok"}}
2024/07/02 19:00:32 Received {n4 n2 {"message":48,"type":"second-order-broadcast"}}
2024/07/02 19:00:32 Sent {"src":"n2","dest":"n4","body":{"in_reply_to":0,"node":"n2","type":"second_order_broadcast_ok"}}
2024/07/02 19:00:32 Received {n0 n2 {"message":49,"type":"second-order-broadcast"}}
2024/07/02 19:00:32 Sent {"src":"n2","dest":"n0","body":{"in_reply_to":0,"node":"n2","type":"second_order_broadcast_ok"}}
2024/07/02 19:00:32 Received {n1 n2 {"message":50,"type":"second-order-broadcast"}}
2024/07/02 19:00:32 Sent {"src":"n2","dest":"n1","body":{"in_reply_to":0,"node":"n2","type":"second_order_broadcast_ok"}}
2024/07/02 19:00:32 Received {c11 n2 {"type":"broadcast","message":51,"msg_id":16}}
2024/07/02 19:00:32 Sent {"src":"n2","dest":"n0","body":{"message":51,"type":"second-order-broadcast"}}
2024/07/02 19:00:32 Sent {"src":"n2","dest":"n1","body":{"message":51,"type":"second-order-broadcast"}}
2024/07/02 19:00:32 Sent {"src":"n2","dest":"n4","body":{"message":51,"type":"second-order-broadcast"}}
2024/07/02 19:00:32 Sent {"src":"n2","dest":"n3","body":{"message":51,"type":"second-order-broadcast"}}
2024/07/02 19:00:32 Sent {"src":"n2","dest":"n4","body":{"message":51,"type":"second-order-broadcast"}}
2024/07/02 19:00:32 Sent {"src":"n2","dest":"c11","body":{"in_reply_to":16,"type":"broadcast_ok"}}
2024/07/02 19:00:33 Received {n3 n2 {"in_reply_to":0,"node":"n3","type":"second_order_broadcast_ok"}}
2024/07/02 19:00:33 Received {n0 n2 {"in_reply_to":0,"node":"n0","type":"second_order_broadcast_ok"}}
2024/07/02 19:00:33 Received {n1 n2 {"in_reply_to":0,"node":"n1","type":"second_order_broadcast_ok"}}
2024/07/02 19:00:33 Received {n4 n2 {"in_reply_to":0,"node":"n4","type":"second_order_broadcast_ok"}}
2024/07/02 19:00:33 Received {n4 n2 {"in_reply_to":0,"node":"n4","type":"second_order_broadcast_ok"}}
2024/07/02 19:00:33 Received {n3 n2 {"message":52,"type":"second-order-broadcast"}}
2024/07/02 19:00:33 Sent {"src":"n2","dest":"n3","body":{"in_reply_to":0,"node":"n2","type":"second_order_broadcast_ok"}}
2024/07/02 19:00:33 Received {n0 n2 {"message":53,"type":"second-order-broadcast"}}
2024/07/02 19:00:33 Sent {"src":"n2","dest":"n0","body":{"in_reply_to":0,"node":"n2","type":"second_order_broadcast_ok"}}
2024/07/02 19:00:33 Received {n0 n2 {"message":54,"type":"second-order-broadcast"}}
2024/07/02 19:00:33 Sent {"src":"n2","dest":"n0","body":{"in_reply_to":0,"node":"n2","type":"second_order_broadcast_ok"}}
2024/07/02 19:00:33 Received {n1 n2 {"message":55,"type":"second-order-broadcast"}}
2024/07/02 19:00:33 Sent {"src":"n2","dest":"n1","body":{"in_reply_to":0,"node":"n2","type":"second_order_broadcast_ok"}}
2024/07/02 19:00:33 Received {c11 n2 {"type":"broadcast","message":56,"msg_id":17}}
2024/07/02 19:00:33 Sent {"src":"n2","dest":"n0","body":{"message":56,"type":"second-order-broadcast"}}
2024/07/02 19:00:33 Sent {"src":"n2","dest":"n1","body":{"message":56,"type":"second-order-broadcast"}}
2024/07/02 19:00:33 Sent {"src":"n2","dest":"n4","body":{"message":56,"type":"second-order-broadcast"}}
2024/07/02 19:00:33 Sent {"src":"n2","dest":"n3","body":{"message":56,"type":"second-order-broadcast"}}
2024/07/02 19:00:33 Sent {"src":"n2","dest":"n4","body":{"message":56,"type":"second-order-broadcast"}}
2024/07/02 19:00:33 Sent {"src":"n2","dest":"c11","body":{"in_reply_to":17,"type":"broadcast_ok"}}
2024/07/02 19:00:33 Received {n3 n2 {"in_reply_to":0,"node":"n3","type":"second_order_broadcast_ok"}}
2024/07/02 19:00:33 Received {n0 n2 {"in_reply_to":0,"node":"n0","type":"second_order_broadcast_ok"}}
2024/07/02 19:00:33 Received {n4 n2 {"in_reply_to":0,"node":"n4","type":"second_order_broadcast_ok"}}
2024/07/02 19:00:33 Received {n4 n2 {"in_reply_to":0,"node":"n4","type":"second_order_broadcast_ok"}}
2024/07/02 19:00:33 Received {n1 n2 {"in_reply_to":0,"node":"n1","type":"second_order_broadcast_ok"}}
2024/07/02 19:00:33 Received {n3 n2 {"message":57,"type":"second-order-broadcast"}}
2024/07/02 19:00:33 Sent {"src":"n2","dest":"n3","body":{"in_reply_to":0,"node":"n2","type":"second_order_broadcast_ok"}}
2024/07/02 19:00:33 Received {n4 n2 {"message":58,"type":"second-order-broadcast"}}
2024/07/02 19:00:33 Sent {"src":"n2","dest":"n4","body":{"in_reply_to":0,"node":"n2","type":"second_order_broadcast_ok"}}
2024/07/02 19:00:33 Received {n0 n2 {"message":59,"type":"second-order-broadcast"}}
2024/07/02 19:00:33 Sent {"src":"n2","dest":"n0","body":{"in_reply_to":0,"node":"n2","type":"second_order_broadcast_ok"}}
2024/07/02 19:00:33 Received {n1 n2 {"message":60,"type":"second-order-broadcast"}}
2024/07/02 19:00:33 Sent {"src":"n2","dest":"n1","body":{"in_reply_to":0,"node":"n2","type":"second_order_broadcast_ok"}}
2024/07/02 19:00:33 Received {c11 n2 {"type":"read","msg_id":18}}
2024/07/02 19:00:33 Sent {"src":"n2","dest":"c11","body":{"in_reply_to":18,"messages":[0,1,3,4,6,7,9,10,12,13,15,16,17,18,20,21,25,26,27,28,30,32,34,36,37,38,39,40,41,42,43,44,45,46,47,48,49,50,51,52,53,54,55,56,57,58,59,60],"msg_id":18,"type":"read_ok"}}
2024/07/02 19:00:33 Received {n3 n2 {"message":61,"type":"second-order-broadcast"}}
2024/07/02 19:00:33 Sent {"src":"n2","dest":"n3","body":{"in_reply_to":0,"node":"n2","type":"second_order_broadcast_ok"}}
2024/07/02 19:00:33 Received {n4 n2 {"message":62,"type":"second-order-broadcast"}}
2024/07/02 19:00:33 Sent {"src":"n2","dest":"n4","body":{"in_reply_to":0,"node":"n2","type":"second_order_broadcast_ok"}}
2024/07/02 19:00:34 Received {n0 n2 {"message":63,"type":"second-order-broadcast"}}
2024/07/02 19:00:34 Sent {"src":"n2","dest":"n0","body":{"in_reply_to":0,"node":"n2","type":"second_order_broadcast_ok"}}
2024/07/02 19:00:34 Received {n1 n2 {"message":64,"type":"second-order-broadcast"}}
2024/07/02 19:00:34 Sent {"src":"n2","dest":"n1","body":{"in_reply_to":0,"node":"n2","type":"second_order_broadcast_ok"}}
2024/07/02 19:00:34 Received {c11 n2 {"type":"broadcast","message":65,"msg_id":19}}
2024/07/02 19:00:34 Sent {"src":"n2","dest":"n0","body":{"message":65,"type":"second-order-broadcast"}}
2024/07/02 19:00:34 Sent {"src":"n2","dest":"n1","body":{"message":65,"type":"second-order-broadcast"}}
2024/07/02 19:00:34 Sent {"src":"n2","dest":"n4","body":{"message":65,"type":"second-order-broadcast"}}
2024/07/02 19:00:34 Sent {"src":"n2","dest":"n3","body":{"message":65,"type":"second-order-broadcast"}}
2024/07/02 19:00:34 Sent {"src":"n2","dest":"n4","body":{"message":65,"type":"second-order-broadcast"}}
2024/07/02 19:00:34 Sent {"src":"n2","dest":"c11","body":{"in_reply_to":19,"type":"broadcast_ok"}}
2024/07/02 19:00:34 Received {n3 n2 {"in_reply_to":0,"node":"n3","type":"second_order_broadcast_ok"}}
2024/07/02 19:00:34 Received {n1 n2 {"in_reply_to":0,"node":"n1","type":"second_order_broadcast_ok"}}
2024/07/02 19:00:34 Received {n4 n2 {"in_reply_to":0,"node":"n4","type":"second_order_broadcast_ok"}}
2024/07/02 19:00:34 Received {n4 n2 {"in_reply_to":0,"node":"n4","type":"second_order_broadcast_ok"}}
2024/07/02 19:00:34 Received {n0 n2 {"in_reply_to":0,"node":"n0","type":"second_order_broadcast_ok"}}
2024/07/02 19:00:34 Received {n3 n2 {"message":66,"type":"second-order-broadcast"}}
2024/07/02 19:00:34 Sent {"src":"n2","dest":"n3","body":{"in_reply_to":0,"node":"n2","type":"second_order_broadcast_ok"}}
2024/07/02 19:00:34 Received {n4 n2 {"message":67,"type":"second-order-broadcast"}}
2024/07/02 19:00:34 Sent {"src":"n2","dest":"n4","body":{"in_reply_to":0,"node":"n2","type":"second_order_broadcast_ok"}}
2024/07/02 19:00:34 Received {n0 n2 {"message":68,"type":"second-order-broadcast"}}
2024/07/02 19:00:34 Sent {"src":"n2","dest":"n0","body":{"in_reply_to":0,"node":"n2","type":"second_order_broadcast_ok"}}
2024/07/02 19:00:34 Received {n1 n2 {"message":69,"type":"second-order-broadcast"}}
2024/07/02 19:00:34 Sent {"src":"n2","dest":"n1","body":{"in_reply_to":0,"node":"n2","type":"second_order_broadcast_ok"}}
2024/07/02 19:00:34 Received {c11 n2 {"type":"read","msg_id":20}}
2024/07/02 19:00:34 Sent {"src":"n2","dest":"c11","body":{"in_reply_to":20,"messages":[0,1,3,4,6,7,9,10,12,13,15,16,17,18,20,21,25,26,27,28,30,32,34,36,37,38,39,40,41,42,43,44,45,46,47,48,49,50,51,52,53,54,55,56,57,58,59,60,61,62,63,64,65,66,67,68,69],"msg_id":20,"type":"read_ok"}}
2024/07/02 19:00:35 Received {n3 n2 {"message":70,"type":"second-order-broadcast"}}
2024/07/02 19:00:35 Sent {"src":"n2","dest":"n3","body":{"in_reply_to":0,"node":"n2","type":"second_order_broadcast_ok"}}
2024/07/02 19:00:35 Received {n0 n2 {"message":71,"type":"second-order-broadcast"}}
2024/07/02 19:00:35 Sent {"src":"n2","dest":"n0","body":{"in_reply_to":0,"node":"n2","type":"second_order_broadcast_ok"}}
2024/07/02 19:00:35 Received {n1 n2 {"message":72,"type":"second-order-broadcast"}}
2024/07/02 19:00:35 Sent {"src":"n2","dest":"n1","body":{"in_reply_to":0,"node":"n2","type":"second_order_broadcast_ok"}}
2024/07/02 19:00:35 Received {c11 n2 {"type":"read","msg_id":21}}
2024/07/02 19:00:35 Sent {"src":"n2","dest":"c11","body":{"in_reply_to":21,"messages":[0,1,3,4,6,7,9,10,12,13,15,16,17,18,20,21,25,26,27,28,30,32,34,36,37,38,39,40,41,42,43,44,45,46,47,48,49,50,51,52,53,54,55,56,57,58,59,60,61,62,63,64,65,66,67,68,69,70,71,72],"msg_id":21,"type":"read_ok"}}
2024/07/02 19:00:35 Received {n3 n2 {"message":73,"type":"second-order-broadcast"}}
2024/07/02 19:00:35 Sent {"src":"n2","dest":"n3","body":{"in_reply_to":0,"node":"n2","type":"second_order_broadcast_ok"}}
2024/07/02 19:00:36 Received {c11 n2 {"type":"read","msg_id":22}}
2024/07/02 19:00:36 Sent {"src":"n2","dest":"c11","body":{"in_reply_to":22,"messages":[0,1,3,4,6,7,9,10,12,13,15,16,17,18,20,21,25,26,27,28,30,32,34,36,37,38,39,40,41,42,43,44,45,46,47,48,49,50,51,52,53,54,55,56,57,58,59,60,61,62,63,64,65,66,67,68,69,70,71,72,73],"msg_id":22,"type":"read_ok"}}
2024/07/02 19:00:36 Received {n3 n2 {"message":74,"type":"second-order-broadcast"}}
2024/07/02 19:00:36 Sent {"src":"n2","dest":"n3","body":{"in_reply_to":0,"node":"n2","type":"second_order_broadcast_ok"}}
2024/07/02 19:00:36 Received {n4 n2 {"message":75,"type":"second-order-broadcast"}}
2024/07/02 19:00:36 Sent {"src":"n2","dest":"n4","body":{"in_reply_to":0,"node":"n2","type":"second_order_broadcast_ok"}}
2024/07/02 19:00:36 Received {n0 n2 {"message":76,"type":"second-order-broadcast"}}
2024/07/02 19:00:36 Sent {"src":"n2","dest":"n0","body":{"in_reply_to":0,"node":"n2","type":"second_order_broadcast_ok"}}
2024/07/02 19:00:36 Received {c11 n2 {"type":"read","msg_id":23}}
2024/07/02 19:00:36 Sent {"src":"n2","dest":"c11","body":{"in_reply_to":23,"messages":[0,1,3,4,6,7,9,10,12,13,15,16,17,18,20,21,25,26,27,28,30,32,34,36,37,38,39,40,41,42,43,44,45,46,47,48,49,50,51,52,53,54,55,56,57,58,59,60,61,62,63,64,65,66,67,68,69,70,71,72,73,74,75,76],"msg_id":23,"type":"read_ok"}}
2024/07/02 19:00:37 Received {n0 n2 {"message":77,"type":"second-order-broadcast"}}
2024/07/02 19:00:37 Sent {"src":"n2","dest":"n0","body":{"in_reply_to":0,"node":"n2","type":"second_order_broadcast_ok"}}
2024/07/02 19:00:37 Received {c11 n2 {"type":"read","msg_id":24}}
2024/07/02 19:00:37 Sent {"src":"n2","dest":"c11","body":{"in_reply_to":24,"messages":[0,1,3,4,6,7,9,10,12,13,15,16,17,18,20,21,25,26,27,28,30,32,34,36,37,38,39,40,41,42,43,44,45,46,47,48,49,50,51,52,53,54,55,56,57,58,59,60,61,62,63,64,65,66,67,68,69,70,71,72,73,74,75,76,77],"msg_id":24,"type":"read_ok"}}
2024/07/02 19:00:37 Received {n4 n2 {"message":78,"type":"second-order-broadcast"}}
2024/07/02 19:00:37 Sent {"src":"n2","dest":"n4","body":{"in_reply_to":0,"node":"n2","type":"second_order_broadcast_ok"}}
2024/07/02 19:00:38 Received {n1 n2 {"message":79,"type":"second-order-broadcast"}}
2024/07/02 19:00:38 Sent {"src":"n2","dest":"n1","body":{"in_reply_to":0,"node":"n2","type":"second_order_broadcast_ok"}}
2024/07/02 19:00:38 Received {c11 n2 {"type":"broadcast","message":80,"msg_id":25}}
2024/07/02 19:00:38 Sent {"src":"n2","dest":"n0","body":{"message":80,"type":"second-order-broadcast"}}
2024/07/02 19:00:38 Sent {"src":"n2","dest":"n1","body":{"message":80,"type":"second-order-broadcast"}}
2024/07/02 19:00:38 Sent {"src":"n2","dest":"n4","body":{"message":80,"type":"second-order-broadcast"}}
2024/07/02 19:00:38 Sent {"src":"n2","dest":"n3","body":{"message":80,"type":"second-order-broadcast"}}
2024/07/02 19:00:38 Sent {"src":"n2","dest":"n4","body":{"message":80,"type":"second-order-broadcast"}}
2024/07/02 19:00:38 Sent {"src":"n2","dest":"c11","body":{"in_reply_to":25,"type":"broadcast_ok"}}
2024/07/02 19:00:38 Received {n3 n2 {"in_reply_to":0,"node":"n3","type":"second_order_broadcast_ok"}}
2024/07/02 19:00:38 Received {n4 n2 {"in_reply_to":0,"node":"n4","type":"second_order_broadcast_ok"}}
2024/07/02 19:00:38 Received {n4 n2 {"in_reply_to":0,"node":"n4","type":"second_order_broadcast_ok"}}
2024/07/02 19:00:38 Received {n1 n2 {"in_reply_to":0,"node":"n1","type":"second_order_broadcast_ok"}}
2024/07/02 19:00:38 Received {n0 n2 {"in_reply_to":0,"node":"n0","type":"second_order_broadcast_ok"}}
2024/07/02 19:00:38 Received {n3 n2 {"message":81,"type":"second-order-broadcast"}}
2024/07/02 19:00:38 Sent {"src":"n2","dest":"n3","body":{"in_reply_to":0,"node":"n2","type":"second_order_broadcast_ok"}}
2024/07/02 19:00:38 Received {n0 n2 {"message":82,"type":"second-order-broadcast"}}
2024/07/02 19:00:38 Sent {"src":"n2","dest":"n0","body":{"in_reply_to":0,"node":"n2","type":"second_order_broadcast_ok"}}
2024/07/02 19:00:39 Received {c11 n2 {"type":"read","msg_id":26}}
2024/07/02 19:00:39 Sent {"src":"n2","dest":"c11","body":{"in_reply_to":26,"messages":[0,1,3,4,6,7,9,10,12,13,15,16,17,18,20,21,25,26,27,28,30,32,34,36,37,38,39,40,41,42,43,44,45,46,47,48,49,50,51,52,53,54,55,56,57,58,59,60,61,62,63,64,65,66,67,68,69,70,71,72,73,74,75,76,77,78,79,80,81,82],"msg_id":26,"type":"read_ok"}}
2024/07/02 19:00:39 Received {n4 n2 {"message":83,"type":"second-order-broadcast"}}
2024/07/02 19:00:39 Sent {"src":"n2","dest":"n4","body":{"in_reply_to":0,"node":"n2","type":"second_order_broadcast_ok"}}
2024/07/02 19:00:39 Received {c11 n2 {"type":"broadcast","message":84,"msg_id":27}}
2024/07/02 19:00:39 Sent {"src":"n2","dest":"n0","body":{"message":84,"type":"second-order-broadcast"}}
2024/07/02 19:00:39 Sent {"src":"n2","dest":"n1","body":{"message":84,"type":"second-order-broadcast"}}
2024/07/02 19:00:39 Sent {"src":"n2","dest":"n4","body":{"message":84,"type":"second-order-broadcast"}}
2024/07/02 19:00:39 Sent {"src":"n2","dest":"n3","body":{"message":84,"type":"second-order-broadcast"}}
2024/07/02 19:00:39 Sent {"src":"n2","dest":"n4","body":{"message":84,"type":"second-order-broadcast"}}
2024/07/02 19:00:39 Sent {"src":"n2","dest":"c11","body":{"in_reply_to":27,"type":"broadcast_ok"}}
2024/07/02 19:00:39 Received {n3 n2 {"in_reply_to":0,"node":"n3","type":"second_order_broadcast_ok"}}
2024/07/02 19:00:39 Received {n0 n2 {"in_reply_to":0,"node":"n0","type":"second_order_broadcast_ok"}}
2024/07/02 19:00:39 Received {n1 n2 {"in_reply_to":0,"node":"n1","type":"second_order_broadcast_ok"}}
2024/07/02 19:00:39 Received {n3 n2 {"message":85,"type":"second-order-broadcast"}}
2024/07/02 19:00:39 Sent {"src":"n2","dest":"n3","body":{"in_reply_to":0,"node":"n2","type":"second_order_broadcast_ok"}}
2024/07/02 19:00:40 Received {c11 n2 {"type":"read","msg_id":28}}
2024/07/02 19:00:40 Sent {"src":"n2","dest":"c11","body":{"in_reply_to":28,"messages":[0,1,3,4,6,7,9,10,12,13,15,16,17,18,20,21,25,26,27,28,30,32,34,36,37,38,39,40,41,42,43,44,45,46,47,48,49,50,51,52,53,54,55,56,57,58,59,60,61,62,63,64,65,66,67,68,69,70,71,72,73,74,75,76,77,78,79,80,81,82,83,84,85],"msg_id":28,"type":"read_ok"}}
2024/07/02 19:00:40 Received {n3 n2 {"message":86,"type":"second-order-broadcast"}}
2024/07/02 19:00:40 Sent {"src":"n2","dest":"n3","body":{"in_reply_to":0,"node":"n2","type":"second_order_broadcast_ok"}}
2024/07/02 19:00:40 Received {n0 n2 {"message":88,"type":"second-order-broadcast"}}
2024/07/02 19:00:40 Sent {"src":"n2","dest":"n0","body":{"in_reply_to":0,"node":"n2","type":"second_order_broadcast_ok"}}
2024/07/02 19:00:41 Received {n1 n2 {"message":89,"type":"second-order-broadcast"}}
2024/07/02 19:00:41 Sent {"src":"n2","dest":"n1","body":{"in_reply_to":0,"node":"n2","type":"second_order_broadcast_ok"}}
2024/07/02 19:00:41 Received {c11 n2 {"type":"read","msg_id":29}}
2024/07/02 19:00:41 Sent {"src":"n2","dest":"c11","body":{"in_reply_to":29,"messages":[0,1,3,4,6,7,9,10,12,13,15,16,17,18,20,21,25,26,27,28,30,32,34,36,37,38,39,40,41,42,43,44,45,46,47,48,49,50,51,52,53,54,55,56,57,58,59,60,61,62,63,64,65,66,67,68,69,70,71,72,73,74,75,76,77,78,79,80,81,82,83,84,85,86,88,89],"msg_id":29,"type":"read_ok"}}
2024/07/02 19:00:41 Received {n0 n2 {"message":90,"type":"second-order-broadcast"}}
2024/07/02 19:00:41 Sent {"src":"n2","dest":"n0","body":{"in_reply_to":0,"node":"n2","type":"second_order_broadcast_ok"}}
2024/07/02 19:00:41 Received {n0 n2 {"message":91,"type":"second-order-broadcast"}}
2024/07/02 19:00:41 Sent {"src":"n2","dest":"n0","body":{"in_reply_to":0,"node":"n2","type":"second_order_broadcast_ok"}}
2024/07/02 19:00:41 Received {n1 n2 {"message":92,"type":"second-order-broadcast"}}
2024/07/02 19:00:41 Sent {"src":"n2","dest":"n1","body":{"in_reply_to":0,"node":"n2","type":"second_order_broadcast_ok"}}
2024/07/02 19:00:41 Received {c11 n2 {"type":"broadcast","message":93,"msg_id":30}}
2024/07/02 19:00:41 Sent {"src":"n2","dest":"n0","body":{"message":93,"type":"second-order-broadcast"}}
2024/07/02 19:00:41 Sent {"src":"n2","dest":"n1","body":{"message":93,"type":"second-order-broadcast"}}
2024/07/02 19:00:41 Sent {"src":"n2","dest":"n4","body":{"message":93,"type":"second-order-broadcast"}}
2024/07/02 19:00:41 Sent {"src":"n2","dest":"n3","body":{"message":93,"type":"second-order-broadcast"}}
2024/07/02 19:00:41 Sent {"src":"n2","dest":"n4","body":{"message":93,"type":"second-order-broadcast"}}
2024/07/02 19:00:41 Sent {"src":"n2","dest":"c11","body":{"in_reply_to":30,"type":"broadcast_ok"}}
2024/07/02 19:00:41 Received {n3 n2 {"in_reply_to":0,"node":"n3","type":"second_order_broadcast_ok"}}
2024/07/02 19:00:41 Received {n1 n2 {"in_reply_to":0,"node":"n1","type":"second_order_broadcast_ok"}}
2024/07/02 19:00:41 Received {n0 n2 {"in_reply_to":0,"node":"n0","type":"second_order_broadcast_ok"}}
2024/07/02 19:00:42 Received {n0 n2 {"message":95,"type":"second-order-broadcast"}}
2024/07/02 19:00:42 Sent {"src":"n2","dest":"n0","body":{"in_reply_to":0,"node":"n2","type":"second_order_broadcast_ok"}}
2024/07/02 19:00:42 Received {n0 n2 {"message":96,"type":"second-order-broadcast"}}
2024/07/02 19:00:42 Sent {"src":"n2","dest":"n0","body":{"in_reply_to":0,"node":"n2","type":"second_order_broadcast_ok"}}
2024/07/02 19:00:42 Received {n1 n2 {"message":97,"type":"second-order-broadcast"}}
2024/07/02 19:00:42 Sent {"src":"n2","dest":"n1","body":{"in_reply_to":0,"node":"n2","type":"second_order_broadcast_ok"}}
2024/07/02 19:00:42 Received {c11 n2 {"type":"broadcast","message":98,"msg_id":31}}
2024/07/02 19:00:42 Sent {"src":"n2","dest":"n0","body":{"message":98,"type":"second-order-broadcast"}}
2024/07/02 19:00:42 Sent {"src":"n2","dest":"n1","body":{"message":98,"type":"second-order-broadcast"}}
2024/07/02 19:00:42 Sent {"src":"n2","dest":"n4","body":{"message":98,"type":"second-order-broadcast"}}
2024/07/02 19:00:42 Sent {"src":"n2","dest":"n3","body":{"message":98,"type":"second-order-broadcast"}}
2024/07/02 19:00:42 Sent {"src":"n2","dest":"n4","body":{"message":98,"type":"second-order-broadcast"}}
2024/07/02 19:00:42 Sent {"src":"n2","dest":"c11","body":{"in_reply_to":31,"type":"broadcast_ok"}}
2024/07/02 19:00:42 Received {n1 n2 {"in_reply_to":0,"node":"n1","type":"second_order_broadcast_ok"}}
2024/07/02 19:00:42 Received {n0 n2 {"in_reply_to":0,"node":"n0","type":"second_order_broadcast_ok"}}
2024/07/02 19:00:42 Received {n3 n2 {"in_reply_to":0,"node":"n3","type":"second_order_broadcast_ok"}}
2024/07/02 19:00:42 Received {n3 n2 {"message":99,"type":"second-order-broadcast"}}
2024/07/02 19:00:42 Sent {"src":"n2","dest":"n3","body":{"in_reply_to":0,"node":"n2","type":"second_order_broadcast_ok"}}
2024/07/02 19:00:42 Received {n0 n2 {"message":101,"type":"second-order-broadcast"}}
2024/07/02 19:00:42 Sent {"src":"n2","dest":"n0","body":{"in_reply_to":0,"node":"n2","type":"second_order_broadcast_ok"}}
2024/07/02 19:00:42 Received {n1 n2 {"message":102,"type":"second-order-broadcast"}}
2024/07/02 19:00:42 Sent {"src":"n2","dest":"n1","body":{"in_reply_to":0,"node":"n2","type":"second_order_broadcast_ok"}}
2024/07/02 19:00:42 Received {c11 n2 {"type":"read","msg_id":32}}
2024/07/02 19:00:42 Sent {"src":"n2","dest":"c11","body":{"in_reply_to":32,"messages":[0,1,3,4,6,7,9,10,12,13,15,16,17,18,20,21,25,26,27,28,30,32,34,36,37,38,39,40,41,42,43,44,45,46,47,48,49,50,51,52,53,54,55,56,57,58,59,60,61,62,63,64,65,66,67,68,69,70,71,72,73,74,75,76,77,78,79,80,81,82,83,84,85,86,88,89,90,91,92,93,95,96,97,98,99,101,102],"msg_id":32,"type":"read_ok"}}
2024/07/02 19:00:43 Received {c11 n2 {"type":"read","msg_id":33}}
2024/07/02 19:00:43 Sent {"src":"n2","dest":"c11","body":{"in_reply_to":33,"messages":[0,1,3,4,6,7,9,10,12,13,15,16,17,18,20,21,25,26,27,28,30,32,34,36,37,38,39,40,41,42,43,44,45,46,47,48,49,50,51,52,53,54,55,56,57,58,59,60,61,62,63,64,65,66,67,68,69,70,71,72,73,74,75,76,77,78,79,80,81,82,83,84,85,86,88,89,90,91,92,93,95,96,97,98,99,101,102],"msg_id":33,"type":"read_ok"}}
2024/07/02 19:00:43 Received {n1 n2 {"message":105,"type":"second-order-broadcast"}}
2024/07/02 19:00:43 Sent {"src":"n2","dest":"n1","body":{"in_reply_to":0,"node":"n2","type":"second_order_broadcast_ok"}}
2024/07/02 19:00:44 Received {c11 n2 {"type":"read","msg_id":34}}
2024/07/02 19:00:44 Sent {"src":"n2","dest":"c11","body":{"in_reply_to":34,"messages":[0,1,3,4,6,7,9,10,12,13,15,16,17,18,20,21,25,26,27,28,30,32,34,36,37,38,39,40,41,42,43,44,45,46,47,48,49,50,51,52,53,54,55,56,57,58,59,60,61,62,63,64,65,66,67,68,69,70,71,72,73,74,75,76,77,78,79,80,81,82,83,84,85,86,88,89,90,91,92,93,95,96,97,98,99,101,102,105],"msg_id":34,"type":"read_ok"}}
2024/07/02 19:00:44 Received {n3 n2 {"message":106,"type":"second-order-broadcast"}}
2024/07/02 19:00:44 Sent {"src":"n2","dest":"n3","body":{"in_reply_to":0,"node":"n2","type":"second_order_broadcast_ok"}}
2024/07/02 19:00:54 Received {c11 n2 {"type":"read","msg_id":35}}
2024/07/02 19:00:54 Sent {"src":"n2","dest":"c11","body":{"in_reply_to":35,"messages":[0,1,3,4,6,7,9,10,12,13,15,16,17,18,20,21,25,26,27,28,30,32,34,36,37,38,39,40,41,42,43,44,45,46,47,48,49,50,51,52,53,54,55,56,57,58,59,60,61,62,63,64,65,66,67,68,69,70,71,72,73,74,75,76,77,78,79,80,81,82,83,84,85,86,88,89,90,91,92,93,95,96,97,98,99,101,102,105,106],"msg_id":35,"type":"read_ok"}}
