2024/07/02 19:00:24 Received {c0 n3 {"type":"init","node_id":"n3","node_ids":["n0","n1","n2","n3","n4"],"msg_id":1}}
2024/07/02 19:00:24 Node n3 initialized
2024/07/02 19:00:24 Sent {"src":"n3","dest":"c0","body":{"in_reply_to":1,"type":"init_ok"}}
2024/07/02 19:00:24 Received {c9 n3 {"type":"topology","topology":{"n0":["n3","n1"],"n1":["n4","n2","n0"],"n2":["n1"],"n3":["n0","n4"],"n4":["n1","n3"]},"msg_id":1}}
2024/07/02 19:00:24 Sent {"src":"n3","dest":"c9","body":{"in_reply_to":1,"type":"topology_ok"}}
2024/07/02 19:00:24 Received {n0 n3 {"message":0,"type":"second-order-broadcast"}}
2024/07/02 19:00:24 Sent {"src":"n3","dest":"n0","body":{"in_reply_to":0,"node":"n3","type":"second_order_broadcast_ok"}}
2024/07/02 19:00:24 Received {c12 n3 {"type":"broadcast","message":2,"msg_id":1}}
2024/07/02 19:00:24 Sent {"src":"n3","dest":"n0","body":{"message":2,"type":"second-order-broadcast"}}
2024/07/02 19:00:24 Sent {"src":"n3","dest":"n1","body":{"message":2,"type":"second-order-broadcast"}}
2024/07/02 19:00:24 Sent {"src":"n3","dest":"n2","body":{"message":2,"type":"second-order-broadcast"}}
2024/07/02 19:00:24 Sent {"src":"n3","dest":"n4","body":{"message":2,"type":"second-order-broadcast"}}
2024/07/02 19:00:24 Sent {"src":"n3","dest":"n4","body":{"message":2,"type":"second-order-broadcast"}}
2024/07/02 19:00:24 Sent {"src":"n3","dest":"c12","body":{"in_reply_to":1,"type":"broadcast_ok"}}
2024/07/02 19:00:24 Received {n1 n3 {"in_reply_to":0,"node":"n1","type":"second_order_broadcast_ok"}}
2024/07/02 19:00:24 Received {n0 n3 {"in_reply_to":0,"node":"n0","type":"second_order_broadcast_ok"}}
2024/07/02 19:00:24 Received {n0 n3 {"message":4,"type":"second-order-broadcast"}}
2024/07/02 19:00:24 Sent {"src":"n3","dest":"n0","body":{"in_reply_to":0,"node":"n3","type":"second_order_broadcast_ok"}}
2024/07/02 19:00:25 Received {n1 n3 {"message":5,"type":"second-order-broadcast"}}
2024/07/02 19:00:25 Sent {"src":"n3","dest":"n1","body":{"in_reply_to":0,"node":"n3","type":"second_order_broadcast_ok"}}
2024/07/02 19:00:25 Received {c12 n3 {"type":"read","msg_id":2}}
2024/07/02 19:00:25 Sent {"src":"n3","dest":"c12","body":{"in_reply_to":2,"messages":[0,2,4,5],"msg_id":2,"type":"read_ok"}}
2024/07/02 19:00:25 Received {n0 n3 {"message":7,"type":"second-order-broadcast"}}
2024/07/02 19:00:25 Sent {"src":"n3","dest":"n0","body":{"in_reply_to":0,"node":"n3","type":"second_order_broadcast_ok"}}
2024/07/02 19:00:25 Received {c12 n3 {"type":"broadcast","message":8,"msg_id":3}}
2024/07/02 19:00:25 Sent {"src":"n3","dest":"n0","body":{"message":8,"type":"second-order-broadcast"}}
2024/07/02 19:00:25 Sent {"src":"n3","dest":"n1","body":{"message":8,"type":"second-order-broadcast"}}
2024/07/02 19:00:25 Sent {"src":"n3","dest":"n2","body":{"message":8,"type":"second-order-broadcast"}}
2024/07/02 19:00:25 Sent {"src":"n3","dest":"n4","body":{"message":8,"type":"second-order-broadcast"}}
2024/07/02 19:00:25 Sent {"src":"n3","dest":"n4","body":{"message":8,"type":"second-order-broadcast"}}
2024/07/02 19:00:25 Sent {"src":"n3","dest":"c12","body":{"in_reply_to":3,"type":"broadcast_ok"}}
2024/07/02 19:00:25 Received {n1 n3 {"in_reply_to":0,"node":"n1","type":"second_order_broadcast_ok"}}
2024/07/02 19:00:25 Received {n0 n3 {"in_reply_to":0,"node":"n0","type":"second_order_broadcast_ok"}}
2024/07/02 19:00:26 Received {c12 n3 {"type":"broadcast","message":11,"msg_id":4}}
2024/07/02 19:00:26 Sent {"src":"n3","dest":"n0","body":{"message":11,"type":"second-order-broadcast"}}
2024/07/02 19:00:26 Sent {"src":"n3","dest":"n1","body":{"message":11,"type":"second-order-broadcast"}}
2024/07/02 19:00:26 Sent {"src":"n3","dest":"n2","body":{"message":11,"type":"second-order-broadcast"}}
2024/07/02 19:00:26 Sent {"src":"n3","dest":"n4","body":{"message":11,"type":"second-order-broadcast"}}
2024/07/02 19:00:26 Sent {"src":"n3","dest":"n4","body":{"message":11,"type":"second-order-broadcast"}}
2024/07/02 19:00:26 Sent {"src":"n3","dest":"c12","body":{"in_reply_to":4,"type":"broadcast_ok"}}
2024/07/02 19:00:26 Received {n0 n3 {"in_reply_to":0,"node":"n0","type":"second_order_broadcast_ok"}}
2024/07/02 19:00:26 Received {n1 n3 {"in_reply_to":0,"node":"n1","type":"second_order_broadcast_ok"}}
2024/07/02 19:00:26 Received {n0 n3 {"message":12,"type":"second-order-broadcast"}}
2024/07/02 19:00:26 Sent {"src":"n3","dest":"n0","body":{"in_reply_to":0,"node":"n3","type":"second_order_broadcast_ok"}}
2024/07/02 19:00:26 Received {n0 n3 {"message":13,"type":"second-order-broadcast"}}
2024/07/02 19:00:26 Sent {"src":"n3","dest":"n0","body":{"in_reply_to":0,"node":"n3","type":"second_order_broadcast_ok"}}
2024/07/02 19:00:26 Received {n1 n3 {"message":14,"type":"second-order-broadcast"}}
2024/07/02 19:00:26 Sent {"src":"n3","dest":"n1","body":{"in_reply_to":0,"node":"n3","type":"second_order_broadcast_ok"}}
2024/07/02 19:00:27 Received {c12 n3 {"type":"read","msg_id":5}}
2024/07/02 19:00:27 Sent {"src":"n3","dest":"c12","body":{"in_reply_to":5,"messages":[0,2,4,5,7,8,11,12,13,14],"msg_id":5,"type":"read_ok"}}
2024/07/02 19:00:27 Received {n0 n3 {"message":15,"type":"second-order-broadcast"}}
2024/07/02 19:00:27 Sent {"src":"n3","dest":"n0","body":{"in_reply_to":0,"node":"n3","type":"second_order_broadcast_ok"}}
2024/07/02 19:00:27 Received {c12 n3 {"type":"read","msg_id":6}}
2024/07/02 19:00:27 Sent {"src":"n3","dest":"c12","body":{"in_reply_to":6,"messages":[0,2,4,5,7,8,11,12,13,14,15],"msg_id":6,"type":"read_ok"}}
2024/07/02 19:00:27 Received {n0 n3 {"message":17,"type":"second-order-broadcast"}}
2024/07/02 19:00:27 Sent {"src":"n3","dest":"n0","body":{"in_reply_to":0,"node":"n3","type":"second_order_broadcast_ok"}}
2024/07/02 19:00:27 Received {c12 n3 {"type":"broadcast","message":19,"msg_id":7}}
2024/07/02 19:00:27 Sent {"src":"n3","dest":"n0","body":{"message":19,"type":"second-order-broadcast"}}
2024/07/02 19:00:27 Sent {"src":"n3","dest":"n1","body":{"message":19,"type":"second-order-broadcast"}}
2024/07/02 19:00:27 Sent {"src":"n3","dest":"n2","body":{"message":19,"type":"second-order-broadcast"}}
2024/07/02 19:00:27 Sent {"src":"n3","dest":"n4","body":{"message":19,"type":"second-order-broadcast"}}
2024/07/02 19:00:27 Sent {"src":"n3","dest":"n4","body":{"message":19,"type":"second-order-broadcast"}}
2024/07/02 19:00:27 Sent {"src":"n3","dest":"c12","body":{"in_reply_to":7,"type":"broadcast_ok"}}
2024/07/02 19:00:27 Received {n1 n3 {"in_reply_to":0,"node":"n1","type":"second_order_broadcast_ok"}}
2024/07/02 19:00:27 Received {n0 n3 {"in_reply_to":0,"node":"n0","type":"second_order_broadcast_ok"}}
2024/07/02 19:00:27 Received {n0 n3 {"message":20,"type":"second-order-broadcast"}}
2024/07/02 19:00:27 Sent {"src":"n3","dest":"n0","body":{"in_reply_to":0,"node":"n3","type":"second_order_broadcast_ok"}}
2024/07/02 19:00:27 Received {n0 n3 {"message":21,"type":"second-order-broadcast"}}
2024/07/02 19:00:27 Sent {"src":"n3","dest":"n0","body":{"in_reply_to":0,"node":"n3","type":"second_order_broadcast_ok"}}
2024/07/02 19:00:28 Received {n1 n3 {"message":22,"type":"second-order-broadcast"}}
2024/07/02 19:00:28 Sent {"src":"n3","dest":"n1","body":{"in_reply_to":0,"node":"n3","type":"second_order_broadcast_ok"}}
2024/07/02 19:00:28 Received {c12 n3 {"type":"broadcast","message":23,"msg_id":8}}
2024/07/02 19:00:28 Sent {"src":"n3","dest":"n0","body":{"message":23,"type":"second-order-broadcast"}}
2024/07/02 19:00:28 Sent {"src":"n3","dest":"n1","body":{"message":23,"type":"second-order-broadcast"}}
2024/07/02 19:00:28 Sent {"src":"n3","dest":"n2","body":{"message":23,"type":"second-order-broadcast"}}
2024/07/02 19:00:28 Sent {"src":"n3","dest":"n4","body":{"message":23,"type":"second-order-broadcast"}}
2024/07/02 19:00:28 Sent {"src":"n3","dest":"n4","body":{"message":23,"type":"second-order-broadcast"}}
2024/07/02 19:00:28 Sent {"src":"n3","dest":"c12","body":{"in_reply_to":8,"type":"broadcast_ok"}}
2024/07/02 19:00:28 Received {n1 n3 {"in_reply_to":0,"node":"n1","type":"second_order_broadcast_ok"}}
2024/07/02 19:00:28 Received {n0 n3 {"in_reply_to":0,"node":"n0","type":"second_order_broadcast_ok"}}
2024/07/02 19:00:28 Received {n1 n3 {"message":24,"type":"second-order-broadcast"}}
2024/07/02 19:00:28 Sent {"src":"n3","dest":"n1","body":{"in_reply_to":0,"node":"n3","type":"second_order_broadcast_ok"}}
2024/07/02 19:00:28 Received {c12 n3 {"type":"read","msg_id":9}}
2024/07/02 19:00:28 Sent {"src":"n3","dest":"c12","body":{"in_reply_to":9,"messages":[0,2,4,5,7,8,11,12,13,14,15,17,19,20,21,22,23,24],"msg_id":9,"type":"read_ok"}}
2024/07/02 19:00:29 Received {n0 n3 {"message":26,"type":"second-order-broadcast"}}
2024/07/02 19:00:29 Sent {"src":"n3","dest":"n0","body":{"in_reply_to":0,"node":"n3","type":"second_order_broadcast_ok"}}
2024/07/02 19:00:29 Received {c12 n3 {"type":"read","msg_id":10}}
2024/07/02 19:00:29 Sent {"src":"n3","dest":"c12","body":{"in_reply_to":10,"messages":[0,2,4,5,7,8,11,12,13,14,15,17,19,20,21,22,23,24,26],"msg_id":10,"type":"read_ok"}}
2024/07/02 19:00:29 Received {n0 n3 {"message":28,"type":"second-order-broadcast"}}
2024/07/02 19:00:29 Sent {"src":"n3","dest":"n0","body":{"in_reply_to":0,"node":"n3","type":"second_order_broadcast_ok"}}
2024/07/02 19:00:30 Received {n1 n3 {"message":29,"type":"second-order-broadcast"}}
2024/07/02 19:00:30 Sent {"src":"n3","dest":"n1","body":{"in_reply_to":0,"node":"n3","type":"second_order_broadcast_ok"}}
2024/07/02 19:00:30 Received {c12 n3 {"type":"broadcast","message":31,"msg_id":11}}
2024/07/02 19:00:30 Sent {"src":"n3","dest":"n0","body":{"message":31,"type":"second-order-broadcast"}}
2024/07/02 19:00:30 Sent {"src":"n3","dest":"n1","body":{"message":31,"type":"second-order-broadcast"}}
2024/07/02 19:00:30 Sent {"src":"n3","dest":"n2","body":{"message":31,"type":"second-order-broadcast"}}
2024/07/02 19:00:30 Sent {"src":"n3","dest":"n4","body":{"message":31,"type":"second-order-broadcast"}}
2024/07/02 19:00:30 Sent {"src":"n3","dest":"n4","body":{"message":31,"type":"second-order-broadcast"}}
2024/07/02 19:00:30 Sent {"src":"n3","dest":"c12","body":{"in_reply_to":11,"type":"broadcast_ok"}}
2024/07/02 19:00:30 Received {n1 n3 {"in_reply_to":0,"node":"n1","type":"second_order_broadcast_ok"}}
2024/07/02 19:00:30 Received {n0 n3 {"in_reply_to":0,"node":"n0","type":"second_order_broadcast_ok"}}
2024/07/02 19:00:30 Received {n0 n3 {"message":32,"type":"second-order-broadcast"}}
2024/07/02 19:00:30 Sent {"src":"n3","dest":"n0","body":{"in_reply_to":0,"node":"n3","type":"second_order_broadcast_ok"}}
2024/07/02 19:00:30 Received {n1 n3 {"message":33,"type":"second-order-broadcast"}}
2024/07/02 19:00:30 Sent {"src":"n3","dest":"n1","body":{"in_reply_to":0,"node":"n3","type":"second_order_broadcast_ok"}}
2024/07/02 19:00:31 Received {c12 n3 {"type":"broadcast","message":35,"msg_id":12}}
2024/07/02 19:00:31 Sent {"src":"n3","dest":"n0","body":{"message":35,"type":"second-order-broadcast"}}
2024/07/02 19:00:31 Sent {"src":"n3","dest":"n1","body":{"message":35,"type":"second-order-broadcast"}}
2024/07/02 19:00:31 Sent {"src":"n3","dest":"n2","body":{"message":35,"type":"second-order-broadcast"}}
2024/07/02 19:00:31 Sent {"src":"n3","dest":"n4","body":{"message":35,"type":"second-order-broadcast"}}
2024/07/02 19:00:31 Sent {"src":"n3","dest":"n4","body":{"message":35,"type":"second-order-broadcast"}}
2024/07/02 19:00:31 Sent {"src":"n3","dest":"c12","body":{"in_reply_to":12,"type":"broadcast_ok"}}
2024/07/02 19:00:31 Received {n0 n3 {"in_reply_to":0,"node":"n0","type":"second_order_broadcast_ok"}}
2024/07/02 19:00:31 Received {n1 n3 {"in_reply_to":0,"node":"n1","type":"second_order_broadcast_ok"}}
2024/07/02 19:00:31 Received {n0 n3 {"message":36,"type":"second-order-broadcast"}}
2024/07/02 19:00:31 Sent {"src":"n3","dest":"n0","body":{"in_reply_to":0,"node":"n3","type":"second_order_broadcast_ok"}}
2024/07/02 19:00:31 Received {n1 n3 {"message":37,"type":"second-order-broadcast"}}
2024/07/02 19:00:31 Sent {"src":"n3","dest":"n1","body":{"in_reply_to":0,"node":"n3","type":"second_order_broadcast_ok"}}
2024/07/02 19:00:31 Received {n2 n3 {"message":38,"type":"second-order-broadcast"}}
2024/07/02 19:00:31 Sent {"src":"n3","dest":"n2","body":{"in_reply_to":0,"node":"n3","type":"second_order_broadcast_ok"}}
2024/07/02 19:00:31 Received {c12 n3 {"type":"broadcast","message":39,"msg_id":13}}
2024/07/02 19:00:31 Sent {"src":"n3","dest":"n0","body":{"message":39,"type":"second-order-broadcast"}}
2024/07/02 19:00:31 Sent {"src":"n3","dest":"n1","body":{"message":39,"type":"second-order-broadcast"}}
2024/07/02 19:00:31 Sent {"src":"n3","dest":"n2","body":{"message":39,"type":"second-order-broadcast"}}
2024/07/02 19:00:31 Sent {"src":"n3","dest":"n4","body":{"message":39,"type":"second-order-broadcast"}}
2024/07/02 19:00:31 Sent {"src":"n3","dest":"n4","body":{"message":39,"type":"second-order-broadcast"}}
2024/07/02 19:00:31 Sent {"src":"n3","dest":"c12","body":{"in_reply_to":13,"type":"broadcast_ok"}}
2024/07/02 19:00:31 Received {n0 n3 {"in_reply_to":0,"node":"n0","type":"second_order_broadcast_ok"}}
2024/07/02 19:00:31 Received {n4 n3 {"in_reply_to":0,"node":"n4","type":"second_order_broadcast_ok"}}
2024/07/02 19:00:31 Received {n4 n3 {"in_reply_to":0,"node":"n4","type":"second_order_broadcast_ok"}}
2024/07/02 19:00:31 Received {n2 n3 {"in_reply_to":0,"node":"n2","type":"second_order_broadcast_ok"}}
2024/07/02 19:00:31 Received {n1 n3 {"in_reply_to":0,"node":"n1","type":"second_order_broadcast_ok"}}
2024/07/02 19:00:31 Received {n0 n3 {"message":40,"type":"second-order-broadcast"}}
2024/07/02 19:00:31 Sent {"src":"n3","dest":"n0","body":{"in_reply_to":0,"node":"n3","type":"second_order_broadcast_ok"}}
2024/07/02 19:00:31 Received {n0 n3 {"message":41,"type":"second-order-broadcast"}}
2024/07/02 19:00:31 Sent {"src":"n3","dest":"n0","body":{"in_reply_to":0,"node":"n3","type":"second_order_broadcast_ok"}}
2024/07/02 19:00:31 Received {n1 n3 {"message":42,"type":"second-order-broadcast"}}
2024/07/02 19:00:31 Sent {"src":"n3","dest":"n1","body":{"in_reply_to":0,"node":"n3","type":"second_order_broadcast_ok"}}
2024/07/02 19:00:31 Received {c12 n3 {"type":"broadcast","message":43,"msg_id":14}}
2024/07/02 19:00:31 Sent {"src":"n3","dest":"n0","body":{"message":43,"type":"second-order-broadcast"}}
2024/07/02 19:00:31 Sent {"src":"n3","dest":"n1","body":{"message":43,"type":"second-order-broadcast"}}
2024/07/02 19:00:31 Sent {"src":"n3","dest":"n2","body":{"message":43,"type":"second-order-broadcast"}}
2024/07/02 19:00:31 Sent {"src":"n3","dest":"n4","body":{"message":43,"type":"second-order-broadcast"}}
2024/07/02 19:00:31 Sent {"src":"n3","dest":"n4","body":{"message":43,"type":"second-order-broadcast"}}
2024/07/02 19:00:31 Sent {"src":"n3","dest":"c12","body":{"in_reply_to":14,"type":"broadcast_ok"}}
2024/07/02 19:00:31 Received {n1 n3 {"in_reply_to":0,"node":"n1","type":"second_order_broadcast_ok"}}
2024/07/02 19:00:31 Received {n0 n3 {"in_reply_to":0,"node":"n0","type":"second_order_broadcast_ok"}}
2024/07/02 19:00:31 Received {n2 n3 {"in_reply_to":0,"node":"n2","type":"second_order_broadcast_ok"}}
2024/07/02 19:00:31 Received {n4 n3 {"in_reply_to":0,"node":"n4","type":"second_order_broadcast_ok"}}
2024/07/02 19:00:31 Received {n4 n3 {"in_reply_to":0,"node":"n4","type":"second_order_broadcast_ok"}}
2024/07/02 19:00:32 Received {n0 n3 {"message":44,"type":"second-order-broadcast"}}
2024/07/02 19:00:32 Sent {"src":"n3","dest":"n0","body":{"in_reply_to":0,"node":"n3","type":"second_order_broadcast_ok"}}
2024/07/02 19:00:32 Received {n0 n3 {"message":45,"type":"second-order-broadcast"}}
2024/07/02 19:00:32 Sent {"src":"n3","dest":"n0","body":{"in_reply_to":0,"node":"n3","type":"second_order_broadcast_ok"}}
2024/07/02 19:00:32 Received {n1 n3 {"message":46,"type":"second-order-broadcast"}}
2024/07/02 19:00:32 Sent {"src":"n3","dest":"n1","body":{"in_reply_to":0,"node":"n3","type":"second_order_broadcast_ok"}}
2024/07/02 19:00:32 Received {n2 n3 {"message":47,"type":"second-order-broadcast"}}
2024/07/02 19:00:32 Sent {"src":"n3","dest":"n2","body":{"in_reply_to":0,"node":"n3","type":"second_order_broadcast_ok"}}
2024/07/02 19:00:32 Received {c12 n3 {"type":"read","msg_id":15}}
2024/07/02 19:00:32 Sent {"src":"n3","dest":"c12","body":{"in_reply_to":15,"messages":[0,2,4,5,7,8,11,12,13,14,15,17,19,20,21,22,23,24,26,28,29,31,32,33,35,36,37,38,39,40,41,42,43,44,45,46,47],"msg_id":15,"type":"read_ok"}}
2024/07/02 19:00:32 Received {n4 n3 {"message":48,"type":"second-order-broadcast"}}
2024/07/02 19:00:32 Sent {"src":"n3","dest":"n4","body":{"in_reply_to":0,"node":"n3","type":"second_order_broadcast_ok"}}
2024/07/02 19:00:32 Received {n0 n3 {"message":49,"type":"second-order-broadcast"}}
2024/07/02 19:00:32 Sent {"src":"n3","dest":"n0","body":{"in_reply_to":0,"node":"n3","type":"second_order_broadcast_ok"}}
2024/07/02 19:00:32 Received {n1 n3 {"message":50,"type":"second-order-broadcast"}}
2024/07/02 19:00:32 Sent {"src":"n3","dest":"n1","body":{"in_reply_to":0,"node":"n3","type":"second_order_broadcast_ok"}}
2024/07/02 19:00:32 Received {n2 n3 {"message":51,"type":"second-order-broadcast"}}
2024/07/02 19:00:32 Sent {"src":"n3","dest":"n2","body":{"in_reply_to":0,"node":"n3","type":"second_order_broadcast_ok"}}
2024/07/02 19:00:33 Received {c12 n3 {"type":"broadcast","message":52,"msg_id":16}}
2024/07/02 19:00:33 Sent {"src":"n3","dest":"n0","body":{"message":52,"type":"second-order-broadcast"}}
2024/07/02 19:00:33 Sent {"src":"n3","dest":"n1","body":{"message":52,"type":"second-order-broadcast"}}
2024/07/02 19:00:33 Sent {"src":"n3","dest":"n2","body":{"message":52,"type":"second-order-broadcast"}}
2024/07/02 19:00:33 Sent {"src":"n3","dest":"n4","body":{"message":52,"type":"second-order-broadcast"}}
2024/07/02 19:00:33 Sent {"src":"n3","dest":"n4","body":{"message":52,"type":"second-order-broadcast"}}
2024/07/02 19:00:33 Sent {"src":"n3","dest":"c12","body":{"in_reply_to":16,"type":"broadcast_ok"}}
2024/07/02 19:00:33 Received {n1 n3 {"in_reply_to":0,"node":"n1","type":"second_order_broadcast_ok"}}
2024/07/02 19:00:33 Received {n4 n3 {"in_reply_to":0,"node":"n4","type":"second_order_broadcast_ok"}}
2024/07/02 19:00:33 Received {n4 n3 {"in_reply_to":0,"node":"n4","type":"second_order_broadcast_ok"}}
2024/07/02 19:00:33 Received {n0 n3 {"in_reply_to":0,"node":"n0","type":"second_order_broadcast_ok"}}
2024/07/02 19:00:33 Received {n2 n3 {"in_reply_to":0,"node":"n2","type":"second_order_broadcast_ok"}}
2024/07/02 19:00:33 Received {n0 n3 {"message":53,"type":"second-order-broadcast"}}
2024/07/02 19:00:33 Sent {"src":"n3","dest":"n0","body":{"in_reply_to":0,"node":"n3","type":"second_order_broadcast_ok"}}
2024/07/02 19:00:33 Received {n0 n3 {"message":54,"type":"second-order-broadcast"}}
2024/07/02 19:00:33 Sent {"src":"n3","dest":"n0","body":{"in_reply_to":0,"node":"n3","type":"second_order_broadcast_ok"}}
2024/07/02 19:00:33 Received {n1 n3 {"message":55,"type":"second-order-broadcast"}}
2024/07/02 19:00:33 Sent {"src":"n3","dest":"n1","body":{"in_reply_to":0,"node":"n3","type":"second_order_broadcast_ok"}}
2024/07/02 19:00:33 Received {n2 n3 {"message":56,"type":"second-order-broadcast"}}
2024/07/02 19:00:33 Sent {"src":"n3","dest":"n2","body":{"in_reply_to":0,"node":"n3","type":"second_order_broadcast_ok"}}
2024/07/02 19:00:33 Received {c12 n3 {"type":"broadcast","message":57,"msg_id":17}}
2024/07/02 19:00:33 Sent {"src":"n3","dest":"n0","body":{"message":57,"type":"second-order-broadcast"}}
2024/07/02 19:00:33 Sent {"src":"n3","dest":"n1","body":{"message":57,"type":"second-order-broadcast"}}
2024/07/02 19:00:33 Sent {"src":"n3","dest":"n2","body":{"message":57,"type":"second-order-broadcast"}}
2024/07/02 19:00:33 Sent {"src":"n3","dest":"n4","body":{"message":57,"type":"second-order-broadcast"}}
2024/07/02 19:00:33 Sent {"src":"n3","dest":"n4","body":{"message":57,"type":"second-order-broadcast"}}
2024/07/02 19:00:33 Sent {"src":"n3","dest":"c12","body":{"in_reply_to":17,"type":"broadcast_ok"}}
2024/07/02 19:00:33 Received {n0 n3 {"in_reply_to":0,"node":"n0","type":"second_order_broadcast_ok"}}
2024/07/02 19:00:33 Received {n2 n3 {"in_reply_to":0,"node":"n2","type":"second_order_broadcast_ok"}}
2024/07/02 19:00:33 Received {n1 n3 {"in_reply_to":0,"node":"n1","type":"second_order_broadcast_ok"}}
2024/07/02 19:00:33 Received {n4 n3 {"in_reply_to":0,"node":"n4","type":"second_order_broadcast_ok"}}
2024/07/02 19:00:33 Received {n4 n3 {"in_reply_to":0,"node":"n4","type":"second_order_broadcast_ok"}}
2024/07/02 19:00:33 Received {n4 n3 {"message":58,"type":"second-order-broadcast"}}
2024/07/02 19:00:33 Sent {"src":"n3","dest":"n4","body":{"in_reply_to":0,"node":"n3","type":"second_order_broadcast_ok"}}
2024/07/02 19:00:33 Received {n0 n3 {"message":59,"type":"second-order-broadcast"}}
2024/07/02 19:00:33 Sent {"src":"n3","dest":"n0","body":{"in_reply_to":0,"node":"n3","type":"second_order_broadcast_ok"}}
2024/07/02 19:00:33 Received {n1 n3 {"message":60,"type":"second-order-broadcast"}}
2024/07/02 19:00:33 Sent {"src":"n3","dest":"n1","body":{"in_reply_to":0,"node":"n3","type":"second_order_broadcast_ok"}}
2024/07/02 19:00:33 Received {c12 n3 {"type":"broadcast","message":61,"msg_id":18}}
2024/07/02 19:00:33 Sent {"src":"n3","dest":"n0","body":{"message":61,"type":"second-order-broadcast"}}
2024/07/02 19:00:33 Sent {"src":"n3","dest":"n1","body":{"message":61,"type":"second-order-broadcast"}}
2024/07/02 19:00:33 Sent {"src":"n3","dest":"n2","body":{"message":61,"type":"second-order-broadcast"}}
2024/07/02 19:00:33 Sent {"src":"n3","dest":"n4","body":{"message":61,"type":"second-order-broadcast"}}
2024/07/02 19:00:33 Sent {"src":"n3","dest":"n4","body":{"message":61,"type":"second-order-broadcast"}}
2024/07/02 19:00:33 Sent {"src":"n3","dest":"c12","body":{"in_reply_to":18,"type":"broadcast_ok"}}
2024/07/02 19:00:33 Received {n0 n3 {"in_reply_to":0,"node":"n0","type":"second_order_broadcast_ok"}}
2024/07/02 19:00:33 Received {n4 n3 {"in_reply_to":0,"node":"n4","type":"second_order_broadcast_ok"}}
2024/07/02 19:00:33 Received {n4 n3 {"in_reply_to":0,"node":"n4","type":"second_order_broadcast_ok"}}
2024/07/02 19:00:33 Received {n2 n3 {"in_reply_to":0,"node":"n2","type":"second_order_broadcast_ok"}}
2024/07/02 19:00:33 Received {n1 n3 {"in_reply_to":0,"node":"n1","type":"second_order_broadcast_ok"}}
2024/07/02 19:00:33 Received {n4 n3 {"message":62,"type":"second-order-broadcast"}}
2024/07/02 19:00:33 Sent {"src":"n3","dest":"n4","body":{"in_reply_to":0,"node":"n3","type":"second_order_broadcast_ok"}}
2024/07/02 19:00:34 Received {n0 n3 {"message":63,"type":"second-order-broadcast"}}
2024/07/02 19:00:34 Sent {"src":"n3","dest":"n0","body":{"in_reply_to":0,"node":"n3","type":"second_order_broadcast_ok"}}
2024/07/02 19:00:34 Received {n1 n3 {"message":64,"type":"second-order-broadcast"}}
2024/07/02 19:00:34 Sent {"src":"n3","dest":"n1","body":{"in_reply_to":0,"node":"n3","type":"second_order_broadcast_ok"}}
2024/07/02 19:00:34 Received {n2 n3 {"message":65,"type":"second-order-broadcast"}}
2024/07/02 19:00:34 Sent {"src":"n3","dest":"n2","body":{"in_reply_to":0,"node":"n3","type":"second_order_broadcast_ok"}}
2024/07/02 19:00:34 Received {c12 n3 {"type":"broadcast","message":66,"msg_id":19}}
2024/07/02 19:00:34 Sent {"src":"n3","dest":"n0","body":{"message":66,"type":"second-order-broadcast"}}
2024/07/02 19:00:34 Sent {"src":"n3","dest":"n1","body":{"message":66,"type":"second-order-broadcast"}}
2024/07/02 19:00:34 Sent {"src":"n3","dest":"n2","body":{"message":66,"type":"second-order-broadcast"}}
2024/07/02 19:00:34 Sent {"src":"n3","dest":"n4","body":{"message":66,"type":"second-order-broadcast"}}
2024/07/02 19:00:34 Sent {"src":"n3","dest":"n4","body":{"message":66,"type":"second-order-broadcast"}}
2024/07/02 19:00:34 Sent {"src":"n3","dest":"c12","body":{"in_reply_to":19,"type":"broadcast_ok"}}
2024/07/02 19:00:34 Received {n4 n3 {"in_reply_to":0,"node":"n4","type":"second_order_broadcast_ok"}}
2024/07/02 19:00:34 Received {n4 n3 {"in_reply_to":0,"node":"n4","type":"second_order_broadcast_ok"}}
2024/07/02 19:00:34 Received {n2 n3 {"in_reply_to":0,"node":"n2","type":"second_order_broadcast_ok"}}
2024/07/02 19:00:34 Received {n0 n3 {"in_reply_to":0,"node":"n0","type":"second_order_broadcast_ok"}}
2024/07/02 19:00:34 Received {n1 n3 {"in_reply_to":0,"node":"n1","type":"second_order_broadcast_ok"}}
2024/07/02 19:00:34 Received {n4 n3 {"message":67,"type":"second-order-broadcast"}}
2024/07/02 19:00:34 Sent {"src":"n3","dest":"n4","body":{"in_reply_to":0,"node":"n3","type":"second_order_broadcast_ok"}}
2024/07/02 19:00:34 Received {n0 n3 {"message":68,"type":"second-order-broadcast"}}
2024/07/02 19:00:34 Sent {"src":"n3","dest":"n0","body":{"in_reply_to":0,"node":"n3","type":"second_order_broadcast_ok"}}
2024/07/02 19:00:34 Received {n1 n3 {"message":69,"type":"second-order-broadcast"}}
2024/07/02 19:00:34 Sent {"src":"n3","dest":"n1","body":{"in_reply_to":0,"node":"n3","type":"second_order_broadcast_ok"}}
2024/07/02 19:00:35 Received {c12 n3 {"type":"broadcast","message":70,"msg_id":20}}
2024/07/02 19:00:35 Sent {"src":"n3","dest":"n0","body":{"message":70,"type":"second-order-broadcast"}}
2024/07/02 19:00:35 Sent {"src":"n3","dest":"n1","body":{"message":70,"type":"second-order-broadcast"}}
2024/07/02 19:00:35 Sent {"src":"n3","dest":"n2","body":{"message":70,"type":"second-order-broadcast"}}
2024/07/02 19:00:35 Sent {"src":"n3","dest":"n4","body":{"message":70,"type":"second-order-broadcast"}}
2024/07/02 19:00:35 Sent {"src":"n3","dest":"n4","body":{"message":70,"type":"second-order-broadcast"}}
2024/07/02 19:00:35 Sent {"src":"n3","dest":"c12","body":{"in_reply_to":20,"type":"broadcast_ok"}}
2024/07/02 19:00:35 Received {n4 n3 {"in_reply_to":0,"node":"n4","type":"second_order_broadcast_ok"}}
2024/07/02 19:00:35 Received {n4 n3 {"in_reply_to":0,"node":"n4","type":"second_order_broadcast_ok"}}
2024/07/02 19:00:35 Received {n0 n3 {"in_reply_to":0,"node":"n0","type":"second_order_broadcast_ok"}}
2024/07/02 19:00:35 Received {n1 n3 {"in_reply_to":0,"node":"n1","type":"second_order_broadcast_ok"}}
2024/07/02 19:00:35 Received {n2 n3 {"in_reply_to":0,"node":"n2","type":"second_order_broadcast_ok"}}
2024/07/02 19:00:35 Received {n0 n3 {"message":71,"type":"second-order-broadcast"}}
2024/07/02 19:00:35 Sent {"src":"n3","dest":"n0","body":{"in_reply_to":0,"node":"n3","type":"second_order_broadcast_ok"}}
2024/07/02 19:00:35 Received {n1 n3 {"message":72,"type":"second-order-broadcast"}}
2024/07/02 19:00:35 Sent {"src":"n3","dest":"n1","body":{"in_reply_to":0,"node":"n3","type":"second_order_broadcast_ok"}}
2024/07/02 19:00:35 Received {c12 n3 {"type":"broadcast","message":73,"msg_id":21}}
2024/07/02 19:00:35 Sent {"src":"n3","dest":"n0","body":{"message":73,"type":"second-order-broadcast"}}
2024/07/02 19:00:35 Sent {"src":"n3","dest":"n1","body":{"message":73,"type":"second-order-broadcast"}}
2024/07/02 19:00:35 Sent {"src":"n3","dest":"n2","body":{"message":73,"type":"second-order-broadcast"}}
2024/07/02 19:00:35 Sent {"src":"n3","dest":"n4","body":{"message":73,"type":"second-order-broadcast"}}
2024/07/02 19:00:35 Sent {"src":"n3","dest":"n4","body":{"message":73,"type":"second-order-broadcast"}}
2024/07/02 19:00:35 Sent {"src":"n3","dest":"c12","body":{"in_reply_to":21,"type":"broadcast_ok"}}
2024/07/02 19:00:35 Received {n0 n3 {"in_reply_to":0,"node":"n0","type":"second_order_broadcast_ok"}}
2024/07/02 19:00:35 Received {n1 n3 {"in_reply_to":0,"node":"n1","type":"second_order_broadcast_ok"}}
2024/07/02 19:00:35 Received {n2 n3 {"in_reply_to":0,"node":"n2","type":"second_order_broadcast_ok"}}
2024/07/02 19:00:35 Received {n4 n3 {"in_reply_to":0,"node":"n4","type":"second_order_broadcast_ok"}}
2024/07/02 19:00:35 Received {n4 n3 {"in_reply_to":0,"node":"n4","type":"second_order_broadcast_ok"}}
2024/07/02 19:00:36 Received {c12 n3 {"type":"broadcast","message":74,"msg_id":22}}
2024/07/02 19:00:36 Sent {"src":"n3","dest":"n0","body":{"message":74,"type":"second-order-broadcast"}}
2024/07/02 19:00:36 Sent {"src":"n3","dest":"n1","body":{"message":74,"type":"second-order-broadcast"}}
2024/07/02 19:00:36 Sent {"src":"n3","dest":"n2","body":{"message":74,"type":"second-order-broadcast"}}
2024/07/02 19:00:36 Sent {"src":"n3","dest":"n4","body":{"message":74,"type":"second-order-broadcast"}}
2024/07/02 19:00:36 Sent {"src":"n3","dest":"n4","body":{"message":74,"type":"second-order-broadcast"}}
2024/07/02 19:00:36 Sent {"src":"n3","dest":"c12","body":{"in_reply_to":22,"type":"broadcast_ok"}}
2024/07/02 19:00:36 Received {n0 n3 {"in_reply_to":0,"node":"n0","type":"second_order_broadcast_ok"}}
2024/07/02 19:00:36 Received {n1 n3 {"in_reply_to":0,"node":"n1","type":"second_order_broadcast_ok"}}
2024/07/02 19:00:36 Received {n2 n3 {"in_reply_to":0,"node":"n2","type":"second_order_broadcast_ok"}}
2024/07/02 19:00:36 Received {n4 n3 {"in_reply_to":0,"node":"n4","type":"second_order_broadcast_ok"}}
2024/07/02 19:00:36 Received {n4 n3 {"in_reply_to":0,"node":"n4","type":"second_order_broadcast_ok"}}
2024/07/02 19:00:36 Received {n4 n3 {"message":75,"type":"second-order-broadcast"}}
2024/07/02 19:00:36 Sent {"src":"n3","dest":"n4","body":{"in_reply_to":0,"node":"n3","type":"second_order_broadcast_ok"}}
2024/07/02 19:00:36 Received {n0 n3 {"message":76,"type":"second-order-broadcast"}}
2024/07/02 19:00:36 Sent {"src":"n3","dest":"n0","body":{"in_reply_to":0,"node":"n3","type":"second_order_broadcast_ok"}}
2024/07/02 19:00:37 Received {c12 n3 {"type":"read","msg_id":23}}
2024/07/02 19:00:37 Sent {"src":"n3","dest":"c12","body":{"in_reply_to":23,"messages":[0,2,4,5,7,8,11,12,13,14,15,17,19,20,21,22,23,24,26,28,29,31,32,33,35,36,37,38,39,40,41,42,43,44,45,46,47,48,49,50,51,52,53,54,55,56,57,58,59,60,61,62,63,64,65,66,67,68,69,70,71,72,73,74,75,76],"msg_id":23,"type":"read_ok"}}
2024/07/02 19:00:37 Received {n0 n3 {"message":77,"type":"second-order-broadcast"}}
2024/07/02 19:00:37 Sent {"src":"n3","dest":"n0","body":{"in_reply_to":0,"node":"n3","type":"second_order_broadcast_ok"}}
2024/07/02 19:00:37 Received {c12 n3 {"type":"read","msg_id":24}}
2024/07/02 19:00:37 Sent {"src":"n3","dest":"c12","body":{"in_reply_to":24,"messages":[0,2,4,5,7,8,11,12,13,14,15,17,19,20,21,22,23,24,26,28,29,31,32,33,35,36,37,38,39,40,41,42,43,44,45,46,47,48,49,50,51,52,53,54,55,56,57,58,59,60,61,62,63,64,65,66,67,68,69,70,71,72,73,74,75,76,77],"msg_id":24,"type":"read_ok"}}
2024/07/02 19:00:37 Received {n4 n3 {"message":78,"type":"second-order-broadcast"}}
2024/07/02 19:00:37 Sent {"src":"n3","dest":"n4","body":{"in_reply_to":0,"node":"n3","type":"second_order_broadcast_ok"}}
2024/07/02 19:00:38 Received {n1 n3 {"message":79,"type":"second-order-broadcast"}}
2024/07/02 19:00:38 Sent {"src":"n3","dest":"n1","body":{"in_reply_to":0,"node":"n3","type":"second_order_broadcast_ok"}}
2024/07/02 19:00:38 Received {n2 n3 {"message":80,"type":"second-order-broadcast"}}
2024/07/02 19:00:38 Sent {"src":"n3","dest":"n2","body":{"in_reply_to":0,"node":"n3","type":"second_order_broadcast_ok"}}
2024/07/02 19:00:38 Received {c12 n3 {"type":"broadcast","message":81,"msg_id":25}}
2024/07/02 19:00:38 Sent {"src":"n3","dest":"n0","body":{"message":81,"type":"second-order-broadcast"}}
2024/07/02 19:00:38 Sent {"src":"n3","dest":"n1","body":{"message":81,"type":"second-order-broadcast"}}
2024/07/02 19:00:38 Sent {"src":"n3","dest":"n2","body":{"message":81,"type":"second-order-broadcast"}}
2024/07/02 19:00:38 Sent {"src":"n3","dest":"n4","body":{"message":81,"type":"second-order-broadcast"}}
2024/07/02 19:00:38 Sent {"src":"n3","dest":"n4","body":{"message":81,"type":"second-order-broadcast"}}
2024/07/02 19:00:38 Sent {"src":"n3","dest":"c12","body":{"in_reply_to":25,"type":"broadcast_ok"}}
2024/07/02 19:00:38 Received {n1 n3 {"in_reply_to":0,"node":"n1","type":"second_order_broadcast_ok"}}
2024/07/02 19:00:38 Received {n0 n3 {"in_reply_to":0,"node":"n0","type":"second_order_broadcast_ok"}}
2024/07/02 19:00:38 Received {n4 n3 {"in_reply_to":0,"node":"n4","type":"second_order_broadcast_ok"}}
2024/07/02 19:00:38 Received {n4 n3 {"in_reply_to":0,"node":"n4","type":"second_order_broadcast_ok"}}
2024/07/02 19:00:38 Received {n2 n3 {"in_reply_to":0,"node":"n2","type":"second_order_broadcast_ok"}}
2024/07/02 19:00:38 Received {n0 n3 {"message":82,"type":"second-order-broadcast"}}
2024/07/02 19:00:38 Sent {"src":"n3","dest":"n0","body":{"in_reply_to":0,"node":"n3","type":"second_order_broadcast_ok"}}
2024/07/02 19:00:39 Received {c12 n3 {"type":"read","msg_id":26}}
2024/07/02 19:00:39 Sent {"src":"n3","dest":"c12","body":{"in_reply_to":26,"messages":[0,2,4,5,7,8,11,12,13,14,15,17,19,20,21,22,23,24,26,28,29,31,32,33,35,36,37,38,39,40,41,42,43,44,45,46,47,48,49,50,51,52,53,54,55,56,57,58,59,60,61,62,63,64,65,66,67,68,69,70,71,72,73,74,75,76,77,78,79,80,81,82],"msg_id":26,"type":"read_ok"}}
2024/07/02 19:00:39 Received {n4 n3 {"message":83,"type":"second-order-broadcast"}}
2024/07/02 19:00:39 Sent {"src":"n3","dest":"n4","body":{"in_reply_to":0,"node":"n3","type":"second_order_broadcast_ok"}}
2024/07/02 19:00:39 Received {n2 n3 {"message":84,"type":"second-order-broadcast"}}
2024/07/02 19:00:39 Sent {"src":"n3","dest":"n2","body":{"in_reply_to":0,"node":"n3","type":"second_order_broadcast_ok"}}
2024/07/02 19:00:39 Received {c12 n3 {"type":"broadcast","message":85,"msg_id":27}}
2024/07/02 19:00:39 Sent {"src":"n3","dest":"n0","body":{"message":85,"type":"second-order-broadcast"}}
2024/07/02 19:00:39 Sent {"src":"n3","dest":"n1","body":{"message":85,"type":"second-order-broadcast"}}
2024/07/02 19:00:39 Sent {"src":"n3","dest":"n2","body":{"message":85,"type":"second-order-broadcast"}}
2024/07/02 19:00:39 Sent {"src":"n3","dest":"n4","body":{"message":85,"type":"second-order-broadcast"}}
2024/07/02 19:00:39 Sent {"src":"n3","dest":"n4","body":{"message":85,"type":"second-order-broadcast"}}
2024/07/02 19:00:39 Sent {"src":"n3","dest":"c12","body":{"in_reply_to":27,"type":"broadcast_ok"}}
2024/07/02 19:00:39 Received {n1 n3 {"in_reply_to":0,"node":"n1","type":"second_order_broadcast_ok"}}
2024/07/02 19:00:39 Received {n0 n3 {"in_reply_to":0,"node":"n0","type":"second_order_broadcast_ok"}}
2024/07/02 19:00:39 Received {n2 n3 {"in_reply_to":0,"node":"n2","type":"second_order_broadcast_ok"}}
2024/07/02 19:00:40 Received {c12 n3 {"type":"broadcast","message":86,"msg_id":28}}
2024/07/02 19:00:40 Sent {"src":"n3","dest":"n0","body":{"message":86,"type":"second-order-broadcast"}}
2024/07/02 19:00:40 Sent {"src":"n3","dest":"n1","body":{"message":86,"type":"second-order-broadcast"}}
2024/07/02 19:00:40 Sent {"src":"n3","dest":"n2","body":{"message":86,"type":"second-order-broadcast"}}
2024/07/02 19:00:40 Sent {"src":"n3","dest":"n4","body":{"message":86,"type":"second-order-broadcast"}}
2024/07/02 19:00:40 Sent {"src":"n3","dest":"n4","body":{"message":86,"type":"second-order-broadcast"}}
2024/07/02 19:00:40 Sent {"src":"n3","dest":"c12","body":{"in_reply_to":28,"type":"broadcast_ok"}}
2024/07/02 19:00:40 Received {n0 n3 {"in_reply_to":0,"node":"n0","type":"second_order_broadcast_ok"}}
2024/07/02 19:00:40 Received {n1 n3 {"in_reply_to":0,"node":"n1","type":"second_order_broadcast_ok"}}
2024/07/02 19:00:40 Received {n2 n3 {"in_reply_to":0,"node":"n2","type":"second_order_broadcast_ok"}}
2024/07/02 19:00:40 Received {n0 n3 {"message":88,"type":"second-order-broadcast"}}
2024/07/02 19:00:40 Sent {"src":"n3","dest":"n0","body":{"in_reply_to":0,"node":"n3","type":"second_order_broadcast_ok"}}
2024/07/02 19:00:41 Received {n1 n3 {"message":89,"type":"second-order-broadcast"}}
2024/07/02 19:00:41 Sent {"src":"n3","dest":"n1","body":{"in_reply_to":0,"node":"n3","type":"second_order_broadcast_ok"}}
2024/07/02 19:00:41 Received {c12 n3 {"type":"read","msg_id":29}}
2024/07/02 19:00:41 Sent {"src":"n3","dest":"c12","body":{"in_reply_to":29,"messages":[0,2,4,5,7,8,11,12,13,14,15,17,19,20,21,22,23,24,26,28,29,31,32,33,35,36,37,38,39,40,41,42,43,44,45,46,47,48,49,50,51,52,53,54,55,56,57,58,59,60,61,62,63,64,65,66,67,68,69,70,71,72,73,74,75,76,77,78,79,80,81,82,83,84,85,86,88,89],"msg_id":29,"type":"read_ok"}}
2024/07/02 19:00:41 Received {n0 n3 {"message":90,"type":"second-order-broadcast"}}
2024/07/02 19:00:41 Sent {"src":"n3","dest":"n0","body":{"in_reply_to":0,"node":"n3","type":"second_order_broadcast_ok"}}
2024/07/02 19:00:41 Received {n0 n3 {"message":91,"type":"second-order-broadcast"}}
2024/07/02 19:00:41 Sent {"src":"n3","dest":"n0","body":{"in_reply_to":0,"node":"n3","type":"second_order_broadcast_ok"}}
2024/07/02 19:00:41 Received {n1 n3 {"message":92,"type":"second-order-broadcast"}}
2024/07/02 19:00:41 Sent {"src":"n3","dest":"n1","body":{"in_reply_to":0,"node":"n3","type":"second_order_broadcast_ok"}}
2024/07/02 19:00:41 Received {n2 n3 {"message":93,"type":"second-order-broadcast"}}
2024/07/02 19:00:41 Sent {"src":"n3","dest":"n2","body":{"in_reply_to":0,"node":"n3","type":"second_order_broadcast_ok"}}
2024/07/02 19:00:41 Received {c12 n3 {"type":"read","msg_id":30}}
2024/07/02 19:00:41 Sent {"src":"n3","dest":"c12","body":{"in_reply_to":30,"messages":[0,2,4,5,7,8,11,12,13,14,15,17,19,20,21,22,23,24,26,28,29,31,32,33,35,36,37,38,39,40,41,42,43,44,45,46,47,48,49,50,51,52,53,54,55,56,57,58,59,60,61,62,63,64,65,66,67,68,69,70,71,72,73,74,75,76,77,78,79,80,81,82,83,84,85,86,88,89,90,91,92,93],"msg_id":30,"type":"read_ok"}}
2024/07/02 19:00:42 Received {n0 n3 {"message":95,"type":"second-order-broadcast"}}
2024/07/02 19:00:42 Sent {"src":"n3","dest":"n0","body":{"in_reply_to":0,"node":"n3","type":"second_order_broadcast_ok"}}
2024/07/02 19:00:42 Received {n0 n3 {"message":96,"type":"second-order-broadcast"}}
2024/07/02 19:00:42 Sent {"src":"n3","dest":"n0","body":{"in_reply_to":0,"node":"n3","type":"second_order_broadcast_ok"}}
2024/07/02 19:00:42 Received {n1 n3 {"message":97,"type":"second-order-broadcast"}}
2024/07/02 19:00:42 Sent {"src":"n3","dest":"n1","body":{"in_reply_to":0,"node":"n3","type":"second_order_broadcast_ok"}}
2024/07/02 19:00:42 Received {n2 n3 {"message":98,"type":"second-order-broadcast"}}
2024/07/02 19:00:42 Sent {"src":"n3","dest":"n2","body":{"in_reply_to":0,"node":"n3","type":"second_order_broadcast_ok"}}
2024/07/02 19:00:42 Received {c12 n3 {"type":"broadcast","message":99,"msg_id":31}}
2024/07/02 19:00:42 Sent {"src":"n3","dest":"n0","body":{"message":99,"type":"second-order-broadcast"}}
2024/07/02 19:00:42 Sent {"src":"n3","dest":"n1","body":{"message":99,"type":"second-order-broadcast"}}
2024/07/02 19:00:42 Sent {"src":"n3","dest":"n2","body":{"message":99,"type":"second-order-broadcast"}}
2024/07/02 19:00:42 Sent {"src":"n3","dest":"n4","body":{"message":99,"type":"second-order-broadcast"}}
2024/07/02 19:00:42 Sent {"src":"n3","dest":"n4","body":{"message":99,"type":"second-order-broadcast"}}
2024/07/02 19:00:42 Sent {"src":"n3","dest":"c12","body":{"in_reply_to":31,"type":"broadcast_ok"}}
2024/07/02 19:00:42 Received {n2 n3 {"in_reply_to":0,"node":"n2","type":"second_order_broadcast_ok"}}
2024/07/02 19:00:42 Received {n0 n3 {"in_reply_to":0,"node":"n0","type":"second_order_broadcast_ok"}}
2024/07/02 19:00:42 Received {n1 n3 {"in_reply_to":0,"node":"n1","type":"second_order_broadcast_ok"}}
2024/07/02 19:00:42 Received {n0 n3 {"message":101,"type":"second-order-broadcast"}}
2024/07/02 19:00:42 Sent {"src":"n3","dest":"n0","body":{"in_reply_to":0,"node":"n3","type":"second_order_broadcast_ok"}}
2024/07/02 19:00:42 Received {n1 n3 {"message":102,"type":"second-order-broadcast"}}
2024/07/02 19:00:42 Sent {"src":"n3","dest":"n1","body":{"in_reply_to":0,"node":"n3","type":"second_order_broadcast_ok"}}
2024/07/02 19:00:42 Received {c12 n3 {"type":"read","msg_id":32}}
2024/07/02 19:00:42 Sent {"src":"n3","dest":"c12","body":{"in_reply_to":32,"messages":[0,2,4,5,7,8,11,12,13,14,15,17,19,20,21,22,23,24,26,28,29,31,32,33,35,36,37,38,39,40,41,42,43,44,45,46,47,48,49,50,51,52,53,54,55,56,57,58,59,60,61,62,63,64,65,66,67,68,69,70,71,72,73,74,75,76,77,78,79,80,81,82,83,84,85,86,88,89,90,91,92,93,95,96,97,98,99,101,102],"msg_id":32,"type":"read_ok"}}
2024/07/02 19:00:43 Received {c12 n3 {"type":"read","msg_id":33}}
2024/07/02 19:00:43 Sent {"src":"n3","dest":"c12","body":{"in_reply_to":33,"messages":[0,2,4,5,7,8,11,12,13,14,15,17,19,20,21,22,23,24,26,28,29,31,32,33,35,36,37,38,39,40,41,42,43,44,45,46,47,48,49,50,51,52,53,54,55,56,57,58,59,60,61,62,63,64,65,66,67,68,69,70,71,72,73,74,75,76,77,78,79,80,81,82,83,84,85,86,88,89,90,91,92,93,95,96,97,98,99,101,102],"msg_id":33,"type":"read_ok"}}
2024/07/02 19:00:43 Received {n1 n3 {"message":105,"type":"second-order-broadcast"}}
2024/07/02 19:00:43 Sent {"src":"n3","dest":"n1","body":{"in_reply_to":0,"node":"n3","type":"second_order_broadcast_ok"}}
2024/07/02 19:00:44 Received {c12 n3 {"type":"broadcast","message":106,"msg_id":34}}
2024/07/02 19:00:44 Sent {"src":"n3","dest":"n0","body":{"message":106,"type":"second-order-broadcast"}}
2024/07/02 19:00:44 Sent {"src":"n3","dest":"n1","body":{"message":106,"type":"second-order-broadcast"}}
2024/07/02 19:00:44 Sent {"src":"n3","dest":"n2","body":{"message":106,"type":"second-order-broadcast"}}
2024/07/02 19:00:44 Sent {"src":"n3","dest":"n4","body":{"message":106,"type":"second-order-broadcast"}}
2024/07/02 19:00:44 Sent {"src":"n3","dest":"n4","body":{"message":106,"type":"second-order-broadcast"}}
2024/07/02 19:00:44 Sent {"src":"n3","dest":"c12","body":{"in_reply_to":34,"type":"broadcast_ok"}}
2024/07/02 19:00:44 Received {n2 n3 {"in_reply_to":0,"node":"n2","type":"second_order_broadcast_ok"}}
2024/07/02 19:00:44 Received {n0 n3 {"in_reply_to":0,"node":"n0","type":"second_order_broadcast_ok"}}
2024/07/02 19:00:44 Received {n1 n3 {"in_reply_to":0,"node":"n1","type":"second_order_broadcast_ok"}}
2024/07/02 19:00:54 Received {c12 n3 {"type":"read","msg_id":35}}
2024/07/02 19:00:54 Sent {"src":"n3","dest":"c12","body":{"in_reply_to":35,"messages":[0,2,4,5,7,8,11,12,13,14,15,17,19,20,21,22,23,24,26,28,29,31,32,33,35,36,37,38,39,40,41,42,43,44,45,46,47,48,49,50,51,52,53,54,55,56,57,58,59,60,61,62,63,64,65,66,67,68,69,70,71,72,73,74,75,76,77,78,79,80,81,82,83,84,85,86,88,89,90,91,92,93,95,96,97,98,99,101,102,105,106],"msg_id":35,"type":"read_ok"}}
