2024/07/02 19:00:24 Received {c4 n4 {"type":"init","node_id":"n4","node_ids":["n0","n1","n2","n3","n4"],"msg_id":1}}
2024/07/02 19:00:24 Node n4 initialized
2024/07/02 19:00:24 Sent {"src":"n4","dest":"c4","body":{"in_reply_to":1,"type":"init_ok"}}
2024/07/02 19:00:24 Received {c6 n4 {"type":"topology","topology":{"n0":["n3","n1"],"n1":["n4","n2","n0"],"n2":["n1"],"n3":["n0","n4"],"n4":["n1","n3"]},"msg_id":1}}
2024/07/02 19:00:24 Sent {"src":"n4","dest":"c6","body":{"in_reply_to":1,"type":"topology_ok"}}
2024/07/02 19:00:24 Received {n0 n4 {"message":0,"type":"second-order-broadcast"}}
2024/07/02 19:00:24 Sent {"src":"n4","dest":"n0","body":{"in_reply_to":0,"node":"n4","type":"second_order_broadcast_ok"}}
2024/07/02 19:00:24 Received {n0 n4 {"message":0,"type":"second-order-broadcast"}}
2024/07/02 19:00:24 Sent {"src":"n4","dest":"n0","body":{"in_reply_to":0,"node":"n4","type":"second_order_broadcast_ok"}}
2024/07/02 19:00:24 Received {n2 n4 {"message":1,"type":"second-order-broadcast"}}
2024/07/02 19:00:24 Received {n2 n4 {"message":1,"type":"second-order-broadcast"}}
2024/07/02 19:00:24 Sent {"src":"n4","dest":"n2","body":{"in_reply_to":0,"node":"n4","type":"second_order_broadcast_ok"}}
2024/07/02 19:00:24 Sent {"src":"n4","dest":"n2","body":{"in_reply_to":0,"node":"n4","type":"second_order_broadcast_ok"}}
2024/07/02 19:00:24 Received {c13 n4 {"type":"broadcast","message":3,"msg_id":1}}
2024/07/02 19:00:24 Sent {"src":"n4","dest":"n0","body":{"message":3,"type":"second-order-broadcast"}}
2024/07/02 19:00:24 Sent {"src":"n4","dest":"n1","body":{"message":3,"type":"second-order-broadcast"}}
2024/07/02 19:00:24 Sent {"src":"n4","dest":"n2","body":{"message":3,"type":"second-order-broadcast"}}
2024/07/02 19:00:24 Sent {"src":"n4","dest":"n3","body":{"message":3,"type":"second-order-broadcast"}}
2024/07/02 19:00:24 Sent {"src":"n4","dest":"c13","body":{"in_reply_to":1,"type":"broadcast_ok"}}
2024/07/02 19:00:24 Received {n2 n4 {"in_reply_to":0,"node":"n2","type":"second_order_broadcast_ok"}}
2024/07/02 19:00:24 Received {n1 n4 {"in_reply_to":0,"node":"n1","type":"second_order_broadcast_ok"}}
2024/07/02 19:00:25 Received {n1 n4 {"message":5,"type":"second-order-broadcast"}}
2024/07/02 19:00:25 Received {n1 n4 {"message":5,"type":"second-order-broadcast"}}
2024/07/02 19:00:25 Sent {"src":"n4","dest":"n1","body":{"in_reply_to":0,"node":"n4","type":"second_order_broadcast_ok"}}
2024/07/02 19:00:25 Sent {"src":"n4","dest":"n1","body":{"in_reply_to":0,"node":"n4","type":"second_order_broadcast_ok"}}
2024/07/02 19:00:25 Received {c13 n4 {"type":"broadcast","message":6,"msg_id":2}}
2024/07/02 19:00:25 Sent {"src":"n4","dest":"n0","body":{"message":6,"type":"second-order-broadcast"}}
2024/07/02 19:00:25 Sent {"src":"n4","dest":"n1","body":{"message":6,"type":"second-order-broadcast"}}
2024/07/02 19:00:25 Sent {"src":"n4","dest":"n2","body":{"message":6,"type":"second-order-broadcast"}}
2024/07/02 19:00:25 Sent {"src":"n4","dest":"n3","body":{"message":6,"type":"second-order-broadcast"}}
2024/07/02 19:00:25 Sent {"src":"n4","dest":"c13","body":{"in_reply_to":2,"type":"broadcast_ok"}}
2024/07/02 19:00:25 Received {n1 n4 {"in_reply_to":0,"node":"n1","type":"second_order_broadcast_ok"}}
2024/07/02 19:00:25 Received {n2 n4 {"in_reply_to":0,"node":"n2","type":"second_order_broadcast_ok"}}
2024/07/02 19:00:25 Received {c13 n4 {"type":"broadcast","message":9,"msg_id":3}}
2024/07/02 19:00:25 Sent {"src":"n4","dest":"n0","body":{"message":9,"type":"second-order-broadcast"}}
2024/07/02 19:00:25 Sent {"src":"n4","dest":"n1","body":{"message":9,"type":"second-order-broadcast"}}
2024/07/02 19:00:25 Sent {"src":"n4","dest":"n2","body":{"message":9,"type":"second-order-broadcast"}}
2024/07/02 19:00:25 Sent {"src":"n4","dest":"n3","body":{"message":9,"type":"second-order-broadcast"}}
2024/07/02 19:00:25 Sent {"src":"n4","dest":"c13","body":{"in_reply_to":3,"type":"broadcast_ok"}}
2024/07/02 19:00:25 Received {n1 n4 {"in_reply_to":0,"node":"n1","type":"second_order_broadcast_ok"}}
2024/07/02 19:00:25 Received {n2 n4 {"in_reply_to":0,"node":"n2","type":"second_order_broadcast_ok"}}
2024/07/02 19:00:26 Received {n2 n4 {"message":10,"type":"second-order-broadcast"}}
2024/07/02 19:00:26 Received {n2 n4 {"message":10,"type":"second-order-broadcast"}}
2024/07/02 19:00:26 Sent {"src":"n4","dest":"n2","body":{"in_reply_to":0,"node":"n4","type":"second_order_broadcast_ok"}}
2024/07/02 19:00:26 Sent {"src":"n4","dest":"n2","body":{"in_reply_to":0,"node":"n4","type":"second_order_broadcast_ok"}}
2024/07/02 19:00:26 Received {c13 n4 {"type":"read","msg_id":4}}
2024/07/02 19:00:26 Sent {"src":"n4","dest":"c13","body":{"in_reply_to":4,"messages":[0,0,1,1,3,5,5,6,9,10,10],"msg_id":4,"type":"read_ok"}}
2024/07/02 19:00:26 Received {n1 n4 {"message":14,"type":"second-order-broadcast"}}
2024/07/02 19:00:26 Received {n1 n4 {"message":14,"type":"second-order-broadcast"}}
2024/07/02 19:00:26 Sent {"src":"n4","dest":"n1","body":{"in_reply_to":0,"node":"n4","type":"second_order_broadcast_ok"}}
2024/07/02 19:00:26 Sent {"src":"n4","dest":"n1","body":{"in_reply_to":0,"node":"n4","type":"second_order_broadcast_ok"}}
2024/07/02 19:00:27 Received {c13 n4 {"type":"read","msg_id":5}}
2024/07/02 19:00:27 Sent {"src":"n4","dest":"c13","body":{"in_reply_to":5,"messages":[0,0,1,1,3,5,5,6,9,10,10,14,14],"msg_id":5,"type":"read_ok"}}
2024/07/02 19:00:27 Received {n2 n4 {"message":16,"type":"second-order-broadcast"}}
2024/07/02 19:00:27 Received {n2 n4 {"message":16,"type":"second-order-broadcast"}}
2024/07/02 19:00:27 Sent {"src":"n4","dest":"n2","body":{"in_reply_to":0,"node":"n4","type":"second_order_broadcast_ok"}}
2024/07/02 19:00:27 Sent {"src":"n4","dest":"n2","body":{"in_reply_to":0,"node":"n4","type":"second_order_broadcast_ok"}}
2024/07/02 19:00:27 Received {c13 n4 {"type":"read","msg_id":6}}
2024/07/02 19:00:27 Sent {"src":"n4","dest":"c13","body":{"in_reply_to":6,"messages":[0,0,1,1,3,5,5,6,9,10,10,14,14,16,16],"msg_id":6,"type":"read_ok"}}
2024/07/02 19:00:27 Received {n2 n4 {"message":18,"type":"second-order-broadcast"}}
2024/07/02 19:00:27 Received {n2 n4 {"message":18,"type":"second-order-broadcast"}}
2024/07/02 19:00:27 Sent {"src":"n4","dest":"n2","body":{"in_reply_to":0,"node":"n4","type":"second_order_broadcast_ok"}}
2024/07/02 19:00:27 Sent {"src":"n4","dest":"n2","body":{"in_reply_to":0,"node":"n4","type":"second_order_broadcast_ok"}}
2024/07/02 19:00:27 Received {c13 n4 {"type":"read","msg_id":7}}
2024/07/02 19:00:27 Sent {"src":"n4","dest":"c13","body":{"in_reply_to":7,"messages":[0,0,1,1,3,5,5,6,9,10,10,14,14,16,16,18,18],"msg_id":7,"type":"read_ok"}}
2024/07/02 19:00:28 Received {n1 n4 {"message":22,"type":"second-order-broadcast"}}
2024/07/02 19:00:28 Sent {"src":"n4","dest":"n1","body":{"in_reply_to":0,"node":"n4","type":"second_order_broadcast_ok"}}
2024/07/02 19:00:28 Received {n1 n4 {"message":22,"type":"second-order-broadcast"}}
2024/07/02 19:00:28 Sent {"src":"n4","dest":"n1","body":{"in_reply_to":0,"node":"n4","type":"second_order_broadcast_ok"}}
2024/07/02 19:00:28 Received {c13 n4 {"type":"read","msg_id":8}}
2024/07/02 19:00:28 Sent {"src":"n4","dest":"c13","body":{"in_reply_to":8,"messages":[0,0,1,1,3,5,5,6,9,10,10,14,14,16,16,18,18,22,22],"msg_id":8,"type":"read_ok"}}
2024/07/02 19:00:28 Received {n1 n4 {"message":24,"type":"second-order-broadcast"}}
2024/07/02 19:00:28 Sent {"src":"n4","dest":"n1","body":{"in_reply_to":0,"node":"n4","type":"second_order_broadcast_ok"}}
2024/07/02 19:00:28 Received {n1 n4 {"message":24,"type":"second-order-broadcast"}}
2024/07/02 19:00:28 Sent {"src":"n4","dest":"n1","body":{"in_reply_to":0,"node":"n4","type":"second_order_broadcast_ok"}}
2024/07/02 19:00:28 Received {c13 n4 {"type":"broadcast","message":25,"msg_id":9}}
2024/07/02 19:00:28 Sent {"src":"n4","dest":"n0","body":{"message":25,"type":"second-order-broadcast"}}
2024/07/02 19:00:28 Sent {"src":"n4","dest":"n1","body":{"message":25,"type":"second-order-broadcast"}}
2024/07/02 19:00:28 Sent {"src":"n4","dest":"n2","body":{"message":25,"type":"second-order-broadcast"}}
2024/07/02 19:00:28 Sent {"src":"n4","dest":"n3","body":{"message":25,"type":"second-order-broadcast"}}
2024/07/02 19:00:28 Sent {"src":"n4","dest":"c13","body":{"in_reply_to":9,"type":"broadcast_ok"}}
2024/07/02 19:00:28 Received {n2 n4 {"in_reply_to":0,"node":"n2","type":"second_order_broadcast_ok"}}
2024/07/02 19:00:28 Received {n1 n4 {"in_reply_to":0,"node":"n1","type":"second_order_broadcast_ok"}}
2024/07/02 19:00:29 Received {n2 n4 {"message":27,"type":"second-order-broadcast"}}
2024/07/02 19:00:29 Received {n2 n4 {"message":27,"type":"second-order-broadcast"}}
2024/07/02 19:00:29 Sent {"src":"n4","dest":"n2","body":{"in_reply_to":0,"node":"n4","type":"second_order_broadcast_ok"}}
2024/07/02 19:00:29 Sent {"src":"n4","dest":"n2","body":{"in_reply_to":0,"node":"n4","type":"second_order_broadcast_ok"}}
2024/07/02 19:00:29 Received {c13 n4 {"type":"read","msg_id":10}}
2024/07/02 19:00:29 Sent {"src":"n4","dest":"c13","body":{"in_reply_to":10,"messages":[0,0,1,1,3,5,5,6,9,10,10,14,14,16,16,18,18,22,22,24,24,25,27,27],"msg_id":10,"type":"read_ok"}}
2024/07/02 19:00:30 Received {n1 n4 {"message":29,"type":"second-order-broadcast"}}
2024/07/02 19:00:30 Received {n1 n4 {"message":29,"type":"second-order-broadcast"}}
2024/07/02 19:00:30 Sent {"src":"n4","dest":"n1","body":{"in_reply_to":0,"node":"n4","type":"second_order_broadcast_ok"}}
2024/07/02 19:00:30 Sent {"src":"n4","dest":"n1","body":{"in_reply_to":0,"node":"n4","type":"second_order_broadcast_ok"}}
2024/07/02 19:00:30 Received {n2 n4 {"message":30,"type":"second-order-broadcast"}}
2024/07/02 19:00:30 Sent {"src":"n4","dest":"n2","body":{"in_reply_to":0,"node":"n4","type":"second_order_broadcast_ok"}}
2024/07/02 19:00:30 Received {n2 n4 {"message":30,"type":"second-order-broadcast"}}
2024/07/02 19:00:30 Sent {"src":"n4","dest":"n2","body":{"in_reply_to":0,"node":"n4","type":"second_order_broadcast_ok"}}
2024/07/02 19:00:30 Received {c13 n4 {"type":"read","msg_id":11}}
2024/07/02 19:00:30 Sent {"src":"n4","dest":"c13","body":{"in_reply_to":11,"messages":[0,0,1,1,3,5,5,6,9,10,10,14,14,16,16,18,18,22,22,24,24,25,27,27,29,29,30,30],"msg_id":11,"type":"read_ok"}}
2024/07/02 19:00:30 Received {n1 n4 {"message":33,"type":"second-order-broadcast"}}
2024/07/02 19:00:30 Received {n1 n4 {"message":33,"type":"second-order-broadcast"}}
2024/07/02 19:00:30 Sent {"src":"n4","dest":"n1","body":{"in_reply_to":0,"node":"n4","type":"second_order_broadcast_ok"}}
2024/07/02 19:00:30 Sent {"src":"n4","dest":"n1","body":{"in_reply_to":0,"node":"n4","type":"second_order_broadcast_ok"}}
2024/07/02 19:00:30 Received {n2 n4 {"message":34,"type":"second-order-broadcast"}}
2024/07/02 19:00:30 Received {n2 n4 {"message":34,"type":"second-order-broadcast"}}
2024/07/02 19:00:30 Sent {"src":"n4","dest":"n2","body":{"in_reply_to":0,"node":"n4","type":"second_order_broadcast_ok"}}
2024/07/02 19:00:30 Sent {"src":"n4","dest":"n2","body":{"in_reply_to":0,"node":"n4","type":"second_order_broadcast_ok"}}
2024/07/02 19:00:31 Received {c13 n4 {"type":"read","msg_id":12}}
2024/07/02 19:00:31 Sent {"src":"n4","dest":"c13","body":{"in_reply_to":12,"messages":[0,0,1,1,3,5,5,6,9,10,10,14,14,16,16,18,18,22,22,24,24,25,27,27,29,29,30,30,33,33,34,34],"msg_id":12,"type":"read_ok"}}
2024/07/02 19:00:31 Received {n1 n4 {"message":37,"type":"second-order-broadcast"}}
2024/07/02 19:00:31 Received {n1 n4 {"message":37,"type":"second-order-broadcast"}}
2024/07/02 19:00:31 Sent {"src":"n4","dest":"n1","body":{"in_reply_to":0,"node":"n4","type":"second_order_broadcast_ok"}}
2024/07/02 19:00:31 Sent {"src":"n4","dest":"n1","body":{"in_reply_to":0,"node":"n4","type":"second_order_broadcast_ok"}}
2024/07/02 19:00:31 Received {n2 n4 {"message":38,"type":"second-order-broadcast"}}
2024/07/02 19:00:31 Sent {"src":"n4","dest":"n2","body":{"in_reply_to":0,"node":"n4","type":"second_order_broadcast_ok"}}
2024/07/02 19:00:31 Received {n2 n4 {"message":38,"type":"second-order-broadcast"}}
2024/07/02 19:00:31 Sent {"src":"n4","dest":"n2","body":{"in_reply_to":0,"node":"n4","type":"second_order_broadcast_ok"}}
2024/07/02 19:00:31 Received {n3 n4 {"message":39,"type":"second-order-broadcast"}}
2024/07/02 19:00:31 Received {n3 n4 {"message":39,"type":"second-order-broadcast"}}
2024/07/02 19:00:31 Sent {"src":"n4","dest":"n3","body":{"in_reply_to":0,"node":"n4","type":"second_order_broadcast_ok"}}
2024/07/02 19:00:31 Sent {"src":"n4","dest":"n3","body":{"in_reply_to":0,"node":"n4","type":"second_order_broadcast_ok"}}
2024/07/02 19:00:31 Received {c13 n4 {"type":"read","msg_id":13}}
2024/07/02 19:00:31 Sent {"src":"n4","dest":"c13","body":{"in_reply_to":13,"messages":[0,0,1,1,3,5,5,6,9,10,10,14,14,16,16,18,18,22,22,24,24,25,27,27,29,29,30,30,33,33,34,34,37,37,38,38,39,39],"msg_id":13,"type":"read_ok"}}
2024/07/02 19:00:31 Received {n0 n4 {"message":40,"type":"second-order-broadcast"}}
2024/07/02 19:00:31 Received {n0 n4 {"message":40,"type":"second-order-broadcast"}}
2024/07/02 19:00:31 Sent {"src":"n4","dest":"n0","body":{"in_reply_to":0,"node":"n4","type":"second_order_broadcast_ok"}}
2024/07/02 19:00:31 Sent {"src":"n4","dest":"n0","body":{"in_reply_to":0,"node":"n4","type":"second_order_broadcast_ok"}}
2024/07/02 19:00:31 Received {n0 n4 {"message":41,"type":"second-order-broadcast"}}
2024/07/02 19:00:31 Received {n0 n4 {"message":41,"type":"second-order-broadcast"}}
2024/07/02 19:00:31 Sent {"src":"n4","dest":"n0","body":{"in_reply_to":0,"node":"n4","type":"second_order_broadcast_ok"}}
2024/07/02 19:00:31 Sent {"src":"n4","dest":"n0","body":{"in_reply_to":0,"node":"n4","type":"second_order_broadcast_ok"}}
2024/07/02 19:00:31 Received {n1 n4 {"message":42,"type":"second-order-broadcast"}}
2024/07/02 19:00:31 Sent {"src":"n4","dest":"n1","body":{"in_reply_to":0,"node":"n4","type":"second_order_broadcast_ok"}}
2024/07/02 19:00:31 Received {n1 n4 {"message":42,"type":"second-order-broadcast"}}
2024/07/02 19:00:31 Sent {"src":"n4","dest":"n1","body":{"in_reply_to":0,"node":"n4","type":"second_order_broadcast_ok"}}
2024/07/02 19:00:31 Received {n3 n4 {"message":43,"type":"second-order-broadcast"}}
2024/07/02 19:00:31 Received {n3 n4 {"message":43,"type":"second-order-broadcast"}}
2024/07/02 19:00:31 Sent {"src":"n4","dest":"n3","body":{"in_reply_to":0,"node":"n4","type":"second_order_broadcast_ok"}}
2024/07/02 19:00:31 Sent {"src":"n4","dest":"n3","body":{"in_reply_to":0,"node":"n4","type":"second_order_broadcast_ok"}}
2024/07/02 19:00:32 Received {c13 n4 {"type":"read","msg_id":14}}
2024/07/02 19:00:32 Sent {"src":"n4","dest":"c13","body":{"in_reply_to":14,"messages":[0,0,1,1,3,5,5,6,9,10,10,14,14,16,16,18,18,22,22,24,24,25,27,27,29,29,30,30,33,33,34,34,37,37,38,38,39,39,40,40,41,41,42,42,43,43],"msg_id":14,"type":"read_ok"}}
2024/07/02 19:00:32 Received {n0 n4 {"message":44,"type":"second-order-broadcast"}}
2024/07/02 19:00:32 Sent {"src":"n4","dest":"n0","body":{"in_reply_to":0,"node":"n4","type":"second_order_broadcast_ok"}}
2024/07/02 19:00:32 Received {n0 n4 {"message":44,"type":"second-order-broadcast"}}
2024/07/02 19:00:32 Sent {"src":"n4","dest":"n0","body":{"in_reply_to":0,"node":"n4","type":"second_order_broadcast_ok"}}
2024/07/02 19:00:32 Received {n0 n4 {"message":45,"type":"second-order-broadcast"}}
2024/07/02 19:00:32 Sent {"src":"n4","dest":"n0","body":{"in_reply_to":0,"node":"n4","type":"second_order_broadcast_ok"}}
2024/07/02 19:00:32 Received {n0 n4 {"message":45,"type":"second-order-broadcast"}}
2024/07/02 19:00:32 Sent {"src":"n4","dest":"n0","body":{"in_reply_to":0,"node":"n4","type":"second_order_broadcast_ok"}}
2024/07/02 19:00:32 Received {n1 n4 {"message":46,"type":"second-order-broadcast"}}
2024/07/02 19:00:32 Received {n1 n4 {"message":46,"type":"second-order-broadcast"}}
2024/07/02 19:00:32 Sent {"src":"n4","dest":"n1","body":{"in_reply_to":0,"node":"n4","type":"second_order_broadcast_ok"}}
2024/07/02 19:00:32 Sent {"src":"n4","dest":"n1","body":{"in_reply_to":0,"node":"n4","type":"second_order_broadcast_ok"}}
2024/07/02 19:00:32 Received {n2 n4 {"message":47,"type":"second-order-broadcast"}}
2024/07/02 19:00:32 Received {n2 n4 {"message":47,"type":"second-order-broadcast"}}
2024/07/02 19:00:32 Sent {"src":"n4","dest":"n2","body":{"in_reply_to":0,"node":"n4","type":"second_order_broadcast_ok"}}
2024/07/02 19:00:32 Sent {"src":"n4","dest":"n2","body":{"in_reply_to":0,"node":"n4","type":"second_order_broadcast_ok"}}
2024/07/02 19:00:32 Received {c13 n4 {"type":"broadcast","message":48,"msg_id":15}}
2024/07/02 19:00:32 Sent {"src":"n4","dest":"n0","body":{"message":48,"type":"second-order-broadcast"}}
2024/07/02 19:00:32 Sent {"src":"n4","dest":"n1","body":{"message":48,"type":"second-order-broadcast"}}
2024/07/02 19:00:32 Sent {"src":"n4","dest":"n2","body":{"message":48,"type":"second-order-broadcast"}}
2024/07/02 19:00:32 Sent {"src":"n4","dest":"n3","body":{"message":48,"type":"second-order-broadcast"}}
2024/07/02 19:00:32 Sent {"src":"n4","dest":"c13","body":{"in_reply_to":15,"type":"broadcast_ok"}}
2024/07/02 19:00:32 Received {n1 n4 {"in_reply_to":0,"node":"n1","type":"second_order_broadcast_ok"}}
2024/07/02 19:00:32 Received {n3 n4 {"in_reply_to":0,"node":"n3","type":"second_order_broadcast_ok"}}
2024/07/02 19:00:32 Received {n0 n4 {"in_reply_to":0,"node":"n0","type":"second_order_broadcast_ok"}}
2024/07/02 19:00:32 Received {n2 n4 {"in_reply_to":0,"node":"n2","type":"second_order_broadcast_ok"}}
2024/07/02 19:00:32 Received {n0 n4 {"message":49,"type":"second-order-broadcast"}}
2024/07/02 19:00:32 Received {n0 n4 {"message":49,"type":"second-order-broadcast"}}
2024/07/02 19:00:32 Sent {"src":"n4","dest":"n0","body":{"in_reply_to":0,"node":"n4","type":"second_order_broadcast_ok"}}
2024/07/02 19:00:32 Sent {"src":"n4","dest":"n0","body":{"in_reply_to":0,"node":"n4","type":"second_order_broadcast_ok"}}
2024/07/02 19:00:32 Received {n1 n4 {"message":50,"type":"second-order-broadcast"}}
2024/07/02 19:00:32 Received {n1 n4 {"message":50,"type":"second-order-broadcast"}}
2024/07/02 19:00:32 Sent {"src":"n4","dest":"n1","body":{"in_reply_to":0,"node":"n4","type":"second_order_broadcast_ok"}}
2024/07/02 19:00:32 Sent {"src":"n4","dest":"n1","body":{"in_reply_to":0,"node":"n4","type":"second_order_broadcast_ok"}}
2024/07/02 19:00:32 Received {n2 n4 {"message":51,"type":"second-order-broadcast"}}
2024/07/02 19:00:32 Received {n2 n4 {"message":51,"type":"second-order-broadcast"}}
2024/07/02 19:00:32 Sent {"src":"n4","dest":"n2","body":{"in_reply_to":0,"node":"n4","type":"second_order_broadcast_ok"}}
2024/07/02 19:00:32 Sent {"src":"n4","dest":"n2","body":{"in_reply_to":0,"node":"n4","type":"second_order_broadcast_ok"}}
2024/07/02 19:00:33 Received {n3 n4 {"message":52,"type":"second-order-broadcast"}}
2024/07/02 19:00:33 Received {n3 n4 {"message":52,"type":"second-order-broadcast"}}
2024/07/02 19:00:33 Sent {"src":"n4","dest":"n3","body":{"in_reply_to":0,"node":"n4","type":"second_order_broadcast_ok"}}
2024/07/02 19:00:33 Sent {"src":"n4","dest":"n3","body":{"in_reply_to":0,"node":"n4","type":"second_order_broadcast_ok"}}
2024/07/02 19:00:33 Received {c13 n4 {"type":"read","msg_id":16}}
2024/07/02 19:00:33 Sent {"src":"n4","dest":"c13","body":{"in_reply_to":16,"messages":[0,0,1,1,3,5,5,6,9,10,10,14,14,16,16,18,18,22,22,24,24,25,27,27,29,29,30,30,33,33,34,34,37,37,38,38,39,39,40,40,41,41,42,42,43,43,44,44,45,45,46,46,47,47,48,49,49,50,50,51,51,52,52],"msg_id":16,"type":"read_ok"}}
2024/07/02 19:00:33 Received {n0 n4 {"message":53,"type":"second-order-broadcast"}}
2024/07/02 19:00:33 Sent {"src":"n4","dest":"n0","body":{"in_reply_to":0,"node":"n4","type":"second_order_broadcast_ok"}}
2024/07/02 19:00:33 Received {n0 n4 {"message":53,"type":"second-order-broadcast"}}
2024/07/02 19:00:33 Sent {"src":"n4","dest":"n0","body":{"in_reply_to":0,"node":"n4","type":"second_order_broadcast_ok"}}
2024/07/02 19:00:33 Received {n0 n4 {"message":54,"type":"second-order-broadcast"}}
2024/07/02 19:00:33 Received {n0 n4 {"message":54,"type":"second-order-broadcast"}}
2024/07/02 19:00:33 Sent {"src":"n4","dest":"n0","body":{"in_reply_to":0,"node":"n4","type":"second_order_broadcast_ok"}}
2024/07/02 19:00:33 Sent {"src":"n4","dest":"n0","body":{"in_reply_to":0,"node":"n4","type":"second_order_broadcast_ok"}}
2024/07/02 19:00:33 Received {n1 n4 {"message":55,"type":"second-order-broadcast"}}
2024/07/02 19:00:33 Received {n1 n4 {"message":55,"type":"second-order-broadcast"}}
2024/07/02 19:00:33 Sent {"src":"n4","dest":"n1","body":{"in_reply_to":0,"node":"n4","type":"second_order_broadcast_ok"}}
2024/07/02 19:00:33 Sent {"src":"n4","dest":"n1","body":{"in_reply_to":0,"node":"n4","type":"second_order_broadcast_ok"}}
2024/07/02 19:00:33 Received {n2 n4 {"message":56,"type":"second-order-broadcast"}}
2024/07/02 19:00:33 Received {n2 n4 {"message":56,"type":"second-order-broadcast"}}
2024/07/02 19:00:33 Sent {"src":"n4","dest":"n2","body":{"in_reply_to":0,"node":"n4","type":"second_order_broadcast_ok"}}
2024/07/02 19:00:33 Sent {"src":"n4","dest":"n2","body":{"in_reply_to":0,"node":"n4","type":"second_order_broadcast_ok"}}
2024/07/02 19:00:33 Received {n3 n4 {"message":57,"type":"second-order-broadcast"}}
2024/07/02 19:00:33 Received {n3 n4 {"message":57,"type":"second-order-broadcast"}}
2024/07/02 19:00:33 Sent {"src":"n4","dest":"n3","body":{"in_reply_to":0,"node":"n4","type":"second_order_broadcast_ok"}}
2024/07/02 19:00:33 Sent {"src":"n4","dest":"n3","body":{"in_reply_to":0,"node":"n4","type":"second_order_broadcast_ok"}}
2024/07/02 19:00:33 Received {c13 n4 {"type":"broadcast","message":58,"msg_id":17}}
2024/07/02 19:00:33 Sent {"src":"n4","dest":"n0","body":{"message":58,"type":"second-order-broadcast"}}
2024/07/02 19:00:33 Sent {"src":"n4","dest":"n1","body":{"message":58,"type":"second-order-broadcast"}}
2024/07/02 19:00:33 Sent {"src":"n4","dest":"n2","body":{"message":58,"type":"second-order-broadcast"}}
2024/07/02 19:00:33 Sent {"src":"n4","dest":"n3","body":{"message":58,"type":"second-order-broadcast"}}
2024/07/02 19:00:33 Sent {"src":"n4","dest":"c13","body":{"in_reply_to":17,"type":"broadcast_ok"}}
2024/07/02 19:00:33 Received {n1 n4 {"in_reply_to":0,"node":"n1","type":"second_order_broadcast_ok"}}
2024/07/02 19:00:33 Received {n2 n4 {"in_reply_to":0,"node":"n2","type":"second_order_broadcast_ok"}}
2024/07/02 19:00:33 Received {n0 n4 {"in_reply_to":0,"node":"n0","type":"second_order_broadcast_ok"}}
2024/07/02 19:00:33 Received {n3 n4 {"in_reply_to":0,"node":"n3","type":"second_order_broadcast_ok"}}
2024/07/02 19:00:33 Received {n0 n4 {"message":59,"type":"second-order-broadcast"}}
2024/07/02 19:00:33 Sent {"src":"n4","dest":"n0","body":{"in_reply_to":0,"node":"n4","type":"second_order_broadcast_ok"}}
2024/07/02 19:00:33 Received {n0 n4 {"message":59,"type":"second-order-broadcast"}}
2024/07/02 19:00:33 Sent {"src":"n4","dest":"n0","body":{"in_reply_to":0,"node":"n4","type":"second_order_broadcast_ok"}}
2024/07/02 19:00:33 Received {n1 n4 {"message":60,"type":"second-order-broadcast"}}
2024/07/02 19:00:33 Received {n1 n4 {"message":60,"type":"second-order-broadcast"}}
2024/07/02 19:00:33 Sent {"src":"n4","dest":"n1","body":{"in_reply_to":0,"node":"n4","type":"second_order_broadcast_ok"}}
2024/07/02 19:00:33 Sent {"src":"n4","dest":"n1","body":{"in_reply_to":0,"node":"n4","type":"second_order_broadcast_ok"}}
2024/07/02 19:00:33 Received {n3 n4 {"message":61,"type":"second-order-broadcast"}}
2024/07/02 19:00:33 Received {n3 n4 {"message":61,"type":"second-order-broadcast"}}
2024/07/02 19:00:33 Sent {"src":"n4","dest":"n3","body":{"in_reply_to":0,"node":"n4","type":"second_order_broadcast_ok"}}
2024/07/02 19:00:33 Sent {"src":"n4","dest":"n3","body":{"in_reply_to":0,"node":"n4","type":"second_order_broadcast_ok"}}
2024/07/02 19:00:33 Received {c13 n4 {"type":"broadcast","message":62,"msg_id":18}}
2024/07/02 19:00:33 Sent {"src":"n4","dest":"n0","body":{"message":62,"type":"second-order-broadcast"}}
2024/07/02 19:00:33 Sent {"src":"n4","dest":"n1","body":{"message":62,"type":"second-order-broadcast"}}
2024/07/02 19:00:33 Sent {"src":"n4","dest":"n2","body":{"message":62,"type":"second-order-broadcast"}}
2024/07/02 19:00:33 Sent {"src":"n4","dest":"n3","body":{"message":62,"type":"second-order-broadcast"}}
2024/07/02 19:00:33 Sent {"src":"n4","dest":"c13","body":{"in_reply_to":18,"type":"broadcast_ok"}}
2024/07/02 19:00:33 Received {n1 n4 {"in_reply_to":0,"node":"n1","type":"second_order_broadcast_ok"}}
2024/07/02 19:00:33 Received {n0 n4 {"in_reply_to":0,"node":"n0","type":"second_order_broadcast_ok"}}
2024/07/02 19:00:33 Received {n2 n4 {"in_reply_to":0,"node":"n2","type":"second_order_broadcast_ok"}}
2024/07/02 19:00:33 Received {n3 n4 {"in_reply_to":0,"node":"n3","type":"second_order_broadcast_ok"}}
2024/07/02 19:00:34 Received {n0 n4 {"message":63,"type":"second-order-broadcast"}}
2024/07/02 19:00:34 Sent {"src":"n4","dest":"n0","body":{"in_reply_to":0,"node":"n4","type":"second_order_broadcast_ok"}}
2024/07/02 19:00:34 Received {n0 n4 {"message":63,"type":"second-order-broadcast"}}
2024/07/02 19:00:34 Sent {"src":"n4","dest":"n0","body":{"in_reply_to":0,"node":"n4","type":"second_order_broadcast_ok"}}
2024/07/02 19:00:34 Received {n1 n4 {"message":64,"type":"second-order-broadcast"}}
2024/07/02 19:00:34 Received {n1 n4 {"message":64,"type":"second-order-broadcast"}}
2024/07/02 19:00:34 Sent {"src":"n4","dest":"n1","body":{"in_reply_to":0,"node":"n4","type":"second_order_broadcast_ok"}}
2024/07/02 19:00:34 Sent {"src":"n4","dest":"n1","body":{"in_reply_to":0,"node":"n4","type":"second_order_broadcast_ok"}}
2024/07/02 19:00:34 Received {n2 n4 {"message":65,"type":"second-order-broadcast"}}
2024/07/02 19:00:34 Sent {"src":"n4","dest":"n2","body":{"in_reply_to":0,"node":"n4","type":"second_order_broadcast_ok"}}
2024/07/02 19:00:34 Received {n2 n4 {"message":65,"type":"second-order-broadcast"}}
2024/07/02 19:00:34 Sent {"src":"n4","dest":"n2","body":{"in_reply_to":0,"node":"n4","type":"second_order_broadcast_ok"}}
2024/07/02 19:00:34 Received {n3 n4 {"message":66,"type":"second-order-broadcast"}}
2024/07/02 19:00:34 Received {n3 n4 {"message":66,"type":"second-order-broadcast"}}
2024/07/02 19:00:34 Sent {"src":"n4","dest":"n3","body":{"in_reply_to":0,"node":"n4","type":"second_order_broadcast_ok"}}
2024/07/02 19:00:34 Sent {"src":"n4","dest":"n3","body":{"in_reply_to":0,"node":"n4","type":"second_order_broadcast_ok"}}
2024/07/02 19:00:34 Received {c13 n4 {"type":"broadcast","message":67,"msg_id":19}}
2024/07/02 19:00:34 Sent {"src":"n4","dest":"n0","body":{"message":67,"type":"second-order-broadcast"}}
2024/07/02 19:00:34 Sent {"src":"n4","dest":"n1","body":{"message":67,"type":"second-order-broadcast"}}
2024/07/02 19:00:34 Sent {"src":"n4","dest":"n2","body":{"message":67,"type":"second-order-broadcast"}}
2024/07/02 19:00:34 Sent {"src":"n4","dest":"n3","body":{"message":67,"type":"second-order-broadcast"}}
2024/07/02 19:00:34 Sent {"src":"n4","dest":"c13","body":{"in_reply_to":19,"type":"broadcast_ok"}}
2024/07/02 19:00:34 Received {n2 n4 {"in_reply_to":0,"node":"n2","type":"second_order_broadcast_ok"}}
2024/07/02 19:00:34 Received {n1 n4 {"in_reply_to":0,"node":"n1","type":"second_order_broadcast_ok"}}
2024/07/02 19:00:34 Received {n0 n4 {"in_reply_to":0,"node":"n0","type":"second_order_broadcast_ok"}}
2024/07/02 19:00:34 Received {n3 n4 {"in_reply_to":0,"node":"n3","type":"second_order_broadcast_ok"}}
2024/07/02 19:00:34 Received {n0 n4 {"message":68,"type":"second-order-broadcast"}}
2024/07/02 19:00:34 Sent {"src":"n4","dest":"n0","body":{"in_reply_to":0,"node":"n4","type":"second_order_broadcast_ok"}}
2024/07/02 19:00:34 Received {n0 n4 {"message":68,"type":"second-order-broadcast"}}
2024/07/02 19:00:34 Sent {"src":"n4","dest":"n0","body":{"in_reply_to":0,"node":"n4","type":"second_order_broadcast_ok"}}
2024/07/02 19:00:34 Received {n1 n4 {"message":69,"type":"second-order-broadcast"}}
2024/07/02 19:00:34 Sent {"src":"n4","dest":"n1","body":{"in_reply_to":0,"node":"n4","type":"second_order_broadcast_ok"}}
2024/07/02 19:00:34 Received {n1 n4 {"message":69,"type":"second-order-broadcast"}}
2024/07/02 19:00:34 Sent {"src":"n4","dest":"n1","body":{"in_reply_to":0,"node":"n4","type":"second_order_broadcast_ok"}}
2024/07/02 19:00:35 Received {n3 n4 {"message":70,"type":"second-order-broadcast"}}
2024/07/02 19:00:35 Received {n3 n4 {"message":70,"type":"second-order-broadcast"}}
2024/07/02 19:00:35 Sent {"src":"n4","dest":"n3","body":{"in_reply_to":0,"node":"n4","type":"second_order_broadcast_ok"}}
2024/07/02 19:00:35 Sent {"src":"n4","dest":"n3","body":{"in_reply_to":0,"node":"n4","type":"second_order_broadcast_ok"}}
2024/07/02 19:00:35 Received {c13 n4 {"type":"read","msg_id":20}}
2024/07/02 19:00:35 Sent {"src":"n4","dest":"c13","body":{"in_reply_to":20,"messages":[0,0,1,1,3,5,5,6,9,10,10,14,14,16,16,18,18,22,22,24,24,25,27,27,29,29,30,30,33,33,34,34,37,37,38,38,39,39,40,40,41,41,42,42,43,43,44,44,45,45,46,46,47,47,48,49,49,50,50,51,51,52,52,53,53,54,54,55,55,56,56,57,57,58,59,59,60,60,61,61,62,63,63,64,64,65,65,66,66,67,68,68,69,69,70,70],"msg_id":20,"type":"read_ok"}}
2024/07/02 19:00:35 Received {n0 n4 {"message":71,"type":"second-order-broadcast"}}
2024/07/02 19:00:35 Received {n0 n4 {"message":71,"type":"second-order-broadcast"}}
2024/07/02 19:00:35 Sent {"src":"n4","dest":"n0","body":{"in_reply_to":0,"node":"n4","type":"second_order_broadcast_ok"}}
2024/07/02 19:00:35 Sent {"src":"n4","dest":"n0","body":{"in_reply_to":0,"node":"n4","type":"second_order_broadcast_ok"}}
2024/07/02 19:00:35 Received {n1 n4 {"message":72,"type":"second-order-broadcast"}}
2024/07/02 19:00:35 Sent {"src":"n4","dest":"n1","body":{"in_reply_to":0,"node":"n4","type":"second_order_broadcast_ok"}}
2024/07/02 19:00:35 Received {n1 n4 {"message":72,"type":"second-order-broadcast"}}
2024/07/02 19:00:35 Sent {"src":"n4","dest":"n1","body":{"in_reply_to":0,"node":"n4","type":"second_order_broadcast_ok"}}
2024/07/02 19:00:35 Received {n3 n4 {"message":73,"type":"second-order-broadcast"}}
2024/07/02 19:00:35 Received {n3 n4 {"message":73,"type":"second-order-broadcast"}}
2024/07/02 19:00:35 Sent {"src":"n4","dest":"n3","body":{"in_reply_to":0,"node":"n4","type":"second_order_broadcast_ok"}}
2024/07/02 19:00:35 Sent {"src":"n4","dest":"n3","body":{"in_reply_to":0,"node":"n4","type":"second_order_broadcast_ok"}}
2024/07/02 19:00:35 Received {c13 n4 {"type":"read","msg_id":21}}
2024/07/02 19:00:35 Sent {"src":"n4","dest":"c13","body":{"in_reply_to":21,"messages":[0,0,1,1,3,5,5,6,9,10,10,14,14,16,16,18,18,22,22,24,24,25,27,27,29,29,30,30,33,33,34,34,37,37,38,38,39,39,40,40,41,41,42,42,43,43,44,44,45,45,46,46,47,47,48,49,49,50,50,51,51,52,52,53,53,54,54,55,55,56,56,57,57,58,59,59,60,60,61,61,62,63,63,64,64,65,65,66,66,67,68,68,69,69,70,70,71,71,72,72,73,73],"msg_id":21,"type":"read_ok"}}
2024/07/02 19:00:36 Received {n3 n4 {"message":74,"type":"second-order-broadcast"}}
2024/07/02 19:00:36 Received {n3 n4 {"message":74,"type":"second-order-broadcast"}}
2024/07/02 19:00:36 Sent {"src":"n4","dest":"n3","body":{"in_reply_to":0,"node":"n4","type":"second_order_broadcast_ok"}}
2024/07/02 19:00:36 Sent {"src":"n4","dest":"n3","body":{"in_reply_to":0,"node":"n4","type":"second_order_broadcast_ok"}}
2024/07/02 19:00:36 Received {c13 n4 {"type":"broadcast","message":75,"msg_id":22}}
2024/07/02 19:00:36 Sent {"src":"n4","dest":"n0","body":{"message":75,"type":"second-order-broadcast"}}
2024/07/02 19:00:36 Sent {"src":"n4","dest":"n1","body":{"message":75,"type":"second-order-broadcast"}}
2024/07/02 19:00:36 Sent {"src":"n4","dest":"n2","body":{"message":75,"type":"second-order-broadcast"}}
2024/07/02 19:00:36 Sent {"src":"n4","dest":"n3","body":{"message":75,"type":"second-order-broadcast"}}
2024/07/02 19:00:36 Sent {"src":"n4","dest":"c13","body":{"in_reply_to":22,"type":"broadcast_ok"}}
2024/07/02 19:00:36 Received {n2 n4 {"in_reply_to":0,"node":"n2","type":"second_order_broadcast_ok"}}
2024/07/02 19:00:36 Received {n0 n4 {"in_reply_to":0,"node":"n0","type":"second_order_broadcast_ok"}}
2024/07/02 19:00:36 Received {n3 n4 {"in_reply_to":0,"node":"n3","type":"second_order_broadcast_ok"}}
2024/07/02 19:00:36 Received {n1 n4 {"in_reply_to":0,"node":"n1","type":"second_order_broadcast_ok"}}
2024/07/02 19:00:36 Received {n0 n4 {"message":76,"type":"second-order-broadcast"}}
2024/07/02 19:00:36 Received {n0 n4 {"message":76,"type":"second-order-broadcast"}}
2024/07/02 19:00:36 Sent {"src":"n4","dest":"n0","body":{"in_reply_to":0,"node":"n4","type":"second_order_broadcast_ok"}}
2024/07/02 19:00:36 Sent {"src":"n4","dest":"n0","body":{"in_reply_to":0,"node":"n4","type":"second_order_broadcast_ok"}}
2024/07/02 19:00:37 Received {c13 n4 {"type":"read","msg_id":23}}
2024/07/02 19:00:37 Sent {"src":"n4","dest":"c13","body":{"in_reply_to":23,"messages":[0,0,1,1,3,5,5,6,9,10,10,14,14,16,16,18,18,22,22,24,24,25,27,27,29,29,30,30,33,33,34,34,37,37,38,38,39,39,40,40,41,41,42,42,43,43,44,44,45,45,46,46,47,47,48,49,49,50,50,51,51,52,52,53,53,54,54,55,55,56,56,57,57,58,59,59,60,60,61,61,62,63,63,64,64,65,65,66,66,67,68,68,69,69,70,70,71,71,72,72,73,73,74,74,75,76,76],"msg_id":23,"type":"read_ok"}}
2024/07/02 19:00:37 Received {n0 n4 {"message":77,"type":"second-order-broadcast"}}
2024/07/02 19:00:37 Received {n0 n4 {"message":77,"type":"second-order-broadcast"}}
2024/07/02 19:00:37 Sent {"src":"n4","dest":"n0","body":{"in_reply_to":0,"node":"n4","type":"second_order_broadcast_ok"}}
2024/07/02 19:00:37 Sent {"src":"n4","dest":"n0","body":{"in_reply_to":0,"node":"n4","type":"second_order_broadcast_ok"}}
2024/07/02 19:00:37 Received {c13 n4 {"type":"broadcast","message":78,"msg_id":24}}
2024/07/02 19:00:37 Sent {"src":"n4","dest":"n0","body":{"message":78,"type":"second-order-broadcast"}}
2024/07/02 19:00:37 Sent {"src":"n4","dest":"n1","body":{"message":78,"type":"second-order-broadcast"}}
2024/07/02 19:00:37 Sent {"src":"n4","dest":"n2","body":{"message":78,"type":"second-order-broadcast"}}
2024/07/02 19:00:37 Sent {"src":"n4","dest":"n3","body":{"message":78,"type":"second-order-broadcast"}}
2024/07/02 19:00:37 Sent {"src":"n4","dest":"c13","body":{"in_reply_to":24,"type":"broadcast_ok"}}
2024/07/02 19:00:37 Received {n0 n4 {"in_reply_to":0,"node":"n0","type":"second_order_broadcast_ok"}}
2024/07/02 19:00:37 Received {n1 n4 {"in_reply_to":0,"node":"n1","type":"second_order_broadcast_ok"}}
2024/07/02 19:00:37 Received {n2 n4 {"in_reply_to":0,"node":"n2","type":"second_order_broadcast_ok"}}
2024/07/02 19:00:37 Received {n3 n4 {"in_reply_to":0,"node":"n3","type":"second_order_broadcast_ok"}}
2024/07/02 19:00:38 Received {n1 n4 {"message":79,"type":"second-order-broadcast"}}
2024/07/02 19:00:38 Received {n1 n4 {"message":79,"type":"second-order-broadcast"}}
2024/07/02 19:00:38 Sent {"src":"n4","dest":"n1","body":{"in_reply_to":0,"node":"n4","type":"second_order_broadcast_ok"}}
2024/07/02 19:00:38 Sent {"src":"n4","dest":"n1","body":{"in_reply_to":0,"node":"n4","type":"second_order_broadcast_ok"}}
2024/07/02 19:00:38 Received {n2 n4 {"message":80,"type":"second-order-broadcast"}}
2024/07/02 19:00:38 Received {n2 n4 {"message":80,"type":"second-order-broadcast"}}
2024/07/02 19:00:38 Sent {"src":"n4","dest":"n2","body":{"in_reply_to":0,"node":"n4","type":"second_order_broadcast_ok"}}
2024/07/02 19:00:38 Sent {"src":"n4","dest":"n2","body":{"in_reply_to":0,"node":"n4","type":"second_order_broadcast_ok"}}
2024/07/02 19:00:38 Received {n3 n4 {"message":81,"type":"second-order-broadcast"}}
2024/07/02 19:00:38 Received {n3 n4 {"message":81,"type":"second-order-broadcast"}}
2024/07/02 19:00:38 Sent {"src":"n4","dest":"n3","body":{"in_reply_to":0,"node":"n4","type":"second_order_broadcast_ok"}}
2024/07/02 19:00:38 Sent {"src":"n4","dest":"n3","body":{"in_reply_to":0,"node":"n4","type":"second_order_broadcast_ok"}}
2024/07/02 19:00:38 Received {c13 n4 {"type":"read","msg_id":25}}
2024/07/02 19:00:38 Sent {"src":"n4","dest":"c13","body":{"in_reply_to":25,"messages":[0,0,1,1,3,5,5,6,9,10,10,14,14,16,16,18,18,22,22,24,24,25,27,27,29,29,30,30,33,33,34,34,37,37,38,38,39,39,40,40,41,41,42,42,43,43,44,44,45,45,46,46,47,47,48,49,49,50,50,51,51,52,52,53,53,54,54,55,55,56,56,57,57,58,59,59,60,60,61,61,62,63,63,64,64,65,65,66,66,67,68,68,69,69,70,70,71,71,72,72,73,73,74,74,75,76,76,77,77,78,79,79,80,80,81,81],"msg_id":25,"type":"read_ok"}}
2024/07/02 19:00:38 Received {n0 n4 {"message":82,"type":"second-order-broadcast"}}
2024/07/02 19:00:38 Received {n0 n4 {"message":82,"type":"second-order-broadcast"}}
2024/07/02 19:00:38 Sent {"src":"n4","dest":"n0","body":{"in_reply_to":0,"node":"n4","type":"second_order_broadcast_ok"}}
2024/07/02 19:00:38 Sent {"src":"n4","dest":"n0","body":{"in_reply_to":0,"node":"n4","type":"second_order_broadcast_ok"}}
2024/07/02 19:00:39 Received {c13 n4 {"type":"broadcast","message":83,"msg_id":26}}
2024/07/02 19:00:39 Sent {"src":"n4","dest":"n0","body":{"message":83,"type":"second-order-broadcast"}}
2024/07/02 19:00:39 Sent {"src":"n4","dest":"n1","body":{"message":83,"type":"second-order-broadcast"}}
2024/07/02 19:00:39 Sent {"src":"n4","dest":"n2","body":{"message":83,"type":"second-order-broadcast"}}
2024/07/02 19:00:39 Sent {"src":"n4","dest":"n3","body":{"message":83,"type":"second-order-broadcast"}}
2024/07/02 19:00:39 Sent {"src":"n4","dest":"c13","body":{"in_reply_to":26,"type":"broadcast_ok"}}
2024/07/02 19:00:39 Received {n1 n4 {"in_reply_to":0,"node":"n1","type":"second_order_broadcast_ok"}}
2024/07/02 19:00:39 Received {n0 n4 {"in_reply_to":0,"node":"n0","type":"second_order_broadcast_ok"}}
2024/07/02 19:00:39 Received {n2 n4 {"in_reply_to":0,"node":"n2","type":"second_order_broadcast_ok"}}
2024/07/02 19:00:39 Received {n3 n4 {"in_reply_to":0,"node":"n3","type":"second_order_broadcast_ok"}}
2024/07/02 19:00:39 Received {c13 n4 {"type":"read","msg_id":27}}
2024/07/02 19:00:39 Sent {"src":"n4","dest":"c13","body":{"in_reply_to":27,"messages":[0,0,1,1,3,5,5,6,9,10,10,14,14,16,16,18,18,22,22,24,24,25,27,27,29,29,30,30,33,33,34,34,37,37,38,38,39,39,40,40,41,41,42,42,43,43,44,44,45,45,46,46,47,47,48,49,49,50,50,51,51,52,52,53,53,54,54,55,55,56,56,57,57,58,59,59,60,60,61,61,62,63,63,64,64,65,65,66,66,67,68,68,69,69,70,70,71,71,72,72,73,73,74,74,75,76,76,77,77,78,79,79,80,80,81,81,82,82,83],"msg_id":27,"type":"read_ok"}}
2024/07/02 19:00:40 Received {c13 n4 {"type":"broadcast","message":87,"msg_id":28}}
2024/07/02 19:00:40 Sent {"src":"n4","dest":"n0","body":{"message":87,"type":"second-order-broadcast"}}
2024/07/02 19:00:40 Sent {"src":"n4","dest":"n1","body":{"message":87,"type":"second-order-broadcast"}}
2024/07/02 19:00:40 Sent {"src":"n4","dest":"n2","body":{"message":87,"type":"second-order-broadcast"}}
2024/07/02 19:00:40 Sent {"src":"n4","dest":"n3","body":{"message":87,"type":"second-order-broadcast"}}
2024/07/02 19:00:40 Sent {"src":"n4","dest":"c13","body":{"in_reply_to":28,"type":"broadcast_ok"}}
2024/07/02 19:00:41 Received {c13 n4 {"type":"read","msg_id":29}}
2024/07/02 19:00:41 Sent {"src":"n4","dest":"c13","body":{"in_reply_to":29,"messages":[0,0,1,1,3,5,5,6,9,10,10,14,14,16,16,18,18,22,22,24,24,25,27,27,29,29,30,30,33,33,34,34,37,37,38,38,39,39,40,40,41,41,42,42,43,43,44,44,45,45,46,46,47,47,48,49,49,50,50,51,51,52,52,53,53,54,54,55,55,56,56,57,57,58,59,59,60,60,61,61,62,63,63,64,64,65,65,66,66,67,68,68,69,69,70,70,71,71,72,72,73,73,74,74,75,76,76,77,77,78,79,79,80,80,81,81,82,82,83,87],"msg_id":29,"type":"read_ok"}}
2024/07/02 19:00:41 Received {c13 n4 {"type":"broadcast","message":94,"msg_id":30}}
2024/07/02 19:00:41 Sent {"src":"n4","dest":"n0","body":{"message":94,"type":"second-order-broadcast"}}
2024/07/02 19:00:41 Sent {"src":"n4","dest":"n1","body":{"message":94,"type":"second-order-broadcast"}}
2024/07/02 19:00:41 Sent {"src":"n4","dest":"n2","body":{"message":94,"type":"second-order-broadcast"}}
2024/07/02 19:00:41 Sent {"src":"n4","dest":"n3","body":{"message":94,"type":"second-order-broadcast"}}
2024/07/02 19:00:41 Sent {"src":"n4","dest":"c13","body":{"in_reply_to":30,"type":"broadcast_ok"}}
2024/07/02 19:00:42 Received {c13 n4 {"type":"broadcast","message":100,"msg_id":31}}
2024/07/02 19:00:42 Sent {"src":"n4","dest":"n0","body":{"message":100,"type":"second-order-broadcast"}}
2024/07/02 19:00:42 Sent {"src":"n4","dest":"n1","body":{"message":100,"type":"second-order-broadcast"}}
2024/07/02 19:00:42 Sent {"src":"n4","dest":"n2","body":{"message":100,"type":"second-order-broadcast"}}
2024/07/02 19:00:42 Sent {"src":"n4","dest":"n3","body":{"message":100,"type":"second-order-broadcast"}}
2024/07/02 19:00:42 Sent {"src":"n4","dest":"c13","body":{"in_reply_to":31,"type":"broadcast_ok"}}
2024/07/02 19:00:43 Received {c13 n4 {"type":"broadcast","message":103,"msg_id":32}}
2024/07/02 19:00:43 Sent {"src":"n4","dest":"n0","body":{"message":103,"type":"second-order-broadcast"}}
2024/07/02 19:00:43 Sent {"src":"n4","dest":"n1","body":{"message":103,"type":"second-order-broadcast"}}
2024/07/02 19:00:43 Sent {"src":"n4","dest":"n2","body":{"message":103,"type":"second-order-broadcast"}}
2024/07/02 19:00:43 Sent {"src":"n4","dest":"n3","body":{"message":103,"type":"second-order-broadcast"}}
2024/07/02 19:00:43 Sent {"src":"n4","dest":"c13","body":{"in_reply_to":32,"type":"broadcast_ok"}}
2024/07/02 19:00:43 Received {c13 n4 {"type":"broadcast","message":104,"msg_id":33}}
2024/07/02 19:00:43 Sent {"src":"n4","dest":"n0","body":{"message":104,"type":"second-order-broadcast"}}
2024/07/02 19:00:43 Sent {"src":"n4","dest":"n1","body":{"message":104,"type":"second-order-broadcast"}}
2024/07/02 19:00:43 Sent {"src":"n4","dest":"n2","body":{"message":104,"type":"second-order-broadcast"}}
2024/07/02 19:00:43 Sent {"src":"n4","dest":"n3","body":{"message":104,"type":"second-order-broadcast"}}
2024/07/02 19:00:43 Sent {"src":"n4","dest":"c13","body":{"in_reply_to":33,"type":"broadcast_ok"}}
2024/07/02 19:00:44 Received {c13 n4 {"type":"broadcast","message":107,"msg_id":34}}
2024/07/02 19:00:44 Sent {"src":"n4","dest":"n0","body":{"message":107,"type":"second-order-broadcast"}}
2024/07/02 19:00:44 Sent {"src":"n4","dest":"n1","body":{"message":107,"type":"second-order-broadcast"}}
2024/07/02 19:00:44 Sent {"src":"n4","dest":"n2","body":{"message":107,"type":"second-order-broadcast"}}
2024/07/02 19:00:44 Sent {"src":"n4","dest":"n3","body":{"message":107,"type":"second-order-broadcast"}}
2024/07/02 19:00:44 Sent {"src":"n4","dest":"c13","body":{"in_reply_to":34,"type":"broadcast_ok"}}
2024/07/02 19:00:54 Received {c13 n4 {"type":"read","msg_id":35}}
2024/07/02 19:00:54 Sent {"src":"n4","dest":"c13","body":{"in_reply_to":35,"messages":[0,0,1,1,3,5,5,6,9,10,10,14,14,16,16,18,18,22,22,24,24,25,27,27,29,29,30,30,33,33,34,34,37,37,38,38,39,39,40,40,41,41,42,42,43,43,44,44,45,45,46,46,47,47,48,49,49,50,50,51,51,52,52,53,53,54,54,55,55,56,56,57,57,58,59,59,60,60,61,61,62,63,63,64,64,65,65,66,66,67,68,68,69,69,70,70,71,71,72,72,73,73,74,74,75,76,76,77,77,78,79,79,80,80,81,81,82,82,83,87,94,100,103,104,107],"msg_id":35,"type":"read_ok"}}
