2024/05/27 19:46:21 Received {c0 n0 {"type":"init","node_id":"n0","node_ids":["n0","n1","n2","n3","n4"],"msg_id":1}}
2024/05/27 19:46:21 Node n0 initialized
2024/05/27 19:46:21 Sent {"src":"n0","dest":"c0","body":{"in_reply_to":1,"type":"init_ok"}}
2024/05/27 19:46:21 Received {c6 n0 {"type":"topology","topology":{"n0":["n3","n1"],"n1":["n4","n2","n0"],"n2":["n1"],"n3":["n0","n4"],"n4":["n1","n3"]},"msg_id":1}}
2024/05/27 19:46:21 Sent {"src":"n0","dest":"c6","body":{"in_reply_to":1,"type":"topology_ok"}}
2024/05/27 19:46:22 Received {c10 n0 {"type":"read","msg_id":1}}
2024/05/27 19:46:22 Sent {"src":"n0","dest":"c10","body":{"in_reply_to":1,"messages":null,"msg_id":1,"type":"read_ok"}}
2024/05/27 19:46:22 Received {n1 n0 {"message":0,"type":"second-order-broadcast"}}
2024/05/27 19:46:22 Sent {"src":"n0","dest":"n1","body":{"in_reply_to":0,"type":"second_order_broadcast_ok"}}
2024/05/27 19:46:22 Received {n2 n0 {"message":1,"type":"second-order-broadcast"}}
2024/05/27 19:46:22 Sent {"src":"n0","dest":"n2","body":{"in_reply_to":0,"type":"second_order_broadcast_ok"}}
2024/05/27 19:46:22 Received {n4 n0 {"message":2,"type":"second-order-broadcast"}}
2024/05/27 19:46:22 Sent {"src":"n0","dest":"n4","body":{"in_reply_to":0,"type":"second_order_broadcast_ok"}}
2024/05/27 19:46:22 Received {c10 n0 {"type":"broadcast","message":3,"msg_id":2}}
2024/05/27 19:46:22 Sent {"src":"n0","dest":"n4","body":{"message":3,"type":"second-order-broadcast"}}
2024/05/27 19:46:22 Sent {"src":"n0","dest":"n1","body":{"message":3,"type":"second-order-broadcast"}}
2024/05/27 19:46:22 Sent {"src":"n0","dest":"n2","body":{"message":3,"type":"second-order-broadcast"}}
2024/05/27 19:46:22 Sent {"src":"n0","dest":"n3","body":{"message":3,"type":"second-order-broadcast"}}
2024/05/27 19:46:22 Sent {"src":"n0","dest":"n4","body":{"message":3,"type":"second-order-broadcast"}}
2024/05/27 19:46:22 Sent {"src":"n0","dest":"c10","body":{"in_reply_to":2,"type":"broadcast_ok"}}
2024/05/27 19:46:22 Received {n3 n0 {"in_reply_to":0,"type":"second_order_broadcast_ok"}}
2024/05/27 19:46:22 No handler for {"id":62,"src":"n3","dest":"n0","body":{"in_reply_to":0,"type":"second_order_broadcast_ok"}}
