2024/05/27 19:46:21 Received {c3 n4 {"type":"init","node_id":"n4","node_ids":["n0","n1","n2","n3","n4"],"msg_id":1}}
2024/05/27 19:46:21 Node n4 initialized
2024/05/27 19:46:21 Sent {"src":"n4","dest":"c3","body":{"in_reply_to":1,"type":"init_ok"}}
2024/05/27 19:46:21 Received {c5 n4 {"type":"topology","topology":{"n0":["n3","n1"],"n1":["n4","n2","n0"],"n2":["n1"],"n3":["n0","n4"],"n4":["n1","n3"]},"msg_id":1}}
2024/05/27 19:46:21 Sent {"src":"n4","dest":"c5","body":{"in_reply_to":1,"type":"topology_ok"}}
2024/05/27 19:46:22 Received {n1 n4 {"message":0,"type":"second-order-broadcast"}}
2024/05/27 19:46:22 Received {n1 n4 {"message":0,"type":"second-order-broadcast"}}
2024/05/27 19:46:22 Sent {"src":"n4","dest":"n1","body":{"in_reply_to":0,"type":"second_order_broadcast_ok"}}
2024/05/27 19:46:22 Sent {"src":"n4","dest":"n1","body":{"in_reply_to":0,"type":"second_order_broadcast_ok"}}
2024/05/27 19:46:22 Received {n2 n4 {"message":1,"type":"second-order-broadcast"}}
2024/05/27 19:46:22 Received {n2 n4 {"message":1,"type":"second-order-broadcast"}}
2024/05/27 19:46:22 Sent {"src":"n4","dest":"n2","body":{"in_reply_to":0,"type":"second_order_broadcast_ok"}}
2024/05/27 19:46:22 Sent {"src":"n4","dest":"n2","body":{"in_reply_to":0,"type":"second_order_broadcast_ok"}}
2024/05/27 19:46:22 Received {c14 n4 {"type":"broadcast","message":2,"msg_id":1}}
2024/05/27 19:46:22 Sent {"src":"n4","dest":"n0","body":{"message":2,"type":"second-order-broadcast"}}
2024/05/27 19:46:22 Sent {"src":"n4","dest":"n1","body":{"message":2,"type":"second-order-broadcast"}}
2024/05/27 19:46:22 Sent {"src":"n4","dest":"n2","body":{"message":2,"type":"second-order-broadcast"}}
2024/05/27 19:46:22 Sent {"src":"n4","dest":"n3","body":{"message":2,"type":"second-order-broadcast"}}
2024/05/27 19:46:22 Sent {"src":"n4","dest":"c14","body":{"in_reply_to":1,"type":"broadcast_ok"}}
2024/05/27 19:46:22 Received {n3 n4 {"in_reply_to":0,"type":"second_order_broadcast_ok"}}
2024/05/27 19:46:22 No handler for {"id":53,"src":"n3","dest":"n4","body":{"in_reply_to":0,"type":"second_order_broadcast_ok"}}
