2024-07-02 18:16:04,654{GMT}	INFO	[jepsen test runner] jepsen.core: Test version b3926f177e3be377c9798eaa8d8491acc2e57ecd (plus uncommitted changes)
2024-07-02 18:16:04,654{GMT}	INFO	[jepsen test runner] jepsen.core: Command line:
lein run test -w broadcast --bin /go/bin/broadcast --node-count 5 --time-limit 20 --rate 10 --nemesis partition
2024-07-02 18:16:04,821{GMT}	INFO	[jepsen test runner] jepsen.core: Running test:
{:args []
 :remote
 #jepsen.control.retry.Remote{:remote #jepsen.control.scp.Remote{:cmd-remote #jepsen.control.sshj.SSHJRemote{:concurrency-limit 6,
                                                                                                             :conn-spec nil,
                                                                                                             :client nil,
                                                                                                             :semaphore nil},
                                                                 :conn-spec nil},
                              :conn nil}
 :log-net-send false
 :node-count 5
 :availability nil
 :max-txn-length 4
 :concurrency 5
 :db
 #object[maelstrom.db$db$reify__16142
         "0x36cc6055"
         "maelstrom.db$db$reify__16142@36cc6055"]
 :max-writes-per-key 16
 :leave-db-running? false
 :name "broadcast"
 :logging-json? false
 :start-time
 #object[org.joda.time.DateTime "0x685efb22" "2024-07-02T18:16:04.615Z"]
 :nemesis-interval 10
 :net
 #object[maelstrom.net$jepsen_net$reify__15251
         "0x24a696c0"
         "maelstrom.net$jepsen_net$reify__15251@24a696c0"]
 :client
 #object[maelstrom.workload.broadcast$client$reify__16644
         "0x78fb4f7f"
         "maelstrom.workload.broadcast$client$reify__16644@78fb4f7f"]
 :barrier
 #object[java.util.concurrent.CyclicBarrier
         "0x6a7c1725"
         "java.util.concurrent.CyclicBarrier@6a7c1725"]
 :log-stderr false
 :pure-generators true
 :ssh {:dummy? true}
 :rate 10.0
 :checker
 #object[jepsen.checker$compose$reify__11881
         "0x756476a3"
         "jepsen.checker$compose$reify__11881@756476a3"]
 :argv
 ("test"
  "-w"
  "broadcast"
  "--bin"
  "/go/bin/broadcast"
  "--node-count"
  "5"
  "--time-limit"
  "20"
  "--rate"
  "10"
  "--nemesis"
  "partition")
 :nemesis
 (jepsen.nemesis.ReflCompose
  {:fm {:start-partition 0,
        :stop-partition 0,
        :kill 1,
        :start 1,
        :pause 1,
        :resume 1},
   :nemeses [#unprintable "jepsen.nemesis.combined$partition_nemesis$reify__16416@65e4ee59"
             #unprintable "jepsen.nemesis.combined$db_nemesis$reify__16397@4746d52d"]})
 :nodes ["n0" "n1" "n2" "n3" "n4"]
 :test-count 1
 :latency {:mean 0, :dist :constant}
 :bin "/go/bin/broadcast"
 :generator
 ((jepsen.generator.Synchronize
   {:gen (jepsen.generator.TimeLimit
          {:limit 20000000000,
           :cutoff nil,
           :gen (jepsen.generator.Any
                 {:gens [(jepsen.generator.OnThreads
                          {:f #{:nemesis},
                           :context-filter #object[jepsen.generator.context$make_thread_filter$lazy_filter__9167
                                                   "0x60877629"
                                                   "jepsen.generator.context$make_thread_filter$lazy_filter__9167@60877629"],
                           :gen (jepsen.generator.Stagger
                                 {:dt 20000000000,
                                  :next-time nil,
                                  :gen (jepsen.generator.FlipFlop
                                        {:gens [#object[jepsen.nemesis.combined$partition_package$start__16420
                                                        "0x7e86ff3b"
                                                        "jepsen.nemesis.combined$partition_package$start__16420@7e86ff3b"]
                                                ({:type :info,
                                                  :f :stop-partition,
                                                  :value nil}
                                                 {:type :info,
                                                  :f :stop-partition,
                                                  :value nil}
                                                 {:type :info,
                                                  :f :stop-partition,
                                                  :value nil}
                                                 {:type :info,
                                                  :f :stop-partition,
                                                  :value nil}
                                                 {:type :info,
                                                  :f :stop-partition,
                                                  :value nil}
                                                 {:type :info,
                                                  :f :stop-partition,
                                                  :value nil}
                                                 {:type :info,
                                                  :f :stop-partition,
                                                  :value nil}
                                                 {:type :info,
                                                  :f :stop-partition,
                                                  :value nil}
                                                 ...)],
                                         :i 0})})})
                         (jepsen.generator.OnThreads
                          {:f #jepsen.generator.context.AllBut{:element :nemesis},
                           :context-filter #object[jepsen.generator.context$make_thread_filter$lazy_filter__9167
                                                   "0xd332ebc"
                                                   "jepsen.generator.context$make_thread_filter$lazy_filter__9167@d332ebc"],
                           :gen (jepsen.generator.Stagger
                                 {:dt 200000000,
                                  :next-time nil,
                                  :gen (jepsen.generator.Mix
                                        {:i 0,
                                         :gens [({:f :broadcast, :value 0}
                                                 {:f :broadcast, :value 1}
                                                 {:f :broadcast, :value 2}
                                                 {:f :broadcast, :value 3}
                                                 {:f :broadcast, :value 4}
                                                 {:f :broadcast, :value 5}
                                                 {:f :broadcast, :value 6}
                                                 {:f :broadcast, :value 7}
                                                 ...)
                                                ({:f :read}
                                                 {:f :read}
                                                 {:f :read}
                                                 {:f :read}
                                                 {:f :read}
                                                 {:f :read}
                                                 {:f :read}
                                                 {:f :read}
                                                 ...)]})})})]})})})
  (jepsen.generator.Synchronize
   {:gen (jepsen.generator.OnThreads
          {:f #{:nemesis},
           :context-filter #object[jepsen.generator.context$make_thread_filter$lazy_filter__9167
                                   "0x56de370d"
                                   "jepsen.generator.context$make_thread_filter$lazy_filter__9167@56de370d"],
           :gen ({:type :info, :f :stop-partition, :value nil})})})
  (jepsen.generator.Synchronize
   {:gen {:type :log, :value "Waiting for recovery..."}})
  (jepsen.generator.Synchronize {:gen {:type :sleep, :value 10}})
  (jepsen.generator.Synchronize
   {:gen (jepsen.generator.OnThreads
          {:f #jepsen.generator.context.AllBut{:element :nemesis},
           :context-filter #object[jepsen.generator.context$make_thread_filter$lazy_filter__9167
                                   "0x1f6865ca"
                                   "jepsen.generator.context$make_thread_filter$lazy_filter__9167@1f6865ca"],
           :gen (jepsen.generator.EachThread
                 {:fresh-gen {:f :read, :final? true},
                  :context-filters #object[clojure.core$promise$reify__8591
                                           "0x6044311a"
                                           {:status :pending, :val nil}],
                  :gens {}})})}))
 :log-net-recv false
 :os
 #object[maelstrom.net$jepsen_os$reify__15254
         "0x7416b560"
         "maelstrom.net$jepsen_os$reify__15254@7416b560"]
 :time-limit 20
 :workload :broadcast
 :consistency-models [:strict-serializable]
 :topology :grid}

2024-07-02 18:16:07,253{GMT}	INFO	[jepsen node n0] maelstrom.net: Starting Maelstrom network
2024-07-02 18:16:07,255{GMT}	INFO	[jepsen test runner] jepsen.db: Tearing down DB
2024-07-02 18:16:07,263{GMT}	INFO	[jepsen test runner] jepsen.db: Setting up DB
2024-07-02 18:16:07,268{GMT}	INFO	[jepsen node n4] maelstrom.db: Setting up n4
2024-07-02 18:16:07,268{GMT}	INFO	[jepsen node n1] maelstrom.db: Setting up n1
2024-07-02 18:16:07,275{GMT}	INFO	[jepsen node n1] maelstrom.process: launching /go/bin/broadcast []
2024-07-02 18:16:07,270{GMT}	INFO	[jepsen node n2] maelstrom.db: Setting up n2
2024-07-02 18:16:07,279{GMT}	INFO	[jepsen node n2] maelstrom.process: launching /go/bin/broadcast []
2024-07-02 18:16:07,273{GMT}	INFO	[jepsen node n0] maelstrom.service: Starting services: (lin-kv lin-tso lww-kv seq-kv)
2024-07-02 18:16:07,274{GMT}	INFO	[jepsen node n3] maelstrom.db: Setting up n3
2024-07-02 18:16:07,274{GMT}	INFO	[jepsen node n4] maelstrom.process: launching /go/bin/broadcast []
2024-07-02 18:16:07,288{GMT}	INFO	[jepsen node n3] maelstrom.process: launching /go/bin/broadcast []
2024-07-02 18:16:07,289{GMT}	INFO	[jepsen node n0] maelstrom.db: Setting up n0
2024-07-02 18:16:07,291{GMT}	INFO	[jepsen node n0] maelstrom.process: launching /go/bin/broadcast []
2024-07-02 18:16:07,363{GMT}	INFO	[jepsen test runner] jepsen.core: Relative time begins now
2024-07-02 18:16:07,400{GMT}	INFO	[jepsen worker 0] jepsen.util: 0	:invoke	:broadcast	0
2024-07-02 18:16:07,405{GMT}	INFO	[jepsen worker 2] jepsen.util: 2	:invoke	:read	nil
2024-07-02 18:16:07,410{GMT}	INFO	[jepsen worker nemesis] jepsen.util: :nemesis	:info	:start-partition	:majorities-ring
2024-07-02 18:16:07,420{GMT}	INFO	[jepsen worker 2] jepsen.util: 2	:ok	:read	nil
2024-07-02 18:16:07,429{GMT}	INFO	[jepsen worker nemesis] jepsen.util: :nemesis	:info	:start-partition	[:isolated {"n4" #{"n1" "n0"}, "n3" #{"n2" "n1"}, "n0" #{"n2" "n4"}, "n1" #{"n4" "n3"}, "n2" #{"n0" "n3"}}]
2024-07-02 18:16:07,600{GMT}	INFO	[jepsen worker 3] jepsen.util: 3	:invoke	:broadcast	1
2024-07-02 18:16:07,643{GMT}	INFO	[jepsen worker 4] jepsen.util: 4	:invoke	:read	nil
2024-07-02 18:16:07,646{GMT}	INFO	[jepsen worker 4] jepsen.util: 4	:ok	:read	[0]
2024-07-02 18:16:07,729{GMT}	INFO	[jepsen worker 1] jepsen.util: 1	:invoke	:read	nil
2024-07-02 18:16:07,734{GMT}	INFO	[jepsen worker 1] jepsen.util: 1	:ok	:read	nil
2024-07-02 18:16:07,883{GMT}	INFO	[jepsen worker 1] jepsen.util: 1	:invoke	:read	nil
2024-07-02 18:16:07,886{GMT}	INFO	[jepsen worker 1] jepsen.util: 1	:ok	:read	nil
2024-07-02 18:16:08,059{GMT}	INFO	[jepsen worker 1] jepsen.util: 1	:invoke	:broadcast	2
2024-07-02 18:16:08,125{GMT}	INFO	[jepsen worker 2] jepsen.util: 2	:invoke	:broadcast	3
2024-07-02 18:16:08,312{GMT}	INFO	[jepsen worker 4] jepsen.util: 4	:invoke	:read	nil
2024-07-02 18:16:08,315{GMT}	INFO	[jepsen worker 4] jepsen.util: 4	:ok	:read	[0]
2024-07-02 18:16:08,498{GMT}	INFO	[jepsen worker 4] jepsen.util: 4	:invoke	:read	nil
2024-07-02 18:16:08,500{GMT}	INFO	[jepsen worker 4] jepsen.util: 4	:ok	:read	[0]
2024-07-02 18:16:08,579{GMT}	INFO	[jepsen worker 4] jepsen.util: 4	:invoke	:broadcast	4
2024-07-02 18:16:12,422{GMT}	INFO	[jepsen worker 0] jepsen.util: 0	:info	:broadcast	0	:net-timeout
2024-07-02 18:16:12,425{GMT}	INFO	[jepsen worker 0] jepsen.util: 5	:invoke	:broadcast	5
2024-07-02 18:16:12,609{GMT}	INFO	[jepsen worker 3] jepsen.util: 3	:info	:broadcast	1	:net-timeout
2024-07-02 18:16:12,618{GMT}	INFO	[jepsen worker 3] jepsen.util: 8	:invoke	:read	nil
2024-07-02 18:16:13,063{GMT}	INFO	[jepsen worker 1] jepsen.util: 1	:info	:broadcast	2	:net-timeout
2024-07-02 18:16:13,065{GMT}	INFO	[jepsen worker 1] jepsen.util: 6	:invoke	:broadcast	6
2024-07-02 18:16:13,126{GMT}	INFO	[jepsen worker 2] jepsen.util: 2	:info	:broadcast	3	:net-timeout
2024-07-02 18:16:13,200{GMT}	INFO	[jepsen worker 2] jepsen.util: 7	:invoke	:read	nil
2024-07-02 18:16:13,583{GMT}	INFO	[jepsen worker 4] jepsen.util: 4	:info	:broadcast	4	:net-timeout
2024-07-02 18:16:13,585{GMT}	INFO	[jepsen worker 4] jepsen.util: 9	:invoke	:read	nil
2024-07-02 18:16:17,427{GMT}	INFO	[jepsen worker 0] jepsen.util: 5	:info	:broadcast	5	:net-timeout
2024-07-02 18:16:17,465{GMT}	INFO	[jepsen worker 0] jepsen.util: 10	:invoke	:read	nil
2024-07-02 18:16:17,618{GMT}	INFO	[jepsen worker 3] jepsen.util: 8	:fail	:read	nil	:net-timeout
2024-07-02 18:16:17,621{GMT}	INFO	[jepsen worker 3] jepsen.util: 8	:invoke	:read	nil
2024-07-02 18:16:18,068{GMT}	INFO	[jepsen worker 1] jepsen.util: 6	:info	:broadcast	6	:net-timeout
2024-07-02 18:16:18,069{GMT}	INFO	[jepsen worker 1] jepsen.util: 11	:invoke	:read	nil
2024-07-02 18:16:18,200{GMT}	INFO	[jepsen worker 2] jepsen.util: 7	:fail	:read	nil	:net-timeout
2024-07-02 18:16:18,202{GMT}	INFO	[jepsen worker 2] jepsen.util: 7	:invoke	:read	nil
2024-07-02 18:16:18,591{GMT}	INFO	[jepsen worker 4] jepsen.util: 9	:fail	:read	nil	:net-timeout
2024-07-02 18:16:18,593{GMT}	INFO	[jepsen worker 4] jepsen.util: 9	:invoke	:broadcast	7
2024-07-02 18:16:22,466{GMT}	INFO	[jepsen worker 0] jepsen.util: 10	:fail	:read	nil	:net-timeout
2024-07-02 18:16:22,469{GMT}	INFO	[jepsen worker 0] jepsen.util: 10	:invoke	:broadcast	8
2024-07-02 18:16:22,621{GMT}	INFO	[jepsen worker 3] jepsen.util: 8	:fail	:read	nil	:net-timeout
2024-07-02 18:16:22,622{GMT}	INFO	[jepsen worker 3] jepsen.util: 8	:invoke	:read	nil
2024-07-02 18:16:23,070{GMT}	INFO	[jepsen worker 1] jepsen.util: 11	:fail	:read	nil	:net-timeout
2024-07-02 18:16:23,084{GMT}	INFO	[jepsen worker 1] jepsen.util: 11	:invoke	:broadcast	9
2024-07-02 18:16:23,203{GMT}	INFO	[jepsen worker 2] jepsen.util: 7	:fail	:read	nil	:net-timeout
2024-07-02 18:16:23,246{GMT}	INFO	[jepsen worker 2] jepsen.util: 7	:invoke	:broadcast	10
2024-07-02 18:16:23,593{GMT}	INFO	[jepsen worker 4] jepsen.util: 9	:info	:broadcast	7	:net-timeout
2024-07-02 18:16:23,596{GMT}	INFO	[jepsen worker 4] jepsen.util: 14	:invoke	:read	nil
2024-07-02 18:16:27,029{GMT}	INFO	[jepsen worker nemesis] jepsen.util: :nemesis	:info	:stop-partition	nil
2024-07-02 18:16:27,029{GMT}	INFO	[jepsen worker nemesis] jepsen.util: :nemesis	:info	:stop-partition	:network-healed
2024-07-02 18:16:27,469{GMT}	INFO	[jepsen worker 0] jepsen.util: 10	:info	:broadcast	8	:net-timeout
2024-07-02 18:16:27,623{GMT}	INFO	[jepsen worker 3] jepsen.util: 8	:fail	:read	nil	:net-timeout
2024-07-02 18:16:28,084{GMT}	INFO	[jepsen worker 1] jepsen.util: 11	:info	:broadcast	9	:net-timeout
2024-07-02 18:16:28,246{GMT}	INFO	[jepsen worker 2] jepsen.util: 7	:info	:broadcast	10	:net-timeout
2024-07-02 18:16:28,604{GMT}	INFO	[jepsen worker nemesis] jepsen.util: :nemesis	:info	:stop-partition	nil
2024-07-02 18:16:28,603{GMT}	INFO	[jepsen worker 4] jepsen.util: 14	:fail	:read	nil	:net-timeout
2024-07-02 18:16:28,605{GMT}	INFO	[jepsen worker nemesis] jepsen.util: :nemesis	:info	:stop-partition	:network-healed
2024-07-02 18:16:28,605{GMT}	INFO	[jepsen worker nemesis] jepsen.generator.interpreter: Waiting for recovery...
2024-07-02 18:16:38,608{GMT}	INFO	[jepsen worker 4] jepsen.util: 14	:invoke	:read	nil
2024-07-02 18:16:38,608{GMT}	INFO	[jepsen worker 2] jepsen.util: 12	:invoke	:read	nil
2024-07-02 18:16:38,608{GMT}	INFO	[jepsen worker 0] jepsen.util: 15	:invoke	:read	nil
2024-07-02 18:16:38,608{GMT}	INFO	[jepsen worker 3] jepsen.util: 8	:invoke	:read	nil
2024-07-02 18:16:38,612{GMT}	INFO	[jepsen worker 1] jepsen.util: 16	:invoke	:read	nil
2024-07-02 18:16:43,615{GMT}	INFO	[jepsen worker 1] jepsen.util: 16	:fail	:read	nil	:net-timeout
2024-07-02 18:16:43,615{GMT}	INFO	[jepsen worker 4] jepsen.util: 14	:fail	:read	nil	:net-timeout
2024-07-02 18:16:43,616{GMT}	INFO	[jepsen worker 3] jepsen.util: 8	:fail	:read	nil	:net-timeout
2024-07-02 18:16:43,615{GMT}	INFO	[jepsen worker 0] jepsen.util: 15	:fail	:read	nil	:net-timeout
2024-07-02 18:16:43,615{GMT}	INFO	[jepsen worker 2] jepsen.util: 12	:fail	:read	nil	:net-timeout
2024-07-02 18:16:43,793{GMT}	INFO	[jepsen test runner] jepsen.core: Run complete, writing
2024-07-02 18:16:43,964{GMT}	INFO	[jepsen node n0] maelstrom.db: Tearing down n0
2024-07-02 18:16:43,972{GMT}	INFO	[jepsen node n3] maelstrom.db: Tearing down n3
2024-07-02 18:16:43,989{GMT}	INFO	[jepsen node n1] maelstrom.db: Tearing down n1
2024-07-02 18:16:43,975{GMT}	INFO	[jepsen node n2] maelstrom.db: Tearing down n2
2024-07-02 18:16:44,000{GMT}	INFO	[jepsen node n4] maelstrom.db: Tearing down n4
2024-07-02 18:16:44,625{GMT}	INFO	[jepsen node n0] maelstrom.net: Shutting down Maelstrom network
2024-07-02 18:16:44,649{GMT}	WARN	[jepsen test runner] jepsen.core: Test crashed!
clojure.lang.ExceptionInfo: Node n3 crashed with exit status 2. Before crashing, it wrote to STDOUT:

{"src":"n3","dest":"c3","body":{"in_reply_to":1,"type":"init_ok"}}
{"src":"n3","dest":"c9","body":{"in_reply_to":1,"type":"topology_ok"}}
{"src":"n3","dest":"n0","body":{"message":1,"type":"second-order-broadcast"}}

And to STDERR:

2024/07/02 18:16:07 Received {c3 n3 {"type":"init","node_id":"n3","node_ids":["n0","n1","n2","n3","n4"],"msg_id":1}}
2024/07/02 18:16:07 Node n3 initialized
2024/07/02 18:16:07 Sent {"src":"n3","dest":"c3","body":{"in_reply_to":1,"type":"init_ok"}}
2024/07/02 18:16:07 Received {c9 n3 {"type":"topology","topology":{"n0":["n3","n1"],"n1":["n4","n2","n0"],"n2":["n1"],"n3":["n0","n4"],"n4":["n1","n3"]},"msg_id":1}}
2024/07/02 18:16:07 Sent {"src":"n3","dest":"c9","body":{"in_reply_to":1,"type":"topology_ok"}}
2024/07/02 18:16:07 Received {c12 n3 {"type":"broadcast","message":1,"msg_id":1}}
2024/07/02 18:16:07 Sent {"src":"n3","dest":"n0","body":{"message":1,"type":"second-order-broadcast"}}
panic: interface conversion: interface {} is float64, not string

goroutine 18 [running]:
main.secondOrderbroadcastMessageToNeighborNodes(0xc00007e000, 0xc0000765d0, 0xc000076150)
	/workspaces/Broadcast-System/broadcast-system/main.go:41 +0x49d
main.main.broadcast.func2({{0xc000104390, 0x3}, {0xc000104394, 0x2}, {0xc000128030, 0x2b, 0x30}})
	/workspaces/Broadcast-System/broadcast-system/main.go:25 +0xcb
github.com/jepsen-io/maelstrom/demo/go.(*Node).handleMessage(0xc00007e000, 0x0?, {{0xc000104390, 0x3}, {0xc000104394, 0x2}, {0xc000128030, 0x2b, 0x30}})
	/go/pkg/mod/github.com/jepsen-io/maelstrom/demo/go@v0.0.0-20240408130303-0186f398f965/node.go:151 +0x8d
github.com/jepsen-io/maelstrom/demo/go.(*Node).Run.func2()
	/go/pkg/mod/github.com/jepsen-io/maelstrom/demo/go@v0.0.0-20240408130303-0186f398f965/node.go:129 +0x7d
created by github.com/jepsen-io/maelstrom/demo/go.(*Node).Run in goroutine 1
	/go/pkg/mod/github.com/jepsen-io/maelstrom/demo/go@v0.0.0-20240408130303-0186f398f965/node.go:127 +0x4f8

Full STDERR logs are available in /workspaces/Broadcast-System/broadcast-system/maelstrom/store/broadcast/20240702T181604.615Z/node-logs/n3.log
	at slingshot.support$stack_trace.invoke(support.clj:201)
	at maelstrom.process$stop_node_BANG_.invokeStatic(process.clj:239)
	at maelstrom.process$stop_node_BANG_.invoke(process.clj:217)
	at maelstrom.db$db$reify__16142.teardown_BANG_(db.clj:75)
	at jepsen.db$fn__8744$G__8725__8748.invoke(db.clj:12)
	at jepsen.db$fn__8744$G__8724__8753.invoke(db.clj:12)
	at clojure.core$partial$fn__5908.invoke(core.clj:2642)
	at jepsen.control$on_nodes$fn__8599.invoke(control.clj:314)
	at clojure.lang.AFn.applyToHelper(AFn.java:154)
	at clojure.lang.AFn.applyTo(AFn.java:144)
	at clojure.core$apply.invokeStatic(core.clj:667)
	at clojure.core$with_bindings_STAR_.invokeStatic(core.clj:1990)
	at clojure.core$with_bindings_STAR_.doInvoke(core.clj:1990)
	at clojure.lang.RestFn.applyTo(RestFn.java:142)
	at clojure.core$apply.invokeStatic(core.clj:671)
	at clojure.core$bound_fn_STAR_$fn__5818.doInvoke(core.clj:2020)
	at clojure.lang.RestFn.invoke(RestFn.java:408)
	at dom_top.core$real_pmap_helper$build_thread__211$fn__212.invoke(core.clj:163)
	at clojure.lang.AFn.applyToHelper(AFn.java:152)
	at clojure.lang.AFn.applyTo(AFn.java:144)
	at clojure.core$apply.invokeStatic(core.clj:667)
	at clojure.core$with_bindings_STAR_.invokeStatic(core.clj:1990)
	at clojure.core$with_bindings_STAR_.doInvoke(core.clj:1990)
	at clojure.lang.RestFn.invoke(RestFn.java:425)
	at clojure.lang.AFn.applyToHelper(AFn.java:156)
	at clojure.lang.RestFn.applyTo(RestFn.java:132)
	at clojure.core$apply.invokeStatic(core.clj:671)
	at clojure.core$bound_fn_STAR_$fn__5818.doInvoke(core.clj:2020)
	at clojure.lang.RestFn.invoke(RestFn.java:397)
	at clojure.lang.AFn.run(AFn.java:22)
	at java.base/java.lang.Thread.run(Thread.java:829)
