2024-07-02 18:15:38,586{GMT}	INFO	[jepsen test runner] jepsen.core: Test version b3926f177e3be377c9798eaa8d8491acc2e57ecd (plus uncommitted changes)
2024-07-02 18:15:38,587{GMT}	INFO	[jepsen test runner] jepsen.core: Command line:
lein run test -w broadcast --bin /broadcast --node-count 5 --time-limit 20 --rate 10 --nemesis partition
2024-07-02 18:15:38,767{GMT}	INFO	[jepsen test runner] jepsen.core: Running test:
{:args []
 :remote
 #jepsen.control.retry.Remote{:remote #jepsen.control.scp.Remote{:cmd-remote #jepsen.control.sshj.SSHJRemote{:concurrency-limit 6,
                                                                                                             :conn-spec nil,
                                                                                                             :client nil,
                                                                                                             :semaphore nil},
                                                                 :conn-spec nil},
                              :conn nil}
 :log-net-send false
 :node-count 5
 :availability nil
 :max-txn-length 4
 :concurrency 5
 :db
 #object[maelstrom.db$db$reify__16142
         "0x41d1bcbd"
         "maelstrom.db$db$reify__16142@41d1bcbd"]
 :max-writes-per-key 16
 :leave-db-running? false
 :name "broadcast"
 :logging-json? false
 :start-time
 #object[org.joda.time.DateTime "0x24a696c0" "2024-07-02T18:15:38.541Z"]
 :nemesis-interval 10
 :net
 #object[maelstrom.net$jepsen_net$reify__15251
         "0x78fb4f7f"
         "maelstrom.net$jepsen_net$reify__15251@78fb4f7f"]
 :client
 #object[maelstrom.workload.broadcast$client$reify__16644
         "0x6a7c1725"
         "maelstrom.workload.broadcast$client$reify__16644@6a7c1725"]
 :barrier
 #object[java.util.concurrent.CyclicBarrier
         "0x756476a3"
         "java.util.concurrent.CyclicBarrier@756476a3"]
 :log-stderr false
 :pure-generators true
 :ssh {:dummy? true}
 :rate 10.0
 :checker
 #object[jepsen.checker$compose$reify__11881
         "0x65e4ee59"
         "jepsen.checker$compose$reify__11881@65e4ee59"]
 :argv
 ("test"
  "-w"
  "broadcast"
  "--bin"
  "/broadcast"
  "--node-count"
  "5"
  "--time-limit"
  "20"
  "--rate"
  "10"
  "--nemesis"
  "partition")
 :nemesis
 (jepsen.nemesis.ReflCompose
  {:fm {:start-partition 0,
        :stop-partition 0,
        :kill 1,
        :start 1,
        :pause 1,
        :resume 1},
   :nemeses [#unprintable "jepsen.nemesis.combined$partition_nemesis$reify__16416@4746d52d"
             #unprintable "jepsen.nemesis.combined$db_nemesis$reify__16397@4d0927df"]})
 :nodes ["n0" "n1" "n2" "n3" "n4"]
 :test-count 1
 :latency {:mean 0, :dist :constant}
 :bin "/broadcast"
 :generator
 ((jepsen.generator.Synchronize
   {:gen (jepsen.generator.TimeLimit
          {:limit 20000000000,
           :cutoff nil,
           :gen (jepsen.generator.Any
                 {:gens [(jepsen.generator.OnThreads
                          {:f #{:nemesis},
                           :context-filter #object[jepsen.generator.context$make_thread_filter$lazy_filter__9167
                                                   "0x7e86ff3b"
                                                   "jepsen.generator.context$make_thread_filter$lazy_filter__9167@7e86ff3b"],
                           :gen (jepsen.generator.Stagger
                                 {:dt 20000000000,
                                  :next-time nil,
                                  :gen (jepsen.generator.FlipFlop
                                        {:gens [#object[jepsen.nemesis.combined$partition_package$start__16420
                                                        "0x4936dca9"
                                                        "jepsen.nemesis.combined$partition_package$start__16420@4936dca9"]
                                                ({:type :info,
                                                  :f :stop-partition,
                                                  :value nil}
                                                 {:type :info,
                                                  :f :stop-partition,
                                                  :value nil}
                                                 {:type :info,
                                                  :f :stop-partition,
                                                  :value nil}
                                                 {:type :info,
                                                  :f :stop-partition,
                                                  :value nil}
                                                 {:type :info,
                                                  :f :stop-partition,
                                                  :value nil}
                                                 {:type :info,
                                                  :f :stop-partition,
                                                  :value nil}
                                                 {:type :info,
                                                  :f :stop-partition,
                                                  :value nil}
                                                 {:type :info,
                                                  :f :stop-partition,
                                                  :value nil}
                                                 ...)],
                                         :i 0})})})
                         (jepsen.generator.OnThreads
                          {:f #jepsen.generator.context.AllBut{:element :nemesis},
                           :context-filter #object[jepsen.generator.context$make_thread_filter$lazy_filter__9167
                                                   "0x56de370d"
                                                   "jepsen.generator.context$make_thread_filter$lazy_filter__9167@56de370d"],
                           :gen (jepsen.generator.Stagger
                                 {:dt 200000000,
                                  :next-time nil,
                                  :gen (jepsen.generator.Mix
                                        {:i 0,
                                         :gens [({:f :broadcast, :value 0}
                                                 {:f :broadcast, :value 1}
                                                 {:f :broadcast, :value 2}
                                                 {:f :broadcast, :value 3}
                                                 {:f :broadcast, :value 4}
                                                 {:f :broadcast, :value 5}
                                                 {:f :broadcast, :value 6}
                                                 {:f :broadcast, :value 7}
                                                 ...)
                                                ({:f :read}
                                                 {:f :read}
                                                 {:f :read}
                                                 {:f :read}
                                                 {:f :read}
                                                 {:f :read}
                                                 {:f :read}
                                                 {:f :read}
                                                 ...)]})})})]})})})
  (jepsen.generator.Synchronize
   {:gen (jepsen.generator.OnThreads
          {:f #{:nemesis},
           :context-filter #object[jepsen.generator.context$make_thread_filter$lazy_filter__9167
                                   "0x1f6865ca"
                                   "jepsen.generator.context$make_thread_filter$lazy_filter__9167@1f6865ca"],
           :gen ({:type :info, :f :stop-partition, :value nil})})})
  (jepsen.generator.Synchronize
   {:gen {:type :log, :value "Waiting for recovery..."}})
  (jepsen.generator.Synchronize {:gen {:type :sleep, :value 10}})
  (jepsen.generator.Synchronize
   {:gen (jepsen.generator.OnThreads
          {:f #jepsen.generator.context.AllBut{:element :nemesis},
           :context-filter #object[jepsen.generator.context$make_thread_filter$lazy_filter__9167
                                   "0x6044311a"
                                   "jepsen.generator.context$make_thread_filter$lazy_filter__9167@6044311a"],
           :gen (jepsen.generator.EachThread
                 {:fresh-gen {:f :read, :final? true},
                  :context-filters #object[clojure.core$promise$reify__8591
                                           "0x7416b560"
                                           {:status :pending, :val nil}],
                  :gens {}})})}))
 :log-net-recv false
 :os
 #object[maelstrom.net$jepsen_os$reify__15254
         "0x53d782b0"
         "maelstrom.net$jepsen_os$reify__15254@53d782b0"]
 :time-limit 20
 :workload :broadcast
 :consistency-models [:strict-serializable]
 :topology :grid}

2024-07-02 18:15:41,161{GMT}	INFO	[jepsen node n0] maelstrom.net: Starting Maelstrom network
2024-07-02 18:15:41,163{GMT}	INFO	[jepsen test runner] jepsen.db: Tearing down DB
2024-07-02 18:15:41,166{GMT}	INFO	[jepsen test runner] jepsen.db: Setting up DB
2024-07-02 18:15:41,169{GMT}	INFO	[jepsen node n1] maelstrom.db: Setting up n1
2024-07-02 18:15:41,171{GMT}	INFO	[jepsen node n4] maelstrom.db: Setting up n4
2024-07-02 18:15:41,169{GMT}	INFO	[jepsen node n3] maelstrom.db: Setting up n3
2024-07-02 18:15:41,174{GMT}	INFO	[jepsen node n1] maelstrom.process: launching /broadcast []
2024-07-02 18:15:41,180{GMT}	INFO	[jepsen node n0] maelstrom.service: Starting services: (lin-kv lin-tso lww-kv seq-kv)
2024-07-02 18:15:41,169{GMT}	INFO	[jepsen node n2] maelstrom.db: Setting up n2
2024-07-02 18:15:41,185{GMT}	INFO	[jepsen node n2] maelstrom.process: launching /broadcast []
2024-07-02 18:15:41,186{GMT}	INFO	[jepsen node n4] maelstrom.process: launching /broadcast []
2024-07-02 18:15:41,188{GMT}	INFO	[jepsen node n3] maelstrom.process: launching /broadcast []
2024-07-02 18:15:41,189{GMT}	INFO	[jepsen node n0] maelstrom.db: Setting up n0
2024-07-02 18:15:41,191{GMT}	INFO	[jepsen node n0] maelstrom.process: launching /broadcast []
2024-07-02 18:15:42,196{GMT}	INFO	[jepsen node n0] maelstrom.net: Shutting down Maelstrom network
2024-07-02 18:15:42,202{GMT}	WARN	[jepsen test runner] jepsen.core: Test crashed!
java.io.IOException: Cannot run program "/broadcast" (in directory "/tmp"): error=2, No such file or directory
	at java.base/java.lang.ProcessBuilder.start(ProcessBuilder.java:1128)
	at java.base/java.lang.ProcessBuilder.start(ProcessBuilder.java:1071)
	at maelstrom.process$start_node_BANG_.invokeStatic(process.clj:199)
	at maelstrom.process$start_node_BANG_.invoke(process.clj:168)
	at maelstrom.db$db$reify__16142.setup_BANG_(db.clj:34)
	at jepsen.db$fn__8729$G__8723__8733.invoke(db.clj:12)
	at jepsen.db$fn__8729$G__8722__8738.invoke(db.clj:12)
	at clojure.core$partial$fn__5908.invoke(core.clj:2642)
	at jepsen.control$on_nodes$fn__8599.invoke(control.clj:314)
	at clojure.lang.AFn.applyToHelper(AFn.java:154)
	at clojure.lang.AFn.applyTo(AFn.java:144)
	at clojure.core$apply.invokeStatic(core.clj:667)
	at clojure.core$with_bindings_STAR_.invokeStatic(core.clj:1990)
	at clojure.core$with_bindings_STAR_.doInvoke(core.clj:1990)
	at clojure.lang.RestFn.applyTo(RestFn.java:142)
	at clojure.core$apply.invokeStatic(core.clj:671)
	at clojure.core$bound_fn_STAR_$fn__5818.doInvoke(core.clj:2020)
	at clojure.lang.RestFn.invoke(RestFn.java:408)
	at dom_top.core$real_pmap_helper$build_thread__211$fn__212.invoke(core.clj:163)
	at clojure.lang.AFn.applyToHelper(AFn.java:152)
	at clojure.lang.AFn.applyTo(AFn.java:144)
	at clojure.core$apply.invokeStatic(core.clj:667)
	at clojure.core$with_bindings_STAR_.invokeStatic(core.clj:1990)
	at clojure.core$with_bindings_STAR_.doInvoke(core.clj:1990)
	at clojure.lang.RestFn.invoke(RestFn.java:425)
	at clojure.lang.AFn.applyToHelper(AFn.java:156)
	at clojure.lang.RestFn.applyTo(RestFn.java:132)
	at clojure.core$apply.invokeStatic(core.clj:671)
	at clojure.core$bound_fn_STAR_$fn__5818.doInvoke(core.clj:2020)
	at clojure.lang.RestFn.invoke(RestFn.java:397)
	at clojure.lang.AFn.run(AFn.java:22)
	at java.base/java.lang.Thread.run(Thread.java:829)
Caused by: java.io.IOException: error=2, No such file or directory
	at java.base/java.lang.ProcessImpl.forkAndExec(Native Method)
	at java.base/java.lang.ProcessImpl.<init>(ProcessImpl.java:340)
	at java.base/java.lang.ProcessImpl.start(ProcessImpl.java:271)
	at java.base/java.lang.ProcessBuilder.start(ProcessBuilder.java:1107)
	... 31 common frames omitted
