2024-05-27 19:37:14,246{GMT}	INFO	[jepsen test runner] jepsen.core: Test version 31744692f8b8b810776b22774484fed7774393df (plus uncommitted changes)
2024-05-27 19:37:14,247{GMT}	INFO	[jepsen test runner] jepsen.core: Command line:
lein run test -w broadcast --bin /go/bin/broadcast --node-count 5 --time-limit 20 --rate 10
2024-05-27 19:37:14,360{GMT}	INFO	[jepsen test runner] jepsen.core: Running test:
{:args []
 :remote
 #jepsen.control.retry.Remote{:remote #jepsen.control.scp.Remote{:cmd-remote #jepsen.control.sshj.SSHJRemote{:concurrency-limit 6,
                                                                                                             :conn-spec nil,
                                                                                                             :client nil,
                                                                                                             :semaphore nil},
                                                                 :conn-spec nil},
                              :conn nil}
 :log-net-send false
 :node-count 5
 :availability nil
 :max-txn-length 4
 :concurrency 5
 :db
 #object[maelstrom.db$db$reify__16142
         "0x36cc6055"
         "maelstrom.db$db$reify__16142@36cc6055"]
 :max-writes-per-key 16
 :leave-db-running? false
 :name "broadcast"
 :logging-json? false
 :start-time
 #object[org.joda.time.DateTime "0x685efb22" "2024-05-27T19:37:14.203Z"]
 :nemesis-interval 10
 :net
 #object[maelstrom.net$jepsen_net$reify__15251
         "0x24a696c0"
         "maelstrom.net$jepsen_net$reify__15251@24a696c0"]
 :client
 #object[maelstrom.workload.broadcast$client$reify__16644
         "0x78fb4f7f"
         "maelstrom.workload.broadcast$client$reify__16644@78fb4f7f"]
 :barrier
 #object[java.util.concurrent.CyclicBarrier
         "0x6a7c1725"
         "java.util.concurrent.CyclicBarrier@6a7c1725"]
 :log-stderr false
 :pure-generators true
 :ssh {:dummy? true}
 :rate 10.0
 :checker
 #object[jepsen.checker$compose$reify__11881
         "0x756476a3"
         "jepsen.checker$compose$reify__11881@756476a3"]
 :argv
 ("test"
  "-w"
  "broadcast"
  "--bin"
  "/go/bin/broadcast"
  "--node-count"
  "5"
  "--time-limit"
  "20"
  "--rate"
  "10")
 :nemesis
 (jepsen.nemesis.ReflCompose
  {:fm {:start-partition 0,
        :stop-partition 0,
        :kill 1,
        :start 1,
        :pause 1,
        :resume 1},
   :nemeses [#unprintable "jepsen.nemesis.combined$partition_nemesis$reify__16416@65e4ee59"
             #unprintable "jepsen.nemesis.combined$db_nemesis$reify__16397@4746d52d"]})
 :nodes ["n0" "n1" "n2" "n3" "n4"]
 :test-count 1
 :latency {:mean 0, :dist :constant}
 :bin "/go/bin/broadcast"
 :generator
 ((jepsen.generator.Synchronize
   {:gen (jepsen.generator.TimeLimit
          {:limit 20000000000,
           :cutoff nil,
           :gen (jepsen.generator.Any
                 {:gens [(jepsen.generator.OnThreads
                          {:f #{:nemesis},
                           :context-filter #object[jepsen.generator.context$make_thread_filter$lazy_filter__9167
                                                   "0x60877629"
                                                   "jepsen.generator.context$make_thread_filter$lazy_filter__9167@60877629"],
                           :gen nil})
                         (jepsen.generator.OnThreads
                          {:f #jepsen.generator.context.AllBut{:element :nemesis},
                           :context-filter #object[jepsen.generator.context$make_thread_filter$lazy_filter__9167
                                                   "0x7e86ff3b"
                                                   "jepsen.generator.context$make_thread_filter$lazy_filter__9167@7e86ff3b"],
                           :gen (jepsen.generator.Stagger
                                 {:dt 200000000,
                                  :next-time nil,
                                  :gen (jepsen.generator.Mix
                                        {:i 1,
                                         :gens [({:f :broadcast, :value 0}
                                                 {:f :broadcast, :value 1}
                                                 {:f :broadcast, :value 2}
                                                 {:f :broadcast, :value 3}
                                                 {:f :broadcast, :value 4}
                                                 {:f :broadcast, :value 5}
                                                 {:f :broadcast, :value 6}
                                                 {:f :broadcast, :value 7}
                                                 ...)
                                                ({:f :read}
                                                 {:f :read}
                                                 {:f :read}
                                                 {:f :read}
                                                 {:f :read}
                                                 {:f :read}
                                                 {:f :read}
                                                 {:f :read}
                                                 ...)]})})})]})})})
  (jepsen.generator.Synchronize
   {:gen (jepsen.generator.OnThreads
          {:f #{:nemesis},
           :context-filter #object[jepsen.generator.context$make_thread_filter$lazy_filter__9167
                                   "0xd332ebc"
                                   "jepsen.generator.context$make_thread_filter$lazy_filter__9167@d332ebc"],
           :gen ()})})
  (jepsen.generator.Synchronize
   {:gen {:type :log, :value "Waiting for recovery..."}})
  (jepsen.generator.Synchronize {:gen {:type :sleep, :value 10}})
  (jepsen.generator.Synchronize
   {:gen (jepsen.generator.OnThreads
          {:f #jepsen.generator.context.AllBut{:element :nemesis},
           :context-filter #object[jepsen.generator.context$make_thread_filter$lazy_filter__9167
                                   "0x56de370d"
                                   "jepsen.generator.context$make_thread_filter$lazy_filter__9167@56de370d"],
           :gen (jepsen.generator.EachThread
                 {:fresh-gen {:f :read, :final? true},
                  :context-filters #object[clojure.core$promise$reify__8591
                                           "0x1f6865ca"
                                           {:status :pending, :val nil}],
                  :gens {}})})}))
 :log-net-recv false
 :os
 #object[maelstrom.net$jepsen_os$reify__15254
         "0x6044311a"
         "maelstrom.net$jepsen_os$reify__15254@6044311a"]
 :time-limit 20
 :workload :broadcast
 :consistency-models [:strict-serializable]
 :topology :grid}

2024-05-27 19:37:16,819{GMT}	INFO	[jepsen node n0] maelstrom.net: Starting Maelstrom network
2024-05-27 19:37:16,820{GMT}	INFO	[jepsen test runner] jepsen.db: Tearing down DB
2024-05-27 19:37:16,828{GMT}	INFO	[jepsen test runner] jepsen.db: Setting up DB
2024-05-27 19:37:16,834{GMT}	INFO	[jepsen node n0] maelstrom.service: Starting services: (lin-kv lin-tso lww-kv seq-kv)
2024-05-27 19:37:16,840{GMT}	INFO	[jepsen node n1] maelstrom.db: Setting up n1
2024-05-27 19:37:16,841{GMT}	INFO	[jepsen node n1] maelstrom.process: launching /go/bin/broadcast []
2024-05-27 19:37:16,840{GMT}	INFO	[jepsen node n2] maelstrom.db: Setting up n2
2024-05-27 19:37:16,844{GMT}	INFO	[jepsen node n2] maelstrom.process: launching /go/bin/broadcast []
2024-05-27 19:37:16,850{GMT}	INFO	[jepsen node n0] maelstrom.db: Setting up n0
2024-05-27 19:37:16,851{GMT}	INFO	[jepsen node n0] maelstrom.process: launching /go/bin/broadcast []
2024-05-27 19:37:16,852{GMT}	INFO	[jepsen node n4] maelstrom.db: Setting up n4
2024-05-27 19:37:16,852{GMT}	INFO	[jepsen node n4] maelstrom.process: launching /go/bin/broadcast []
2024-05-27 19:37:16,867{GMT}	INFO	[jepsen node n3] maelstrom.db: Setting up n3
2024-05-27 19:37:16,868{GMT}	INFO	[jepsen node n3] maelstrom.process: launching /go/bin/broadcast []
2024-05-27 19:37:16,909{GMT}	INFO	[jepsen test runner] jepsen.core: Relative time begins now
2024-05-27 19:37:16,964{GMT}	INFO	[jepsen worker 0] jepsen.util: 0	:invoke	:read	nil
2024-05-27 19:37:16,968{GMT}	INFO	[jepsen worker 0] jepsen.util: 0	:ok	:read	nil
2024-05-27 19:37:17,047{GMT}	INFO	[jepsen worker 1] jepsen.util: 1	:invoke	:read	nil
2024-05-27 19:37:17,049{GMT}	INFO	[jepsen worker 2] jepsen.util: 2	:invoke	:broadcast	0
2024-05-27 19:37:17,051{GMT}	INFO	[jepsen worker 1] jepsen.util: 1	:ok	:read	nil
2024-05-27 19:37:17,052{GMT}	INFO	[jepsen worker 2] jepsen.util: 2	:ok	:broadcast	0
2024-05-27 19:37:17,151{GMT}	INFO	[jepsen worker 3] jepsen.util: 3	:invoke	:read	nil
2024-05-27 19:37:17,156{GMT}	INFO	[jepsen worker 3] jepsen.util: 3	:ok	:read	nil
2024-05-27 19:37:17,165{GMT}	INFO	[jepsen worker 4] jepsen.util: 4	:invoke	:broadcast	1
2024-05-27 19:37:17,168{GMT}	INFO	[jepsen worker 4] jepsen.util: 4	:ok	:broadcast	1
2024-05-27 19:37:17,214{GMT}	INFO	[jepsen worker 0] jepsen.util: 0	:invoke	:read	nil
2024-05-27 19:37:17,216{GMT}	INFO	[jepsen worker 0] jepsen.util: 0	:ok	:read	nil
2024-05-27 19:37:17,328{GMT}	INFO	[jepsen worker 0] jepsen.util: 0	:invoke	:broadcast	2
2024-05-27 19:37:17,330{GMT}	INFO	[jepsen worker 0] jepsen.util: 0	:ok	:broadcast	2
2024-05-27 19:37:17,522{GMT}	INFO	[jepsen worker 1] jepsen.util: 1	:invoke	:broadcast	3
2024-05-27 19:37:17,524{GMT}	INFO	[jepsen worker 1] jepsen.util: 1	:ok	:broadcast	3
2024-05-27 19:37:17,558{GMT}	INFO	[jepsen worker 2] jepsen.util: 2	:invoke	:broadcast	4
2024-05-27 19:37:17,562{GMT}	INFO	[jepsen worker 2] jepsen.util: 2	:ok	:broadcast	4
2024-05-27 19:37:17,672{GMT}	INFO	[jepsen worker 3] jepsen.util: 3	:invoke	:broadcast	5
2024-05-27 19:37:17,673{GMT}	INFO	[jepsen worker 3] jepsen.util: 3	:ok	:broadcast	5
2024-05-27 19:37:17,799{GMT}	INFO	[jepsen worker 4] jepsen.util: 4	:invoke	:read	nil
2024-05-27 19:37:17,802{GMT}	INFO	[jepsen worker 4] jepsen.util: 4	:ok	:read	[1]
2024-05-27 19:37:17,982{GMT}	INFO	[jepsen worker 0] jepsen.util: 0	:invoke	:broadcast	6
2024-05-27 19:37:17,983{GMT}	INFO	[jepsen worker 0] jepsen.util: 0	:ok	:broadcast	6
2024-05-27 19:37:18,095{GMT}	INFO	[jepsen worker 0] jepsen.util: 0	:invoke	:broadcast	7
2024-05-27 19:37:18,097{GMT}	INFO	[jepsen worker 0] jepsen.util: 0	:ok	:broadcast	7
2024-05-27 19:37:18,281{GMT}	INFO	[jepsen worker 1] jepsen.util: 1	:invoke	:broadcast	8
2024-05-27 19:37:18,284{GMT}	INFO	[jepsen worker 1] jepsen.util: 1	:ok	:broadcast	8
2024-05-27 19:37:18,420{GMT}	INFO	[jepsen worker 2] jepsen.util: 2	:invoke	:broadcast	9
2024-05-27 19:37:18,421{GMT}	INFO	[jepsen worker 2] jepsen.util: 2	:ok	:broadcast	9
2024-05-27 19:37:18,548{GMT}	INFO	[jepsen worker 3] jepsen.util: 3	:invoke	:broadcast	10
2024-05-27 19:37:18,549{GMT}	INFO	[jepsen worker 3] jepsen.util: 3	:ok	:broadcast	10
2024-05-27 19:37:18,715{GMT}	INFO	[jepsen worker 4] jepsen.util: 4	:invoke	:broadcast	11
2024-05-27 19:37:18,717{GMT}	INFO	[jepsen worker 4] jepsen.util: 4	:ok	:broadcast	11
2024-05-27 19:37:18,909{GMT}	INFO	[jepsen worker 0] jepsen.util: 0	:invoke	:broadcast	12
2024-05-27 19:37:18,911{GMT}	INFO	[jepsen worker 0] jepsen.util: 0	:ok	:broadcast	12
2024-05-27 19:37:19,070{GMT}	INFO	[jepsen worker 0] jepsen.util: 0	:invoke	:broadcast	13
2024-05-27 19:37:19,072{GMT}	INFO	[jepsen worker 0] jepsen.util: 0	:ok	:broadcast	13
2024-05-27 19:37:19,122{GMT}	INFO	[jepsen worker 1] jepsen.util: 1	:invoke	:broadcast	14
2024-05-27 19:37:19,124{GMT}	INFO	[jepsen worker 1] jepsen.util: 1	:ok	:broadcast	14
2024-05-27 19:37:19,207{GMT}	INFO	[jepsen worker 2] jepsen.util: 2	:invoke	:broadcast	15
2024-05-27 19:37:19,209{GMT}	INFO	[jepsen worker 2] jepsen.util: 2	:ok	:broadcast	15
2024-05-27 19:37:19,332{GMT}	INFO	[jepsen worker 3] jepsen.util: 3	:invoke	:read	nil
2024-05-27 19:37:19,334{GMT}	INFO	[jepsen worker 3] jepsen.util: 3	:ok	:read	[5 10]
2024-05-27 19:37:19,437{GMT}	INFO	[jepsen worker 4] jepsen.util: 4	:invoke	:broadcast	16
2024-05-27 19:37:19,439{GMT}	INFO	[jepsen worker 4] jepsen.util: 4	:ok	:broadcast	16
2024-05-27 19:37:19,628{GMT}	INFO	[jepsen worker 0] jepsen.util: 0	:invoke	:read	nil
2024-05-27 19:37:19,630{GMT}	INFO	[jepsen worker 0] jepsen.util: 0	:ok	:read	[2 6 7 12 13]
2024-05-27 19:37:19,651{GMT}	INFO	[jepsen worker 0] jepsen.util: 0	:invoke	:broadcast	17
2024-05-27 19:37:19,653{GMT}	INFO	[jepsen worker 0] jepsen.util: 0	:ok	:broadcast	17
2024-05-27 19:37:19,821{GMT}	INFO	[jepsen worker 1] jepsen.util: 1	:invoke	:broadcast	18
2024-05-27 19:37:19,823{GMT}	INFO	[jepsen worker 1] jepsen.util: 1	:ok	:broadcast	18
2024-05-27 19:37:19,916{GMT}	INFO	[jepsen worker 2] jepsen.util: 2	:invoke	:broadcast	19
2024-05-27 19:37:19,918{GMT}	INFO	[jepsen worker 2] jepsen.util: 2	:ok	:broadcast	19
2024-05-27 19:37:20,034{GMT}	INFO	[jepsen worker 3] jepsen.util: 3	:invoke	:broadcast	20
2024-05-27 19:37:20,036{GMT}	INFO	[jepsen worker 3] jepsen.util: 3	:ok	:broadcast	20
2024-05-27 19:37:20,102{GMT}	INFO	[jepsen worker 4] jepsen.util: 4	:invoke	:read	nil
2024-05-27 19:37:20,104{GMT}	INFO	[jepsen worker 4] jepsen.util: 4	:ok	:read	[1 11 16]
2024-05-27 19:37:20,184{GMT}	INFO	[jepsen worker 0] jepsen.util: 0	:invoke	:broadcast	21
2024-05-27 19:37:20,185{GMT}	INFO	[jepsen worker 0] jepsen.util: 0	:ok	:broadcast	21
2024-05-27 19:37:20,200{GMT}	INFO	[jepsen worker 0] jepsen.util: 0	:invoke	:broadcast	22
2024-05-27 19:37:20,202{GMT}	INFO	[jepsen worker 0] jepsen.util: 0	:ok	:broadcast	22
2024-05-27 19:37:20,248{GMT}	INFO	[jepsen worker 1] jepsen.util: 1	:invoke	:read	nil
2024-05-27 19:37:20,250{GMT}	INFO	[jepsen worker 1] jepsen.util: 1	:ok	:read	[3 8 14 18]
2024-05-27 19:37:20,441{GMT}	INFO	[jepsen worker 2] jepsen.util: 2	:invoke	:read	nil
2024-05-27 19:37:20,443{GMT}	INFO	[jepsen worker 2] jepsen.util: 2	:ok	:read	[0 4 9 15 19]
2024-05-27 19:37:20,493{GMT}	INFO	[jepsen worker 3] jepsen.util: 3	:invoke	:read	nil
2024-05-27 19:37:20,494{GMT}	INFO	[jepsen worker 3] jepsen.util: 3	:ok	:read	[5 10 20]
2024-05-27 19:37:20,504{GMT}	INFO	[jepsen worker 4] jepsen.util: 4	:invoke	:broadcast	23
2024-05-27 19:37:20,505{GMT}	INFO	[jepsen worker 4] jepsen.util: 4	:ok	:broadcast	23
2024-05-27 19:37:20,572{GMT}	INFO	[jepsen worker 0] jepsen.util: 0	:invoke	:read	nil
2024-05-27 19:37:20,574{GMT}	INFO	[jepsen worker 0] jepsen.util: 0	:ok	:read	[2 6 7 12 13 17 21 22]
2024-05-27 19:37:20,640{GMT}	INFO	[jepsen worker 0] jepsen.util: 0	:invoke	:broadcast	24
2024-05-27 19:37:20,642{GMT}	INFO	[jepsen worker 0] jepsen.util: 0	:ok	:broadcast	24
2024-05-27 19:37:20,819{GMT}	INFO	[jepsen worker 1] jepsen.util: 1	:invoke	:broadcast	25
2024-05-27 19:37:20,820{GMT}	INFO	[jepsen worker 1] jepsen.util: 1	:ok	:broadcast	25
2024-05-27 19:37:20,914{GMT}	INFO	[jepsen worker 2] jepsen.util: 2	:invoke	:read	nil
2024-05-27 19:37:20,916{GMT}	INFO	[jepsen worker 2] jepsen.util: 2	:ok	:read	[0 4 9 15 19]
2024-05-27 19:37:21,042{GMT}	INFO	[jepsen worker 3] jepsen.util: 3	:invoke	:broadcast	26
2024-05-27 19:37:21,044{GMT}	INFO	[jepsen worker 3] jepsen.util: 3	:ok	:broadcast	26
2024-05-27 19:37:21,177{GMT}	INFO	[jepsen worker 4] jepsen.util: 4	:invoke	:read	nil
2024-05-27 19:37:21,178{GMT}	INFO	[jepsen worker 4] jepsen.util: 4	:ok	:read	[1 11 16 23]
2024-05-27 19:37:21,338{GMT}	INFO	[jepsen worker 0] jepsen.util: 0	:invoke	:broadcast	27
2024-05-27 19:37:21,339{GMT}	INFO	[jepsen worker 0] jepsen.util: 0	:ok	:broadcast	27
2024-05-27 19:37:21,507{GMT}	INFO	[jepsen worker 0] jepsen.util: 0	:invoke	:broadcast	28
2024-05-27 19:37:21,508{GMT}	INFO	[jepsen worker 0] jepsen.util: 0	:ok	:broadcast	28
2024-05-27 19:37:21,582{GMT}	INFO	[jepsen worker 1] jepsen.util: 1	:invoke	:broadcast	29
2024-05-27 19:37:21,584{GMT}	INFO	[jepsen worker 1] jepsen.util: 1	:ok	:broadcast	29
2024-05-27 19:37:21,730{GMT}	INFO	[jepsen worker 2] jepsen.util: 2	:invoke	:broadcast	30
2024-05-27 19:37:21,731{GMT}	INFO	[jepsen worker 2] jepsen.util: 2	:ok	:broadcast	30
2024-05-27 19:37:21,819{GMT}	INFO	[jepsen worker 3] jepsen.util: 3	:invoke	:read	nil
2024-05-27 19:37:21,820{GMT}	INFO	[jepsen worker 3] jepsen.util: 3	:ok	:read	[5 10 20 26]
2024-05-27 19:37:21,867{GMT}	INFO	[jepsen worker 4] jepsen.util: 4	:invoke	:broadcast	31
2024-05-27 19:37:21,868{GMT}	INFO	[jepsen worker 4] jepsen.util: 4	:ok	:broadcast	31
2024-05-27 19:37:21,956{GMT}	INFO	[jepsen worker 0] jepsen.util: 0	:invoke	:broadcast	32
2024-05-27 19:37:21,958{GMT}	INFO	[jepsen worker 0] jepsen.util: 0	:ok	:broadcast	32
2024-05-27 19:37:22,032{GMT}	INFO	[jepsen worker 0] jepsen.util: 0	:invoke	:read	nil
2024-05-27 19:37:22,034{GMT}	INFO	[jepsen worker 0] jepsen.util: 0	:ok	:read	[2 6 7 12 13 17 21 22 24 27 28 32]
2024-05-27 19:37:22,195{GMT}	INFO	[jepsen worker 1] jepsen.util: 1	:invoke	:read	nil
2024-05-27 19:37:22,197{GMT}	INFO	[jepsen worker 1] jepsen.util: 1	:ok	:read	[3 8 14 18 25 29]
2024-05-27 19:37:22,392{GMT}	INFO	[jepsen worker 2] jepsen.util: 2	:invoke	:read	nil
2024-05-27 19:37:22,394{GMT}	INFO	[jepsen worker 2] jepsen.util: 2	:ok	:read	[0 4 9 15 19 30]
2024-05-27 19:37:22,550{GMT}	INFO	[jepsen worker 3] jepsen.util: 3	:invoke	:broadcast	33
2024-05-27 19:37:22,552{GMT}	INFO	[jepsen worker 3] jepsen.util: 3	:ok	:broadcast	33
2024-05-27 19:37:22,741{GMT}	INFO	[jepsen worker 4] jepsen.util: 4	:invoke	:broadcast	34
2024-05-27 19:37:22,743{GMT}	INFO	[jepsen worker 4] jepsen.util: 4	:ok	:broadcast	34
2024-05-27 19:37:22,761{GMT}	INFO	[jepsen worker 0] jepsen.util: 0	:invoke	:read	nil
2024-05-27 19:37:22,762{GMT}	INFO	[jepsen worker 0] jepsen.util: 0	:ok	:read	[2 6 7 12 13 17 21 22 24 27 28 32]
2024-05-27 19:37:22,792{GMT}	INFO	[jepsen worker 0] jepsen.util: 0	:invoke	:broadcast	35
2024-05-27 19:37:22,793{GMT}	INFO	[jepsen worker 0] jepsen.util: 0	:ok	:broadcast	35
2024-05-27 19:37:22,895{GMT}	INFO	[jepsen worker 1] jepsen.util: 1	:invoke	:read	nil
2024-05-27 19:37:22,898{GMT}	INFO	[jepsen worker 1] jepsen.util: 1	:ok	:read	[3 8 14 18 25 29]
2024-05-27 19:37:23,057{GMT}	INFO	[jepsen worker 2] jepsen.util: 2	:invoke	:read	nil
2024-05-27 19:37:23,058{GMT}	INFO	[jepsen worker 2] jepsen.util: 2	:ok	:read	[0 4 9 15 19 30]
2024-05-27 19:37:23,118{GMT}	INFO	[jepsen worker 3] jepsen.util: 3	:invoke	:read	nil
2024-05-27 19:37:23,120{GMT}	INFO	[jepsen worker 3] jepsen.util: 3	:ok	:read	[5 10 20 26 33]
2024-05-27 19:37:23,199{GMT}	INFO	[jepsen worker 4] jepsen.util: 4	:invoke	:read	nil
2024-05-27 19:37:23,200{GMT}	INFO	[jepsen worker 4] jepsen.util: 4	:ok	:read	[1 11 16 23 31 34]
2024-05-27 19:37:23,307{GMT}	INFO	[jepsen worker 0] jepsen.util: 0	:invoke	:read	nil
2024-05-27 19:37:23,308{GMT}	INFO	[jepsen worker 0] jepsen.util: 0	:ok	:read	[2 6 7 12 13 17 21 22 24 27 28 32 35]
2024-05-27 19:37:23,430{GMT}	INFO	[jepsen worker 0] jepsen.util: 0	:invoke	:read	nil
2024-05-27 19:37:23,431{GMT}	INFO	[jepsen worker 0] jepsen.util: 0	:ok	:read	[2 6 7 12 13 17 21 22 24 27 28 32 35]
2024-05-27 19:37:23,575{GMT}	INFO	[jepsen worker 1] jepsen.util: 1	:invoke	:broadcast	36
2024-05-27 19:37:23,577{GMT}	INFO	[jepsen worker 1] jepsen.util: 1	:ok	:broadcast	36
2024-05-27 19:37:23,727{GMT}	INFO	[jepsen worker 2] jepsen.util: 2	:invoke	:read	nil
2024-05-27 19:37:23,729{GMT}	INFO	[jepsen worker 2] jepsen.util: 2	:ok	:read	[0 4 9 15 19 30]
2024-05-27 19:37:23,774{GMT}	INFO	[jepsen worker 3] jepsen.util: 3	:invoke	:broadcast	37
2024-05-27 19:37:23,776{GMT}	INFO	[jepsen worker 3] jepsen.util: 3	:ok	:broadcast	37
2024-05-27 19:37:23,836{GMT}	INFO	[jepsen worker 4] jepsen.util: 4	:invoke	:read	nil
2024-05-27 19:37:23,838{GMT}	INFO	[jepsen worker 4] jepsen.util: 4	:ok	:read	[1 11 16 23 31 34]
2024-05-27 19:37:24,035{GMT}	INFO	[jepsen worker 0] jepsen.util: 0	:invoke	:read	nil
2024-05-27 19:37:24,037{GMT}	INFO	[jepsen worker 0] jepsen.util: 0	:ok	:read	[2 6 7 12 13 17 21 22 24 27 28 32 35]
2024-05-27 19:37:24,212{GMT}	INFO	[jepsen worker 0] jepsen.util: 0	:invoke	:read	nil
2024-05-27 19:37:24,213{GMT}	INFO	[jepsen worker 0] jepsen.util: 0	:ok	:read	[2 6 7 12 13 17 21 22 24 27 28 32 35]
2024-05-27 19:37:24,406{GMT}	INFO	[jepsen worker 1] jepsen.util: 1	:invoke	:broadcast	38
2024-05-27 19:37:24,407{GMT}	INFO	[jepsen worker 1] jepsen.util: 1	:ok	:broadcast	38
2024-05-27 19:37:24,477{GMT}	INFO	[jepsen worker 2] jepsen.util: 2	:invoke	:read	nil
2024-05-27 19:37:24,479{GMT}	INFO	[jepsen worker 2] jepsen.util: 2	:ok	:read	[0 4 9 15 19 30]
2024-05-27 19:37:24,668{GMT}	INFO	[jepsen worker 3] jepsen.util: 3	:invoke	:read	nil
2024-05-27 19:37:24,670{GMT}	INFO	[jepsen worker 3] jepsen.util: 3	:ok	:read	[5 10 20 26 33 37]
2024-05-27 19:37:24,756{GMT}	INFO	[jepsen worker 4] jepsen.util: 4	:invoke	:read	nil
2024-05-27 19:37:24,757{GMT}	INFO	[jepsen worker 4] jepsen.util: 4	:ok	:read	[1 11 16 23 31 34]
2024-05-27 19:37:24,775{GMT}	INFO	[jepsen worker 0] jepsen.util: 0	:invoke	:read	nil
2024-05-27 19:37:24,776{GMT}	INFO	[jepsen worker 0] jepsen.util: 0	:ok	:read	[2 6 7 12 13 17 21 22 24 27 28 32 35]
2024-05-27 19:37:24,835{GMT}	INFO	[jepsen worker 0] jepsen.util: 0	:invoke	:broadcast	39
2024-05-27 19:37:24,836{GMT}	INFO	[jepsen worker 0] jepsen.util: 0	:ok	:broadcast	39
2024-05-27 19:37:24,986{GMT}	INFO	[jepsen worker 1] jepsen.util: 1	:invoke	:broadcast	40
2024-05-27 19:37:24,987{GMT}	INFO	[jepsen worker 1] jepsen.util: 1	:ok	:broadcast	40
2024-05-27 19:37:25,140{GMT}	INFO	[jepsen worker 2] jepsen.util: 2	:invoke	:broadcast	41
2024-05-27 19:37:25,141{GMT}	INFO	[jepsen worker 2] jepsen.util: 2	:ok	:broadcast	41
2024-05-27 19:37:25,168{GMT}	INFO	[jepsen worker 3] jepsen.util: 3	:invoke	:read	nil
2024-05-27 19:37:25,170{GMT}	INFO	[jepsen worker 3] jepsen.util: 3	:ok	:read	[5 10 20 26 33 37]
2024-05-27 19:37:25,271{GMT}	INFO	[jepsen worker 4] jepsen.util: 4	:invoke	:read	nil
2024-05-27 19:37:25,273{GMT}	INFO	[jepsen worker 4] jepsen.util: 4	:ok	:read	[1 11 16 23 31 34]
2024-05-27 19:37:25,310{GMT}	INFO	[jepsen worker 0] jepsen.util: 0	:invoke	:read	nil
2024-05-27 19:37:25,312{GMT}	INFO	[jepsen worker 0] jepsen.util: 0	:ok	:read	[2 6 7 12 13 17 21 22 24 27 28 32 35 39]
2024-05-27 19:37:25,471{GMT}	INFO	[jepsen worker 0] jepsen.util: 0	:invoke	:broadcast	42
2024-05-27 19:37:25,473{GMT}	INFO	[jepsen worker 0] jepsen.util: 0	:ok	:broadcast	42
2024-05-27 19:37:25,534{GMT}	INFO	[jepsen worker 1] jepsen.util: 1	:invoke	:broadcast	43
2024-05-27 19:37:25,536{GMT}	INFO	[jepsen worker 1] jepsen.util: 1	:ok	:broadcast	43
2024-05-27 19:37:25,587{GMT}	INFO	[jepsen worker 2] jepsen.util: 2	:invoke	:broadcast	44
2024-05-27 19:37:25,589{GMT}	INFO	[jepsen worker 2] jepsen.util: 2	:ok	:broadcast	44
2024-05-27 19:37:25,648{GMT}	INFO	[jepsen worker 3] jepsen.util: 3	:invoke	:read	nil
2024-05-27 19:37:25,650{GMT}	INFO	[jepsen worker 3] jepsen.util: 3	:ok	:read	[5 10 20 26 33 37]
2024-05-27 19:37:25,691{GMT}	INFO	[jepsen worker 4] jepsen.util: 4	:invoke	:read	nil
2024-05-27 19:37:25,692{GMT}	INFO	[jepsen worker 4] jepsen.util: 4	:ok	:read	[1 11 16 23 31 34]
2024-05-27 19:37:25,728{GMT}	INFO	[jepsen worker 0] jepsen.util: 0	:invoke	:broadcast	45
2024-05-27 19:37:25,729{GMT}	INFO	[jepsen worker 0] jepsen.util: 0	:ok	:broadcast	45
2024-05-27 19:37:25,924{GMT}	INFO	[jepsen worker 0] jepsen.util: 0	:invoke	:broadcast	46
2024-05-27 19:37:25,926{GMT}	INFO	[jepsen worker 0] jepsen.util: 0	:ok	:broadcast	46
2024-05-27 19:37:26,093{GMT}	INFO	[jepsen worker 1] jepsen.util: 1	:invoke	:read	nil
2024-05-27 19:37:26,095{GMT}	INFO	[jepsen worker 1] jepsen.util: 1	:ok	:read	[3 8 14 18 25 29 36 38 40 43]
2024-05-27 19:37:26,183{GMT}	INFO	[jepsen worker 2] jepsen.util: 2	:invoke	:broadcast	47
2024-05-27 19:37:26,185{GMT}	INFO	[jepsen worker 2] jepsen.util: 2	:ok	:broadcast	47
2024-05-27 19:37:26,330{GMT}	INFO	[jepsen worker 3] jepsen.util: 3	:invoke	:broadcast	48
2024-05-27 19:37:26,331{GMT}	INFO	[jepsen worker 3] jepsen.util: 3	:ok	:broadcast	48
2024-05-27 19:37:26,491{GMT}	INFO	[jepsen worker 4] jepsen.util: 4	:invoke	:read	nil
2024-05-27 19:37:26,493{GMT}	INFO	[jepsen worker 4] jepsen.util: 4	:ok	:read	[1 11 16 23 31 34]
2024-05-27 19:37:26,505{GMT}	INFO	[jepsen worker 0] jepsen.util: 0	:invoke	:read	nil
2024-05-27 19:37:26,506{GMT}	INFO	[jepsen worker 0] jepsen.util: 0	:ok	:read	[2 6 7 12 13 17 21 22 24 27 28 32 35 39 42 45 46]
2024-05-27 19:37:26,606{GMT}	INFO	[jepsen worker 0] jepsen.util: 0	:invoke	:broadcast	49
2024-05-27 19:37:26,607{GMT}	INFO	[jepsen worker 0] jepsen.util: 0	:ok	:broadcast	49
2024-05-27 19:37:26,697{GMT}	INFO	[jepsen worker 1] jepsen.util: 1	:invoke	:read	nil
2024-05-27 19:37:26,698{GMT}	INFO	[jepsen worker 1] jepsen.util: 1	:ok	:read	[3 8 14 18 25 29 36 38 40 43]
2024-05-27 19:37:26,788{GMT}	INFO	[jepsen worker 2] jepsen.util: 2	:invoke	:broadcast	50
2024-05-27 19:37:26,789{GMT}	INFO	[jepsen worker 2] jepsen.util: 2	:ok	:broadcast	50
2024-05-27 19:37:26,882{GMT}	INFO	[jepsen worker 3] jepsen.util: 3	:invoke	:read	nil
2024-05-27 19:37:26,883{GMT}	INFO	[jepsen worker 3] jepsen.util: 3	:ok	:read	[5 10 20 26 33 37 48]
2024-05-27 19:37:26,913{GMT}	INFO	[jepsen worker 4] jepsen.util: 4	:invoke	:broadcast	51
2024-05-27 19:37:26,914{GMT}	INFO	[jepsen worker 4] jepsen.util: 4	:ok	:broadcast	51
2024-05-27 19:37:27,011{GMT}	INFO	[jepsen worker 0] jepsen.util: 0	:invoke	:read	nil
2024-05-27 19:37:27,013{GMT}	INFO	[jepsen worker 0] jepsen.util: 0	:ok	:read	[2 6 7 12 13 17 21 22 24 27 28 32 35 39 42 45 46 49]
2024-05-27 19:37:27,113{GMT}	INFO	[jepsen worker 0] jepsen.util: 0	:invoke	:broadcast	52
2024-05-27 19:37:27,116{GMT}	INFO	[jepsen worker 0] jepsen.util: 0	:ok	:broadcast	52
2024-05-27 19:37:27,312{GMT}	INFO	[jepsen worker 1] jepsen.util: 1	:invoke	:read	nil
2024-05-27 19:37:27,313{GMT}	INFO	[jepsen worker 1] jepsen.util: 1	:ok	:read	[3 8 14 18 25 29 36 38 40 43]
2024-05-27 19:37:27,397{GMT}	INFO	[jepsen worker 2] jepsen.util: 2	:invoke	:broadcast	53
2024-05-27 19:37:27,398{GMT}	INFO	[jepsen worker 2] jepsen.util: 2	:ok	:broadcast	53
2024-05-27 19:37:27,508{GMT}	INFO	[jepsen worker 3] jepsen.util: 3	:invoke	:broadcast	54
2024-05-27 19:37:27,510{GMT}	INFO	[jepsen worker 3] jepsen.util: 3	:ok	:broadcast	54
2024-05-27 19:37:27,580{GMT}	INFO	[jepsen worker 4] jepsen.util: 4	:invoke	:read	nil
2024-05-27 19:37:27,581{GMT}	INFO	[jepsen worker 4] jepsen.util: 4	:ok	:read	[1 11 16 23 31 34 51]
2024-05-27 19:37:27,608{GMT}	INFO	[jepsen worker 0] jepsen.util: 0	:invoke	:broadcast	55
2024-05-27 19:37:27,610{GMT}	INFO	[jepsen worker 0] jepsen.util: 0	:ok	:broadcast	55
2024-05-27 19:37:27,672{GMT}	INFO	[jepsen worker 0] jepsen.util: 0	:invoke	:broadcast	56
2024-05-27 19:37:27,674{GMT}	INFO	[jepsen worker 0] jepsen.util: 0	:ok	:broadcast	56
2024-05-27 19:37:27,855{GMT}	INFO	[jepsen worker 1] jepsen.util: 1	:invoke	:read	nil
2024-05-27 19:37:27,858{GMT}	INFO	[jepsen worker 1] jepsen.util: 1	:ok	:read	[3 8 14 18 25 29 36 38 40 43]
2024-05-27 19:37:28,008{GMT}	INFO	[jepsen worker 2] jepsen.util: 2	:invoke	:read	nil
2024-05-27 19:37:28,010{GMT}	INFO	[jepsen worker 2] jepsen.util: 2	:ok	:read	[0 4 9 15 19 30 41 44 47 50 53]
2024-05-27 19:37:28,066{GMT}	INFO	[jepsen worker 3] jepsen.util: 3	:invoke	:broadcast	57
2024-05-27 19:37:28,068{GMT}	INFO	[jepsen worker 3] jepsen.util: 3	:ok	:broadcast	57
2024-05-27 19:37:28,246{GMT}	INFO	[jepsen worker 4] jepsen.util: 4	:invoke	:read	nil
2024-05-27 19:37:28,248{GMT}	INFO	[jepsen worker 4] jepsen.util: 4	:ok	:read	[1 11 16 23 31 34 51]
2024-05-27 19:37:28,379{GMT}	INFO	[jepsen worker 0] jepsen.util: 0	:invoke	:broadcast	58
2024-05-27 19:37:28,380{GMT}	INFO	[jepsen worker 0] jepsen.util: 0	:ok	:broadcast	58
2024-05-27 19:37:28,550{GMT}	INFO	[jepsen worker 0] jepsen.util: 0	:invoke	:broadcast	59
2024-05-27 19:37:28,552{GMT}	INFO	[jepsen worker 0] jepsen.util: 0	:ok	:broadcast	59
2024-05-27 19:37:28,596{GMT}	INFO	[jepsen worker 1] jepsen.util: 1	:invoke	:read	nil
2024-05-27 19:37:28,597{GMT}	INFO	[jepsen worker 1] jepsen.util: 1	:ok	:read	[3 8 14 18 25 29 36 38 40 43]
2024-05-27 19:37:28,670{GMT}	INFO	[jepsen worker 2] jepsen.util: 2	:invoke	:read	nil
2024-05-27 19:37:28,672{GMT}	INFO	[jepsen worker 2] jepsen.util: 2	:ok	:read	[0 4 9 15 19 30 41 44 47 50 53]
2024-05-27 19:37:28,768{GMT}	INFO	[jepsen worker 3] jepsen.util: 3	:invoke	:broadcast	60
2024-05-27 19:37:28,770{GMT}	INFO	[jepsen worker 3] jepsen.util: 3	:ok	:broadcast	60
2024-05-27 19:37:28,826{GMT}	INFO	[jepsen worker 4] jepsen.util: 4	:invoke	:broadcast	61
2024-05-27 19:37:28,828{GMT}	INFO	[jepsen worker 4] jepsen.util: 4	:ok	:broadcast	61
2024-05-27 19:37:29,022{GMT}	INFO	[jepsen worker 0] jepsen.util: 0	:invoke	:broadcast	62
2024-05-27 19:37:29,023{GMT}	INFO	[jepsen worker 0] jepsen.util: 0	:ok	:broadcast	62
2024-05-27 19:37:29,124{GMT}	INFO	[jepsen worker 0] jepsen.util: 0	:invoke	:broadcast	63
2024-05-27 19:37:29,125{GMT}	INFO	[jepsen worker 0] jepsen.util: 0	:ok	:broadcast	63
2024-05-27 19:37:29,232{GMT}	INFO	[jepsen worker 1] jepsen.util: 1	:invoke	:broadcast	64
2024-05-27 19:37:29,234{GMT}	INFO	[jepsen worker 1] jepsen.util: 1	:ok	:broadcast	64
2024-05-27 19:37:29,398{GMT}	INFO	[jepsen worker 2] jepsen.util: 2	:invoke	:broadcast	65
2024-05-27 19:37:29,399{GMT}	INFO	[jepsen worker 2] jepsen.util: 2	:ok	:broadcast	65
2024-05-27 19:37:29,574{GMT}	INFO	[jepsen worker 3] jepsen.util: 3	:invoke	:read	nil
2024-05-27 19:37:29,576{GMT}	INFO	[jepsen worker 3] jepsen.util: 3	:ok	:read	[5 10 20 26 33 37 48 54 57 60]
2024-05-27 19:37:29,620{GMT}	INFO	[jepsen worker 4] jepsen.util: 4	:invoke	:broadcast	66
2024-05-27 19:37:29,622{GMT}	INFO	[jepsen worker 4] jepsen.util: 4	:ok	:broadcast	66
2024-05-27 19:37:29,753{GMT}	INFO	[jepsen worker 0] jepsen.util: 0	:invoke	:read	nil
2024-05-27 19:37:29,756{GMT}	INFO	[jepsen worker 0] jepsen.util: 0	:ok	:read	[2 6 7 12 13 17 21 22 24 27 28 32 35 39 42 45 46 49 52 55 56 58 59 62 63]
2024-05-27 19:37:29,762{GMT}	INFO	[jepsen worker 0] jepsen.util: 0	:invoke	:read	nil
2024-05-27 19:37:29,763{GMT}	INFO	[jepsen worker 0] jepsen.util: 0	:ok	:read	[2 6 7 12 13 17 21 22 24 27 28 32 35 39 42 45 46 49 52 55 56 58 59 62 63]
2024-05-27 19:37:29,937{GMT}	INFO	[jepsen worker 1] jepsen.util: 1	:invoke	:broadcast	67
2024-05-27 19:37:29,938{GMT}	INFO	[jepsen worker 1] jepsen.util: 1	:ok	:broadcast	67
2024-05-27 19:37:30,042{GMT}	INFO	[jepsen worker 2] jepsen.util: 2	:invoke	:read	nil
2024-05-27 19:37:30,043{GMT}	INFO	[jepsen worker 2] jepsen.util: 2	:ok	:read	[0 4 9 15 19 30 41 44 47 50 53 65]
2024-05-27 19:37:30,200{GMT}	INFO	[jepsen worker 3] jepsen.util: 3	:invoke	:read	nil
2024-05-27 19:37:30,201{GMT}	INFO	[jepsen worker 3] jepsen.util: 3	:ok	:read	[5 10 20 26 33 37 48 54 57 60]
2024-05-27 19:37:30,270{GMT}	INFO	[jepsen worker 4] jepsen.util: 4	:invoke	:broadcast	68
2024-05-27 19:37:30,271{GMT}	INFO	[jepsen worker 4] jepsen.util: 4	:ok	:broadcast	68
2024-05-27 19:37:30,289{GMT}	INFO	[jepsen worker 0] jepsen.util: 0	:invoke	:read	nil
2024-05-27 19:37:30,290{GMT}	INFO	[jepsen worker 0] jepsen.util: 0	:ok	:read	[2 6 7 12 13 17 21 22 24 27 28 32 35 39 42 45 46 49 52 55 56 58 59 62 63]
2024-05-27 19:37:30,394{GMT}	INFO	[jepsen worker 0] jepsen.util: 0	:invoke	:broadcast	69
2024-05-27 19:37:30,395{GMT}	INFO	[jepsen worker 0] jepsen.util: 0	:ok	:broadcast	69
2024-05-27 19:37:30,532{GMT}	INFO	[jepsen worker 1] jepsen.util: 1	:invoke	:read	nil
2024-05-27 19:37:30,533{GMT}	INFO	[jepsen worker 1] jepsen.util: 1	:ok	:read	[3 8 14 18 25 29 36 38 40 43 64 67]
2024-05-27 19:37:30,576{GMT}	INFO	[jepsen worker 2] jepsen.util: 2	:invoke	:broadcast	70
2024-05-27 19:37:30,577{GMT}	INFO	[jepsen worker 2] jepsen.util: 2	:ok	:broadcast	70
2024-05-27 19:37:30,706{GMT}	INFO	[jepsen worker 3] jepsen.util: 3	:invoke	:read	nil
2024-05-27 19:37:30,707{GMT}	INFO	[jepsen worker 3] jepsen.util: 3	:ok	:read	[5 10 20 26 33 37 48 54 57 60]
2024-05-27 19:37:30,895{GMT}	INFO	[jepsen worker 4] jepsen.util: 4	:invoke	:read	nil
2024-05-27 19:37:30,896{GMT}	INFO	[jepsen worker 4] jepsen.util: 4	:ok	:read	[1 11 16 23 31 34 51 61 66 68]
2024-05-27 19:37:31,065{GMT}	INFO	[jepsen worker 0] jepsen.util: 0	:invoke	:broadcast	71
2024-05-27 19:37:31,067{GMT}	INFO	[jepsen worker 0] jepsen.util: 0	:ok	:broadcast	71
2024-05-27 19:37:31,209{GMT}	INFO	[jepsen worker 0] jepsen.util: 0	:invoke	:read	nil
2024-05-27 19:37:31,210{GMT}	INFO	[jepsen worker 0] jepsen.util: 0	:ok	:read	[2 6 7 12 13 17 21 22 24 27 28 32 35 39 42 45 46 49 52 55 56 58 59 62 63 69 71]
2024-05-27 19:37:31,353{GMT}	INFO	[jepsen worker 1] jepsen.util: 1	:invoke	:broadcast	72
2024-05-27 19:37:31,354{GMT}	INFO	[jepsen worker 1] jepsen.util: 1	:ok	:broadcast	72
2024-05-27 19:37:31,479{GMT}	INFO	[jepsen worker 2] jepsen.util: 2	:invoke	:read	nil
2024-05-27 19:37:31,481{GMT}	INFO	[jepsen worker 2] jepsen.util: 2	:ok	:read	[0 4 9 15 19 30 41 44 47 50 53 65 70]
2024-05-27 19:37:31,620{GMT}	INFO	[jepsen worker 3] jepsen.util: 3	:invoke	:broadcast	73
2024-05-27 19:37:31,622{GMT}	INFO	[jepsen worker 3] jepsen.util: 3	:ok	:broadcast	73
2024-05-27 19:37:31,670{GMT}	INFO	[jepsen worker 4] jepsen.util: 4	:invoke	:read	nil
2024-05-27 19:37:31,671{GMT}	INFO	[jepsen worker 4] jepsen.util: 4	:ok	:read	[1 11 16 23 31 34 51 61 66 68]
2024-05-27 19:37:31,840{GMT}	INFO	[jepsen worker 0] jepsen.util: 0	:invoke	:read	nil
2024-05-27 19:37:31,841{GMT}	INFO	[jepsen worker 0] jepsen.util: 0	:ok	:read	[2 6 7 12 13 17 21 22 24 27 28 32 35 39 42 45 46 49 52 55 56 58 59 62 63 69 71]
2024-05-27 19:37:31,942{GMT}	INFO	[jepsen worker 0] jepsen.util: 0	:invoke	:read	nil
2024-05-27 19:37:31,944{GMT}	INFO	[jepsen worker 0] jepsen.util: 0	:ok	:read	[2 6 7 12 13 17 21 22 24 27 28 32 35 39 42 45 46 49 52 55 56 58 59 62 63 69 71]
2024-05-27 19:37:31,953{GMT}	INFO	[jepsen worker 1] jepsen.util: 1	:invoke	:broadcast	74
2024-05-27 19:37:31,954{GMT}	INFO	[jepsen worker 1] jepsen.util: 1	:ok	:broadcast	74
2024-05-27 19:37:32,057{GMT}	INFO	[jepsen worker 2] jepsen.util: 2	:invoke	:read	nil
2024-05-27 19:37:32,058{GMT}	INFO	[jepsen worker 2] jepsen.util: 2	:ok	:read	[0 4 9 15 19 30 41 44 47 50 53 65 70]
2024-05-27 19:37:32,158{GMT}	INFO	[jepsen worker 3] jepsen.util: 3	:invoke	:read	nil
2024-05-27 19:37:32,159{GMT}	INFO	[jepsen worker 3] jepsen.util: 3	:ok	:read	[5 10 20 26 33 37 48 54 57 60 73]
2024-05-27 19:37:32,294{GMT}	INFO	[jepsen worker 4] jepsen.util: 4	:invoke	:broadcast	75
2024-05-27 19:37:32,295{GMT}	INFO	[jepsen worker 4] jepsen.util: 4	:ok	:broadcast	75
2024-05-27 19:37:32,444{GMT}	INFO	[jepsen worker 0] jepsen.util: 0	:invoke	:read	nil
2024-05-27 19:37:32,446{GMT}	INFO	[jepsen worker 0] jepsen.util: 0	:ok	:read	[2 6 7 12 13 17 21 22 24 27 28 32 35 39 42 45 46 49 52 55 56 58 59 62 63 69 71]
2024-05-27 19:37:32,612{GMT}	INFO	[jepsen worker 0] jepsen.util: 0	:invoke	:broadcast	76
2024-05-27 19:37:32,613{GMT}	INFO	[jepsen worker 0] jepsen.util: 0	:ok	:broadcast	76
2024-05-27 19:37:32,796{GMT}	INFO	[jepsen worker 1] jepsen.util: 1	:invoke	:broadcast	77
2024-05-27 19:37:32,797{GMT}	INFO	[jepsen worker 1] jepsen.util: 1	:ok	:broadcast	77
2024-05-27 19:37:32,950{GMT}	INFO	[jepsen worker 2] jepsen.util: 2	:invoke	:broadcast	78
2024-05-27 19:37:32,952{GMT}	INFO	[jepsen worker 2] jepsen.util: 2	:ok	:broadcast	78
2024-05-27 19:37:33,081{GMT}	INFO	[jepsen worker 3] jepsen.util: 3	:invoke	:broadcast	79
2024-05-27 19:37:33,082{GMT}	INFO	[jepsen worker 3] jepsen.util: 3	:ok	:broadcast	79
2024-05-27 19:37:33,201{GMT}	INFO	[jepsen worker 4] jepsen.util: 4	:invoke	:broadcast	80
2024-05-27 19:37:33,203{GMT}	INFO	[jepsen worker 4] jepsen.util: 4	:ok	:broadcast	80
2024-05-27 19:37:33,225{GMT}	INFO	[jepsen worker 0] jepsen.util: 0	:invoke	:broadcast	81
2024-05-27 19:37:33,227{GMT}	INFO	[jepsen worker 0] jepsen.util: 0	:ok	:broadcast	81
2024-05-27 19:37:33,348{GMT}	INFO	[jepsen worker 0] jepsen.util: 0	:invoke	:broadcast	82
2024-05-27 19:37:33,349{GMT}	INFO	[jepsen worker 0] jepsen.util: 0	:ok	:broadcast	82
2024-05-27 19:37:33,506{GMT}	INFO	[jepsen worker 1] jepsen.util: 1	:invoke	:broadcast	83
2024-05-27 19:37:33,509{GMT}	INFO	[jepsen worker 1] jepsen.util: 1	:ok	:broadcast	83
2024-05-27 19:37:33,510{GMT}	INFO	[jepsen worker 2] jepsen.util: 2	:invoke	:read	nil
2024-05-27 19:37:33,511{GMT}	INFO	[jepsen worker 2] jepsen.util: 2	:ok	:read	[0 4 9 15 19 30 41 44 47 50 53 65 70 78]
2024-05-27 19:37:33,562{GMT}	INFO	[jepsen worker 3] jepsen.util: 3	:invoke	:read	nil
2024-05-27 19:37:33,564{GMT}	INFO	[jepsen worker 3] jepsen.util: 3	:ok	:read	[5 10 20 26 33 37 48 54 57 60 73 79]
2024-05-27 19:37:33,727{GMT}	INFO	[jepsen worker 4] jepsen.util: 4	:invoke	:read	nil
2024-05-27 19:37:33,728{GMT}	INFO	[jepsen worker 4] jepsen.util: 4	:ok	:read	[1 11 16 23 31 34 51 61 66 68 75 80]
2024-05-27 19:37:33,863{GMT}	INFO	[jepsen worker 0] jepsen.util: 0	:invoke	:broadcast	84
2024-05-27 19:37:33,865{GMT}	INFO	[jepsen worker 0] jepsen.util: 0	:ok	:broadcast	84
2024-05-27 19:37:33,946{GMT}	INFO	[jepsen worker 0] jepsen.util: 0	:invoke	:broadcast	85
2024-05-27 19:37:33,947{GMT}	INFO	[jepsen worker 0] jepsen.util: 0	:ok	:broadcast	85
2024-05-27 19:37:34,119{GMT}	INFO	[jepsen worker 1] jepsen.util: 1	:invoke	:read	nil
2024-05-27 19:37:34,120{GMT}	INFO	[jepsen worker 1] jepsen.util: 1	:ok	:read	[3 8 14 18 25 29 36 38 40 43 64 67 72 74 77 83]
2024-05-27 19:37:34,261{GMT}	INFO	[jepsen worker 2] jepsen.util: 2	:invoke	:read	nil
2024-05-27 19:37:34,263{GMT}	INFO	[jepsen worker 2] jepsen.util: 2	:ok	:read	[0 4 9 15 19 30 41 44 47 50 53 65 70 78]
2024-05-27 19:37:34,363{GMT}	INFO	[jepsen worker 3] jepsen.util: 3	:invoke	:read	nil
2024-05-27 19:37:34,364{GMT}	INFO	[jepsen worker 3] jepsen.util: 3	:ok	:read	[5 10 20 26 33 37 48 54 57 60 73 79]
2024-05-27 19:37:34,533{GMT}	INFO	[jepsen worker 4] jepsen.util: 4	:invoke	:broadcast	86
2024-05-27 19:37:34,534{GMT}	INFO	[jepsen worker 4] jepsen.util: 4	:ok	:broadcast	86
2024-05-27 19:37:34,662{GMT}	INFO	[jepsen worker 0] jepsen.util: 0	:invoke	:broadcast	87
2024-05-27 19:37:34,664{GMT}	INFO	[jepsen worker 0] jepsen.util: 0	:ok	:broadcast	87
2024-05-27 19:37:34,772{GMT}	INFO	[jepsen worker 0] jepsen.util: 0	:invoke	:read	nil
2024-05-27 19:37:34,773{GMT}	INFO	[jepsen worker 0] jepsen.util: 0	:ok	:read	[2 6 7 12 13 17 21 22 24 27 28 32 35 39 42 45 46 49 52 55 56 58 59 62 63 69 71 76 81 82 84 85 87]
2024-05-27 19:37:34,773{GMT}	INFO	[jepsen worker 1] jepsen.util: 1	:invoke	:read	nil
2024-05-27 19:37:34,774{GMT}	INFO	[jepsen worker 1] jepsen.util: 1	:ok	:read	[3 8 14 18 25 29 36 38 40 43 64 67 72 74 77 83]
2024-05-27 19:37:34,897{GMT}	INFO	[jepsen worker 2] jepsen.util: 2	:invoke	:read	nil
2024-05-27 19:37:34,898{GMT}	INFO	[jepsen worker 2] jepsen.util: 2	:ok	:read	[0 4 9 15 19 30 41 44 47 50 53 65 70 78]
2024-05-27 19:37:35,059{GMT}	INFO	[jepsen worker 3] jepsen.util: 3	:invoke	:read	nil
2024-05-27 19:37:35,060{GMT}	INFO	[jepsen worker 3] jepsen.util: 3	:ok	:read	[5 10 20 26 33 37 48 54 57 60 73 79]
2024-05-27 19:37:35,188{GMT}	INFO	[jepsen worker 4] jepsen.util: 4	:invoke	:read	nil
2024-05-27 19:37:35,189{GMT}	INFO	[jepsen worker 4] jepsen.util: 4	:ok	:read	[1 11 16 23 31 34 51 61 66 68 75 80 86]
2024-05-27 19:37:35,320{GMT}	INFO	[jepsen worker 0] jepsen.util: 0	:invoke	:broadcast	88
2024-05-27 19:37:35,321{GMT}	INFO	[jepsen worker 0] jepsen.util: 0	:ok	:broadcast	88
2024-05-27 19:37:35,494{GMT}	INFO	[jepsen worker 0] jepsen.util: 0	:invoke	:broadcast	89
2024-05-27 19:37:35,496{GMT}	INFO	[jepsen worker 0] jepsen.util: 0	:ok	:broadcast	89
2024-05-27 19:37:35,500{GMT}	INFO	[jepsen worker 1] jepsen.util: 1	:invoke	:broadcast	90
2024-05-27 19:37:35,501{GMT}	INFO	[jepsen worker 1] jepsen.util: 1	:ok	:broadcast	90
2024-05-27 19:37:35,576{GMT}	INFO	[jepsen worker 2] jepsen.util: 2	:invoke	:broadcast	91
2024-05-27 19:37:35,577{GMT}	INFO	[jepsen worker 2] jepsen.util: 2	:ok	:broadcast	91
2024-05-27 19:37:35,744{GMT}	INFO	[jepsen worker 3] jepsen.util: 3	:invoke	:read	nil
2024-05-27 19:37:35,745{GMT}	INFO	[jepsen worker 3] jepsen.util: 3	:ok	:read	[5 10 20 26 33 37 48 54 57 60 73 79]
2024-05-27 19:37:35,862{GMT}	INFO	[jepsen worker 4] jepsen.util: 4	:invoke	:read	nil
2024-05-27 19:37:35,864{GMT}	INFO	[jepsen worker 4] jepsen.util: 4	:ok	:read	[1 11 16 23 31 34 51 61 66 68 75 80 86]
2024-05-27 19:37:35,993{GMT}	INFO	[jepsen worker 0] jepsen.util: 0	:invoke	:broadcast	92
2024-05-27 19:37:35,995{GMT}	INFO	[jepsen worker 0] jepsen.util: 0	:ok	:broadcast	92
2024-05-27 19:37:36,149{GMT}	INFO	[jepsen worker 0] jepsen.util: 0	:invoke	:broadcast	93
2024-05-27 19:37:36,150{GMT}	INFO	[jepsen worker 0] jepsen.util: 0	:ok	:broadcast	93
2024-05-27 19:37:36,338{GMT}	INFO	[jepsen worker 1] jepsen.util: 1	:invoke	:broadcast	94
2024-05-27 19:37:36,339{GMT}	INFO	[jepsen worker 1] jepsen.util: 1	:ok	:broadcast	94
2024-05-27 19:37:36,356{GMT}	INFO	[jepsen worker 2] jepsen.util: 2	:invoke	:read	nil
2024-05-27 19:37:36,357{GMT}	INFO	[jepsen worker 2] jepsen.util: 2	:ok	:read	[0 4 9 15 19 30 41 44 47 50 53 65 70 78 91]
2024-05-27 19:37:36,554{GMT}	INFO	[jepsen worker 3] jepsen.util: 3	:invoke	:broadcast	95
2024-05-27 19:37:36,555{GMT}	INFO	[jepsen worker 3] jepsen.util: 3	:ok	:broadcast	95
2024-05-27 19:37:36,636{GMT}	INFO	[jepsen worker 4] jepsen.util: 4	:invoke	:read	nil
2024-05-27 19:37:36,637{GMT}	INFO	[jepsen worker 4] jepsen.util: 4	:ok	:read	[1 11 16 23 31 34 51 61 66 68 75 80 86]
2024-05-27 19:37:36,806{GMT}	INFO	[jepsen worker 0] jepsen.util: 0	:invoke	:broadcast	96
2024-05-27 19:37:36,808{GMT}	INFO	[jepsen worker 0] jepsen.util: 0	:ok	:broadcast	96
2024-05-27 19:37:36,901{GMT}	INFO	[jepsen worker 0] jepsen.util: 0	:invoke	:broadcast	97
2024-05-27 19:37:36,903{GMT}	INFO	[jepsen worker 0] jepsen.util: 0	:ok	:broadcast	97
2024-05-27 19:37:36,904{GMT}	INFO	[jepsen worker 1] jepsen.generator.interpreter: Waiting for recovery...
2024-05-27 19:37:46,906{GMT}	INFO	[jepsen worker 4] jepsen.util: 4	:invoke	:read	nil
2024-05-27 19:37:46,906{GMT}	INFO	[jepsen worker 1] jepsen.util: 1	:invoke	:read	nil
2024-05-27 19:37:46,906{GMT}	INFO	[jepsen worker 3] jepsen.util: 3	:invoke	:read	nil
2024-05-27 19:37:46,906{GMT}	INFO	[jepsen worker 0] jepsen.util: 0	:invoke	:read	nil
2024-05-27 19:37:46,909{GMT}	INFO	[jepsen worker 3] jepsen.util: 3	:ok	:read	[5 10 20 26 33 37 48 54 57 60 73 79 95]
2024-05-27 19:37:46,910{GMT}	INFO	[jepsen worker 4] jepsen.util: 4	:ok	:read	[1 11 16 23 31 34 51 61 66 68 75 80 86]
2024-05-27 19:37:46,910{GMT}	INFO	[jepsen worker 2] jepsen.util: 2	:invoke	:read	nil
2024-05-27 19:37:46,910{GMT}	INFO	[jepsen worker 1] jepsen.util: 1	:ok	:read	[3 8 14 18 25 29 36 38 40 43 64 67 72 74 77 83 90 94]
2024-05-27 19:37:46,911{GMT}	INFO	[jepsen worker 0] jepsen.util: 0	:ok	:read	[2 6 7 12 13 17 21 22 24 27 28 32 35 39 42 45 46 49 52 55 56 58 59 62 63 69 71 76 81 82 84 85 87 88 89 92 93 96 97]
2024-05-27 19:37:46,916{GMT}	INFO	[jepsen worker 2] jepsen.util: 2	:ok	:read	[0 4 9 15 19 30 41 44 47 50 53 65 70 78 91]
2024-05-27 19:37:46,991{GMT}	INFO	[jepsen test runner] jepsen.core: Run complete, writing
2024-05-27 19:37:47,090{GMT}	INFO	[jepsen node n0] maelstrom.db: Tearing down n0
2024-05-27 19:37:47,094{GMT}	INFO	[jepsen node n1] maelstrom.db: Tearing down n1
2024-05-27 19:37:47,095{GMT}	INFO	[jepsen node n2] maelstrom.db: Tearing down n2
2024-05-27 19:37:47,096{GMT}	INFO	[jepsen node n3] maelstrom.db: Tearing down n3
2024-05-27 19:37:47,098{GMT}	INFO	[jepsen node n4] maelstrom.db: Tearing down n4
2024-05-27 19:37:48,872{GMT}	INFO	[jepsen node n0] maelstrom.net: Shutting down Maelstrom network
2024-05-27 19:37:48,877{GMT}	INFO	[jepsen test runner] jepsen.core: Analyzing...
2024-05-27 19:37:49,464{GMT}	INFO	[jepsen test runner] jepsen.core: Analysis complete
2024-05-27 19:37:49,525{GMT}	INFO	[jepsen results] jepsen.store: Wrote /workspaces/Broadcast-System/broadcast-system/maelstrom/store/broadcast/20240527T193714.203Z/results.edn
2024-05-27 19:37:49,592{GMT}	INFO	[jepsen test runner] jepsen.core: {:perf {:latency-graph {:valid? true},
        :rate-graph {:valid? true},
        :valid? true},
 :timeline {:valid? true},
 :exceptions {:valid? true},
 :stats {:valid? true,
         :count 186,
         :ok-count 186,
         :fail-count 0,
         :info-count 0,
         :by-f {:broadcast {:valid? true,
                            :count 98,
                            :ok-count 98,
                            :fail-count 0,
                            :info-count 0},
                :read {:valid? true,
                       :count 88,
                       :ok-count 88,
                       :fail-count 0,
                       :info-count 0}}},
 :availability {:valid? true, :ok-fraction 1.0},
 :net {:all {:send-count 392,
             :recv-count 392,
             :msg-count 392,
             :msgs-per-op 2.1075268},
       :clients {:send-count 392, :recv-count 392, :msg-count 392},
       :servers {:send-count 0,
                 :recv-count 0,
                 :msg-count 0,
                 :msgs-per-op 0.0},
       :valid? true},
 :workload {:worst-stale ({:element 3,
                           :outcome :stable,
                           :stable-latency 29382,
                           :lost-latency nil,
                           :known #jepsen.history.Op{:index 15,
                                                     :time 615392563,
                                                     :type :ok,
                                                     :process 1,
                                                     :f :add,
                                                     :value 3},
                           :last-absent #jepsen.history.Op{:index 365,
                                                           :time 29997472903,
                                                           :type :invoke,
                                                           :process 2,
                                                           :f :read,
                                                           :value nil,
                                                           :final? true}}
                          {:element 8,
                           :outcome :stable,
                           :stable-latency 28621,
                           :lost-latency nil,
                           :known #jepsen.history.Op{:index 27,
                                                     :time 1375641666,
                                                     :type :ok,
                                                     :process 1,
                                                     :f :add,
                                                     :value 8},
                           :last-absent #jepsen.history.Op{:index 365,
                                                           :time 29997472903,
                                                           :type :invoke,
                                                           :process 2,
                                                           :f :read,
                                                           :value nil,
                                                           :final? true}}
                          {:element 14,
                           :outcome :stable,
                           :stable-latency 27781,
                           :lost-latency nil,
                           :known #jepsen.history.Op{:index 39,
                                                     :time 2215580914,
                                                     :type :ok,
                                                     :process 1,
                                                     :f :add,
                                                     :value 14},
                           :last-absent #jepsen.history.Op{:index 365,
                                                           :time 29997472903,
                                                           :type :invoke,
                                                           :process 2,
                                                           :f :read,
                                                           :value nil,
                                                           :final? true}}
                          {:element 18,
                           :outcome :stable,
                           :stable-latency 27082,
                           :lost-latency nil,
                           :known #jepsen.history.Op{:index 51,
                                                     :time 2914649936,
                                                     :type :ok,
                                                     :process 1,
                                                     :f :add,
                                                     :value 18},
                           :last-absent #jepsen.history.Op{:index 365,
                                                           :time 29997472903,
                                                           :type :invoke,
                                                           :process 2,
                                                           :f :read,
                                                           :value nil,
                                                           :final? true}}
                          {:element 25,
                           :outcome :stable,
                           :stable-latency 26085,
                           :lost-latency nil,
                           :known #jepsen.history.Op{:index 75,
                                                     :time 3912318236,
                                                     :type :ok,
                                                     :process 1,
                                                     :f :add,
                                                     :value 25},
                           :last-absent #jepsen.history.Op{:index 365,
                                                           :time 29997472903,
                                                           :type :invoke,
                                                           :process 2,
                                                           :f :read,
                                                           :value nil,
                                                           :final? true}}
                          {:element 29,
                           :outcome :stable,
                           :stable-latency 25321,
                           :lost-latency nil,
                           :known #jepsen.history.Op{:index 87,
                                                     :time 4675752644,
                                                     :type :ok,
                                                     :process 1,
                                                     :f :add,
                                                     :value 29},
                           :last-absent #jepsen.history.Op{:index 365,
                                                           :time 29997472903,
                                                           :type :invoke,
                                                           :process 2,
                                                           :f :read,
                                                           :value nil,
                                                           :final? true}}
                          {:element 36,
                           :outcome :stable,
                           :stable-latency 23328,
                           :lost-latency nil,
                           :known #jepsen.history.Op{:index 123,
                                                     :time 6668732032,
                                                     :type :ok,
                                                     :process 1,
                                                     :f :add,
                                                     :value 36},
                           :last-absent #jepsen.history.Op{:index 365,
                                                           :time 29997472903,
                                                           :type :invoke,
                                                           :process 2,
                                                           :f :read,
                                                           :value nil,
                                                           :final? true}}
                          {:element 38,
                           :outcome :stable,
                           :stable-latency 22498,
                           :lost-latency nil,
                           :known #jepsen.history.Op{:index 135,
                                                     :time 7499097458,
                                                     :type :ok,
                                                     :process 1,
                                                     :f :add,
                                                     :value 38},
                           :last-absent #jepsen.history.Op{:index 365,
                                                           :time 29997472903,
                                                           :type :invoke,
                                                           :process 2,
                                                           :f :read,
                                                           :value nil,
                                                           :final? true}}),
            :duplicated-count 0,
            :valid? false,
            :lost-count 80,
            :lost (0
                   1
                   2
                   4
                   5
                   6
                   7
                   9
                   10
                   11
                   12
                   13
                   15
                   16
                   17
                   19
                   20
                   21
                   22
                   23
                   24
                   26
                   27
                   28
                   30
                   31
                   32
                   33
                   34
                   35
                   37
                   39
                   41
                   42
                   44
                   45
                   46
                   47
                   48
                   49
                   50
                   51
                   52
                   53
                   54
                   55
                   56
                   57
                   58
                   59
                   60
                   61
                   62
                   63
                   65
                   66
                   68
                   69
                   70
                   71
                   73
                   75
                   76
                   78
                   79
                   80
                   81
                   82
                   84
                   85
                   86
                   87
                   88
                   89
                   91
                   92
                   93
                   95
                   96
                   97),
            :stable-count 18,
            :stale-count 18,
            :stale (3
                    8
                    14
                    18
                    25
                    29
                    36
                    38
                    40
                    43
                    64
                    67
                    72
                    74
                    77
                    83
                    90
                    94),
            :never-read-count 0,
            :stable-latencies {0 10567,
                               0.5 21918,
                               0.95 29382,
                               0.99 29382,
                               1 29382},
            :attempt-count 98,
            :lost-latencies {0 10002,
                             0.5 20298,
                             0.95 29343,
                             0.99 29852,
                             1 29852},
            :never-read (),
            :duplicated {}},
 :valid? false}


Analysis invalid! ( 
