2024/05/12 19:36:43 Received {c3 n0 {"type":"init","node_id":"n0","node_ids":["n0","n1","n2","n3","n4"],"msg_id":1}}
2024/05/12 19:36:43 Node n0 initialized
2024/05/12 19:36:43 Sent {"src":"n0","dest":"c3","body":{"in_reply_to":1,"type":"init_ok"}}
2024/05/12 19:36:43 Received {c5 n0 {"type":"topology","topology":{"n0":["n3","n1"],"n1":["n4","n2","n0"],"n2":["n1"],"n3":["n0","n4"],"n4":["n1","n3"]},"msg_id":1}}
2024/05/12 19:36:43 Sent {"src":"n0","dest":"c5","body":{"in_reply_to":1,"type":"topology_ok"}}
2024/05/12 19:36:43 Received {c10 n0 {"type":"read","msg_id":1}}
2024/05/12 19:36:43 Sent {"src":"n0","dest":"c10","body":{"in_reply_to":1,"messages":null,"msg_id":1,"type":"read_ok"}}
2024/05/12 19:36:44 Received {c10 n0 {"type":"broadcast","message":2,"msg_id":2}}
2024/05/12 19:36:44 Sent {"src":"n0","dest":"c10","body":{"in_reply_to":2,"type":"broadcast_ok"}}
2024/05/12 19:36:44 Received {c10 n0 {"type":"read","msg_id":3}}
2024/05/12 19:36:44 Sent {"src":"n0","dest":"c10","body":{"in_reply_to":3,"messages":[2],"msg_id":3,"type":"read_ok"}}
2024/05/12 19:36:44 Received {c10 n0 {"type":"broadcast","message":6,"msg_id":4}}
2024/05/12 19:36:44 Sent {"src":"n0","dest":"c10","body":{"in_reply_to":4,"type":"broadcast_ok"}}
2024/05/12 19:36:45 Received {c10 n0 {"type":"read","msg_id":5}}
2024/05/12 19:36:45 Sent {"src":"n0","dest":"c10","body":{"in_reply_to":5,"messages":[2,6],"msg_id":5,"type":"read_ok"}}
2024/05/12 19:36:45 Received {c10 n0 {"type":"broadcast","message":9,"msg_id":6}}
2024/05/12 19:36:45 Sent {"src":"n0","dest":"c10","body":{"in_reply_to":6,"type":"broadcast_ok"}}
2024/05/12 19:36:45 Received {c10 n0 {"type":"broadcast","message":10,"msg_id":7}}
2024/05/12 19:36:45 Sent {"src":"n0","dest":"c10","body":{"in_reply_to":7,"type":"broadcast_ok"}}
2024/05/12 19:36:46 Received {c10 n0 {"type":"read","msg_id":8}}
2024/05/12 19:36:46 Sent {"src":"n0","dest":"c10","body":{"in_reply_to":8,"messages":[2,6,9,10],"msg_id":8,"type":"read_ok"}}
2024/05/12 19:36:46 Received {c10 n0 {"type":"broadcast","message":12,"msg_id":9}}
2024/05/12 19:36:46 Sent {"src":"n0","dest":"c10","body":{"in_reply_to":9,"type":"broadcast_ok"}}
2024/05/12 19:36:46 Received {c10 n0 {"type":"read","msg_id":10}}
2024/05/12 19:36:46 Sent {"src":"n0","dest":"c10","body":{"in_reply_to":10,"messages":[2,6,9,10,12],"msg_id":10,"type":"read_ok"}}
2024/05/12 19:36:46 Received {c10 n0 {"type":"broadcast","message":15,"msg_id":11}}
2024/05/12 19:36:46 Sent {"src":"n0","dest":"c10","body":{"in_reply_to":11,"type":"broadcast_ok"}}
2024/05/12 19:36:47 Received {c10 n0 {"type":"broadcast","message":20,"msg_id":12}}
2024/05/12 19:36:47 Sent {"src":"n0","dest":"c10","body":{"in_reply_to":12,"type":"broadcast_ok"}}
2024/05/12 19:36:47 Received {c10 n0 {"type":"broadcast","message":21,"msg_id":13}}
2024/05/12 19:36:47 Sent {"src":"n0","dest":"c10","body":{"in_reply_to":13,"type":"broadcast_ok"}}
2024/05/12 19:36:47 Received {c10 n0 {"type":"read","msg_id":14}}
2024/05/12 19:36:47 Sent {"src":"n0","dest":"c10","body":{"in_reply_to":14,"messages":[2,6,9,10,12,15,20,21],"msg_id":14,"type":"read_ok"}}
2024/05/12 19:36:47 Received {c10 n0 {"type":"read","msg_id":15}}
2024/05/12 19:36:47 Sent {"src":"n0","dest":"c10","body":{"in_reply_to":15,"messages":[2,6,9,10,12,15,20,21],"msg_id":15,"type":"read_ok"}}
2024/05/12 19:36:48 Received {c10 n0 {"type":"broadcast","message":24,"msg_id":16}}
2024/05/12 19:36:48 Sent {"src":"n0","dest":"c10","body":{"in_reply_to":16,"type":"broadcast_ok"}}
2024/05/12 19:36:48 Received {c10 n0 {"type":"read","msg_id":17}}
2024/05/12 19:36:48 Sent {"src":"n0","dest":"c10","body":{"in_reply_to":17,"messages":[2,6,9,10,12,15,20,21,24],"msg_id":17,"type":"read_ok"}}
2024/05/12 19:36:49 Received {c10 n0 {"type":"broadcast","message":26,"msg_id":18}}
2024/05/12 19:36:49 Sent {"src":"n0","dest":"c10","body":{"in_reply_to":18,"type":"broadcast_ok"}}
2024/05/12 19:36:49 Received {c10 n0 {"type":"broadcast","message":27,"msg_id":19}}
2024/05/12 19:36:49 Sent {"src":"n0","dest":"c10","body":{"in_reply_to":19,"type":"broadcast_ok"}}
2024/05/12 19:36:49 Received {c10 n0 {"type":"read","msg_id":20}}
2024/05/12 19:36:49 Sent {"src":"n0","dest":"c10","body":{"in_reply_to":20,"messages":[2,6,9,10,12,15,20,21,24,26,27],"msg_id":20,"type":"read_ok"}}
2024/05/12 19:36:49 Received {c10 n0 {"type":"broadcast","message":30,"msg_id":21}}
2024/05/12 19:36:49 Sent {"src":"n0","dest":"c10","body":{"in_reply_to":21,"type":"broadcast_ok"}}
2024/05/12 19:36:49 Received {c10 n0 {"type":"read","msg_id":22}}
2024/05/12 19:36:49 Sent {"src":"n0","dest":"c10","body":{"in_reply_to":22,"messages":[2,6,9,10,12,15,20,21,24,26,27,30],"msg_id":22,"type":"read_ok"}}
2024/05/12 19:36:49 Received {c10 n0 {"type":"read","msg_id":23}}
2024/05/12 19:36:49 Sent {"src":"n0","dest":"c10","body":{"in_reply_to":23,"messages":[2,6,9,10,12,15,20,21,24,26,27,30],"msg_id":23,"type":"read_ok"}}
2024/05/12 19:36:50 Received {c10 n0 {"type":"read","msg_id":24}}
2024/05/12 19:36:50 Sent {"src":"n0","dest":"c10","body":{"in_reply_to":24,"messages":[2,6,9,10,12,15,20,21,24,26,27,30],"msg_id":24,"type":"read_ok"}}
2024/05/12 19:36:50 Received {c10 n0 {"type":"read","msg_id":25}}
2024/05/12 19:36:50 Sent {"src":"n0","dest":"c10","body":{"in_reply_to":25,"messages":[2,6,9,10,12,15,20,21,24,26,27,30],"msg_id":25,"type":"read_ok"}}
2024/05/12 19:36:50 Received {c10 n0 {"type":"broadcast","message":33,"msg_id":26}}
2024/05/12 19:36:50 Sent {"src":"n0","dest":"c10","body":{"in_reply_to":26,"type":"broadcast_ok"}}
2024/05/12 19:36:51 Received {c10 n0 {"type":"read","msg_id":27}}
2024/05/12 19:36:51 Sent {"src":"n0","dest":"c10","body":{"in_reply_to":27,"messages":[2,6,9,10,12,15,20,21,24,26,27,30,33],"msg_id":27,"type":"read_ok"}}
2024/05/12 19:36:51 Received {c10 n0 {"type":"read","msg_id":28}}
2024/05/12 19:36:51 Sent {"src":"n0","dest":"c10","body":{"in_reply_to":28,"messages":[2,6,9,10,12,15,20,21,24,26,27,30,33],"msg_id":28,"type":"read_ok"}}
2024/05/12 19:36:51 Received {c10 n0 {"type":"read","msg_id":29}}
2024/05/12 19:36:51 Sent {"src":"n0","dest":"c10","body":{"in_reply_to":29,"messages":[2,6,9,10,12,15,20,21,24,26,27,30,33],"msg_id":29,"type":"read_ok"}}
2024/05/12 19:36:52 Received {c10 n0 {"type":"broadcast","message":36,"msg_id":30}}
2024/05/12 19:36:52 Sent {"src":"n0","dest":"c10","body":{"in_reply_to":30,"type":"broadcast_ok"}}
2024/05/12 19:36:52 Received {c10 n0 {"type":"read","msg_id":31}}
2024/05/12 19:36:52 Sent {"src":"n0","dest":"c10","body":{"in_reply_to":31,"messages":[2,6,9,10,12,15,20,21,24,26,27,30,33,36],"msg_id":31,"type":"read_ok"}}
2024/05/12 19:36:52 Received {c10 n0 {"type":"read","msg_id":32}}
2024/05/12 19:36:52 Sent {"src":"n0","dest":"c10","body":{"in_reply_to":32,"messages":[2,6,9,10,12,15,20,21,24,26,27,30,33,36],"msg_id":32,"type":"read_ok"}}
2024/05/12 19:36:52 Received {c10 n0 {"type":"broadcast","message":38,"msg_id":33}}
2024/05/12 19:36:52 Sent {"src":"n0","dest":"c10","body":{"in_reply_to":33,"type":"broadcast_ok"}}
2024/05/12 19:36:53 Received {c10 n0 {"type":"broadcast","message":42,"msg_id":34}}
2024/05/12 19:36:53 Sent {"src":"n0","dest":"c10","body":{"in_reply_to":34,"type":"broadcast_ok"}}
2024/05/12 19:36:53 Received {c10 n0 {"type":"broadcast","message":43,"msg_id":35}}
2024/05/12 19:36:53 Sent {"src":"n0","dest":"c10","body":{"in_reply_to":35,"type":"broadcast_ok"}}
2024/05/12 19:36:54 Received {c10 n0 {"type":"broadcast","message":46,"msg_id":36}}
2024/05/12 19:36:54 Sent {"src":"n0","dest":"c10","body":{"in_reply_to":36,"type":"broadcast_ok"}}
2024/05/12 19:36:54 Received {c10 n0 {"type":"read","msg_id":37}}
2024/05/12 19:36:54 Sent {"src":"n0","dest":"c10","body":{"in_reply_to":37,"messages":[2,6,9,10,12,15,20,21,24,26,27,30,33,36,38,42,43,46],"msg_id":37,"type":"read_ok"}}
2024/05/12 19:36:54 Received {c10 n0 {"type":"read","msg_id":38}}
2024/05/12 19:36:54 Sent {"src":"n0","dest":"c10","body":{"in_reply_to":38,"messages":[2,6,9,10,12,15,20,21,24,26,27,30,33,36,38,42,43,46],"msg_id":38,"type":"read_ok"}}
2024/05/12 19:36:54 Received {c10 n0 {"type":"read","msg_id":39}}
2024/05/12 19:36:54 Sent {"src":"n0","dest":"c10","body":{"in_reply_to":39,"messages":[2,6,9,10,12,15,20,21,24,26,27,30,33,36,38,42,43,46],"msg_id":39,"type":"read_ok"}}
2024/05/12 19:36:55 Received {c10 n0 {"type":"read","msg_id":40}}
2024/05/12 19:36:55 Sent {"src":"n0","dest":"c10","body":{"in_reply_to":40,"messages":[2,6,9,10,12,15,20,21,24,26,27,30,33,36,38,42,43,46],"msg_id":40,"type":"read_ok"}}
2024/05/12 19:36:55 Received {c10 n0 {"type":"read","msg_id":41}}
2024/05/12 19:36:55 Sent {"src":"n0","dest":"c10","body":{"in_reply_to":41,"messages":[2,6,9,10,12,15,20,21,24,26,27,30,33,36,38,42,43,46],"msg_id":41,"type":"read_ok"}}
2024/05/12 19:36:55 Received {c10 n0 {"type":"broadcast","message":54,"msg_id":42}}
2024/05/12 19:36:55 Sent {"src":"n0","dest":"c10","body":{"in_reply_to":42,"type":"broadcast_ok"}}
2024/05/12 19:36:55 Received {c10 n0 {"type":"broadcast","message":55,"msg_id":43}}
2024/05/12 19:36:55 Sent {"src":"n0","dest":"c10","body":{"in_reply_to":43,"type":"broadcast_ok"}}
2024/05/12 19:36:56 Received {c10 n0 {"type":"broadcast","message":58,"msg_id":44}}
2024/05/12 19:36:56 Sent {"src":"n0","dest":"c10","body":{"in_reply_to":44,"type":"broadcast_ok"}}
2024/05/12 19:36:56 Received {c10 n0 {"type":"broadcast","message":59,"msg_id":45}}
2024/05/12 19:36:56 Sent {"src":"n0","dest":"c10","body":{"in_reply_to":45,"type":"broadcast_ok"}}
2024/05/12 19:36:56 Received {c10 n0 {"type":"broadcast","message":63,"msg_id":46}}
2024/05/12 19:36:56 Sent {"src":"n0","dest":"c10","body":{"in_reply_to":46,"type":"broadcast_ok"}}
2024/05/12 19:36:56 Received {c10 n0 {"type":"read","msg_id":47}}
2024/05/12 19:36:56 Sent {"src":"n0","dest":"c10","body":{"in_reply_to":47,"messages":[2,6,9,10,12,15,20,21,24,26,27,30,33,36,38,42,43,46,54,55,58,59,63],"msg_id":47,"type":"read_ok"}}
2024/05/12 19:36:57 Received {c10 n0 {"type":"read","msg_id":48}}
2024/05/12 19:36:57 Sent {"src":"n0","dest":"c10","body":{"in_reply_to":48,"messages":[2,6,9,10,12,15,20,21,24,26,27,30,33,36,38,42,43,46,54,55,58,59,63],"msg_id":48,"type":"read_ok"}}
2024/05/12 19:36:57 Received {c10 n0 {"type":"read","msg_id":49}}
2024/05/12 19:36:57 Sent {"src":"n0","dest":"c10","body":{"in_reply_to":49,"messages":[2,6,9,10,12,15,20,21,24,26,27,30,33,36,38,42,43,46,54,55,58,59,63],"msg_id":49,"type":"read_ok"}}
2024/05/12 19:36:58 Received {c10 n0 {"type":"broadcast","message":67,"msg_id":50}}
2024/05/12 19:36:58 Sent {"src":"n0","dest":"c10","body":{"in_reply_to":50,"type":"broadcast_ok"}}
2024/05/12 19:36:58 Received {c10 n0 {"type":"broadcast","message":68,"msg_id":51}}
2024/05/12 19:36:58 Sent {"src":"n0","dest":"c10","body":{"in_reply_to":51,"type":"broadcast_ok"}}
2024/05/12 19:36:58 Received {c10 n0 {"type":"read","msg_id":52}}
2024/05/12 19:36:58 Sent {"src":"n0","dest":"c10","body":{"in_reply_to":52,"messages":[2,6,9,10,12,15,20,21,24,26,27,30,33,36,38,42,43,46,54,55,58,59,63,67,68],"msg_id":52,"type":"read_ok"}}
2024/05/12 19:36:58 Received {c10 n0 {"type":"read","msg_id":53}}
2024/05/12 19:36:58 Sent {"src":"n0","dest":"c10","body":{"in_reply_to":53,"messages":[2,6,9,10,12,15,20,21,24,26,27,30,33,36,38,42,43,46,54,55,58,59,63,67,68],"msg_id":53,"type":"read_ok"}}
2024/05/12 19:36:59 Received {c10 n0 {"type":"broadcast","message":76,"msg_id":54}}
2024/05/12 19:36:59 Sent {"src":"n0","dest":"c10","body":{"in_reply_to":54,"type":"broadcast_ok"}}
2024/05/12 19:36:59 Received {c10 n0 {"type":"read","msg_id":55}}
2024/05/12 19:36:59 Sent {"src":"n0","dest":"c10","body":{"in_reply_to":55,"messages":[2,6,9,10,12,15,20,21,24,26,27,30,33,36,38,42,43,46,54,55,58,59,63,67,68,76],"msg_id":55,"type":"read_ok"}}
2024/05/12 19:36:59 Received {c10 n0 {"type":"read","msg_id":56}}
2024/05/12 19:36:59 Sent {"src":"n0","dest":"c10","body":{"in_reply_to":56,"messages":[2,6,9,10,12,15,20,21,24,26,27,30,33,36,38,42,43,46,54,55,58,59,63,67,68,76],"msg_id":56,"type":"read_ok"}}
2024/05/12 19:37:00 Received {c10 n0 {"type":"broadcast","message":79,"msg_id":57}}
2024/05/12 19:37:00 Sent {"src":"n0","dest":"c10","body":{"in_reply_to":57,"type":"broadcast_ok"}}
2024/05/12 19:37:00 Received {c10 n0 {"type":"broadcast","message":81,"msg_id":58}}
2024/05/12 19:37:00 Sent {"src":"n0","dest":"c10","body":{"in_reply_to":58,"type":"broadcast_ok"}}
2024/05/12 19:37:00 Received {c10 n0 {"type":"read","msg_id":59}}
2024/05/12 19:37:00 Sent {"src":"n0","dest":"c10","body":{"in_reply_to":59,"messages":[2,6,9,10,12,15,20,21,24,26,27,30,33,36,38,42,43,46,54,55,58,59,63,67,68,76,79,81],"msg_id":59,"type":"read_ok"}}
2024/05/12 19:37:01 Received {c10 n0 {"type":"read","msg_id":60}}
2024/05/12 19:37:01 Sent {"src":"n0","dest":"c10","body":{"in_reply_to":60,"messages":[2,6,9,10,12,15,20,21,24,26,27,30,33,36,38,42,43,46,54,55,58,59,63,67,68,76,79,81],"msg_id":60,"type":"read_ok"}}
2024/05/12 19:37:01 Received {c10 n0 {"type":"read","msg_id":61}}
2024/05/12 19:37:01 Sent {"src":"n0","dest":"c10","body":{"in_reply_to":61,"messages":[2,6,9,10,12,15,20,21,24,26,27,30,33,36,38,42,43,46,54,55,58,59,63,67,68,76,79,81],"msg_id":61,"type":"read_ok"}}
2024/05/12 19:37:01 Received {c10 n0 {"type":"broadcast","message":85,"msg_id":62}}
2024/05/12 19:37:01 Sent {"src":"n0","dest":"c10","body":{"in_reply_to":62,"type":"broadcast_ok"}}
2024/05/12 19:37:02 Received {c10 n0 {"type":"broadcast","message":86,"msg_id":63}}
2024/05/12 19:37:02 Sent {"src":"n0","dest":"c10","body":{"in_reply_to":63,"type":"broadcast_ok"}}
2024/05/12 19:37:02 Received {c10 n0 {"type":"read","msg_id":64}}
2024/05/12 19:37:02 Sent {"src":"n0","dest":"c10","body":{"in_reply_to":64,"messages":[2,6,9,10,12,15,20,21,24,26,27,30,33,36,38,42,43,46,54,55,58,59,63,67,68,76,79,81,85,86],"msg_id":64,"type":"read_ok"}}
2024/05/12 19:37:02 Received {c10 n0 {"type":"broadcast","message":89,"msg_id":65}}
2024/05/12 19:37:02 Sent {"src":"n0","dest":"c10","body":{"in_reply_to":65,"type":"broadcast_ok"}}
2024/05/12 19:37:02 Received {c10 n0 {"type":"read","msg_id":66}}
2024/05/12 19:37:02 Sent {"src":"n0","dest":"c10","body":{"in_reply_to":66,"messages":[2,6,9,10,12,15,20,21,24,26,27,30,33,36,38,42,43,46,54,55,58,59,63,67,68,76,79,81,85,86,89],"msg_id":66,"type":"read_ok"}}
2024/05/12 19:37:03 Received {c10 n0 {"type":"broadcast","message":93,"msg_id":67}}
2024/05/12 19:37:03 Sent {"src":"n0","dest":"c10","body":{"in_reply_to":67,"type":"broadcast_ok"}}
2024/05/12 19:37:03 Received {c10 n0 {"type":"read","msg_id":68}}
2024/05/12 19:37:03 Sent {"src":"n0","dest":"c10","body":{"in_reply_to":68,"messages":[2,6,9,10,12,15,20,21,24,26,27,30,33,36,38,42,43,46,54,55,58,59,63,67,68,76,79,81,85,86,89,93],"msg_id":68,"type":"read_ok"}}
2024/05/12 19:37:03 Received {c10 n0 {"type":"read","msg_id":69}}
2024/05/12 19:37:03 Sent {"src":"n0","dest":"c10","body":{"in_reply_to":69,"messages":[2,6,9,10,12,15,20,21,24,26,27,30,33,36,38,42,43,46,54,55,58,59,63,67,68,76,79,81,85,86,89,93],"msg_id":69,"type":"read_ok"}}
2024/05/12 19:37:13 Received {c10 n0 {"type":"read","msg_id":70}}
2024/05/12 19:37:13 Sent {"src":"n0","dest":"c10","body":{"in_reply_to":70,"messages":[2,6,9,10,12,15,20,21,24,26,27,30,33,36,38,42,43,46,54,55,58,59,63,67,68,76,79,81,85,86,89,93],"msg_id":70,"type":"read_ok"}}
