2024/05/12 19:36:43 Received {c4 n1 {"type":"init","node_id":"n1","node_ids":["n0","n1","n2","n3","n4"],"msg_id":1}}
2024/05/12 19:36:43 Node n1 initialized
2024/05/12 19:36:43 Sent {"src":"n1","dest":"c4","body":{"in_reply_to":1,"type":"init_ok"}}
2024/05/12 19:36:43 Received {c6 n1 {"type":"topology","topology":{"n0":["n3","n1"],"n1":["n4","n2","n0"],"n2":["n1"],"n3":["n0","n4"],"n4":["n1","n3"]},"msg_id":1}}
2024/05/12 19:36:43 Sent {"src":"n1","dest":"c6","body":{"in_reply_to":1,"type":"topology_ok"}}
2024/05/12 19:36:44 Received {c11 n1 {"type":"broadcast","message":0,"msg_id":1}}
2024/05/12 19:36:44 Sent {"src":"n1","dest":"c11","body":{"in_reply_to":1,"type":"broadcast_ok"}}
2024/05/12 19:36:44 Received {c11 n1 {"type":"broadcast","message":3,"msg_id":2}}
2024/05/12 19:36:44 Sent {"src":"n1","dest":"c11","body":{"in_reply_to":2,"type":"broadcast_ok"}}
2024/05/12 19:36:45 Received {c11 n1 {"type":"broadcast","message":7,"msg_id":3}}
2024/05/12 19:36:45 Sent {"src":"n1","dest":"c11","body":{"in_reply_to":3,"type":"broadcast_ok"}}
2024/05/12 19:36:46 Received {c11 n1 {"type":"read","msg_id":4}}
2024/05/12 19:36:46 Sent {"src":"n1","dest":"c11","body":{"in_reply_to":4,"messages":[0,3,7],"msg_id":4,"type":"read_ok"}}
2024/05/12 19:36:46 Received {c11 n1 {"type":"read","msg_id":5}}
2024/05/12 19:36:46 Sent {"src":"n1","dest":"c11","body":{"in_reply_to":5,"messages":[0,3,7],"msg_id":5,"type":"read_ok"}}
2024/05/12 19:36:46 Received {c11 n1 {"type":"broadcast","message":16,"msg_id":6}}
2024/05/12 19:36:46 Sent {"src":"n1","dest":"c11","body":{"in_reply_to":6,"type":"broadcast_ok"}}
2024/05/12 19:36:47 Received {c11 n1 {"type":"read","msg_id":7}}
2024/05/12 19:36:47 Sent {"src":"n1","dest":"c11","body":{"in_reply_to":7,"messages":[0,3,7,16],"msg_id":7,"type":"read_ok"}}
2024/05/12 19:36:48 Received {c11 n1 {"type":"broadcast","message":23,"msg_id":8}}
2024/05/12 19:36:48 Sent {"src":"n1","dest":"c11","body":{"in_reply_to":8,"type":"broadcast_ok"}}
2024/05/12 19:36:48 Received {c11 n1 {"type":"read","msg_id":9}}
2024/05/12 19:36:48 Sent {"src":"n1","dest":"c11","body":{"in_reply_to":9,"messages":[0,3,7,16,23],"msg_id":9,"type":"read_ok"}}
2024/05/12 19:36:49 Received {c11 n1 {"type":"broadcast","message":28,"msg_id":10}}
2024/05/12 19:36:49 Sent {"src":"n1","dest":"c11","body":{"in_reply_to":10,"type":"broadcast_ok"}}
2024/05/12 19:36:49 Received {c11 n1 {"type":"broadcast","message":31,"msg_id":11}}
2024/05/12 19:36:49 Sent {"src":"n1","dest":"c11","body":{"in_reply_to":11,"type":"broadcast_ok"}}
2024/05/12 19:36:50 Received {c11 n1 {"type":"read","msg_id":12}}
2024/05/12 19:36:50 Sent {"src":"n1","dest":"c11","body":{"in_reply_to":12,"messages":[0,3,7,16,23,28,31],"msg_id":12,"type":"read_ok"}}
2024/05/12 19:36:50 Received {c11 n1 {"type":"read","msg_id":13}}
2024/05/12 19:36:50 Sent {"src":"n1","dest":"c11","body":{"in_reply_to":13,"messages":[0,3,7,16,23,28,31],"msg_id":13,"type":"read_ok"}}
2024/05/12 19:36:51 Received {c11 n1 {"type":"read","msg_id":14}}
2024/05/12 19:36:51 Sent {"src":"n1","dest":"c11","body":{"in_reply_to":14,"messages":[0,3,7,16,23,28,31],"msg_id":14,"type":"read_ok"}}
2024/05/12 19:36:51 Received {c11 n1 {"type":"broadcast","message":35,"msg_id":15}}
2024/05/12 19:36:51 Sent {"src":"n1","dest":"c11","body":{"in_reply_to":15,"type":"broadcast_ok"}}
2024/05/12 19:36:52 Received {c11 n1 {"type":"broadcast","message":37,"msg_id":16}}
2024/05/12 19:36:52 Sent {"src":"n1","dest":"c11","body":{"in_reply_to":16,"type":"broadcast_ok"}}
2024/05/12 19:36:52 Received {c11 n1 {"type":"broadcast","message":39,"msg_id":17}}
2024/05/12 19:36:52 Sent {"src":"n1","dest":"c11","body":{"in_reply_to":17,"type":"broadcast_ok"}}
2024/05/12 19:36:53 Received {c11 n1 {"type":"read","msg_id":18}}
2024/05/12 19:36:53 Sent {"src":"n1","dest":"c11","body":{"in_reply_to":18,"messages":[0,3,7,16,23,28,31,35,37,39],"msg_id":18,"type":"read_ok"}}
2024/05/12 19:36:54 Received {c11 n1 {"type":"read","msg_id":19}}
2024/05/12 19:36:54 Sent {"src":"n1","dest":"c11","body":{"in_reply_to":19,"messages":[0,3,7,16,23,28,31,35,37,39],"msg_id":19,"type":"read_ok"}}
2024/05/12 19:36:54 Received {c11 n1 {"type":"read","msg_id":20}}
2024/05/12 19:36:54 Sent {"src":"n1","dest":"c11","body":{"in_reply_to":20,"messages":[0,3,7,16,23,28,31,35,37,39],"msg_id":20,"type":"read_ok"}}
2024/05/12 19:36:55 Received {c11 n1 {"type":"broadcast","message":52,"msg_id":21}}
2024/05/12 19:36:55 Sent {"src":"n1","dest":"c11","body":{"in_reply_to":21,"type":"broadcast_ok"}}
2024/05/12 19:36:55 Received {c11 n1 {"type":"read","msg_id":22}}
2024/05/12 19:36:55 Sent {"src":"n1","dest":"c11","body":{"in_reply_to":22,"messages":[0,3,7,16,23,28,31,35,37,39,52],"msg_id":22,"type":"read_ok"}}
2024/05/12 19:36:56 Received {c11 n1 {"type":"broadcast","message":60,"msg_id":23}}
2024/05/12 19:36:56 Sent {"src":"n1","dest":"c11","body":{"in_reply_to":23,"type":"broadcast_ok"}}
2024/05/12 19:36:57 Received {c11 n1 {"type":"broadcast","message":64,"msg_id":24}}
2024/05/12 19:36:57 Sent {"src":"n1","dest":"c11","body":{"in_reply_to":24,"type":"broadcast_ok"}}
2024/05/12 19:36:57 Received {c11 n1 {"type":"read","msg_id":25}}
2024/05/12 19:36:57 Sent {"src":"n1","dest":"c11","body":{"in_reply_to":25,"messages":[0,3,7,16,23,28,31,35,37,39,52,60,64],"msg_id":25,"type":"read_ok"}}
2024/05/12 19:36:58 Received {c11 n1 {"type":"broadcast","message":69,"msg_id":26}}
2024/05/12 19:36:58 Sent {"src":"n1","dest":"c11","body":{"in_reply_to":26,"type":"broadcast_ok"}}
2024/05/12 19:36:58 Received {c11 n1 {"type":"read","msg_id":27}}
2024/05/12 19:36:58 Sent {"src":"n1","dest":"c11","body":{"in_reply_to":27,"messages":[0,3,7,16,23,28,31,35,37,39,52,60,64,69],"msg_id":27,"type":"read_ok"}}
2024/05/12 19:36:59 Received {c11 n1 {"type":"broadcast","message":77,"msg_id":28}}
2024/05/12 19:36:59 Sent {"src":"n1","dest":"c11","body":{"in_reply_to":28,"type":"broadcast_ok"}}
2024/05/12 19:37:00 Received {c11 n1 {"type":"read","msg_id":29}}
2024/05/12 19:37:00 Sent {"src":"n1","dest":"c11","body":{"in_reply_to":29,"messages":[0,3,7,16,23,28,31,35,37,39,52,60,64,69,77],"msg_id":29,"type":"read_ok"}}
2024/05/12 19:37:00 Received {c11 n1 {"type":"broadcast","message":82,"msg_id":30}}
2024/05/12 19:37:00 Sent {"src":"n1","dest":"c11","body":{"in_reply_to":30,"type":"broadcast_ok"}}
2024/05/12 19:37:01 Received {c11 n1 {"type":"broadcast","message":83,"msg_id":31}}
2024/05/12 19:37:01 Sent {"src":"n1","dest":"c11","body":{"in_reply_to":31,"type":"broadcast_ok"}}
2024/05/12 19:37:02 Received {c11 n1 {"type":"broadcast","message":87,"msg_id":32}}
2024/05/12 19:37:02 Sent {"src":"n1","dest":"c11","body":{"in_reply_to":32,"type":"broadcast_ok"}}
2024/05/12 19:37:02 Received {c11 n1 {"type":"broadcast","message":90,"msg_id":33}}
2024/05/12 19:37:02 Sent {"src":"n1","dest":"c11","body":{"in_reply_to":33,"type":"broadcast_ok"}}
2024/05/12 19:37:03 Received {c11 n1 {"type":"read","msg_id":34}}
2024/05/12 19:37:03 Sent {"src":"n1","dest":"c11","body":{"in_reply_to":34,"messages":[0,3,7,16,23,28,31,35,37,39,52,60,64,69,77,82,83,87,90],"msg_id":34,"type":"read_ok"}}
2024/05/12 19:37:03 Received {c11 n1 {"type":"broadcast","message":95,"msg_id":35}}
2024/05/12 19:37:03 Sent {"src":"n1","dest":"c11","body":{"in_reply_to":35,"type":"broadcast_ok"}}
2024/05/12 19:37:13 Received {c11 n1 {"type":"read","msg_id":36}}
2024/05/12 19:37:13 Sent {"src":"n1","dest":"c11","body":{"in_reply_to":36,"messages":[0,3,7,16,23,28,31,35,37,39,52,60,64,69,77,82,83,87,90,95],"msg_id":36,"type":"read_ok"}}
