2024/05/12 19:36:43 Received {c0 n4 {"type":"init","node_id":"n4","node_ids":["n0","n1","n2","n3","n4"],"msg_id":1}}
2024/05/12 19:36:43 Node n4 initialized
2024/05/12 19:36:43 Sent {"src":"n4","dest":"c0","body":{"in_reply_to":1,"type":"init_ok"}}
2024/05/12 19:36:43 Received {c9 n4 {"type":"topology","topology":{"n0":["n3","n1"],"n1":["n4","n2","n0"],"n2":["n1"],"n3":["n0","n4"],"n4":["n1","n3"]},"msg_id":1}}
2024/05/12 19:36:43 Sent {"src":"n4","dest":"c9","body":{"in_reply_to":1,"type":"topology_ok"}}
2024/05/12 19:36:44 Received {c14 n4 {"type":"read","msg_id":1}}
2024/05/12 19:36:44 Sent {"src":"n4","dest":"c14","body":{"in_reply_to":1,"messages":null,"msg_id":1,"type":"read_ok"}}
2024/05/12 19:36:44 Received {c14 n4 {"type":"broadcast","message":5,"msg_id":2}}
2024/05/12 19:36:44 Sent {"src":"n4","dest":"c14","body":{"in_reply_to":2,"type":"broadcast_ok"}}
2024/05/12 19:36:45 Received {c14 n4 {"type":"read","msg_id":3}}
2024/05/12 19:36:45 Sent {"src":"n4","dest":"c14","body":{"in_reply_to":3,"messages":[5],"msg_id":3,"type":"read_ok"}}
2024/05/12 19:36:46 Received {c14 n4 {"type":"read","msg_id":4}}
2024/05/12 19:36:46 Sent {"src":"n4","dest":"c14","body":{"in_reply_to":4,"messages":[5],"msg_id":4,"type":"read_ok"}}
2024/05/12 19:36:46 Received {c14 n4 {"type":"read","msg_id":5}}
2024/05/12 19:36:46 Sent {"src":"n4","dest":"c14","body":{"in_reply_to":5,"messages":[5],"msg_id":5,"type":"read_ok"}}
2024/05/12 19:36:47 Received {c14 n4 {"type":"broadcast","message":19,"msg_id":6}}
2024/05/12 19:36:47 Sent {"src":"n4","dest":"c14","body":{"in_reply_to":6,"type":"broadcast_ok"}}
2024/05/12 19:36:47 Received {c14 n4 {"type":"read","msg_id":7}}
2024/05/12 19:36:47 Sent {"src":"n4","dest":"c14","body":{"in_reply_to":7,"messages":[5,19],"msg_id":7,"type":"read_ok"}}
2024/05/12 19:36:48 Received {c14 n4 {"type":"read","msg_id":8}}
2024/05/12 19:36:48 Sent {"src":"n4","dest":"c14","body":{"in_reply_to":8,"messages":[5,19],"msg_id":8,"type":"read_ok"}}
2024/05/12 19:36:49 Received {c14 n4 {"type":"read","msg_id":9}}
2024/05/12 19:36:49 Sent {"src":"n4","dest":"c14","body":{"in_reply_to":9,"messages":[5,19],"msg_id":9,"type":"read_ok"}}
2024/05/12 19:36:49 Received {c14 n4 {"type":"read","msg_id":10}}
2024/05/12 19:36:49 Sent {"src":"n4","dest":"c14","body":{"in_reply_to":10,"messages":[5,19],"msg_id":10,"type":"read_ok"}}
2024/05/12 19:36:49 Received {c14 n4 {"type":"read","msg_id":11}}
2024/05/12 19:36:49 Sent {"src":"n4","dest":"c14","body":{"in_reply_to":11,"messages":[5,19],"msg_id":11,"type":"read_ok"}}
2024/05/12 19:36:50 Received {c14 n4 {"type":"read","msg_id":12}}
2024/05/12 19:36:50 Sent {"src":"n4","dest":"c14","body":{"in_reply_to":12,"messages":[5,19],"msg_id":12,"type":"read_ok"}}
2024/05/12 19:36:50 Received {c14 n4 {"type":"read","msg_id":13}}
2024/05/12 19:36:50 Sent {"src":"n4","dest":"c14","body":{"in_reply_to":13,"messages":[5,19],"msg_id":13,"type":"read_ok"}}
2024/05/12 19:36:51 Received {c14 n4 {"type":"read","msg_id":14}}
2024/05/12 19:36:51 Sent {"src":"n4","dest":"c14","body":{"in_reply_to":14,"messages":[5,19],"msg_id":14,"type":"read_ok"}}
2024/05/12 19:36:51 Received {c14 n4 {"type":"read","msg_id":15}}
2024/05/12 19:36:51 Sent {"src":"n4","dest":"c14","body":{"in_reply_to":15,"messages":[5,19],"msg_id":15,"type":"read_ok"}}
2024/05/12 19:36:52 Received {c14 n4 {"type":"read","msg_id":16}}
2024/05/12 19:36:52 Sent {"src":"n4","dest":"c14","body":{"in_reply_to":16,"messages":[5,19],"msg_id":16,"type":"read_ok"}}
2024/05/12 19:36:53 Received {c14 n4 {"type":"broadcast","message":41,"msg_id":17}}
2024/05/12 19:36:53 Sent {"src":"n4","dest":"c14","body":{"in_reply_to":17,"type":"broadcast_ok"}}
2024/05/12 19:36:54 Received {c14 n4 {"type":"broadcast","message":45,"msg_id":18}}
2024/05/12 19:36:54 Sent {"src":"n4","dest":"c14","body":{"in_reply_to":18,"type":"broadcast_ok"}}
2024/05/12 19:36:54 Received {c14 n4 {"type":"broadcast","message":48,"msg_id":19}}
2024/05/12 19:36:54 Sent {"src":"n4","dest":"c14","body":{"in_reply_to":19,"type":"broadcast_ok"}}
2024/05/12 19:36:55 Received {c14 n4 {"type":"broadcast","message":51,"msg_id":20}}
2024/05/12 19:36:55 Sent {"src":"n4","dest":"c14","body":{"in_reply_to":20,"type":"broadcast_ok"}}
2024/05/12 19:36:55 Received {c14 n4 {"type":"read","msg_id":21}}
2024/05/12 19:36:55 Sent {"src":"n4","dest":"c14","body":{"in_reply_to":21,"messages":[5,19,41,45,48,51],"msg_id":21,"type":"read_ok"}}
2024/05/12 19:36:56 Received {c14 n4 {"type":"broadcast","message":57,"msg_id":22}}
2024/05/12 19:36:56 Sent {"src":"n4","dest":"c14","body":{"in_reply_to":22,"type":"broadcast_ok"}}
2024/05/12 19:36:56 Received {c14 n4 {"type":"read","msg_id":23}}
2024/05/12 19:36:56 Sent {"src":"n4","dest":"c14","body":{"in_reply_to":23,"messages":[5,19,41,45,48,51,57],"msg_id":23,"type":"read_ok"}}
2024/05/12 19:36:57 Received {c14 n4 {"type":"broadcast","message":66,"msg_id":24}}
2024/05/12 19:36:57 Sent {"src":"n4","dest":"c14","body":{"in_reply_to":24,"type":"broadcast_ok"}}
2024/05/12 19:36:58 Received {c14 n4 {"type":"read","msg_id":25}}
2024/05/12 19:36:58 Sent {"src":"n4","dest":"c14","body":{"in_reply_to":25,"messages":[5,19,41,45,48,51,57,66],"msg_id":25,"type":"read_ok"}}
2024/05/12 19:36:58 Received {c14 n4 {"type":"broadcast","message":72,"msg_id":26}}
2024/05/12 19:36:58 Sent {"src":"n4","dest":"c14","body":{"in_reply_to":26,"type":"broadcast_ok"}}
2024/05/12 19:36:59 Received {c14 n4 {"type":"broadcast","message":75,"msg_id":27}}
2024/05/12 19:36:59 Sent {"src":"n4","dest":"c14","body":{"in_reply_to":27,"type":"broadcast_ok"}}
2024/05/12 19:36:59 Received {c14 n4 {"type":"read","msg_id":28}}
2024/05/12 19:36:59 Sent {"src":"n4","dest":"c14","body":{"in_reply_to":28,"messages":[5,19,41,45,48,51,57,66,72,75],"msg_id":28,"type":"read_ok"}}
2024/05/12 19:37:00 Received {c14 n4 {"type":"read","msg_id":29}}
2024/05/12 19:37:00 Sent {"src":"n4","dest":"c14","body":{"in_reply_to":29,"messages":[5,19,41,45,48,51,57,66,72,75],"msg_id":29,"type":"read_ok"}}
2024/05/12 19:37:00 Received {c14 n4 {"type":"read","msg_id":30}}
2024/05/12 19:37:00 Sent {"src":"n4","dest":"c14","body":{"in_reply_to":30,"messages":[5,19,41,45,48,51,57,66,72,75],"msg_id":30,"type":"read_ok"}}
2024/05/12 19:37:01 Received {c14 n4 {"type":"read","msg_id":31}}
2024/05/12 19:37:01 Sent {"src":"n4","dest":"c14","body":{"in_reply_to":31,"messages":[5,19,41,45,48,51,57,66,72,75],"msg_id":31,"type":"read_ok"}}
2024/05/12 19:37:02 Received {c14 n4 {"type":"read","msg_id":32}}
2024/05/12 19:37:02 Sent {"src":"n4","dest":"c14","body":{"in_reply_to":32,"messages":[5,19,41,45,48,51,57,66,72,75],"msg_id":32,"type":"read_ok"}}
2024/05/12 19:37:02 Received {c14 n4 {"type":"broadcast","message":92,"msg_id":33}}
2024/05/12 19:37:02 Sent {"src":"n4","dest":"c14","body":{"in_reply_to":33,"type":"broadcast_ok"}}
2024/05/12 19:37:03 Received {c14 n4 {"type":"read","msg_id":34}}
2024/05/12 19:37:03 Sent {"src":"n4","dest":"c14","body":{"in_reply_to":34,"messages":[5,19,41,45,48,51,57,66,72,75,92],"msg_id":34,"type":"read_ok"}}
2024/05/12 19:37:13 Received {c14 n4 {"type":"read","msg_id":35}}
2024/05/12 19:37:13 Sent {"src":"n4","dest":"c14","body":{"in_reply_to":35,"messages":[5,19,41,45,48,51,57,66,72,75,92],"msg_id":35,"type":"read_ok"}}
