2024-05-27 19:51:26,428{GMT}	INFO	[jepsen test runner] jepsen.core: Test version 31744692f8b8b810776b22774484fed7774393df (plus uncommitted changes)
2024-05-27 19:51:26,430{GMT}	INFO	[jepsen test runner] jepsen.core: Command line:
lein run test -w broadcast --bin /go/bin/broadcast --node-count 5 --time-limit 20 --rate 10
2024-05-27 19:51:26,598{GMT}	INFO	[jepsen test runner] jepsen.core: Running test:
{:args []
 :remote
 #jepsen.control.retry.Remote{:remote #jepsen.control.scp.Remote{:cmd-remote #jepsen.control.sshj.SSHJRemote{:concurrency-limit 6,
                                                                                                             :conn-spec nil,
                                                                                                             :client nil,
                                                                                                             :semaphore nil},
                                                                 :conn-spec nil},
                              :conn nil}
 :log-net-send false
 :node-count 5
 :availability nil
 :max-txn-length 4
 :concurrency 5
 :db
 #object[maelstrom.db$db$reify__16142
         "0x41d1bcbd"
         "maelstrom.db$db$reify__16142@41d1bcbd"]
 :max-writes-per-key 16
 :leave-db-running? false
 :name "broadcast"
 :logging-json? false
 :start-time
 #object[org.joda.time.DateTime "0x24a696c0" "2024-05-27T19:51:26.358Z"]
 :nemesis-interval 10
 :net
 #object[maelstrom.net$jepsen_net$reify__15251
         "0x78fb4f7f"
         "maelstrom.net$jepsen_net$reify__15251@78fb4f7f"]
 :client
 #object[maelstrom.workload.broadcast$client$reify__16644
         "0x6a7c1725"
         "maelstrom.workload.broadcast$client$reify__16644@6a7c1725"]
 :barrier
 #object[java.util.concurrent.CyclicBarrier
         "0x756476a3"
         "java.util.concurrent.CyclicBarrier@756476a3"]
 :log-stderr false
 :pure-generators true
 :ssh {:dummy? true}
 :rate 10.0
 :checker
 #object[jepsen.checker$compose$reify__11881
         "0x65e4ee59"
         "jepsen.checker$compose$reify__11881@65e4ee59"]
 :argv
 ("test"
  "-w"
  "broadcast"
  "--bin"
  "/go/bin/broadcast"
  "--node-count"
  "5"
  "--time-limit"
  "20"
  "--rate"
  "10")
 :nemesis
 (jepsen.nemesis.ReflCompose
  {:fm {:start-partition 0,
        :stop-partition 0,
        :kill 1,
        :start 1,
        :pause 1,
        :resume 1},
   :nemeses [#unprintable "jepsen.nemesis.combined$partition_nemesis$reify__16416@4746d52d"
             #unprintable "jepsen.nemesis.combined$db_nemesis$reify__16397@4d0927df"]})
 :nodes ["n0" "n1" "n2" "n3" "n4"]
 :test-count 1
 :latency {:mean 0, :dist :constant}
 :bin "/go/bin/broadcast"
 :generator
 ((jepsen.generator.Synchronize
   {:gen (jepsen.generator.TimeLimit
          {:limit 20000000000,
           :cutoff nil,
           :gen (jepsen.generator.Any
                 {:gens [(jepsen.generator.OnThreads
                          {:f #{:nemesis},
                           :context-filter #object[jepsen.generator.context$make_thread_filter$lazy_filter__9167
                                                   "0x7e86ff3b"
                                                   "jepsen.generator.context$make_thread_filter$lazy_filter__9167@7e86ff3b"],
                           :gen nil})
                         (jepsen.generator.OnThreads
                          {:f #jepsen.generator.context.AllBut{:element :nemesis},
                           :context-filter #object[jepsen.generator.context$make_thread_filter$lazy_filter__9167
                                                   "0x4936dca9"
                                                   "jepsen.generator.context$make_thread_filter$lazy_filter__9167@4936dca9"],
                           :gen (jepsen.generator.Stagger
                                 {:dt 200000000,
                                  :next-time nil,
                                  :gen (jepsen.generator.Mix
                                        {:i 0,
                                         :gens [({:f :broadcast, :value 0}
                                                 {:f :broadcast, :value 1}
                                                 {:f :broadcast, :value 2}
                                                 {:f :broadcast, :value 3}
                                                 {:f :broadcast, :value 4}
                                                 {:f :broadcast, :value 5}
                                                 {:f :broadcast, :value 6}
                                                 {:f :broadcast, :value 7}
                                                 ...)
                                                ({:f :read}
                                                 {:f :read}
                                                 {:f :read}
                                                 {:f :read}
                                                 {:f :read}
                                                 {:f :read}
                                                 {:f :read}
                                                 {:f :read}
                                                 ...)]})})})]})})})
  (jepsen.generator.Synchronize
   {:gen (jepsen.generator.OnThreads
          {:f #{:nemesis},
           :context-filter #object[jepsen.generator.context$make_thread_filter$lazy_filter__9167
                                   "0x56de370d"
                                   "jepsen.generator.context$make_thread_filter$lazy_filter__9167@56de370d"],
           :gen ()})})
  (jepsen.generator.Synchronize
   {:gen {:type :log, :value "Waiting for recovery..."}})
  (jepsen.generator.Synchronize {:gen {:type :sleep, :value 10}})
  (jepsen.generator.Synchronize
   {:gen (jepsen.generator.OnThreads
          {:f #jepsen.generator.context.AllBut{:element :nemesis},
           :context-filter #object[jepsen.generator.context$make_thread_filter$lazy_filter__9167
                                   "0x1f6865ca"
                                   "jepsen.generator.context$make_thread_filter$lazy_filter__9167@1f6865ca"],
           :gen (jepsen.generator.EachThread
                 {:fresh-gen {:f :read, :final? true},
                  :context-filters #object[clojure.core$promise$reify__8591
                                           "0x6044311a"
                                           {:status :pending, :val nil}],
                  :gens {}})})}))
 :log-net-recv false
 :os
 #object[maelstrom.net$jepsen_os$reify__15254
         "0x7416b560"
         "maelstrom.net$jepsen_os$reify__15254@7416b560"]
 :time-limit 20
 :workload :broadcast
 :consistency-models [:strict-serializable]
 :topology :grid}

2024-05-27 19:51:28,984{GMT}	INFO	[jepsen node n0] maelstrom.net: Starting Maelstrom network
2024-05-27 19:51:28,986{GMT}	INFO	[jepsen test runner] jepsen.db: Tearing down DB
2024-05-27 19:51:28,993{GMT}	INFO	[jepsen test runner] jepsen.db: Setting up DB
2024-05-27 19:51:28,996{GMT}	INFO	[jepsen node n3] maelstrom.db: Setting up n3
2024-05-27 19:51:28,998{GMT}	INFO	[jepsen node n3] maelstrom.process: launching /go/bin/broadcast []
2024-05-27 19:51:28,996{GMT}	INFO	[jepsen node n2] maelstrom.db: Setting up n2
2024-05-27 19:51:29,000{GMT}	INFO	[jepsen node n2] maelstrom.process: launching /go/bin/broadcast []
2024-05-27 19:51:28,997{GMT}	INFO	[jepsen node n1] maelstrom.db: Setting up n1
2024-05-27 19:51:29,003{GMT}	INFO	[jepsen node n1] maelstrom.process: launching /go/bin/broadcast []
2024-05-27 19:51:29,001{GMT}	INFO	[jepsen node n4] maelstrom.db: Setting up n4
2024-05-27 19:51:29,005{GMT}	INFO	[jepsen node n4] maelstrom.process: launching /go/bin/broadcast []
2024-05-27 19:51:29,005{GMT}	INFO	[jepsen node n0] maelstrom.service: Starting services: (lin-kv lin-tso lww-kv seq-kv)
2024-05-27 19:51:29,012{GMT}	INFO	[jepsen node n0] maelstrom.db: Setting up n0
2024-05-27 19:51:29,014{GMT}	INFO	[jepsen node n0] maelstrom.process: launching /go/bin/broadcast []
2024-05-27 19:51:29,068{GMT}	INFO	[jepsen test runner] jepsen.core: Relative time begins now
2024-05-27 19:51:29,108{GMT}	INFO	[jepsen worker 0] jepsen.util: 0	:invoke	:broadcast	0
2024-05-27 19:51:29,120{GMT}	INFO	[jepsen worker 0] jepsen.util: 0	:ok	:broadcast	0
2024-05-27 19:51:29,203{GMT}	INFO	[jepsen worker 1] jepsen.util: 1	:invoke	:broadcast	1
2024-05-27 19:51:29,218{GMT}	INFO	[jepsen worker 1] jepsen.util: 1	:ok	:broadcast	1
2024-05-27 19:51:29,282{GMT}	INFO	[jepsen worker 2] jepsen.util: 2	:invoke	:broadcast	2
2024-05-27 19:51:29,288{GMT}	INFO	[jepsen worker 2] jepsen.util: 2	:ok	:broadcast	2
2024-05-27 19:51:29,375{GMT}	INFO	[jepsen worker 3] jepsen.util: 3	:invoke	:broadcast	3
2024-05-27 19:51:29,384{GMT}	INFO	[jepsen worker 3] jepsen.util: 3	:ok	:broadcast	3
2024-05-27 19:51:29,465{GMT}	INFO	[jepsen worker 4] jepsen.util: 4	:invoke	:read	nil
2024-05-27 19:51:29,468{GMT}	INFO	[jepsen worker 4] jepsen.util: 4	:ok	:read	[0 0 1 1 2 2 3 3]
2024-05-27 19:51:29,592{GMT}	INFO	[jepsen worker 0] jepsen.util: 0	:invoke	:read	nil
2024-05-27 19:51:29,594{GMT}	INFO	[jepsen worker 0] jepsen.util: 0	:ok	:read	[0 1 2 3]
2024-05-27 19:51:29,753{GMT}	INFO	[jepsen worker 0] jepsen.util: 0	:invoke	:broadcast	4
2024-05-27 19:51:29,764{GMT}	INFO	[jepsen worker 0] jepsen.util: 0	:ok	:broadcast	4
2024-05-27 19:51:29,835{GMT}	INFO	[jepsen worker 1] jepsen.util: 1	:invoke	:read	nil
2024-05-27 19:51:29,838{GMT}	INFO	[jepsen worker 1] jepsen.util: 1	:ok	:read	[0 1 2 3 4]
2024-05-27 19:51:29,982{GMT}	INFO	[jepsen worker 2] jepsen.util: 2	:invoke	:read	nil
2024-05-27 19:51:29,984{GMT}	INFO	[jepsen worker 2] jepsen.util: 2	:ok	:read	[0 1 2 3 4]
2024-05-27 19:51:30,013{GMT}	INFO	[jepsen worker 3] jepsen.util: 3	:invoke	:broadcast	5
2024-05-27 19:51:30,018{GMT}	INFO	[jepsen worker 3] jepsen.util: 3	:ok	:broadcast	5
2024-05-27 19:51:30,020{GMT}	INFO	[jepsen worker 4] jepsen.util: 4	:invoke	:broadcast	6
2024-05-27 19:51:30,024{GMT}	INFO	[jepsen worker 4] jepsen.util: 4	:ok	:broadcast	6
2024-05-27 19:51:30,086{GMT}	INFO	[jepsen worker 0] jepsen.util: 0	:invoke	:read	nil
2024-05-27 19:51:30,088{GMT}	INFO	[jepsen worker 0] jepsen.util: 0	:ok	:read	[0 1 2 3 4 5 6]
2024-05-27 19:51:30,146{GMT}	INFO	[jepsen worker 0] jepsen.util: 0	:invoke	:broadcast	7
2024-05-27 19:51:30,156{GMT}	INFO	[jepsen worker 0] jepsen.util: 0	:ok	:broadcast	7
2024-05-27 19:51:30,344{GMT}	INFO	[jepsen worker 1] jepsen.util: 1	:invoke	:read	nil
2024-05-27 19:51:30,346{GMT}	INFO	[jepsen worker 1] jepsen.util: 1	:ok	:read	[0 1 2 3 4 5 6 7]
2024-05-27 19:51:30,536{GMT}	INFO	[jepsen worker 2] jepsen.util: 2	:invoke	:broadcast	8
2024-05-27 19:51:30,540{GMT}	INFO	[jepsen worker 2] jepsen.util: 2	:ok	:broadcast	8
2024-05-27 19:51:30,609{GMT}	INFO	[jepsen worker 3] jepsen.util: 3	:invoke	:read	nil
2024-05-27 19:51:30,612{GMT}	INFO	[jepsen worker 3] jepsen.util: 3	:ok	:read	[0 1 2 3 4 5 6 7 8]
2024-05-27 19:51:30,647{GMT}	INFO	[jepsen worker 4] jepsen.util: 4	:invoke	:read	nil
2024-05-27 19:51:30,650{GMT}	INFO	[jepsen worker 4] jepsen.util: 4	:ok	:read	[0 0 1 1 2 2 3 3 4 4 5 5 6 7 7 8 8]
2024-05-27 19:51:30,687{GMT}	INFO	[jepsen worker 0] jepsen.util: 0	:invoke	:broadcast	9
2024-05-27 19:51:30,692{GMT}	INFO	[jepsen worker 0] jepsen.util: 0	:ok	:broadcast	9
2024-05-27 19:51:30,834{GMT}	INFO	[jepsen worker 0] jepsen.util: 0	:invoke	:read	nil
2024-05-27 19:51:30,835{GMT}	INFO	[jepsen worker 0] jepsen.util: 0	:ok	:read	[0 1 2 3 4 5 6 7 8 9]
2024-05-27 19:51:30,889{GMT}	INFO	[jepsen worker 1] jepsen.util: 1	:invoke	:read	nil
2024-05-27 19:51:30,892{GMT}	INFO	[jepsen worker 1] jepsen.util: 1	:ok	:read	[0 1 2 3 4 5 6 7 8 9]
2024-05-27 19:51:30,935{GMT}	INFO	[jepsen worker 2] jepsen.util: 2	:invoke	:read	nil
2024-05-27 19:51:30,937{GMT}	INFO	[jepsen worker 2] jepsen.util: 2	:ok	:read	[0 1 2 3 4 5 6 7 8 9]
2024-05-27 19:51:30,970{GMT}	INFO	[jepsen worker 3] jepsen.util: 3	:invoke	:read	nil
2024-05-27 19:51:30,971{GMT}	INFO	[jepsen worker 3] jepsen.util: 3	:ok	:read	[0 1 2 3 4 5 6 7 8 9]
2024-05-27 19:51:31,155{GMT}	INFO	[jepsen worker 4] jepsen.util: 4	:invoke	:read	nil
2024-05-27 19:51:31,157{GMT}	INFO	[jepsen worker 4] jepsen.util: 4	:ok	:read	[0 0 1 1 2 2 3 3 4 4 5 5 6 7 7 8 8 9 9]
2024-05-27 19:51:31,349{GMT}	INFO	[jepsen worker 0] jepsen.util: 0	:invoke	:broadcast	10
2024-05-27 19:51:31,355{GMT}	INFO	[jepsen worker 0] jepsen.util: 0	:ok	:broadcast	10
2024-05-27 19:51:31,389{GMT}	INFO	[jepsen worker 0] jepsen.util: 0	:invoke	:broadcast	11
2024-05-27 19:51:31,391{GMT}	INFO	[jepsen worker 0] jepsen.util: 0	:ok	:broadcast	11
2024-05-27 19:51:31,463{GMT}	INFO	[jepsen worker 1] jepsen.util: 1	:invoke	:broadcast	12
2024-05-27 19:51:31,467{GMT}	INFO	[jepsen worker 1] jepsen.util: 1	:ok	:broadcast	12
2024-05-27 19:51:31,603{GMT}	INFO	[jepsen worker 2] jepsen.util: 2	:invoke	:broadcast	13
2024-05-27 19:51:31,606{GMT}	INFO	[jepsen worker 2] jepsen.util: 2	:ok	:broadcast	13
2024-05-27 19:51:31,618{GMT}	INFO	[jepsen worker 3] jepsen.util: 3	:invoke	:broadcast	14
2024-05-27 19:51:31,623{GMT}	INFO	[jepsen worker 3] jepsen.util: 3	:ok	:broadcast	14
2024-05-27 19:51:31,649{GMT}	INFO	[jepsen worker 4] jepsen.util: 4	:invoke	:read	nil
2024-05-27 19:51:31,651{GMT}	INFO	[jepsen worker 4] jepsen.util: 4	:ok	:read	[0 0 1 1 2 2 3 3 4 4 5 5 6 7 7 8 8 9 9 10 10 11 11 12 12 13 13 14 14]
2024-05-27 19:51:31,670{GMT}	INFO	[jepsen worker 0] jepsen.util: 0	:invoke	:read	nil
2024-05-27 19:51:31,671{GMT}	INFO	[jepsen worker 0] jepsen.util: 0	:ok	:read	[0 1 2 3 4 5 6 7 8 9 10 11 12 13 14]
2024-05-27 19:51:31,712{GMT}	INFO	[jepsen worker 0] jepsen.util: 0	:invoke	:broadcast	15
2024-05-27 19:51:31,717{GMT}	INFO	[jepsen worker 0] jepsen.util: 0	:ok	:broadcast	15
2024-05-27 19:51:31,806{GMT}	INFO	[jepsen worker 1] jepsen.util: 1	:invoke	:broadcast	16
2024-05-27 19:51:31,806{GMT}	INFO	[jepsen worker 2] jepsen.util: 2	:invoke	:broadcast	17
2024-05-27 19:51:31,810{GMT}	INFO	[jepsen worker 2] jepsen.util: 2	:ok	:broadcast	17
2024-05-27 19:51:31,814{GMT}	INFO	[jepsen worker 1] jepsen.util: 1	:ok	:broadcast	16
2024-05-27 19:51:32,002{GMT}	INFO	[jepsen worker 3] jepsen.util: 3	:invoke	:read	nil
2024-05-27 19:51:32,004{GMT}	INFO	[jepsen worker 3] jepsen.util: 3	:ok	:read	[0 1 2 3 4 5 6 7 8 9 10 11 12 13 14 15 17 16]
2024-05-27 19:51:32,108{GMT}	INFO	[jepsen worker 4] jepsen.util: 4	:invoke	:broadcast	18
2024-05-27 19:51:32,113{GMT}	INFO	[jepsen worker 4] jepsen.util: 4	:ok	:broadcast	18
2024-05-27 19:51:32,267{GMT}	INFO	[jepsen worker 0] jepsen.util: 0	:invoke	:broadcast	19
2024-05-27 19:51:32,270{GMT}	INFO	[jepsen worker 0] jepsen.util: 0	:ok	:broadcast	19
2024-05-27 19:51:32,331{GMT}	INFO	[jepsen worker 0] jepsen.util: 0	:invoke	:read	nil
2024-05-27 19:51:32,333{GMT}	INFO	[jepsen worker 0] jepsen.util: 0	:ok	:read	[0 1 2 3 4 5 6 7 8 9 10 11 12 13 14 15 17 16 18 19]
2024-05-27 19:51:32,397{GMT}	INFO	[jepsen worker 1] jepsen.util: 1	:invoke	:read	nil
2024-05-27 19:51:32,400{GMT}	INFO	[jepsen worker 1] jepsen.util: 1	:ok	:read	[0 1 2 3 4 5 6 7 8 9 10 11 12 13 14 15 16 17 18 19]
2024-05-27 19:51:32,562{GMT}	INFO	[jepsen worker 2] jepsen.util: 2	:invoke	:broadcast	20
2024-05-27 19:51:32,569{GMT}	INFO	[jepsen worker 2] jepsen.util: 2	:ok	:broadcast	20
2024-05-27 19:51:32,635{GMT}	INFO	[jepsen worker 3] jepsen.util: 3	:invoke	:read	nil
2024-05-27 19:51:32,637{GMT}	INFO	[jepsen worker 3] jepsen.util: 3	:ok	:read	[0 1 2 3 4 5 6 7 8 9 10 11 12 13 14 15 17 16 18 19 20]
2024-05-27 19:51:32,666{GMT}	INFO	[jepsen worker 4] jepsen.util: 4	:invoke	:broadcast	21
2024-05-27 19:51:32,669{GMT}	INFO	[jepsen worker 4] jepsen.util: 4	:ok	:broadcast	21
2024-05-27 19:51:32,679{GMT}	INFO	[jepsen worker 0] jepsen.util: 0	:invoke	:broadcast	22
2024-05-27 19:51:32,682{GMT}	INFO	[jepsen worker 0] jepsen.util: 0	:ok	:broadcast	22
2024-05-27 19:51:32,809{GMT}	INFO	[jepsen worker 0] jepsen.util: 0	:invoke	:broadcast	23
2024-05-27 19:51:32,819{GMT}	INFO	[jepsen worker 0] jepsen.util: 0	:ok	:broadcast	23
2024-05-27 19:51:32,883{GMT}	INFO	[jepsen worker 1] jepsen.util: 1	:invoke	:read	nil
2024-05-27 19:51:32,885{GMT}	INFO	[jepsen worker 1] jepsen.util: 1	:ok	:read	[0 1 2 3 4 5 6 7 8 9 10 11 12 13 14 15 16 17 18 19 20 21 22 23]
2024-05-27 19:51:32,910{GMT}	INFO	[jepsen worker 2] jepsen.util: 2	:invoke	:broadcast	24
2024-05-27 19:51:32,914{GMT}	INFO	[jepsen worker 2] jepsen.util: 2	:ok	:broadcast	24
2024-05-27 19:51:32,963{GMT}	INFO	[jepsen worker 3] jepsen.util: 3	:invoke	:broadcast	25
2024-05-27 19:51:32,968{GMT}	INFO	[jepsen worker 3] jepsen.util: 3	:ok	:broadcast	25
2024-05-27 19:51:33,137{GMT}	INFO	[jepsen worker 4] jepsen.util: 4	:invoke	:broadcast	26
2024-05-27 19:51:33,139{GMT}	INFO	[jepsen worker 4] jepsen.util: 4	:ok	:broadcast	26
2024-05-27 19:51:33,286{GMT}	INFO	[jepsen worker 0] jepsen.util: 0	:invoke	:broadcast	27
2024-05-27 19:51:33,290{GMT}	INFO	[jepsen worker 0] jepsen.util: 0	:ok	:broadcast	27
2024-05-27 19:51:33,379{GMT}	INFO	[jepsen worker 0] jepsen.util: 0	:invoke	:broadcast	28
2024-05-27 19:51:33,383{GMT}	INFO	[jepsen worker 0] jepsen.util: 0	:ok	:broadcast	28
2024-05-27 19:51:33,538{GMT}	INFO	[jepsen worker 1] jepsen.util: 1	:invoke	:read	nil
2024-05-27 19:51:33,539{GMT}	INFO	[jepsen worker 1] jepsen.util: 1	:ok	:read	[0 1 2 3 4 5 6 7 8 9 10 11 12 13 14 15 16 17 18 19 20 21 22 23 24 25 26 27 28]
2024-05-27 19:51:33,703{GMT}	INFO	[jepsen worker 2] jepsen.util: 2	:invoke	:read	nil
2024-05-27 19:51:33,705{GMT}	INFO	[jepsen worker 2] jepsen.util: 2	:ok	:read	[0 1 2 3 4 5 6 7 8 9 10 11 12 13 14 15 17 16 18 19 20 21 22 23 24 25 26 27 28]
2024-05-27 19:51:33,721{GMT}	INFO	[jepsen worker 3] jepsen.util: 3	:invoke	:read	nil
2024-05-27 19:51:33,722{GMT}	INFO	[jepsen worker 3] jepsen.util: 3	:ok	:read	[0 1 2 3 4 5 6 7 8 9 10 11 12 13 14 15 17 16 18 19 20 21 22 23 24 25 26 27 28]
2024-05-27 19:51:33,913{GMT}	INFO	[jepsen worker 4] jepsen.util: 4	:invoke	:broadcast	29
2024-05-27 19:51:33,916{GMT}	INFO	[jepsen worker 4] jepsen.util: 4	:ok	:broadcast	29
2024-05-27 19:51:34,047{GMT}	INFO	[jepsen worker 0] jepsen.util: 0	:invoke	:read	nil
2024-05-27 19:51:34,049{GMT}	INFO	[jepsen worker 0] jepsen.util: 0	:ok	:read	[0 1 2 3 4 5 6 7 8 9 10 11 12 13 14 15 17 16 18 19 20 21 22 23 24 25 26 27 28 29]
2024-05-27 19:51:34,225{GMT}	INFO	[jepsen worker 0] jepsen.util: 0	:invoke	:broadcast	30
2024-05-27 19:51:34,229{GMT}	INFO	[jepsen worker 0] jepsen.util: 0	:ok	:broadcast	30
2024-05-27 19:51:34,287{GMT}	INFO	[jepsen worker 1] jepsen.util: 1	:invoke	:broadcast	31
2024-05-27 19:51:34,291{GMT}	INFO	[jepsen worker 1] jepsen.util: 1	:ok	:broadcast	31
2024-05-27 19:51:34,451{GMT}	INFO	[jepsen worker 2] jepsen.util: 2	:invoke	:broadcast	32
2024-05-27 19:51:34,453{GMT}	INFO	[jepsen worker 2] jepsen.util: 2	:ok	:broadcast	32
2024-05-27 19:51:34,641{GMT}	INFO	[jepsen worker 3] jepsen.util: 3	:invoke	:read	nil
2024-05-27 19:51:34,643{GMT}	INFO	[jepsen worker 3] jepsen.util: 3	:ok	:read	[0 1 2 3 4 5 6 7 8 9 10 11 12 13 14 15 17 16 18 19 20 21 22 23 24 25 26 27 28 29 30 31 32]
2024-05-27 19:51:34,755{GMT}	INFO	[jepsen worker 4] jepsen.util: 4	:invoke	:broadcast	33
2024-05-27 19:51:34,758{GMT}	INFO	[jepsen worker 4] jepsen.util: 4	:ok	:broadcast	33
2024-05-27 19:51:34,764{GMT}	INFO	[jepsen worker 0] jepsen.util: 0	:invoke	:broadcast	34
2024-05-27 19:51:34,765{GMT}	INFO	[jepsen worker 0] jepsen.util: 0	:ok	:broadcast	34
2024-05-27 19:51:34,947{GMT}	INFO	[jepsen worker 0] jepsen.util: 0	:invoke	:read	nil
2024-05-27 19:51:34,949{GMT}	INFO	[jepsen worker 0] jepsen.util: 0	:ok	:read	[0 1 2 3 4 5 6 7 8 9 10 11 12 13 14 15 17 16 18 19 20 21 22 23 24 25 26 27 28 29 30 31 32 33 34]
2024-05-27 19:51:35,080{GMT}	INFO	[jepsen worker 1] jepsen.util: 1	:invoke	:read	nil
2024-05-27 19:51:35,082{GMT}	INFO	[jepsen worker 1] jepsen.util: 1	:ok	:read	[0 1 2 3 4 5 6 7 8 9 10 11 12 13 14 15 16 17 18 19 20 21 22 23 24 25 26 27 28 29 30 31 32 33 34]
2024-05-27 19:51:35,179{GMT}	INFO	[jepsen worker 2] jepsen.util: 2	:invoke	:broadcast	35
2024-05-27 19:51:35,183{GMT}	INFO	[jepsen worker 2] jepsen.util: 2	:ok	:broadcast	35
2024-05-27 19:51:35,294{GMT}	INFO	[jepsen worker 3] jepsen.util: 3	:invoke	:broadcast	36
2024-05-27 19:51:35,297{GMT}	INFO	[jepsen worker 3] jepsen.util: 3	:ok	:broadcast	36
2024-05-27 19:51:35,319{GMT}	INFO	[jepsen worker 4] jepsen.util: 4	:invoke	:broadcast	37
2024-05-27 19:51:35,321{GMT}	INFO	[jepsen worker 4] jepsen.util: 4	:ok	:broadcast	37
2024-05-27 19:51:35,440{GMT}	INFO	[jepsen worker 0] jepsen.util: 0	:invoke	:broadcast	38
2024-05-27 19:51:35,444{GMT}	INFO	[jepsen worker 0] jepsen.util: 0	:ok	:broadcast	38
2024-05-27 19:51:35,605{GMT}	INFO	[jepsen worker 0] jepsen.util: 0	:invoke	:broadcast	39
2024-05-27 19:51:35,608{GMT}	INFO	[jepsen worker 0] jepsen.util: 0	:ok	:broadcast	39
2024-05-27 19:51:35,632{GMT}	INFO	[jepsen worker 1] jepsen.util: 1	:invoke	:broadcast	40
2024-05-27 19:51:35,636{GMT}	INFO	[jepsen worker 1] jepsen.util: 1	:ok	:broadcast	40
2024-05-27 19:51:35,701{GMT}	INFO	[jepsen worker 2] jepsen.util: 2	:invoke	:read	nil
2024-05-27 19:51:35,703{GMT}	INFO	[jepsen worker 2] jepsen.util: 2	:ok	:read	[0 1 2 3 4 5 6 7 8 9 10 11 12 13 14 15 17 16 18 19 20 21 22 23 24 25 26 27 28 29 30 31 32 33 34 35 36 37 38 39 40]
2024-05-27 19:51:35,817{GMT}	INFO	[jepsen worker 3] jepsen.util: 3	:invoke	:read	nil
2024-05-27 19:51:35,818{GMT}	INFO	[jepsen worker 3] jepsen.util: 3	:ok	:read	[0 1 2 3 4 5 6 7 8 9 10 11 12 13 14 15 17 16 18 19 20 21 22 23 24 25 26 27 28 29 30 31 32 33 34 35 36 37 38 39 40]
2024-05-27 19:51:35,863{GMT}	INFO	[jepsen worker 4] jepsen.util: 4	:invoke	:broadcast	41
2024-05-27 19:51:35,864{GMT}	INFO	[jepsen worker 4] jepsen.util: 4	:ok	:broadcast	41
2024-05-27 19:51:35,966{GMT}	INFO	[jepsen worker 0] jepsen.util: 0	:invoke	:broadcast	42
2024-05-27 19:51:35,969{GMT}	INFO	[jepsen worker 0] jepsen.util: 0	:ok	:broadcast	42
2024-05-27 19:51:36,021{GMT}	INFO	[jepsen worker 0] jepsen.util: 0	:invoke	:read	nil
2024-05-27 19:51:36,022{GMT}	INFO	[jepsen worker 0] jepsen.util: 0	:ok	:read	[0 1 2 3 4 5 6 7 8 9 10 11 12 13 14 15 17 16 18 19 20 21 22 23 24 25 26 27 28 29 30 31 32 33 34 35 36 37 38 39 40 41 42]
2024-05-27 19:51:36,152{GMT}	INFO	[jepsen worker 1] jepsen.util: 1	:invoke	:broadcast	43
2024-05-27 19:51:36,153{GMT}	INFO	[jepsen worker 1] jepsen.util: 1	:ok	:broadcast	43
2024-05-27 19:51:36,313{GMT}	INFO	[jepsen worker 2] jepsen.util: 2	:invoke	:broadcast	44
2024-05-27 19:51:36,316{GMT}	INFO	[jepsen worker 2] jepsen.util: 2	:ok	:broadcast	44
2024-05-27 19:51:36,431{GMT}	INFO	[jepsen worker 3] jepsen.util: 3	:invoke	:read	nil
2024-05-27 19:51:36,434{GMT}	INFO	[jepsen worker 3] jepsen.util: 3	:ok	:read	[0 1 2 3 4 5 6 7 8 9 10 11 12 13 14 15 17 16 18 19 20 21 22 23 24 25 26 27 28 29 30 31 32 33 34 35 36 37 38 39 40 41 42 43 44]
2024-05-27 19:51:36,622{GMT}	INFO	[jepsen worker 4] jepsen.util: 4	:invoke	:read	nil
2024-05-27 19:51:36,624{GMT}	INFO	[jepsen worker 4] jepsen.util: 4	:ok	:read	[0 0 1 1 2 2 3 3 4 4 5 5 6 7 7 8 8 9 9 10 10 11 11 12 12 13 13 14 14 15 15 16 17 17 16 18 19 19 20 20 21 22 22 23 23 24 24 25 25 26 27 27 28 28 29 30 30 31 31 32 32 33 34 34 35 35 36 36 37 38 38 39 39 40 40 41 42 42 43 43 44 44]
2024-05-27 19:51:36,678{GMT}	INFO	[jepsen worker 0] jepsen.util: 0	:invoke	:broadcast	45
2024-05-27 19:51:36,684{GMT}	INFO	[jepsen worker 0] jepsen.util: 0	:ok	:broadcast	45
2024-05-27 19:51:36,775{GMT}	INFO	[jepsen worker 0] jepsen.util: 0	:invoke	:broadcast	46
2024-05-27 19:51:36,776{GMT}	INFO	[jepsen worker 0] jepsen.util: 0	:ok	:broadcast	46
2024-05-27 19:51:36,962{GMT}	INFO	[jepsen worker 1] jepsen.util: 1	:invoke	:read	nil
2024-05-27 19:51:36,964{GMT}	INFO	[jepsen worker 1] jepsen.util: 1	:ok	:read	[0 1 2 3 4 5 6 7 8 9 10 11 12 13 14 15 16 17 18 19 20 21 22 23 24 25 26 27 28 29 30 31 32 33 34 35 36 37 38 39 40 41 42 43 44 45 46]
2024-05-27 19:51:37,032{GMT}	INFO	[jepsen worker 2] jepsen.util: 2	:invoke	:read	nil
2024-05-27 19:51:37,033{GMT}	INFO	[jepsen worker 2] jepsen.util: 2	:ok	:read	[0 1 2 3 4 5 6 7 8 9 10 11 12 13 14 15 17 16 18 19 20 21 22 23 24 25 26 27 28 29 30 31 32 33 34 35 36 37 38 39 40 41 42 43 44 45 46]
2024-05-27 19:51:37,090{GMT}	INFO	[jepsen worker 3] jepsen.util: 3	:invoke	:broadcast	47
2024-05-27 19:51:37,092{GMT}	INFO	[jepsen worker 3] jepsen.util: 3	:ok	:broadcast	47
2024-05-27 19:51:37,162{GMT}	INFO	[jepsen worker 4] jepsen.util: 4	:invoke	:read	nil
2024-05-27 19:51:37,163{GMT}	INFO	[jepsen worker 4] jepsen.util: 4	:ok	:read	[0 0 1 1 2 2 3 3 4 4 5 5 6 7 7 8 8 9 9 10 10 11 11 12 12 13 13 14 14 15 15 16 17 17 16 18 19 19 20 20 21 22 22 23 23 24 24 25 25 26 27 27 28 28 29 30 30 31 31 32 32 33 34 34 35 35 36 36 37 38 38 39 39 40 40 41 42 42 43 43 44 44 45 45 46 46 47 47]
2024-05-27 19:51:37,348{GMT}	INFO	[jepsen worker 0] jepsen.util: 0	:invoke	:read	nil
2024-05-27 19:51:37,349{GMT}	INFO	[jepsen worker 0] jepsen.util: 0	:ok	:read	[0 1 2 3 4 5 6 7 8 9 10 11 12 13 14 15 17 16 18 19 20 21 22 23 24 25 26 27 28 29 30 31 32 33 34 35 36 37 38 39 40 41 42 43 44 45 46 47]
2024-05-27 19:51:37,488{GMT}	INFO	[jepsen worker 0] jepsen.util: 0	:invoke	:broadcast	48
2024-05-27 19:51:37,490{GMT}	INFO	[jepsen worker 0] jepsen.util: 0	:ok	:broadcast	48
2024-05-27 19:51:37,597{GMT}	INFO	[jepsen worker 1] jepsen.util: 1	:invoke	:read	nil
2024-05-27 19:51:37,598{GMT}	INFO	[jepsen worker 1] jepsen.util: 1	:ok	:read	[0 1 2 3 4 5 6 7 8 9 10 11 12 13 14 15 16 17 18 19 20 21 22 23 24 25 26 27 28 29 30 31 32 33 34 35 36 37 38 39 40 41 42 43 44 45 46 47 48]
2024-05-27 19:51:37,776{GMT}	INFO	[jepsen worker 2] jepsen.util: 2	:invoke	:broadcast	49
2024-05-27 19:51:37,779{GMT}	INFO	[jepsen worker 2] jepsen.util: 2	:ok	:broadcast	49
2024-05-27 19:51:37,793{GMT}	INFO	[jepsen worker 3] jepsen.util: 3	:invoke	:broadcast	50
2024-05-27 19:51:37,795{GMT}	INFO	[jepsen worker 3] jepsen.util: 3	:ok	:broadcast	50
2024-05-27 19:51:37,969{GMT}	INFO	[jepsen worker 4] jepsen.util: 4	:invoke	:broadcast	51
2024-05-27 19:51:37,974{GMT}	INFO	[jepsen worker 4] jepsen.util: 4	:ok	:broadcast	51
2024-05-27 19:51:38,071{GMT}	INFO	[jepsen worker 0] jepsen.util: 0	:invoke	:broadcast	52
2024-05-27 19:51:38,075{GMT}	INFO	[jepsen worker 0] jepsen.util: 0	:ok	:broadcast	52
2024-05-27 19:51:38,233{GMT}	INFO	[jepsen worker 0] jepsen.util: 0	:invoke	:broadcast	53
2024-05-27 19:51:38,235{GMT}	INFO	[jepsen worker 0] jepsen.util: 0	:ok	:broadcast	53
2024-05-27 19:51:38,256{GMT}	INFO	[jepsen worker 1] jepsen.util: 1	:invoke	:broadcast	54
2024-05-27 19:51:38,259{GMT}	INFO	[jepsen worker 1] jepsen.util: 1	:ok	:broadcast	54
2024-05-27 19:51:38,446{GMT}	INFO	[jepsen worker 2] jepsen.util: 2	:invoke	:broadcast	55
2024-05-27 19:51:38,448{GMT}	INFO	[jepsen worker 2] jepsen.util: 2	:ok	:broadcast	55
2024-05-27 19:51:38,631{GMT}	INFO	[jepsen worker 3] jepsen.util: 3	:invoke	:broadcast	56
2024-05-27 19:51:38,633{GMT}	INFO	[jepsen worker 3] jepsen.util: 3	:ok	:broadcast	56
2024-05-27 19:51:38,657{GMT}	INFO	[jepsen worker 4] jepsen.util: 4	:invoke	:read	nil
2024-05-27 19:51:38,659{GMT}	INFO	[jepsen worker 4] jepsen.util: 4	:ok	:read	[0 0 1 1 2 2 3 3 4 4 5 5 6 7 7 8 8 9 9 10 10 11 11 12 12 13 13 14 14 15 15 16 17 17 16 18 19 19 20 20 21 22 22 23 23 24 24 25 25 26 27 27 28 28 29 30 30 31 31 32 32 33 34 34 35 35 36 36 37 38 38 39 39 40 40 41 42 42 43 43 44 44 45 45 46 46 47 47 48 48 49 49 50 50 51 52 52 53 53 54 54 55 55 56 56]
2024-05-27 19:51:38,841{GMT}	INFO	[jepsen worker 0] jepsen.util: 0	:invoke	:broadcast	57
2024-05-27 19:51:38,844{GMT}	INFO	[jepsen worker 0] jepsen.util: 0	:ok	:broadcast	57
2024-05-27 19:51:39,022{GMT}	INFO	[jepsen worker 0] jepsen.util: 0	:invoke	:broadcast	58
2024-05-27 19:51:39,025{GMT}	INFO	[jepsen worker 0] jepsen.util: 0	:ok	:broadcast	58
2024-05-27 19:51:39,161{GMT}	INFO	[jepsen worker 1] jepsen.util: 1	:invoke	:broadcast	59
2024-05-27 19:51:39,163{GMT}	INFO	[jepsen worker 1] jepsen.util: 1	:ok	:broadcast	59
2024-05-27 19:51:39,322{GMT}	INFO	[jepsen worker 2] jepsen.util: 2	:invoke	:read	nil
2024-05-27 19:51:39,323{GMT}	INFO	[jepsen worker 2] jepsen.util: 2	:ok	:read	[0 1 2 3 4 5 6 7 8 9 10 11 12 13 14 15 17 16 18 19 20 21 22 23 24 25 26 27 28 29 30 31 32 33 34 35 36 37 38 39 40 41 42 43 44 45 46 47 48 49 50 51 52 53 54 55 56 57 58 59]
2024-05-27 19:51:39,503{GMT}	INFO	[jepsen worker 3] jepsen.util: 3	:invoke	:read	nil
2024-05-27 19:51:39,505{GMT}	INFO	[jepsen worker 3] jepsen.util: 3	:ok	:read	[0 1 2 3 4 5 6 7 8 9 10 11 12 13 14 15 17 16 18 19 20 21 22 23 24 25 26 27 28 29 30 31 32 33 34 35 36 37 38 39 40 41 42 43 44 45 46 47 48 49 50 51 52 53 54 55 56 57 58 59]
2024-05-27 19:51:39,643{GMT}	INFO	[jepsen worker 4] jepsen.util: 4	:invoke	:read	nil
2024-05-27 19:51:39,644{GMT}	INFO	[jepsen worker 4] jepsen.util: 4	:ok	:read	[0 0 1 1 2 2 3 3 4 4 5 5 6 7 7 8 8 9 9 10 10 11 11 12 12 13 13 14 14 15 15 16 17 17 16 18 19 19 20 20 21 22 22 23 23 24 24 25 25 26 27 27 28 28 29 30 30 31 31 32 32 33 34 34 35 35 36 36 37 38 38 39 39 40 40 41 42 42 43 43 44 44 45 45 46 46 47 47 48 48 49 49 50 50 51 52 52 53 53 54 54 55 55 56 56 57 57 58 58 59 59]
2024-05-27 19:51:39,674{GMT}	INFO	[jepsen worker 0] jepsen.util: 0	:invoke	:read	nil
2024-05-27 19:51:39,677{GMT}	INFO	[jepsen worker 0] jepsen.util: 0	:ok	:read	[0 1 2 3 4 5 6 7 8 9 10 11 12 13 14 15 17 16 18 19 20 21 22 23 24 25 26 27 28 29 30 31 32 33 34 35 36 37 38 39 40 41 42 43 44 45 46 47 48 49 50 51 52 53 54 55 56 57 58 59]
2024-05-27 19:51:39,686{GMT}	INFO	[jepsen worker 0] jepsen.util: 0	:invoke	:read	nil
2024-05-27 19:51:39,687{GMT}	INFO	[jepsen worker 0] jepsen.util: 0	:ok	:read	[0 1 2 3 4 5 6 7 8 9 10 11 12 13 14 15 17 16 18 19 20 21 22 23 24 25 26 27 28 29 30 31 32 33 34 35 36 37 38 39 40 41 42 43 44 45 46 47 48 49 50 51 52 53 54 55 56 57 58 59]
2024-05-27 19:51:39,842{GMT}	INFO	[jepsen worker 1] jepsen.util: 1	:invoke	:read	nil
2024-05-27 19:51:39,844{GMT}	INFO	[jepsen worker 1] jepsen.util: 1	:ok	:read	[0 1 2 3 4 5 6 7 8 9 10 11 12 13 14 15 16 17 18 19 20 21 22 23 24 25 26 27 28 29 30 31 32 33 34 35 36 37 38 39 40 41 42 43 44 45 46 47 48 49 50 51 52 53 54 55 56 57 58 59]
2024-05-27 19:51:39,983{GMT}	INFO	[jepsen worker 2] jepsen.util: 2	:invoke	:broadcast	60
2024-05-27 19:51:39,986{GMT}	INFO	[jepsen worker 2] jepsen.util: 2	:ok	:broadcast	60
2024-05-27 19:51:40,103{GMT}	INFO	[jepsen worker 3] jepsen.util: 3	:invoke	:read	nil
2024-05-27 19:51:40,104{GMT}	INFO	[jepsen worker 3] jepsen.util: 3	:ok	:read	[0 1 2 3 4 5 6 7 8 9 10 11 12 13 14 15 17 16 18 19 20 21 22 23 24 25 26 27 28 29 30 31 32 33 34 35 36 37 38 39 40 41 42 43 44 45 46 47 48 49 50 51 52 53 54 55 56 57 58 59 60]
2024-05-27 19:51:40,253{GMT}	INFO	[jepsen worker 4] jepsen.util: 4	:invoke	:broadcast	61
2024-05-27 19:51:40,255{GMT}	INFO	[jepsen worker 4] jepsen.util: 4	:ok	:broadcast	61
2024-05-27 19:51:40,324{GMT}	INFO	[jepsen worker 0] jepsen.util: 0	:invoke	:broadcast	62
2024-05-27 19:51:40,327{GMT}	INFO	[jepsen worker 0] jepsen.util: 0	:ok	:broadcast	62
2024-05-27 19:51:40,422{GMT}	INFO	[jepsen worker 0] jepsen.util: 0	:invoke	:broadcast	63
2024-05-27 19:51:40,425{GMT}	INFO	[jepsen worker 0] jepsen.util: 0	:ok	:broadcast	63
2024-05-27 19:51:40,459{GMT}	INFO	[jepsen worker 1] jepsen.util: 1	:invoke	:broadcast	64
2024-05-27 19:51:40,462{GMT}	INFO	[jepsen worker 1] jepsen.util: 1	:ok	:broadcast	64
2024-05-27 19:51:40,491{GMT}	INFO	[jepsen worker 2] jepsen.util: 2	:invoke	:read	nil
2024-05-27 19:51:40,492{GMT}	INFO	[jepsen worker 2] jepsen.util: 2	:ok	:read	[0 1 2 3 4 5 6 7 8 9 10 11 12 13 14 15 17 16 18 19 20 21 22 23 24 25 26 27 28 29 30 31 32 33 34 35 36 37 38 39 40 41 42 43 44 45 46 47 48 49 50 51 52 53 54 55 56 57 58 59 60 61 62 63 64]
2024-05-27 19:51:40,551{GMT}	INFO	[jepsen worker 3] jepsen.util: 3	:invoke	:broadcast	65
2024-05-27 19:51:40,553{GMT}	INFO	[jepsen worker 3] jepsen.util: 3	:ok	:broadcast	65
2024-05-27 19:51:40,741{GMT}	INFO	[jepsen worker 4] jepsen.util: 4	:invoke	:read	nil
2024-05-27 19:51:40,743{GMT}	INFO	[jepsen worker 4] jepsen.util: 4	:ok	:read	[0 0 1 1 2 2 3 3 4 4 5 5 6 7 7 8 8 9 9 10 10 11 11 12 12 13 13 14 14 15 15 16 17 17 16 18 19 19 20 20 21 22 22 23 23 24 24 25 25 26 27 27 28 28 29 30 30 31 31 32 32 33 34 34 35 35 36 36 37 38 38 39 39 40 40 41 42 42 43 43 44 44 45 45 46 46 47 47 48 48 49 49 50 50 51 52 52 53 53 54 54 55 55 56 56 57 57 58 58 59 59 60 60 61 62 62 63 63 64 64 65 65]
2024-05-27 19:51:40,889{GMT}	INFO	[jepsen worker 0] jepsen.util: 0	:invoke	:broadcast	66
2024-05-27 19:51:40,894{GMT}	INFO	[jepsen worker 0] jepsen.util: 0	:ok	:broadcast	66
2024-05-27 19:51:41,089{GMT}	INFO	[jepsen worker 0] jepsen.util: 0	:invoke	:read	nil
2024-05-27 19:51:41,090{GMT}	INFO	[jepsen worker 0] jepsen.util: 0	:ok	:read	[0 1 2 3 4 5 6 7 8 9 10 11 12 13 14 15 17 16 18 19 20 21 22 23 24 25 26 27 28 29 30 31 32 33 34 35 36 37 38 39 40 41 42 43 44 45 46 47 48 49 50 51 52 53 54 55 56 57 58 59 60 61 62 63 64 65 66]
2024-05-27 19:51:41,236{GMT}	INFO	[jepsen worker 1] jepsen.util: 1	:invoke	:broadcast	67
2024-05-27 19:51:41,238{GMT}	INFO	[jepsen worker 1] jepsen.util: 1	:ok	:broadcast	67
2024-05-27 19:51:41,351{GMT}	INFO	[jepsen worker 2] jepsen.util: 2	:invoke	:broadcast	68
2024-05-27 19:51:41,354{GMT}	INFO	[jepsen worker 2] jepsen.util: 2	:ok	:broadcast	68
2024-05-27 19:51:41,431{GMT}	INFO	[jepsen worker 3] jepsen.util: 3	:invoke	:read	nil
2024-05-27 19:51:41,433{GMT}	INFO	[jepsen worker 3] jepsen.util: 3	:ok	:read	[0 1 2 3 4 5 6 7 8 9 10 11 12 13 14 15 17 16 18 19 20 21 22 23 24 25 26 27 28 29 30 31 32 33 34 35 36 37 38 39 40 41 42 43 44 45 46 47 48 49 50 51 52 53 54 55 56 57 58 59 60 61 62 63 64 65 66 67 68]
2024-05-27 19:51:41,496{GMT}	INFO	[jepsen worker 4] jepsen.util: 4	:invoke	:broadcast	69
2024-05-27 19:51:41,499{GMT}	INFO	[jepsen worker 4] jepsen.util: 4	:ok	:broadcast	69
2024-05-27 19:51:41,634{GMT}	INFO	[jepsen worker 0] jepsen.util: 0	:invoke	:broadcast	70
2024-05-27 19:51:41,637{GMT}	INFO	[jepsen worker 0] jepsen.util: 0	:ok	:broadcast	70
2024-05-27 19:51:41,736{GMT}	INFO	[jepsen worker 0] jepsen.util: 0	:invoke	:read	nil
2024-05-27 19:51:41,738{GMT}	INFO	[jepsen worker 0] jepsen.util: 0	:ok	:read	[0 1 2 3 4 5 6 7 8 9 10 11 12 13 14 15 17 16 18 19 20 21 22 23 24 25 26 27 28 29 30 31 32 33 34 35 36 37 38 39 40 41 42 43 44 45 46 47 48 49 50 51 52 53 54 55 56 57 58 59 60 61 62 63 64 65 66 67 68 69 70]
2024-05-27 19:51:41,786{GMT}	INFO	[jepsen worker 1] jepsen.util: 1	:invoke	:broadcast	71
2024-05-27 19:51:41,788{GMT}	INFO	[jepsen worker 1] jepsen.util: 1	:ok	:broadcast	71
2024-05-27 19:51:41,958{GMT}	INFO	[jepsen worker 2] jepsen.util: 2	:invoke	:broadcast	72
2024-05-27 19:51:41,961{GMT}	INFO	[jepsen worker 2] jepsen.util: 2	:ok	:broadcast	72
2024-05-27 19:51:41,998{GMT}	INFO	[jepsen worker 3] jepsen.util: 3	:invoke	:broadcast	73
2024-05-27 19:51:42,001{GMT}	INFO	[jepsen worker 3] jepsen.util: 3	:ok	:broadcast	73
2024-05-27 19:51:42,159{GMT}	INFO	[jepsen worker 4] jepsen.util: 4	:invoke	:broadcast	74
2024-05-27 19:51:42,161{GMT}	INFO	[jepsen worker 4] jepsen.util: 4	:ok	:broadcast	74
2024-05-27 19:51:42,178{GMT}	INFO	[jepsen worker 0] jepsen.util: 0	:invoke	:broadcast	75
2024-05-27 19:51:42,180{GMT}	INFO	[jepsen worker 0] jepsen.util: 0	:ok	:broadcast	75
2024-05-27 19:51:42,232{GMT}	INFO	[jepsen worker 0] jepsen.util: 0	:invoke	:read	nil
2024-05-27 19:51:42,233{GMT}	INFO	[jepsen worker 0] jepsen.util: 0	:ok	:read	[0 1 2 3 4 5 6 7 8 9 10 11 12 13 14 15 17 16 18 19 20 21 22 23 24 25 26 27 28 29 30 31 32 33 34 35 36 37 38 39 40 41 42 43 44 45 46 47 48 49 50 51 52 53 54 55 56 57 58 59 60 61 62 63 64 65 66 67 68 69 70 71 72 73 74 75]
2024-05-27 19:51:42,410{GMT}	INFO	[jepsen worker 1] jepsen.util: 1	:invoke	:read	nil
2024-05-27 19:51:42,411{GMT}	INFO	[jepsen worker 1] jepsen.util: 1	:ok	:read	[0 1 2 3 4 5 6 7 8 9 10 11 12 13 14 15 16 17 18 19 20 21 22 23 24 25 26 27 28 29 30 31 32 33 34 35 36 37 38 39 40 41 42 43 44 45 46 47 48 49 50 51 52 53 54 55 56 57 58 59 60 61 62 63 64 65 66 67 68 69 70 71 72 73 74 75]
2024-05-27 19:51:42,536{GMT}	INFO	[jepsen worker 2] jepsen.util: 2	:invoke	:read	nil
2024-05-27 19:51:42,537{GMT}	INFO	[jepsen worker 2] jepsen.util: 2	:ok	:read	[0 1 2 3 4 5 6 7 8 9 10 11 12 13 14 15 17 16 18 19 20 21 22 23 24 25 26 27 28 29 30 31 32 33 34 35 36 37 38 39 40 41 42 43 44 45 46 47 48 49 50 51 52 53 54 55 56 57 58 59 60 61 62 63 64 65 66 67 68 69 70 71 72 73 74 75]
2024-05-27 19:51:42,595{GMT}	INFO	[jepsen worker 3] jepsen.util: 3	:invoke	:broadcast	76
2024-05-27 19:51:42,597{GMT}	INFO	[jepsen worker 3] jepsen.util: 3	:ok	:broadcast	76
2024-05-27 19:51:42,723{GMT}	INFO	[jepsen worker 4] jepsen.util: 4	:invoke	:broadcast	77
2024-05-27 19:51:42,724{GMT}	INFO	[jepsen worker 4] jepsen.util: 4	:ok	:broadcast	77
2024-05-27 19:51:42,797{GMT}	INFO	[jepsen worker 0] jepsen.util: 0	:invoke	:broadcast	78
2024-05-27 19:51:42,799{GMT}	INFO	[jepsen worker 0] jepsen.util: 0	:ok	:broadcast	78
2024-05-27 19:51:42,867{GMT}	INFO	[jepsen worker 0] jepsen.util: 0	:invoke	:read	nil
2024-05-27 19:51:42,869{GMT}	INFO	[jepsen worker 0] jepsen.util: 0	:ok	:read	[0 1 2 3 4 5 6 7 8 9 10 11 12 13 14 15 17 16 18 19 20 21 22 23 24 25 26 27 28 29 30 31 32 33 34 35 36 37 38 39 40 41 42 43 44 45 46 47 48 49 50 51 52 53 54 55 56 57 58 59 60 61 62 63 64 65 66 67 68 69 70 71 72 73 74 75 76 77 78]
2024-05-27 19:51:42,980{GMT}	INFO	[jepsen worker 1] jepsen.util: 1	:invoke	:broadcast	79
2024-05-27 19:51:42,982{GMT}	INFO	[jepsen worker 1] jepsen.util: 1	:ok	:broadcast	79
2024-05-27 19:51:43,156{GMT}	INFO	[jepsen worker 2] jepsen.util: 2	:invoke	:broadcast	80
2024-05-27 19:51:43,158{GMT}	INFO	[jepsen worker 2] jepsen.util: 2	:ok	:broadcast	80
2024-05-27 19:51:43,175{GMT}	INFO	[jepsen worker 3] jepsen.util: 3	:invoke	:broadcast	81
2024-05-27 19:51:43,178{GMT}	INFO	[jepsen worker 3] jepsen.util: 3	:ok	:broadcast	81
2024-05-27 19:51:43,182{GMT}	INFO	[jepsen worker 4] jepsen.util: 4	:invoke	:broadcast	82
2024-05-27 19:51:43,184{GMT}	INFO	[jepsen worker 4] jepsen.util: 4	:ok	:broadcast	82
2024-05-27 19:51:43,196{GMT}	INFO	[jepsen worker 0] jepsen.util: 0	:invoke	:read	nil
2024-05-27 19:51:43,197{GMT}	INFO	[jepsen worker 0] jepsen.util: 0	:ok	:read	[0 1 2 3 4 5 6 7 8 9 10 11 12 13 14 15 17 16 18 19 20 21 22 23 24 25 26 27 28 29 30 31 32 33 34 35 36 37 38 39 40 41 42 43 44 45 46 47 48 49 50 51 52 53 54 55 56 57 58 59 60 61 62 63 64 65 66 67 68 69 70 71 72 73 74 75 76 77 78 79 80 81 82]
2024-05-27 19:51:43,266{GMT}	INFO	[jepsen worker 0] jepsen.util: 0	:invoke	:broadcast	83
2024-05-27 19:51:43,268{GMT}	INFO	[jepsen worker 0] jepsen.util: 0	:ok	:broadcast	83
2024-05-27 19:51:43,424{GMT}	INFO	[jepsen worker 1] jepsen.util: 1	:invoke	:broadcast	84
2024-05-27 19:51:43,426{GMT}	INFO	[jepsen worker 2] jepsen.util: 2	:invoke	:read	nil
2024-05-27 19:51:43,428{GMT}	INFO	[jepsen worker 2] jepsen.util: 2	:ok	:read	[0 1 2 3 4 5 6 7 8 9 10 11 12 13 14 15 17 16 18 19 20 21 22 23 24 25 26 27 28 29 30 31 32 33 34 35 36 37 38 39 40 41 42 43 44 45 46 47 48 49 50 51 52 53 54 55 56 57 58 59 60 61 62 63 64 65 66 67 68 69 70 71 72 73 74 75 76 77 78 79 80 81 82 83 84]
2024-05-27 19:51:43,428{GMT}	INFO	[jepsen worker 1] jepsen.util: 1	:ok	:broadcast	84
2024-05-27 19:51:43,454{GMT}	INFO	[jepsen worker 3] jepsen.util: 3	:invoke	:read	nil
2024-05-27 19:51:43,455{GMT}	INFO	[jepsen worker 3] jepsen.util: 3	:ok	:read	[0 1 2 3 4 5 6 7 8 9 10 11 12 13 14 15 17 16 18 19 20 21 22 23 24 25 26 27 28 29 30 31 32 33 34 35 36 37 38 39 40 41 42 43 44 45 46 47 48 49 50 51 52 53 54 55 56 57 58 59 60 61 62 63 64 65 66 67 68 69 70 71 72 73 74 75 76 77 78 79 80 81 82 83 84]
2024-05-27 19:51:43,461{GMT}	INFO	[jepsen worker 4] jepsen.util: 4	:invoke	:read	nil
2024-05-27 19:51:43,462{GMT}	INFO	[jepsen worker 4] jepsen.util: 4	:ok	:read	[0 0 1 1 2 2 3 3 4 4 5 5 6 7 7 8 8 9 9 10 10 11 11 12 12 13 13 14 14 15 15 16 17 17 16 18 19 19 20 20 21 22 22 23 23 24 24 25 25 26 27 27 28 28 29 30 30 31 31 32 32 33 34 34 35 35 36 36 37 38 38 39 39 40 40 41 42 42 43 43 44 44 45 45 46 46 47 47 48 48 49 49 50 50 51 52 52 53 53 54 54 55 55 56 56 57 57 58 58 59 59 60 60 61 62 62 63 63 64 64 65 65 66 66 67 67 68 68 69 70 70 71 71 72 73 73 74 75 75 76 76 77 78 78 79 79 80 80 81 81 82 83 83 84 84]
2024-05-27 19:51:43,586{GMT}	INFO	[jepsen worker 0] jepsen.util: 0	:invoke	:read	nil
2024-05-27 19:51:43,587{GMT}	INFO	[jepsen worker 0] jepsen.util: 0	:ok	:read	[0 1 2 3 4 5 6 7 8 9 10 11 12 13 14 15 17 16 18 19 20 21 22 23 24 25 26 27 28 29 30 31 32 33 34 35 36 37 38 39 40 41 42 43 44 45 46 47 48 49 50 51 52 53 54 55 56 57 58 59 60 61 62 63 64 65 66 67 68 69 70 71 72 73 74 75 76 77 78 79 80 81 82 83 84]
2024-05-27 19:51:43,736{GMT}	INFO	[jepsen worker 0] jepsen.util: 0	:invoke	:read	nil
2024-05-27 19:51:43,737{GMT}	INFO	[jepsen worker 0] jepsen.util: 0	:ok	:read	[0 1 2 3 4 5 6 7 8 9 10 11 12 13 14 15 17 16 18 19 20 21 22 23 24 25 26 27 28 29 30 31 32 33 34 35 36 37 38 39 40 41 42 43 44 45 46 47 48 49 50 51 52 53 54 55 56 57 58 59 60 61 62 63 64 65 66 67 68 69 70 71 72 73 74 75 76 77 78 79 80 81 82 83 84]
2024-05-27 19:51:43,762{GMT}	INFO	[jepsen worker 1] jepsen.util: 1	:invoke	:read	nil
2024-05-27 19:51:43,763{GMT}	INFO	[jepsen worker 1] jepsen.util: 1	:ok	:read	[0 1 2 3 4 5 6 7 8 9 10 11 12 13 14 15 16 17 18 19 20 21 22 23 24 25 26 27 28 29 30 31 32 33 34 35 36 37 38 39 40 41 42 43 44 45 46 47 48 49 50 51 52 53 54 55 56 57 58 59 60 61 62 63 64 65 66 67 68 69 70 71 72 73 74 75 76 77 78 79 80 81 82 83 84]
2024-05-27 19:51:43,862{GMT}	INFO	[jepsen worker 2] jepsen.util: 2	:invoke	:broadcast	85
2024-05-27 19:51:43,865{GMT}	INFO	[jepsen worker 2] jepsen.util: 2	:ok	:broadcast	85
2024-05-27 19:51:44,018{GMT}	INFO	[jepsen worker 3] jepsen.util: 3	:invoke	:broadcast	86
2024-05-27 19:51:44,021{GMT}	INFO	[jepsen worker 3] jepsen.util: 3	:ok	:broadcast	86
2024-05-27 19:51:44,134{GMT}	INFO	[jepsen worker 4] jepsen.util: 4	:invoke	:read	nil
2024-05-27 19:51:44,135{GMT}	INFO	[jepsen worker 4] jepsen.util: 4	:ok	:read	[0 0 1 1 2 2 3 3 4 4 5 5 6 7 7 8 8 9 9 10 10 11 11 12 12 13 13 14 14 15 15 16 17 17 16 18 19 19 20 20 21 22 22 23 23 24 24 25 25 26 27 27 28 28 29 30 30 31 31 32 32 33 34 34 35 35 36 36 37 38 38 39 39 40 40 41 42 42 43 43 44 44 45 45 46 46 47 47 48 48 49 49 50 50 51 52 52 53 53 54 54 55 55 56 56 57 57 58 58 59 59 60 60 61 62 62 63 63 64 64 65 65 66 66 67 67 68 68 69 70 70 71 71 72 73 73 74 75 75 76 76 77 78 78 79 79 80 80 81 81 82 83 83 84 84 85 85 86 86]
2024-05-27 19:51:44,251{GMT}	INFO	[jepsen worker 0] jepsen.util: 0	:invoke	:broadcast	87
2024-05-27 19:51:44,253{GMT}	INFO	[jepsen worker 1] jepsen.util: 1	:invoke	:broadcast	88
2024-05-27 19:51:44,254{GMT}	INFO	[jepsen worker 1] jepsen.util: 1	:ok	:broadcast	88
2024-05-27 19:51:44,255{GMT}	INFO	[jepsen worker 0] jepsen.util: 0	:ok	:broadcast	87
2024-05-27 19:51:44,288{GMT}	INFO	[jepsen worker 1] jepsen.util: 1	:invoke	:read	nil
2024-05-27 19:51:44,290{GMT}	INFO	[jepsen worker 1] jepsen.util: 1	:ok	:read	[0 1 2 3 4 5 6 7 8 9 10 11 12 13 14 15 16 17 18 19 20 21 22 23 24 25 26 27 28 29 30 31 32 33 34 35 36 37 38 39 40 41 42 43 44 45 46 47 48 49 50 51 52 53 54 55 56 57 58 59 60 61 62 63 64 65 66 67 68 69 70 71 72 73 74 75 76 77 78 79 80 81 82 83 84 85 86 87 88]
2024-05-27 19:51:44,332{GMT}	INFO	[jepsen worker 2] jepsen.util: 2	:invoke	:broadcast	89
2024-05-27 19:51:44,334{GMT}	INFO	[jepsen worker 2] jepsen.util: 2	:ok	:broadcast	89
2024-05-27 19:51:44,439{GMT}	INFO	[jepsen worker 3] jepsen.util: 3	:invoke	:read	nil
2024-05-27 19:51:44,440{GMT}	INFO	[jepsen worker 3] jepsen.util: 3	:ok	:read	[0 1 2 3 4 5 6 7 8 9 10 11 12 13 14 15 17 16 18 19 20 21 22 23 24 25 26 27 28 29 30 31 32 33 34 35 36 37 38 39 40 41 42 43 44 45 46 47 48 49 50 51 52 53 54 55 56 57 58 59 60 61 62 63 64 65 66 67 68 69 70 71 72 73 74 75 76 77 78 79 80 81 82 83 84 85 86 87 88 89]
2024-05-27 19:51:44,500{GMT}	INFO	[jepsen worker 4] jepsen.util: 4	:invoke	:read	nil
2024-05-27 19:51:44,501{GMT}	INFO	[jepsen worker 4] jepsen.util: 4	:ok	:read	[0 0 1 1 2 2 3 3 4 4 5 5 6 7 7 8 8 9 9 10 10 11 11 12 12 13 13 14 14 15 15 16 17 17 16 18 19 19 20 20 21 22 22 23 23 24 24 25 25 26 27 27 28 28 29 30 30 31 31 32 32 33 34 34 35 35 36 36 37 38 38 39 39 40 40 41 42 42 43 43 44 44 45 45 46 46 47 47 48 48 49 49 50 50 51 52 52 53 53 54 54 55 55 56 56 57 57 58 58 59 59 60 60 61 62 62 63 63 64 64 65 65 66 66 67 67 68 68 69 70 70 71 71 72 73 73 74 75 75 76 76 77 78 78 79 79 80 80 81 81 82 83 83 84 84 85 85 86 86 87 87 88 88 89 89]
2024-05-27 19:51:44,630{GMT}	INFO	[jepsen worker 0] jepsen.util: 0	:invoke	:broadcast	90
2024-05-27 19:51:44,632{GMT}	INFO	[jepsen worker 0] jepsen.util: 0	:ok	:broadcast	90
2024-05-27 19:51:44,824{GMT}	INFO	[jepsen worker 0] jepsen.util: 0	:invoke	:read	nil
2024-05-27 19:51:44,825{GMT}	INFO	[jepsen worker 0] jepsen.util: 0	:ok	:read	[0 1 2 3 4 5 6 7 8 9 10 11 12 13 14 15 17 16 18 19 20 21 22 23 24 25 26 27 28 29 30 31 32 33 34 35 36 37 38 39 40 41 42 43 44 45 46 47 48 49 50 51 52 53 54 55 56 57 58 59 60 61 62 63 64 65 66 67 68 69 70 71 72 73 74 75 76 77 78 79 80 81 82 83 84 85 86 87 88 89 90]
2024-05-27 19:51:44,842{GMT}	INFO	[jepsen worker 1] jepsen.util: 1	:invoke	:broadcast	91
2024-05-27 19:51:44,844{GMT}	INFO	[jepsen worker 1] jepsen.util: 1	:ok	:broadcast	91
2024-05-27 19:51:44,962{GMT}	INFO	[jepsen worker 2] jepsen.util: 2	:invoke	:broadcast	92
2024-05-27 19:51:44,963{GMT}	INFO	[jepsen worker 2] jepsen.util: 2	:ok	:broadcast	92
2024-05-27 19:51:45,081{GMT}	INFO	[jepsen worker 3] jepsen.util: 3	:invoke	:read	nil
2024-05-27 19:51:45,082{GMT}	INFO	[jepsen worker 3] jepsen.util: 3	:ok	:read	[0 1 2 3 4 5 6 7 8 9 10 11 12 13 14 15 17 16 18 19 20 21 22 23 24 25 26 27 28 29 30 31 32 33 34 35 36 37 38 39 40 41 42 43 44 45 46 47 48 49 50 51 52 53 54 55 56 57 58 59 60 61 62 63 64 65 66 67 68 69 70 71 72 73 74 75 76 77 78 79 80 81 82 83 84 85 86 87 88 89 90 91 92]
2024-05-27 19:51:45,158{GMT}	INFO	[jepsen worker 4] jepsen.util: 4	:invoke	:read	nil
2024-05-27 19:51:45,160{GMT}	INFO	[jepsen worker 4] jepsen.util: 4	:ok	:read	[0 0 1 1 2 2 3 3 4 4 5 5 6 7 7 8 8 9 9 10 10 11 11 12 12 13 13 14 14 15 15 16 17 17 16 18 19 19 20 20 21 22 22 23 23 24 24 25 25 26 27 27 28 28 29 30 30 31 31 32 32 33 34 34 35 35 36 36 37 38 38 39 39 40 40 41 42 42 43 43 44 44 45 45 46 46 47 47 48 48 49 49 50 50 51 52 52 53 53 54 54 55 55 56 56 57 57 58 58 59 59 60 60 61 62 62 63 63 64 64 65 65 66 66 67 67 68 68 69 70 70 71 71 72 73 73 74 75 75 76 76 77 78 78 79 79 80 80 81 81 82 83 83 84 84 85 85 86 86 87 87 88 88 89 89 90 90 91 91 92 92]
2024-05-27 19:51:45,269{GMT}	INFO	[jepsen worker 0] jepsen.util: 0	:invoke	:broadcast	93
2024-05-27 19:51:45,272{GMT}	INFO	[jepsen worker 0] jepsen.util: 0	:ok	:broadcast	93
2024-05-27 19:51:45,422{GMT}	INFO	[jepsen worker 0] jepsen.util: 0	:invoke	:broadcast	94
2024-05-27 19:51:45,423{GMT}	INFO	[jepsen worker 0] jepsen.util: 0	:ok	:broadcast	94
2024-05-27 19:51:45,543{GMT}	INFO	[jepsen worker 1] jepsen.util: 1	:invoke	:broadcast	95
2024-05-27 19:51:45,546{GMT}	INFO	[jepsen worker 1] jepsen.util: 1	:ok	:broadcast	95
2024-05-27 19:51:45,676{GMT}	INFO	[jepsen worker 2] jepsen.util: 2	:invoke	:broadcast	96
2024-05-27 19:51:45,678{GMT}	INFO	[jepsen worker 2] jepsen.util: 2	:ok	:broadcast	96
2024-05-27 19:51:45,816{GMT}	INFO	[jepsen worker 3] jepsen.util: 3	:invoke	:broadcast	97
2024-05-27 19:51:45,818{GMT}	INFO	[jepsen worker 3] jepsen.util: 3	:ok	:broadcast	97
2024-05-27 19:51:45,820{GMT}	INFO	[jepsen worker 4] jepsen.util: 4	:invoke	:read	nil
2024-05-27 19:51:45,821{GMT}	INFO	[jepsen worker 4] jepsen.util: 4	:ok	:read	[0 0 1 1 2 2 3 3 4 4 5 5 6 7 7 8 8 9 9 10 10 11 11 12 12 13 13 14 14 15 15 16 17 17 16 18 19 19 20 20 21 22 22 23 23 24 24 25 25 26 27 27 28 28 29 30 30 31 31 32 32 33 34 34 35 35 36 36 37 38 38 39 39 40 40 41 42 42 43 43 44 44 45 45 46 46 47 47 48 48 49 49 50 50 51 52 52 53 53 54 54 55 55 56 56 57 57 58 58 59 59 60 60 61 62 62 63 63 64 64 65 65 66 66 67 67 68 68 69 70 70 71 71 72 73 73 74 75 75 76 76 77 78 78 79 79 80 80 81 81 82 83 83 84 84 85 85 86 86 87 87 88 88 89 89 90 90 91 91 92 92 93 93 94 94 95 95 96 96 97 97]
2024-05-27 19:51:45,957{GMT}	INFO	[jepsen worker 0] jepsen.util: 0	:invoke	:read	nil
2024-05-27 19:51:45,958{GMT}	INFO	[jepsen worker 0] jepsen.util: 0	:ok	:read	[0 1 2 3 4 5 6 7 8 9 10 11 12 13 14 15 17 16 18 19 20 21 22 23 24 25 26 27 28 29 30 31 32 33 34 35 36 37 38 39 40 41 42 43 44 45 46 47 48 49 50 51 52 53 54 55 56 57 58 59 60 61 62 63 64 65 66 67 68 69 70 71 72 73 74 75 76 77 78 79 80 81 82 83 84 85 86 87 88 89 90 91 92 93 94 95 96 97]
2024-05-27 19:51:46,065{GMT}	INFO	[jepsen worker 0] jepsen.util: 0	:invoke	:broadcast	98
2024-05-27 19:51:46,067{GMT}	INFO	[jepsen worker 0] jepsen.util: 0	:ok	:broadcast	98
2024-05-27 19:51:46,068{GMT}	INFO	[jepsen worker 1] jepsen.util: 1	:invoke	:read	nil
2024-05-27 19:51:46,073{GMT}	INFO	[jepsen worker 1] jepsen.util: 1	:ok	:read	[0 1 2 3 4 5 6 7 8 9 10 11 12 13 14 15 16 17 18 19 20 21 22 23 24 25 26 27 28 29 30 31 32 33 34 35 36 37 38 39 40 41 42 43 44 45 46 47 48 49 50 51 52 53 54 55 56 57 58 59 60 61 62 63 64 65 66 67 68 69 70 71 72 73 74 75 76 77 78 79 80 81 82 83 84 85 86 87 88 89 90 91 92 93 94 95 96 97 98]
2024-05-27 19:51:46,118{GMT}	INFO	[jepsen worker 2] jepsen.util: 2	:invoke	:read	nil
2024-05-27 19:51:46,119{GMT}	INFO	[jepsen worker 2] jepsen.util: 2	:ok	:read	[0 1 2 3 4 5 6 7 8 9 10 11 12 13 14 15 17 16 18 19 20 21 22 23 24 25 26 27 28 29 30 31 32 33 34 35 36 37 38 39 40 41 42 43 44 45 46 47 48 49 50 51 52 53 54 55 56 57 58 59 60 61 62 63 64 65 66 67 68 69 70 71 72 73 74 75 76 77 78 79 80 81 82 83 84 85 86 87 88 89 90 91 92 93 94 95 96 97 98]
2024-05-27 19:51:46,283{GMT}	INFO	[jepsen worker 3] jepsen.util: 3	:invoke	:read	nil
2024-05-27 19:51:46,284{GMT}	INFO	[jepsen worker 3] jepsen.util: 3	:ok	:read	[0 1 2 3 4 5 6 7 8 9 10 11 12 13 14 15 17 16 18 19 20 21 22 23 24 25 26 27 28 29 30 31 32 33 34 35 36 37 38 39 40 41 42 43 44 45 46 47 48 49 50 51 52 53 54 55 56 57 58 59 60 61 62 63 64 65 66 67 68 69 70 71 72 73 74 75 76 77 78 79 80 81 82 83 84 85 86 87 88 89 90 91 92 93 94 95 96 97 98]
2024-05-27 19:51:46,373{GMT}	INFO	[jepsen worker 4] jepsen.util: 4	:invoke	:read	nil
2024-05-27 19:51:46,375{GMT}	INFO	[jepsen worker 4] jepsen.util: 4	:ok	:read	[0 0 1 1 2 2 3 3 4 4 5 5 6 7 7 8 8 9 9 10 10 11 11 12 12 13 13 14 14 15 15 16 17 17 16 18 19 19 20 20 21 22 22 23 23 24 24 25 25 26 27 27 28 28 29 30 30 31 31 32 32 33 34 34 35 35 36 36 37 38 38 39 39 40 40 41 42 42 43 43 44 44 45 45 46 46 47 47 48 48 49 49 50 50 51 52 52 53 53 54 54 55 55 56 56 57 57 58 58 59 59 60 60 61 62 62 63 63 64 64 65 65 66 66 67 67 68 68 69 70 70 71 71 72 73 73 74 75 75 76 76 77 78 78 79 79 80 80 81 81 82 83 83 84 84 85 85 86 86 87 87 88 88 89 89 90 90 91 91 92 92 93 93 94 94 95 95 96 96 97 97 98 98]
2024-05-27 19:51:46,396{GMT}	INFO	[jepsen worker 0] jepsen.util: 0	:invoke	:read	nil
2024-05-27 19:51:46,397{GMT}	INFO	[jepsen worker 0] jepsen.util: 0	:ok	:read	[0 1 2 3 4 5 6 7 8 9 10 11 12 13 14 15 17 16 18 19 20 21 22 23 24 25 26 27 28 29 30 31 32 33 34 35 36 37 38 39 40 41 42 43 44 45 46 47 48 49 50 51 52 53 54 55 56 57 58 59 60 61 62 63 64 65 66 67 68 69 70 71 72 73 74 75 76 77 78 79 80 81 82 83 84 85 86 87 88 89 90 91 92 93 94 95 96 97 98]
2024-05-27 19:51:46,427{GMT}	INFO	[jepsen worker 0] jepsen.util: 0	:invoke	:read	nil
2024-05-27 19:51:46,428{GMT}	INFO	[jepsen worker 0] jepsen.util: 0	:ok	:read	[0 1 2 3 4 5 6 7 8 9 10 11 12 13 14 15 17 16 18 19 20 21 22 23 24 25 26 27 28 29 30 31 32 33 34 35 36 37 38 39 40 41 42 43 44 45 46 47 48 49 50 51 52 53 54 55 56 57 58 59 60 61 62 63 64 65 66 67 68 69 70 71 72 73 74 75 76 77 78 79 80 81 82 83 84 85 86 87 88 89 90 91 92 93 94 95 96 97 98]
2024-05-27 19:51:46,615{GMT}	INFO	[jepsen worker 1] jepsen.util: 1	:invoke	:broadcast	99
2024-05-27 19:51:46,617{GMT}	INFO	[jepsen worker 1] jepsen.util: 1	:ok	:broadcast	99
2024-05-27 19:51:46,778{GMT}	INFO	[jepsen worker 2] jepsen.util: 2	:invoke	:broadcast	100
2024-05-27 19:51:46,781{GMT}	INFO	[jepsen worker 2] jepsen.util: 2	:ok	:broadcast	100
2024-05-27 19:51:46,900{GMT}	INFO	[jepsen worker 3] jepsen.util: 3	:invoke	:read	nil
2024-05-27 19:51:46,901{GMT}	INFO	[jepsen worker 3] jepsen.util: 3	:ok	:read	[0 1 2 3 4 5 6 7 8 9 10 11 12 13 14 15 17 16 18 19 20 21 22 23 24 25 26 27 28 29 30 31 32 33 34 35 36 37 38 39 40 41 42 43 44 45 46 47 48 49 50 51 52 53 54 55 56 57 58 59 60 61 62 63 64 65 66 67 68 69 70 71 72 73 74 75 76 77 78 79 80 81 82 83 84 85 86 87 88 89 90 91 92 93 94 95 96 97 98 99 100]
2024-05-27 19:51:46,986{GMT}	INFO	[jepsen worker 4] jepsen.util: 4	:invoke	:broadcast	101
2024-05-27 19:51:46,989{GMT}	INFO	[jepsen worker 4] jepsen.util: 4	:ok	:broadcast	101
2024-05-27 19:51:47,108{GMT}	INFO	[jepsen worker 0] jepsen.util: 0	:invoke	:broadcast	102
2024-05-27 19:51:47,111{GMT}	INFO	[jepsen worker 0] jepsen.util: 0	:ok	:broadcast	102
2024-05-27 19:51:47,301{GMT}	INFO	[jepsen worker 0] jepsen.util: 0	:invoke	:read	nil
2024-05-27 19:51:47,302{GMT}	INFO	[jepsen worker 0] jepsen.util: 0	:ok	:read	[0 1 2 3 4 5 6 7 8 9 10 11 12 13 14 15 17 16 18 19 20 21 22 23 24 25 26 27 28 29 30 31 32 33 34 35 36 37 38 39 40 41 42 43 44 45 46 47 48 49 50 51 52 53 54 55 56 57 58 59 60 61 62 63 64 65 66 67 68 69 70 71 72 73 74 75 76 77 78 79 80 81 82 83 84 85 86 87 88 89 90 91 92 93 94 95 96 97 98 99 100 101 102]
2024-05-27 19:51:47,413{GMT}	INFO	[jepsen worker 1] jepsen.util: 1	:invoke	:read	nil
2024-05-27 19:51:47,415{GMT}	INFO	[jepsen worker 1] jepsen.util: 1	:ok	:read	[0 1 2 3 4 5 6 7 8 9 10 11 12 13 14 15 16 17 18 19 20 21 22 23 24 25 26 27 28 29 30 31 32 33 34 35 36 37 38 39 40 41 42 43 44 45 46 47 48 49 50 51 52 53 54 55 56 57 58 59 60 61 62 63 64 65 66 67 68 69 70 71 72 73 74 75 76 77 78 79 80 81 82 83 84 85 86 87 88 89 90 91 92 93 94 95 96 97 98 99 100 101 102]
2024-05-27 19:51:47,530{GMT}	INFO	[jepsen worker 2] jepsen.util: 2	:invoke	:broadcast	103
2024-05-27 19:51:47,536{GMT}	INFO	[jepsen worker 2] jepsen.util: 2	:ok	:broadcast	103
2024-05-27 19:51:47,647{GMT}	INFO	[jepsen worker 3] jepsen.util: 3	:invoke	:broadcast	104
2024-05-27 19:51:47,650{GMT}	INFO	[jepsen worker 3] jepsen.util: 3	:ok	:broadcast	104
2024-05-27 19:51:47,822{GMT}	INFO	[jepsen worker 4] jepsen.util: 4	:invoke	:read	nil
2024-05-27 19:51:47,824{GMT}	INFO	[jepsen worker 4] jepsen.util: 4	:ok	:read	[0 0 1 1 2 2 3 3 4 4 5 5 6 7 7 8 8 9 9 10 10 11 11 12 12 13 13 14 14 15 15 16 17 17 16 18 19 19 20 20 21 22 22 23 23 24 24 25 25 26 27 27 28 28 29 30 30 31 31 32 32 33 34 34 35 35 36 36 37 38 38 39 39 40 40 41 42 42 43 43 44 44 45 45 46 46 47 47 48 48 49 49 50 50 51 52 52 53 53 54 54 55 55 56 56 57 57 58 58 59 59 60 60 61 62 62 63 63 64 64 65 65 66 66 67 67 68 68 69 70 70 71 71 72 73 73 74 75 75 76 76 77 78 78 79 79 80 80 81 81 82 83 83 84 84 85 85 86 86 87 87 88 88 89 89 90 90 91 91 92 92 93 93 94 94 95 95 96 96 97 97 98 98 99 99 100 100 101 102 102 103 103 104 104]
2024-05-27 19:51:48,009{GMT}	INFO	[jepsen worker 0] jepsen.util: 0	:invoke	:broadcast	105
2024-05-27 19:51:48,011{GMT}	INFO	[jepsen worker 0] jepsen.util: 0	:ok	:broadcast	105
2024-05-27 19:51:48,176{GMT}	INFO	[jepsen worker 0] jepsen.util: 0	:invoke	:read	nil
2024-05-27 19:51:48,178{GMT}	INFO	[jepsen worker 0] jepsen.util: 0	:ok	:read	[0 1 2 3 4 5 6 7 8 9 10 11 12 13 14 15 17 16 18 19 20 21 22 23 24 25 26 27 28 29 30 31 32 33 34 35 36 37 38 39 40 41 42 43 44 45 46 47 48 49 50 51 52 53 54 55 56 57 58 59 60 61 62 63 64 65 66 67 68 69 70 71 72 73 74 75 76 77 78 79 80 81 82 83 84 85 86 87 88 89 90 91 92 93 94 95 96 97 98 99 100 101 102 103 104 105]
2024-05-27 19:51:48,194{GMT}	INFO	[jepsen worker 1] jepsen.util: 1	:invoke	:broadcast	106
2024-05-27 19:51:48,196{GMT}	INFO	[jepsen worker 1] jepsen.util: 1	:ok	:broadcast	106
2024-05-27 19:51:48,305{GMT}	INFO	[jepsen worker 2] jepsen.util: 2	:invoke	:read	nil
2024-05-27 19:51:48,306{GMT}	INFO	[jepsen worker 2] jepsen.util: 2	:ok	:read	[0 1 2 3 4 5 6 7 8 9 10 11 12 13 14 15 17 16 18 19 20 21 22 23 24 25 26 27 28 29 30 31 32 33 34 35 36 37 38 39 40 41 42 43 44 45 46 47 48 49 50 51 52 53 54 55 56 57 58 59 60 61 62 63 64 65 66 67 68 69 70 71 72 73 74 75 76 77 78 79 80 81 82 83 84 85 86 87 88 89 90 91 92 93 94 95 96 97 98 99 100 101 102 103 104 105 106]
2024-05-27 19:51:48,335{GMT}	INFO	[jepsen worker 3] jepsen.util: 3	:invoke	:read	nil
2024-05-27 19:51:48,337{GMT}	INFO	[jepsen worker 3] jepsen.util: 3	:ok	:read	[0 1 2 3 4 5 6 7 8 9 10 11 12 13 14 15 17 16 18 19 20 21 22 23 24 25 26 27 28 29 30 31 32 33 34 35 36 37 38 39 40 41 42 43 44 45 46 47 48 49 50 51 52 53 54 55 56 57 58 59 60 61 62 63 64 65 66 67 68 69 70 71 72 73 74 75 76 77 78 79 80 81 82 83 84 85 86 87 88 89 90 91 92 93 94 95 96 97 98 99 100 101 102 103 104 105 106]
2024-05-27 19:51:48,522{GMT}	INFO	[jepsen worker 4] jepsen.util: 4	:invoke	:broadcast	107
2024-05-27 19:51:48,524{GMT}	INFO	[jepsen worker 4] jepsen.util: 4	:ok	:broadcast	107
2024-05-27 19:51:48,665{GMT}	INFO	[jepsen worker 0] jepsen.util: 0	:invoke	:broadcast	108
2024-05-27 19:51:48,667{GMT}	INFO	[jepsen worker 0] jepsen.util: 0	:ok	:broadcast	108
2024-05-27 19:51:48,860{GMT}	INFO	[jepsen worker 0] jepsen.util: 0	:invoke	:broadcast	109
2024-05-27 19:51:48,862{GMT}	INFO	[jepsen worker 0] jepsen.util: 0	:ok	:broadcast	109
2024-05-27 19:51:49,035{GMT}	INFO	[jepsen worker 1] jepsen.util: 1	:invoke	:read	nil
2024-05-27 19:51:49,037{GMT}	INFO	[jepsen worker 1] jepsen.util: 1	:ok	:read	[0 1 2 3 4 5 6 7 8 9 10 11 12 13 14 15 16 17 18 19 20 21 22 23 24 25 26 27 28 29 30 31 32 33 34 35 36 37 38 39 40 41 42 43 44 45 46 47 48 49 50 51 52 53 54 55 56 57 58 59 60 61 62 63 64 65 66 67 68 69 70 71 72 73 74 75 76 77 78 79 80 81 82 83 84 85 86 87 88 89 90 91 92 93 94 95 96 97 98 99 100 101 102 103 104 105 106 107 108 109]
2024-05-27 19:51:49,038{GMT}	INFO	[jepsen worker 2] jepsen.generator.interpreter: Waiting for recovery...
2024-05-27 19:51:59,040{GMT}	INFO	[jepsen worker 4] jepsen.util: 4	:invoke	:read	nil
2024-05-27 19:51:59,041{GMT}	INFO	[jepsen worker 2] jepsen.util: 2	:invoke	:read	nil
2024-05-27 19:51:59,042{GMT}	INFO	[jepsen worker 3] jepsen.util: 3	:invoke	:read	nil
2024-05-27 19:51:59,042{GMT}	INFO	[jepsen worker 0] jepsen.util: 0	:invoke	:read	nil
2024-05-27 19:51:59,043{GMT}	INFO	[jepsen worker 1] jepsen.util: 1	:invoke	:read	nil
2024-05-27 19:51:59,045{GMT}	INFO	[jepsen worker 0] jepsen.util: 0	:ok	:read	[0 1 2 3 4 5 6 7 8 9 10 11 12 13 14 15 17 16 18 19 20 21 22 23 24 25 26 27 28 29 30 31 32 33 34 35 36 37 38 39 40 41 42 43 44 45 46 47 48 49 50 51 52 53 54 55 56 57 58 59 60 61 62 63 64 65 66 67 68 69 70 71 72 73 74 75 76 77 78 79 80 81 82 83 84 85 86 87 88 89 90 91 92 93 94 95 96 97 98 99 100 101 102 103 104 105 106 107 108 109]
2024-05-27 19:51:59,046{GMT}	INFO	[jepsen worker 4] jepsen.util: 4	:ok	:read	[0 0 1 1 2 2 3 3 4 4 5 5 6 7 7 8 8 9 9 10 10 11 11 12 12 13 13 14 14 15 15 16 17 17 16 18 19 19 20 20 21 22 22 23 23 24 24 25 25 26 27 27 28 28 29 30 30 31 31 32 32 33 34 34 35 35 36 36 37 38 38 39 39 40 40 41 42 42 43 43 44 44 45 45 46 46 47 47 48 48 49 49 50 50 51 52 52 53 53 54 54 55 55 56 56 57 57 58 58 59 59 60 60 61 62 62 63 63 64 64 65 65 66 66 67 67 68 68 69 70 70 71 71 72 73 73 74 75 75 76 76 77 78 78 79 79 80 80 81 81 82 83 83 84 84 85 85 86 86 87 87 88 88 89 89 90 90 91 91 92 92 93 93 94 94 95 95 96 96 97 97 98 98 99 99 100 100 101 102 102 103 103 104 104 105 105 106 106 107 108 108 109 109]
2024-05-27 19:51:59,043{GMT}	INFO	[jepsen worker 2] jepsen.util: 2	:ok	:read	[0 1 2 3 4 5 6 7 8 9 10 11 12 13 14 15 17 16 18 19 20 21 22 23 24 25 26 27 28 29 30 31 32 33 34 35 36 37 38 39 40 41 42 43 44 45 46 47 48 49 50 51 52 53 54 55 56 57 58 59 60 61 62 63 64 65 66 67 68 69 70 71 72 73 74 75 76 77 78 79 80 81 82 83 84 85 86 87 88 89 90 91 92 93 94 95 96 97 98 99 100 101 102 103 104 105 106 107 108 109]
2024-05-27 19:51:59,044{GMT}	INFO	[jepsen worker 3] jepsen.util: 3	:ok	:read	[0 1 2 3 4 5 6 7 8 9 10 11 12 13 14 15 17 16 18 19 20 21 22 23 24 25 26 27 28 29 30 31 32 33 34 35 36 37 38 39 40 41 42 43 44 45 46 47 48 49 50 51 52 53 54 55 56 57 58 59 60 61 62 63 64 65 66 67 68 69 70 71 72 73 74 75 76 77 78 79 80 81 82 83 84 85 86 87 88 89 90 91 92 93 94 95 96 97 98 99 100 101 102 103 104 105 106 107 108 109]
2024-05-27 19:51:59,045{GMT}	INFO	[jepsen worker 1] jepsen.util: 1	:ok	:read	[0 1 2 3 4 5 6 7 8 9 10 11 12 13 14 15 16 17 18 19 20 21 22 23 24 25 26 27 28 29 30 31 32 33 34 35 36 37 38 39 40 41 42 43 44 45 46 47 48 49 50 51 52 53 54 55 56 57 58 59 60 61 62 63 64 65 66 67 68 69 70 71 72 73 74 75 76 77 78 79 80 81 82 83 84 85 86 87 88 89 90 91 92 93 94 95 96 97 98 99 100 101 102 103 104 105 106 107 108 109]
2024-05-27 19:51:59,090{GMT}	INFO	[jepsen test runner] jepsen.core: Run complete, writing
2024-05-27 19:51:59,183{GMT}	INFO	[jepsen node n0] maelstrom.db: Tearing down n0
2024-05-27 19:51:59,214{GMT}	INFO	[jepsen node n2] maelstrom.db: Tearing down n2
2024-05-27 19:51:59,233{GMT}	INFO	[jepsen node n3] maelstrom.db: Tearing down n3
2024-05-27 19:51:59,251{GMT}	INFO	[jepsen node n1] maelstrom.db: Tearing down n1
2024-05-27 19:51:59,260{GMT}	INFO	[jepsen node n4] maelstrom.db: Tearing down n4
2024-05-27 19:52:01,034{GMT}	INFO	[jepsen node n0] maelstrom.net: Shutting down Maelstrom network
2024-05-27 19:52:01,044{GMT}	INFO	[jepsen test runner] jepsen.core: Analyzing...
2024-05-27 19:52:01,873{GMT}	INFO	[jepsen test runner] jepsen.core: Analysis complete
2024-05-27 19:52:01,890{GMT}	INFO	[jepsen results] jepsen.store: Wrote /workspaces/Broadcast-System/broadcast-system/maelstrom/store/broadcast/20240527T195126.358Z/results.edn
2024-05-27 19:52:01,965{GMT}	INFO	[jepsen test runner] jepsen.core: {:perf {:latency-graph {:valid? true},
        :rate-graph {:valid? true},
        :valid? true},
 :timeline {:valid? true},
 :exceptions {:valid? true},
 :stats {:valid? true,
         :count 199,
         :ok-count 199,
         :fail-count 0,
         :info-count 0,
         :by-f {:broadcast {:valid? true,
                            :count 110,
                            :ok-count 110,
                            :fail-count 0,
                            :info-count 0},
                :read {:valid? true,
                       :count 89,
                       :ok-count 89,
                       :fail-count 0,
                       :info-count 0}}},
 :availability {:valid? true, :ok-fraction 1.0},
 :net {:all {:send-count 1486,
             :recv-count 1486,
             :msg-count 1486,
             :msgs-per-op 7.4673367},
       :clients {:send-count 418, :recv-count 418, :msg-count 418},
       :servers {:send-count 1068,
                 :recv-count 1068,
                 :msg-count 1068,
                 :msgs-per-op 5.366834},
       :valid? true},
 :workload {:worst-stale (),
            :duplicated-count 0,
            :valid? true,
            :lost-count 0,
            :lost (),
            :stable-count 110,
            :stale-count 0,
            :stale (),
            :never-read-count 0,
            :stable-latencies {0 0, 0.5 0, 0.95 0, 0.99 0, 1 0},
            :attempt-count 110,
            :never-read (),
            :duplicated {}},
 :valid? true}


Everything looks good! (`)
