2024/05/27 19:50:05 Received {c2 n2 {"type":"init","node_id":"n2","node_ids":["n0","n1","n2","n3","n4"],"msg_id":1}}
2024/05/27 19:50:05 Node n2 initialized
2024/05/27 19:50:05 Sent {"src":"n2","dest":"c2","body":{"in_reply_to":1,"type":"init_ok"}}
2024/05/27 19:50:05 Received {c7 n2 {"type":"topology","topology":{"n0":["n3","n1"],"n1":["n4","n2","n0"],"n2":["n1"],"n3":["n0","n4"],"n4":["n1","n3"]},"msg_id":1}}
2024/05/27 19:50:05 Sent {"src":"n2","dest":"c7","body":{"in_reply_to":1,"type":"topology_ok"}}
2024/05/27 19:50:06 Received {n0 n2 {"message":0,"type":"second-order-broadcast"}}
2024/05/27 19:50:06 Sent {"src":"n2","dest":"n0","body":{"in_reply_to":0,"type":"second_order_broadcast_ok"}}
2024/05/27 19:50:06 Received {n1 n2 {"message":1,"type":"second-order-broadcast"}}
2024/05/27 19:50:06 Sent {"src":"n2","dest":"n1","body":{"in_reply_to":0,"type":"second_order_broadcast_ok"}}
2024/05/27 19:50:06 Received {c12 n2 {"type":"read","msg_id":1}}
2024/05/27 19:50:06 Sent {"src":"n2","dest":"c12","body":{"in_reply_to":1,"messages":[0,1],"msg_id":1,"type":"read_ok"}}
2024/05/27 19:50:06 Received {c12 n2 {"type":"broadcast","message":3,"msg_id":2}}
2024/05/27 19:50:06 Sent {"src":"n2","dest":"n0","body":{"message":3,"type":"second-order-broadcast"}}
2024/05/27 19:50:06 Sent {"src":"n2","dest":"n1","body":{"message":3,"type":"second-order-broadcast"}}
2024/05/27 19:50:06 Sent {"src":"n2","dest":"n4","body":{"message":3,"type":"second-order-broadcast"}}
2024/05/27 19:50:06 Sent {"src":"n2","dest":"n3","body":{"message":3,"type":"second-order-broadcast"}}
2024/05/27 19:50:06 Sent {"src":"n2","dest":"n4","body":{"message":3,"type":"second-order-broadcast"}}
2024/05/27 19:50:06 Sent {"src":"n2","dest":"c12","body":{"in_reply_to":2,"type":"broadcast_ok"}}
2024/05/27 19:50:06 Received {n3 n2 {"in_reply_to":0,"type":"second_order_broadcast_ok"}}
2024/05/27 19:50:06 No handler for {"id":58,"src":"n3","dest":"n2","body":{"in_reply_to":0,"type":"second_order_broadcast_ok"}}
