2024-05-27 19:46:19,452{GMT}	INFO	[jepsen test runner] jepsen.core: Test version 31744692f8b8b810776b22774484fed7774393df (plus uncommitted changes)
2024-05-27 19:46:19,453{GMT}	INFO	[jepsen test runner] jepsen.core: Command line:
lein run test -w broadcast --bin /go/bin/broadcast --node-count 5 --time-limit 20 --rate 10
2024-05-27 19:46:19,625{GMT}	INFO	[jepsen test runner] jepsen.core: Running test:
{:args []
 :remote
 #jepsen.control.retry.Remote{:remote #jepsen.control.scp.Remote{:cmd-remote #jepsen.control.sshj.SSHJRemote{:concurrency-limit 6,
                                                                                                             :conn-spec nil,
                                                                                                             :client nil,
                                                                                                             :semaphore nil},
                                                                 :conn-spec nil},
                              :conn nil}
 :log-net-send false
 :node-count 5
 :availability nil
 :max-txn-length 4
 :concurrency 5
 :db
 #object[maelstrom.db$db$reify__16142
         "0x41d1bcbd"
         "maelstrom.db$db$reify__16142@41d1bcbd"]
 :max-writes-per-key 16
 :leave-db-running? false
 :name "broadcast"
 :logging-json? false
 :start-time
 #object[org.joda.time.DateTime "0x24a696c0" "2024-05-27T19:46:19.372Z"]
 :nemesis-interval 10
 :net
 #object[maelstrom.net$jepsen_net$reify__15251
         "0x78fb4f7f"
         "maelstrom.net$jepsen_net$reify__15251@78fb4f7f"]
 :client
 #object[maelstrom.workload.broadcast$client$reify__16644
         "0x6a7c1725"
         "maelstrom.workload.broadcast$client$reify__16644@6a7c1725"]
 :barrier
 #object[java.util.concurrent.CyclicBarrier
         "0x756476a3"
         "java.util.concurrent.CyclicBarrier@756476a3"]
 :log-stderr false
 :pure-generators true
 :ssh {:dummy? true}
 :rate 10.0
 :checker
 #object[jepsen.checker$compose$reify__11881
         "0x65e4ee59"
         "jepsen.checker$compose$reify__11881@65e4ee59"]
 :argv
 ("test"
  "-w"
  "broadcast"
  "--bin"
  "/go/bin/broadcast"
  "--node-count"
  "5"
  "--time-limit"
  "20"
  "--rate"
  "10")
 :nemesis
 (jepsen.nemesis.ReflCompose
  {:fm {:start-partition 0,
        :stop-partition 0,
        :kill 1,
        :start 1,
        :pause 1,
        :resume 1},
   :nemeses [#unprintable "jepsen.nemesis.combined$partition_nemesis$reify__16416@4746d52d"
             #unprintable "jepsen.nemesis.combined$db_nemesis$reify__16397@4d0927df"]})
 :nodes ["n0" "n1" "n2" "n3" "n4"]
 :test-count 1
 :latency {:mean 0, :dist :constant}
 :bin "/go/bin/broadcast"
 :generator
 ((jepsen.generator.Synchronize
   {:gen (jepsen.generator.TimeLimit
          {:limit 20000000000,
           :cutoff nil,
           :gen (jepsen.generator.Any
                 {:gens [(jepsen.generator.OnThreads
                          {:f #{:nemesis},
                           :context-filter #object[jepsen.generator.context$make_thread_filter$lazy_filter__9167
                                                   "0x7e86ff3b"
                                                   "jepsen.generator.context$make_thread_filter$lazy_filter__9167@7e86ff3b"],
                           :gen nil})
                         (jepsen.generator.OnThreads
                          {:f #jepsen.generator.context.AllBut{:element :nemesis},
                           :context-filter #object[jepsen.generator.context$make_thread_filter$lazy_filter__9167
                                                   "0x4936dca9"
                                                   "jepsen.generator.context$make_thread_filter$lazy_filter__9167@4936dca9"],
                           :gen (jepsen.generator.Stagger
                                 {:dt 200000000,
                                  :next-time nil,
                                  :gen (jepsen.generator.Mix
                                        {:i 1,
                                         :gens [({:f :broadcast, :value 0}
                                                 {:f :broadcast, :value 1}
                                                 {:f :broadcast, :value 2}
                                                 {:f :broadcast, :value 3}
                                                 {:f :broadcast, :value 4}
                                                 {:f :broadcast, :value 5}
                                                 {:f :broadcast, :value 6}
                                                 {:f :broadcast, :value 7}
                                                 ...)
                                                ({:f :read}
                                                 {:f :read}
                                                 {:f :read}
                                                 {:f :read}
                                                 {:f :read}
                                                 {:f :read}
                                                 {:f :read}
                                                 {:f :read}
                                                 ...)]})})})]})})})
  (jepsen.generator.Synchronize
   {:gen (jepsen.generator.OnThreads
          {:f #{:nemesis},
           :context-filter #object[jepsen.generator.context$make_thread_filter$lazy_filter__9167
                                   "0x56de370d"
                                   "jepsen.generator.context$make_thread_filter$lazy_filter__9167@56de370d"],
           :gen ()})})
  (jepsen.generator.Synchronize
   {:gen {:type :log, :value "Waiting for recovery..."}})
  (jepsen.generator.Synchronize {:gen {:type :sleep, :value 10}})
  (jepsen.generator.Synchronize
   {:gen (jepsen.generator.OnThreads
          {:f #jepsen.generator.context.AllBut{:element :nemesis},
           :context-filter #object[jepsen.generator.context$make_thread_filter$lazy_filter__9167
                                   "0x1f6865ca"
                                   "jepsen.generator.context$make_thread_filter$lazy_filter__9167@1f6865ca"],
           :gen (jepsen.generator.EachThread
                 {:fresh-gen {:f :read, :final? true},
                  :context-filters #object[clojure.core$promise$reify__8591
                                           "0x6044311a"
                                           {:status :pending, :val nil}],
                  :gens {}})})}))
 :log-net-recv false
 :os
 #object[maelstrom.net$jepsen_os$reify__15254
         "0x7416b560"
         "maelstrom.net$jepsen_os$reify__15254@7416b560"]
 :time-limit 20
 :workload :broadcast
 :consistency-models [:strict-serializable]
 :topology :grid}

2024-05-27 19:46:21,891{GMT}	INFO	[jepsen node n0] maelstrom.net: Starting Maelstrom network
2024-05-27 19:46:21,893{GMT}	INFO	[jepsen test runner] jepsen.db: Tearing down DB
2024-05-27 19:46:21,895{GMT}	INFO	[jepsen test runner] jepsen.db: Setting up DB
2024-05-27 19:46:21,896{GMT}	INFO	[jepsen node n3] maelstrom.db: Setting up n3
2024-05-27 19:46:21,901{GMT}	INFO	[jepsen node n0] maelstrom.service: Starting services: (lin-kv lin-tso lww-kv seq-kv)
2024-05-27 19:46:21,900{GMT}	INFO	[jepsen node n4] maelstrom.db: Setting up n4
2024-05-27 19:46:21,898{GMT}	INFO	[jepsen node n2] maelstrom.db: Setting up n2
2024-05-27 19:46:21,901{GMT}	INFO	[jepsen node n3] maelstrom.process: launching /go/bin/broadcast []
2024-05-27 19:46:21,899{GMT}	INFO	[jepsen node n1] maelstrom.db: Setting up n1
2024-05-27 19:46:21,909{GMT}	INFO	[jepsen node n4] maelstrom.process: launching /go/bin/broadcast []
2024-05-27 19:46:21,911{GMT}	INFO	[jepsen node n1] maelstrom.process: launching /go/bin/broadcast []
2024-05-27 19:46:21,912{GMT}	INFO	[jepsen node n2] maelstrom.process: launching /go/bin/broadcast []
2024-05-27 19:46:21,917{GMT}	INFO	[jepsen node n0] maelstrom.db: Setting up n0
2024-05-27 19:46:21,917{GMT}	INFO	[jepsen node n0] maelstrom.process: launching /go/bin/broadcast []
2024-05-27 19:46:21,974{GMT}	INFO	[jepsen test runner] jepsen.core: Relative time begins now
2024-05-27 19:46:22,016{GMT}	INFO	[jepsen worker 0] jepsen.util: 0	:invoke	:read	nil
2024-05-27 19:46:22,019{GMT}	INFO	[jepsen worker 0] jepsen.util: 0	:ok	:read	nil
2024-05-27 19:46:22,034{GMT}	INFO	[jepsen worker 1] jepsen.util: 1	:invoke	:broadcast	0
2024-05-27 19:46:22,046{GMT}	INFO	[jepsen worker 1] jepsen.util: 1	:ok	:broadcast	0
2024-05-27 19:46:22,119{GMT}	INFO	[jepsen worker 2] jepsen.util: 2	:invoke	:broadcast	1
2024-05-27 19:46:22,139{GMT}	INFO	[jepsen worker 2] jepsen.util: 2	:ok	:broadcast	1
2024-05-27 19:46:22,177{GMT}	INFO	[jepsen worker 3] jepsen.util: 3	:invoke	:read	nil
2024-05-27 19:46:22,180{GMT}	INFO	[jepsen worker 3] jepsen.util: 3	:ok	:read	[0 1]
2024-05-27 19:46:22,181{GMT}	INFO	[jepsen worker 4] jepsen.util: 4	:invoke	:broadcast	2
2024-05-27 19:46:22,194{GMT}	INFO	[jepsen worker 4] jepsen.util: 4	:ok	:broadcast	2
2024-05-27 19:46:22,364{GMT}	INFO	[jepsen worker 0] jepsen.util: 0	:invoke	:broadcast	3
2024-05-27 19:46:22,382{GMT}	INFO	[jepsen worker 0] jepsen.util: 0	:ok	:broadcast	3
2024-05-27 19:46:22,467{GMT}	INFO	[jepsen worker 0] jepsen.util: 0	:invoke	:broadcast	4
2024-05-27 19:46:22,518{GMT}	INFO	[jepsen worker 1] jepsen.util: 1	:invoke	:broadcast	5
2024-05-27 19:46:22,587{GMT}	INFO	[jepsen worker 2] jepsen.util: 2	:invoke	:broadcast	6
2024-05-27 19:46:22,728{GMT}	INFO	[jepsen worker 3] jepsen.util: 3	:invoke	:read	nil
2024-05-27 19:46:22,731{GMT}	INFO	[jepsen worker 3] jepsen.util: 3	:ok	:read	[0 1 2 3]
2024-05-27 19:46:22,855{GMT}	INFO	[jepsen worker 4] jepsen.util: 4	:invoke	:read	nil
2024-05-27 19:46:22,936{GMT}	INFO	[jepsen worker 3] jepsen.util: 3	:invoke	:broadcast	7
2024-05-27 19:46:22,941{GMT}	INFO	[jepsen worker 3] jepsen.util: 3	:ok	:broadcast	7
2024-05-27 19:46:23,001{GMT}	INFO	[jepsen worker 3] jepsen.util: 3	:invoke	:broadcast	8
2024-05-27 19:46:23,008{GMT}	INFO	[jepsen worker 3] jepsen.util: 3	:ok	:broadcast	8
2024-05-27 19:46:23,166{GMT}	INFO	[jepsen worker 3] jepsen.util: 3	:invoke	:read	nil
2024-05-27 19:46:23,169{GMT}	INFO	[jepsen worker 3] jepsen.util: 3	:ok	:read	[0 1 2 3 7 8]
2024-05-27 19:46:23,312{GMT}	INFO	[jepsen worker 3] jepsen.util: 3	:invoke	:broadcast	9
2024-05-27 19:46:23,321{GMT}	INFO	[jepsen worker 3] jepsen.util: 3	:ok	:broadcast	9
2024-05-27 19:46:23,479{GMT}	INFO	[jepsen worker 3] jepsen.util: 3	:invoke	:broadcast	10
2024-05-27 19:46:23,484{GMT}	INFO	[jepsen worker 3] jepsen.util: 3	:ok	:broadcast	10
2024-05-27 19:46:23,616{GMT}	INFO	[jepsen worker 3] jepsen.util: 3	:invoke	:read	nil
2024-05-27 19:46:23,624{GMT}	INFO	[jepsen worker 3] jepsen.util: 3	:ok	:read	[0 1 2 3 7 8 9 10]
2024-05-27 19:46:23,661{GMT}	INFO	[jepsen worker 3] jepsen.util: 3	:invoke	:read	nil
2024-05-27 19:46:23,666{GMT}	INFO	[jepsen worker 3] jepsen.util: 3	:ok	:read	[0 1 2 3 7 8 9 10]
2024-05-27 19:46:23,764{GMT}	INFO	[jepsen worker 3] jepsen.util: 3	:invoke	:read	nil
2024-05-27 19:46:23,795{GMT}	INFO	[jepsen worker 3] jepsen.util: 3	:ok	:read	[0 1 2 3 7 8 9 10]
2024-05-27 19:46:23,797{GMT}	INFO	[jepsen worker 3] jepsen.util: 3	:invoke	:read	nil
2024-05-27 19:46:23,807{GMT}	INFO	[jepsen worker 3] jepsen.util: 3	:ok	:read	[0 1 2 3 7 8 9 10]
2024-05-27 19:46:23,923{GMT}	INFO	[jepsen worker 3] jepsen.util: 3	:invoke	:read	nil
2024-05-27 19:46:23,926{GMT}	INFO	[jepsen worker 3] jepsen.util: 3	:ok	:read	[0 1 2 3 7 8 9 10]
2024-05-27 19:46:24,017{GMT}	INFO	[jepsen worker 3] jepsen.util: 3	:invoke	:read	nil
2024-05-27 19:46:24,028{GMT}	INFO	[jepsen worker 3] jepsen.util: 3	:ok	:read	[0 1 2 3 7 8 9 10]
2024-05-27 19:46:24,103{GMT}	INFO	[jepsen worker 3] jepsen.util: 3	:invoke	:read	nil
2024-05-27 19:46:24,109{GMT}	INFO	[jepsen worker 3] jepsen.util: 3	:ok	:read	[0 1 2 3 7 8 9 10]
2024-05-27 19:46:24,127{GMT}	INFO	[jepsen worker 3] jepsen.util: 3	:invoke	:broadcast	11
2024-05-27 19:46:24,131{GMT}	INFO	[jepsen worker 3] jepsen.util: 3	:ok	:broadcast	11
2024-05-27 19:46:24,232{GMT}	INFO	[jepsen worker 3] jepsen.util: 3	:invoke	:read	nil
2024-05-27 19:46:24,236{GMT}	INFO	[jepsen worker 3] jepsen.util: 3	:ok	:read	[0 1 2 3 7 8 9 10 11]
2024-05-27 19:46:24,287{GMT}	INFO	[jepsen worker 3] jepsen.util: 3	:invoke	:read	nil
2024-05-27 19:46:24,304{GMT}	INFO	[jepsen worker 3] jepsen.util: 3	:ok	:read	[0 1 2 3 7 8 9 10 11]
2024-05-27 19:46:24,425{GMT}	INFO	[jepsen worker 3] jepsen.util: 3	:invoke	:read	nil
2024-05-27 19:46:24,430{GMT}	INFO	[jepsen worker 3] jepsen.util: 3	:ok	:read	[0 1 2 3 7 8 9 10 11]
2024-05-27 19:46:24,522{GMT}	INFO	[jepsen worker 3] jepsen.util: 3	:invoke	:broadcast	12
2024-05-27 19:46:24,526{GMT}	INFO	[jepsen worker 3] jepsen.util: 3	:ok	:broadcast	12
2024-05-27 19:46:24,577{GMT}	INFO	[jepsen worker 3] jepsen.util: 3	:invoke	:read	nil
2024-05-27 19:46:24,581{GMT}	INFO	[jepsen worker 3] jepsen.util: 3	:ok	:read	[0 1 2 3 7 8 9 10 11 12]
2024-05-27 19:46:24,640{GMT}	INFO	[jepsen worker 3] jepsen.util: 3	:invoke	:read	nil
2024-05-27 19:46:24,644{GMT}	INFO	[jepsen worker 3] jepsen.util: 3	:ok	:read	[0 1 2 3 7 8 9 10 11 12]
2024-05-27 19:46:24,754{GMT}	INFO	[jepsen worker 3] jepsen.util: 3	:invoke	:read	nil
2024-05-27 19:46:24,758{GMT}	INFO	[jepsen worker 3] jepsen.util: 3	:ok	:read	[0 1 2 3 7 8 9 10 11 12]
2024-05-27 19:46:24,859{GMT}	INFO	[jepsen worker 3] jepsen.util: 3	:invoke	:broadcast	13
2024-05-27 19:46:24,870{GMT}	INFO	[jepsen worker 3] jepsen.util: 3	:ok	:broadcast	13
2024-05-27 19:46:24,871{GMT}	INFO	[jepsen worker 3] jepsen.util: 3	:invoke	:broadcast	14
2024-05-27 19:46:24,876{GMT}	INFO	[jepsen worker 3] jepsen.util: 3	:ok	:broadcast	14
2024-05-27 19:46:24,965{GMT}	INFO	[jepsen worker 3] jepsen.util: 3	:invoke	:read	nil
2024-05-27 19:46:24,968{GMT}	INFO	[jepsen worker 3] jepsen.util: 3	:ok	:read	[0 1 2 3 7 8 9 10 11 12 13 14]
2024-05-27 19:46:25,123{GMT}	INFO	[jepsen worker 3] jepsen.util: 3	:invoke	:broadcast	15
2024-05-27 19:46:25,126{GMT}	INFO	[jepsen worker 3] jepsen.util: 3	:ok	:broadcast	15
2024-05-27 19:46:25,196{GMT}	INFO	[jepsen worker 3] jepsen.util: 3	:invoke	:broadcast	16
2024-05-27 19:46:25,199{GMT}	INFO	[jepsen worker 3] jepsen.util: 3	:ok	:broadcast	16
2024-05-27 19:46:25,231{GMT}	INFO	[jepsen worker 3] jepsen.util: 3	:invoke	:broadcast	17
2024-05-27 19:46:25,233{GMT}	INFO	[jepsen worker 3] jepsen.util: 3	:ok	:broadcast	17
2024-05-27 19:46:25,247{GMT}	INFO	[jepsen worker 3] jepsen.util: 3	:invoke	:read	nil
2024-05-27 19:46:25,251{GMT}	INFO	[jepsen worker 3] jepsen.util: 3	:ok	:read	[0 1 2 3 7 8 9 10 11 12 13 14 15 16 17]
2024-05-27 19:46:25,364{GMT}	INFO	[jepsen worker 3] jepsen.util: 3	:invoke	:read	nil
2024-05-27 19:46:25,367{GMT}	INFO	[jepsen worker 3] jepsen.util: 3	:ok	:read	[0 1 2 3 7 8 9 10 11 12 13 14 15 16 17]
2024-05-27 19:46:25,406{GMT}	INFO	[jepsen worker 3] jepsen.util: 3	:invoke	:read	nil
2024-05-27 19:46:25,410{GMT}	INFO	[jepsen worker 3] jepsen.util: 3	:ok	:read	[0 1 2 3 7 8 9 10 11 12 13 14 15 16 17]
2024-05-27 19:46:25,554{GMT}	INFO	[jepsen worker 3] jepsen.util: 3	:invoke	:read	nil
2024-05-27 19:46:25,556{GMT}	INFO	[jepsen worker 3] jepsen.util: 3	:ok	:read	[0 1 2 3 7 8 9 10 11 12 13 14 15 16 17]
2024-05-27 19:46:25,698{GMT}	INFO	[jepsen worker 3] jepsen.util: 3	:invoke	:read	nil
2024-05-27 19:46:25,707{GMT}	INFO	[jepsen worker 3] jepsen.util: 3	:ok	:read	[0 1 2 3 7 8 9 10 11 12 13 14 15 16 17]
2024-05-27 19:46:25,722{GMT}	INFO	[jepsen worker 3] jepsen.util: 3	:invoke	:read	nil
2024-05-27 19:46:25,748{GMT}	INFO	[jepsen worker 3] jepsen.util: 3	:ok	:read	[0 1 2 3 7 8 9 10 11 12 13 14 15 16 17]
2024-05-27 19:46:25,893{GMT}	INFO	[jepsen worker 3] jepsen.util: 3	:invoke	:read	nil
2024-05-27 19:46:25,896{GMT}	INFO	[jepsen worker 3] jepsen.util: 3	:ok	:read	[0 1 2 3 7 8 9 10 11 12 13 14 15 16 17]
2024-05-27 19:46:25,932{GMT}	INFO	[jepsen worker 3] jepsen.util: 3	:invoke	:broadcast	18
2024-05-27 19:46:25,938{GMT}	INFO	[jepsen worker 3] jepsen.util: 3	:ok	:broadcast	18
2024-05-27 19:46:26,039{GMT}	INFO	[jepsen worker 3] jepsen.util: 3	:invoke	:broadcast	19
2024-05-27 19:46:26,044{GMT}	INFO	[jepsen worker 3] jepsen.util: 3	:ok	:broadcast	19
2024-05-27 19:46:26,114{GMT}	INFO	[jepsen worker 3] jepsen.util: 3	:invoke	:broadcast	20
2024-05-27 19:46:26,116{GMT}	INFO	[jepsen worker 3] jepsen.util: 3	:ok	:broadcast	20
2024-05-27 19:46:26,266{GMT}	INFO	[jepsen worker 3] jepsen.util: 3	:invoke	:read	nil
2024-05-27 19:46:26,268{GMT}	INFO	[jepsen worker 3] jepsen.util: 3	:ok	:read	[0 1 2 3 7 8 9 10 11 12 13 14 15 16 17 18 19 20]
2024-05-27 19:46:26,289{GMT}	INFO	[jepsen worker 3] jepsen.util: 3	:invoke	:read	nil
2024-05-27 19:46:26,293{GMT}	INFO	[jepsen worker 3] jepsen.util: 3	:ok	:read	[0 1 2 3 7 8 9 10 11 12 13 14 15 16 17 18 19 20]
2024-05-27 19:46:26,297{GMT}	INFO	[jepsen worker 3] jepsen.util: 3	:invoke	:read	nil
2024-05-27 19:46:26,299{GMT}	INFO	[jepsen worker 3] jepsen.util: 3	:ok	:read	[0 1 2 3 7 8 9 10 11 12 13 14 15 16 17 18 19 20]
2024-05-27 19:46:26,422{GMT}	INFO	[jepsen worker 3] jepsen.util: 3	:invoke	:broadcast	21
2024-05-27 19:46:26,426{GMT}	INFO	[jepsen worker 3] jepsen.util: 3	:ok	:broadcast	21
2024-05-27 19:46:26,428{GMT}	INFO	[jepsen worker 3] jepsen.util: 3	:invoke	:broadcast	22
2024-05-27 19:46:26,431{GMT}	INFO	[jepsen worker 3] jepsen.util: 3	:ok	:broadcast	22
2024-05-27 19:46:26,576{GMT}	INFO	[jepsen worker 3] jepsen.util: 3	:invoke	:broadcast	23
2024-05-27 19:46:26,579{GMT}	INFO	[jepsen worker 3] jepsen.util: 3	:ok	:broadcast	23
2024-05-27 19:46:26,726{GMT}	INFO	[jepsen worker 3] jepsen.util: 3	:invoke	:broadcast	24
2024-05-27 19:46:26,729{GMT}	INFO	[jepsen worker 3] jepsen.util: 3	:ok	:broadcast	24
2024-05-27 19:46:26,853{GMT}	INFO	[jepsen worker 3] jepsen.util: 3	:invoke	:read	nil
2024-05-27 19:46:26,865{GMT}	INFO	[jepsen worker 3] jepsen.util: 3	:ok	:read	[0 1 2 3 7 8 9 10 11 12 13 14 15 16 17 18 19 20 21 22 23 24]
2024-05-27 19:46:26,961{GMT}	INFO	[jepsen worker 3] jepsen.util: 3	:invoke	:broadcast	25
2024-05-27 19:46:26,965{GMT}	INFO	[jepsen worker 3] jepsen.util: 3	:ok	:broadcast	25
2024-05-27 19:46:27,038{GMT}	INFO	[jepsen worker 3] jepsen.util: 3	:invoke	:broadcast	26
2024-05-27 19:46:27,042{GMT}	INFO	[jepsen worker 3] jepsen.util: 3	:ok	:broadcast	26
2024-05-27 19:46:27,094{GMT}	INFO	[jepsen worker 3] jepsen.util: 3	:invoke	:broadcast	27
2024-05-27 19:46:27,104{GMT}	INFO	[jepsen worker 3] jepsen.util: 3	:ok	:broadcast	27
2024-05-27 19:46:27,154{GMT}	INFO	[jepsen worker 3] jepsen.util: 3	:invoke	:broadcast	28
2024-05-27 19:46:27,158{GMT}	INFO	[jepsen worker 3] jepsen.util: 3	:ok	:broadcast	28
2024-05-27 19:46:27,219{GMT}	INFO	[jepsen worker 3] jepsen.util: 3	:invoke	:broadcast	29
2024-05-27 19:46:27,222{GMT}	INFO	[jepsen worker 3] jepsen.util: 3	:ok	:broadcast	29
2024-05-27 19:46:27,383{GMT}	INFO	[jepsen worker 3] jepsen.util: 3	:invoke	:read	nil
2024-05-27 19:46:27,386{GMT}	INFO	[jepsen worker 3] jepsen.util: 3	:ok	:read	[0 1 2 3 7 8 9 10 11 12 13 14 15 16 17 18 19 20 21 22 23 24 25 26 27 28 29]
2024-05-27 19:46:27,469{GMT}	INFO	[jepsen worker 0] jepsen.util: 0	:info	:broadcast	4	:net-timeout
2024-05-27 19:46:27,486{GMT}	INFO	[jepsen worker 3] jepsen.util: 3	:invoke	:read	nil
2024-05-27 19:46:27,499{GMT}	INFO	[jepsen worker 3] jepsen.util: 3	:ok	:read	[0 1 2 3 7 8 9 10 11 12 13 14 15 16 17 18 19 20 21 22 23 24 25 26 27 28 29]
2024-05-27 19:46:27,518{GMT}	INFO	[jepsen worker 1] jepsen.util: 1	:info	:broadcast	5	:net-timeout
2024-05-27 19:46:27,590{GMT}	INFO	[jepsen worker 2] jepsen.util: 2	:info	:broadcast	6	:net-timeout
2024-05-27 19:46:27,624{GMT}	INFO	[jepsen worker 2] jepsen.util: 7	:invoke	:broadcast	30
2024-05-27 19:46:27,696{GMT}	INFO	[jepsen worker 3] jepsen.util: 3	:invoke	:broadcast	31
2024-05-27 19:46:27,700{GMT}	INFO	[jepsen worker 3] jepsen.util: 3	:ok	:broadcast	31
2024-05-27 19:46:27,748{GMT}	INFO	[jepsen worker 0] jepsen.util: 5	:invoke	:broadcast	32
2024-05-27 19:46:27,848{GMT}	INFO	[jepsen worker 1] jepsen.util: 6	:invoke	:broadcast	33
2024-05-27 19:46:27,855{GMT}	INFO	[jepsen worker 4] jepsen.util: 4	:fail	:read	nil	:net-timeout
2024-05-27 19:46:27,956{GMT}	INFO	[jepsen worker 3] jepsen.util: 3	:invoke	:read	nil
2024-05-27 19:46:27,960{GMT}	INFO	[jepsen worker 3] jepsen.util: 3	:ok	:read	[0 1 2 3 7 8 9 10 11 12 13 14 15 16 17 18 19 20 21 22 23 24 25 26 27 28 29 31]
2024-05-27 19:46:28,138{GMT}	INFO	[jepsen worker 3] jepsen.util: 3	:invoke	:broadcast	34
2024-05-27 19:46:28,143{GMT}	INFO	[jepsen worker 3] jepsen.util: 3	:ok	:broadcast	34
2024-05-27 19:46:28,282{GMT}	INFO	[jepsen worker 3] jepsen.util: 3	:invoke	:read	nil
2024-05-27 19:46:28,284{GMT}	INFO	[jepsen worker 3] jepsen.util: 3	:ok	:read	[0 1 2 3 7 8 9 10 11 12 13 14 15 16 17 18 19 20 21 22 23 24 25 26 27 28 29 31 34]
2024-05-27 19:46:28,389{GMT}	INFO	[jepsen worker 3] jepsen.util: 3	:invoke	:read	nil
2024-05-27 19:46:28,391{GMT}	INFO	[jepsen worker 3] jepsen.util: 3	:ok	:read	[0 1 2 3 7 8 9 10 11 12 13 14 15 16 17 18 19 20 21 22 23 24 25 26 27 28 29 31 34]
2024-05-27 19:46:28,567{GMT}	INFO	[jepsen worker 4] jepsen.util: 4	:invoke	:read	nil
2024-05-27 19:46:28,739{GMT}	INFO	[jepsen worker 3] jepsen.util: 3	:invoke	:read	nil
2024-05-27 19:46:28,744{GMT}	INFO	[jepsen worker 3] jepsen.util: 3	:ok	:read	[0 1 2 3 7 8 9 10 11 12 13 14 15 16 17 18 19 20 21 22 23 24 25 26 27 28 29 31 34]
2024-05-27 19:46:28,934{GMT}	INFO	[jepsen worker 3] jepsen.util: 3	:invoke	:read	nil
2024-05-27 19:46:28,935{GMT}	INFO	[jepsen worker 3] jepsen.util: 3	:ok	:read	[0 1 2 3 7 8 9 10 11 12 13 14 15 16 17 18 19 20 21 22 23 24 25 26 27 28 29 31 34]
2024-05-27 19:46:28,964{GMT}	INFO	[jepsen worker 3] jepsen.util: 3	:invoke	:broadcast	35
2024-05-27 19:46:28,966{GMT}	INFO	[jepsen worker 3] jepsen.util: 3	:ok	:broadcast	35
2024-05-27 19:46:29,096{GMT}	INFO	[jepsen worker 3] jepsen.util: 3	:invoke	:read	nil
2024-05-27 19:46:29,115{GMT}	INFO	[jepsen worker 3] jepsen.util: 3	:ok	:read	[0 1 2 3 7 8 9 10 11 12 13 14 15 16 17 18 19 20 21 22 23 24 25 26 27 28 29 31 34 35]
2024-05-27 19:46:29,252{GMT}	INFO	[jepsen worker 3] jepsen.util: 3	:invoke	:read	nil
2024-05-27 19:46:29,256{GMT}	INFO	[jepsen worker 3] jepsen.util: 3	:ok	:read	[0 1 2 3 7 8 9 10 11 12 13 14 15 16 17 18 19 20 21 22 23 24 25 26 27 28 29 31 34 35]
2024-05-27 19:46:29,431{GMT}	INFO	[jepsen worker 3] jepsen.util: 3	:invoke	:read	nil
2024-05-27 19:46:29,433{GMT}	INFO	[jepsen worker 3] jepsen.util: 3	:ok	:read	[0 1 2 3 7 8 9 10 11 12 13 14 15 16 17 18 19 20 21 22 23 24 25 26 27 28 29 31 34 35]
2024-05-27 19:46:29,609{GMT}	INFO	[jepsen worker 3] jepsen.util: 3	:invoke	:read	nil
2024-05-27 19:46:29,611{GMT}	INFO	[jepsen worker 3] jepsen.util: 3	:ok	:read	[0 1 2 3 7 8 9 10 11 12 13 14 15 16 17 18 19 20 21 22 23 24 25 26 27 28 29 31 34 35]
2024-05-27 19:46:29,791{GMT}	INFO	[jepsen worker 3] jepsen.util: 3	:invoke	:broadcast	36
2024-05-27 19:46:29,794{GMT}	INFO	[jepsen worker 3] jepsen.util: 3	:ok	:broadcast	36
2024-05-27 19:46:29,873{GMT}	INFO	[jepsen worker 3] jepsen.util: 3	:invoke	:read	nil
2024-05-27 19:46:29,875{GMT}	INFO	[jepsen worker 3] jepsen.util: 3	:ok	:read	[0 1 2 3 7 8 9 10 11 12 13 14 15 16 17 18 19 20 21 22 23 24 25 26 27 28 29 31 34 35 36]
2024-05-27 19:46:29,877{GMT}	INFO	[jepsen worker 3] jepsen.util: 3	:invoke	:read	nil
2024-05-27 19:46:29,883{GMT}	INFO	[jepsen worker 3] jepsen.util: 3	:ok	:read	[0 1 2 3 7 8 9 10 11 12 13 14 15 16 17 18 19 20 21 22 23 24 25 26 27 28 29 31 34 35 36]
2024-05-27 19:46:30,071{GMT}	INFO	[jepsen worker 3] jepsen.util: 3	:invoke	:read	nil
2024-05-27 19:46:30,073{GMT}	INFO	[jepsen worker 3] jepsen.util: 3	:ok	:read	[0 1 2 3 7 8 9 10 11 12 13 14 15 16 17 18 19 20 21 22 23 24 25 26 27 28 29 31 34 35 36]
2024-05-27 19:46:30,267{GMT}	INFO	[jepsen worker 3] jepsen.util: 3	:invoke	:broadcast	37
2024-05-27 19:46:30,269{GMT}	INFO	[jepsen worker 3] jepsen.util: 3	:ok	:broadcast	37
2024-05-27 19:46:30,351{GMT}	INFO	[jepsen worker 3] jepsen.util: 3	:invoke	:read	nil
2024-05-27 19:46:30,353{GMT}	INFO	[jepsen worker 3] jepsen.util: 3	:ok	:read	[0 1 2 3 7 8 9 10 11 12 13 14 15 16 17 18 19 20 21 22 23 24 25 26 27 28 29 31 34 35 36 37]
2024-05-27 19:46:30,472{GMT}	INFO	[jepsen worker 3] jepsen.util: 3	:invoke	:broadcast	38
2024-05-27 19:46:30,474{GMT}	INFO	[jepsen worker 3] jepsen.util: 3	:ok	:broadcast	38
2024-05-27 19:46:30,538{GMT}	INFO	[jepsen worker 3] jepsen.util: 3	:invoke	:broadcast	39
2024-05-27 19:46:30,540{GMT}	INFO	[jepsen worker 3] jepsen.util: 3	:ok	:broadcast	39
2024-05-27 19:46:30,542{GMT}	INFO	[jepsen worker 3] jepsen.util: 3	:invoke	:read	nil
2024-05-27 19:46:30,545{GMT}	INFO	[jepsen worker 3] jepsen.util: 3	:ok	:read	[0 1 2 3 7 8 9 10 11 12 13 14 15 16 17 18 19 20 21 22 23 24 25 26 27 28 29 31 34 35 36 37 38 39]
2024-05-27 19:46:30,649{GMT}	INFO	[jepsen worker 3] jepsen.util: 3	:invoke	:broadcast	40
2024-05-27 19:46:30,654{GMT}	INFO	[jepsen worker 3] jepsen.util: 3	:ok	:broadcast	40
2024-05-27 19:46:30,697{GMT}	INFO	[jepsen worker 3] jepsen.util: 3	:invoke	:broadcast	41
2024-05-27 19:46:30,703{GMT}	INFO	[jepsen worker 3] jepsen.util: 3	:ok	:broadcast	41
2024-05-27 19:46:30,712{GMT}	INFO	[jepsen worker 3] jepsen.util: 3	:invoke	:read	nil
2024-05-27 19:46:30,717{GMT}	INFO	[jepsen worker 3] jepsen.util: 3	:ok	:read	[0 1 2 3 7 8 9 10 11 12 13 14 15 16 17 18 19 20 21 22 23 24 25 26 27 28 29 31 34 35 36 37 38 39 40 41]
2024-05-27 19:46:30,886{GMT}	INFO	[jepsen worker 3] jepsen.util: 3	:invoke	:read	nil
2024-05-27 19:46:30,888{GMT}	INFO	[jepsen worker 3] jepsen.util: 3	:ok	:read	[0 1 2 3 7 8 9 10 11 12 13 14 15 16 17 18 19 20 21 22 23 24 25 26 27 28 29 31 34 35 36 37 38 39 40 41]
2024-05-27 19:46:30,928{GMT}	INFO	[jepsen worker 3] jepsen.util: 3	:invoke	:read	nil
2024-05-27 19:46:30,930{GMT}	INFO	[jepsen worker 3] jepsen.util: 3	:ok	:read	[0 1 2 3 7 8 9 10 11 12 13 14 15 16 17 18 19 20 21 22 23 24 25 26 27 28 29 31 34 35 36 37 38 39 40 41]
2024-05-27 19:46:31,008{GMT}	INFO	[jepsen worker 3] jepsen.util: 3	:invoke	:broadcast	42
2024-05-27 19:46:31,011{GMT}	INFO	[jepsen worker 3] jepsen.util: 3	:ok	:broadcast	42
2024-05-27 19:46:31,056{GMT}	INFO	[jepsen worker 3] jepsen.util: 3	:invoke	:broadcast	43
2024-05-27 19:46:31,059{GMT}	INFO	[jepsen worker 3] jepsen.util: 3	:ok	:broadcast	43
2024-05-27 19:46:31,149{GMT}	INFO	[jepsen worker 3] jepsen.util: 3	:invoke	:read	nil
2024-05-27 19:46:31,151{GMT}	INFO	[jepsen worker 3] jepsen.util: 3	:ok	:read	[0 1 2 3 7 8 9 10 11 12 13 14 15 16 17 18 19 20 21 22 23 24 25 26 27 28 29 31 34 35 36 37 38 39 40 41 42 43]
2024-05-27 19:46:31,225{GMT}	INFO	[jepsen worker 3] jepsen.util: 3	:invoke	:read	nil
2024-05-27 19:46:31,233{GMT}	INFO	[jepsen worker 3] jepsen.util: 3	:ok	:read	[0 1 2 3 7 8 9 10 11 12 13 14 15 16 17 18 19 20 21 22 23 24 25 26 27 28 29 31 34 35 36 37 38 39 40 41 42 43]
2024-05-27 19:46:31,393{GMT}	INFO	[jepsen worker 3] jepsen.util: 3	:invoke	:broadcast	44
2024-05-27 19:46:31,397{GMT}	INFO	[jepsen worker 3] jepsen.util: 3	:ok	:broadcast	44
2024-05-27 19:46:31,438{GMT}	INFO	[jepsen worker 3] jepsen.util: 3	:invoke	:broadcast	45
2024-05-27 19:46:31,444{GMT}	INFO	[jepsen worker 3] jepsen.util: 3	:ok	:broadcast	45
2024-05-27 19:46:31,619{GMT}	INFO	[jepsen worker 3] jepsen.util: 3	:invoke	:broadcast	46
2024-05-27 19:46:31,622{GMT}	INFO	[jepsen worker 3] jepsen.util: 3	:ok	:broadcast	46
2024-05-27 19:46:31,735{GMT}	INFO	[jepsen worker 3] jepsen.util: 3	:invoke	:broadcast	47
2024-05-27 19:46:31,741{GMT}	INFO	[jepsen worker 3] jepsen.util: 3	:ok	:broadcast	47
2024-05-27 19:46:31,772{GMT}	INFO	[jepsen worker 3] jepsen.util: 3	:invoke	:broadcast	48
2024-05-27 19:46:31,781{GMT}	INFO	[jepsen worker 3] jepsen.util: 3	:ok	:broadcast	48
2024-05-27 19:46:31,907{GMT}	INFO	[jepsen worker 3] jepsen.util: 3	:invoke	:read	nil
2024-05-27 19:46:31,910{GMT}	INFO	[jepsen worker 3] jepsen.util: 3	:ok	:read	[0 1 2 3 7 8 9 10 11 12 13 14 15 16 17 18 19 20 21 22 23 24 25 26 27 28 29 31 34 35 36 37 38 39 40 41 42 43 44 45 46 47 48]
2024-05-27 19:46:32,055{GMT}	INFO	[jepsen worker 3] jepsen.util: 3	:invoke	:broadcast	49
2024-05-27 19:46:32,072{GMT}	INFO	[jepsen worker 3] jepsen.util: 3	:ok	:broadcast	49
2024-05-27 19:46:32,248{GMT}	INFO	[jepsen worker 3] jepsen.util: 3	:invoke	:broadcast	50
2024-05-27 19:46:32,254{GMT}	INFO	[jepsen worker 3] jepsen.util: 3	:ok	:broadcast	50
2024-05-27 19:46:32,420{GMT}	INFO	[jepsen worker 3] jepsen.util: 3	:invoke	:read	nil
2024-05-27 19:46:32,422{GMT}	INFO	[jepsen worker 3] jepsen.util: 3	:ok	:read	[0 1 2 3 7 8 9 10 11 12 13 14 15 16 17 18 19 20 21 22 23 24 25 26 27 28 29 31 34 35 36 37 38 39 40 41 42 43 44 45 46 47 48 49 50]
2024-05-27 19:46:32,542{GMT}	INFO	[jepsen worker 3] jepsen.util: 3	:invoke	:read	nil
2024-05-27 19:46:32,545{GMT}	INFO	[jepsen worker 3] jepsen.util: 3	:ok	:read	[0 1 2 3 7 8 9 10 11 12 13 14 15 16 17 18 19 20 21 22 23 24 25 26 27 28 29 31 34 35 36 37 38 39 40 41 42 43 44 45 46 47 48 49 50]
2024-05-27 19:46:32,560{GMT}	INFO	[jepsen worker 3] jepsen.util: 3	:invoke	:broadcast	51
2024-05-27 19:46:32,562{GMT}	INFO	[jepsen worker 3] jepsen.util: 3	:ok	:broadcast	51
2024-05-27 19:46:32,625{GMT}	INFO	[jepsen worker 2] jepsen.util: 7	:info	:broadcast	30	:net-timeout
2024-05-27 19:46:32,694{GMT}	INFO	[jepsen worker 2] jepsen.util: 12	:invoke	:broadcast	52
2024-05-27 19:46:32,726{GMT}	INFO	[jepsen worker 3] jepsen.util: 3	:invoke	:broadcast	53
2024-05-27 19:46:32,728{GMT}	INFO	[jepsen worker 3] jepsen.util: 3	:ok	:broadcast	53
2024-05-27 19:46:32,749{GMT}	INFO	[jepsen worker 0] jepsen.util: 5	:info	:broadcast	32	:net-timeout
2024-05-27 19:46:32,832{GMT}	INFO	[jepsen worker 3] jepsen.util: 3	:invoke	:read	nil
2024-05-27 19:46:32,834{GMT}	INFO	[jepsen worker 3] jepsen.util: 3	:ok	:read	[0 1 2 3 7 8 9 10 11 12 13 14 15 16 17 18 19 20 21 22 23 24 25 26 27 28 29 31 34 35 36 37 38 39 40 41 42 43 44 45 46 47 48 49 50 51 53]
2024-05-27 19:46:32,849{GMT}	INFO	[jepsen worker 1] jepsen.util: 6	:info	:broadcast	33	:net-timeout
2024-05-27 19:46:32,880{GMT}	INFO	[jepsen worker 3] jepsen.util: 3	:invoke	:read	nil
2024-05-27 19:46:32,882{GMT}	INFO	[jepsen worker 3] jepsen.util: 3	:ok	:read	[0 1 2 3 7 8 9 10 11 12 13 14 15 16 17 18 19 20 21 22 23 24 25 26 27 28 29 31 34 35 36 37 38 39 40 41 42 43 44 45 46 47 48 49 50 51 53]
2024-05-27 19:46:33,008{GMT}	INFO	[jepsen worker 3] jepsen.util: 3	:invoke	:read	nil
2024-05-27 19:46:33,011{GMT}	INFO	[jepsen worker 3] jepsen.util: 3	:ok	:read	[0 1 2 3 7 8 9 10 11 12 13 14 15 16 17 18 19 20 21 22 23 24 25 26 27 28 29 31 34 35 36 37 38 39 40 41 42 43 44 45 46 47 48 49 50 51 53]
2024-05-27 19:46:33,061{GMT}	INFO	[jepsen worker 0] jepsen.util: 10	:invoke	:broadcast	54
2024-05-27 19:46:33,164{GMT}	INFO	[jepsen worker 1] jepsen.util: 11	:invoke	:broadcast	55
2024-05-27 19:46:33,238{GMT}	INFO	[jepsen worker 3] jepsen.util: 3	:invoke	:broadcast	56
2024-05-27 19:46:33,242{GMT}	INFO	[jepsen worker 3] jepsen.util: 3	:ok	:broadcast	56
2024-05-27 19:46:33,298{GMT}	INFO	[jepsen worker 3] jepsen.util: 3	:invoke	:broadcast	57
2024-05-27 19:46:33,306{GMT}	INFO	[jepsen worker 3] jepsen.util: 3	:ok	:broadcast	57
2024-05-27 19:46:33,459{GMT}	INFO	[jepsen worker 3] jepsen.util: 3	:invoke	:broadcast	58
2024-05-27 19:46:33,471{GMT}	INFO	[jepsen worker 3] jepsen.util: 3	:ok	:broadcast	58
2024-05-27 19:46:33,571{GMT}	INFO	[jepsen worker 4] jepsen.util: 4	:fail	:read	nil	:net-timeout
2024-05-27 19:46:33,596{GMT}	INFO	[jepsen worker 3] jepsen.util: 3	:invoke	:broadcast	59
2024-05-27 19:46:33,598{GMT}	INFO	[jepsen worker 3] jepsen.util: 3	:ok	:broadcast	59
2024-05-27 19:46:33,748{GMT}	INFO	[jepsen worker 4] jepsen.util: 4	:invoke	:broadcast	60
2024-05-27 19:46:33,764{GMT}	INFO	[jepsen worker 3] jepsen.util: 3	:invoke	:read	nil
2024-05-27 19:46:33,767{GMT}	INFO	[jepsen worker 3] jepsen.util: 3	:ok	:read	[0 1 2 3 7 8 9 10 11 12 13 14 15 16 17 18 19 20 21 22 23 24 25 26 27 28 29 31 34 35 36 37 38 39 40 41 42 43 44 45 46 47 48 49 50 51 53 56 57 58 59]
2024-05-27 19:46:33,813{GMT}	INFO	[jepsen worker 3] jepsen.util: 3	:invoke	:broadcast	61
2024-05-27 19:46:33,821{GMT}	INFO	[jepsen worker 3] jepsen.util: 3	:ok	:broadcast	61
2024-05-27 19:46:33,934{GMT}	INFO	[jepsen worker 3] jepsen.util: 3	:invoke	:read	nil
2024-05-27 19:46:33,940{GMT}	INFO	[jepsen worker 3] jepsen.util: 3	:ok	:read	[0 1 2 3 7 8 9 10 11 12 13 14 15 16 17 18 19 20 21 22 23 24 25 26 27 28 29 31 34 35 36 37 38 39 40 41 42 43 44 45 46 47 48 49 50 51 53 56 57 58 59 61]
2024-05-27 19:46:34,049{GMT}	INFO	[jepsen worker 3] jepsen.util: 3	:invoke	:read	nil
2024-05-27 19:46:34,056{GMT}	INFO	[jepsen worker 3] jepsen.util: 3	:ok	:read	[0 1 2 3 7 8 9 10 11 12 13 14 15 16 17 18 19 20 21 22 23 24 25 26 27 28 29 31 34 35 36 37 38 39 40 41 42 43 44 45 46 47 48 49 50 51 53 56 57 58 59 61]
2024-05-27 19:46:34,160{GMT}	INFO	[jepsen worker 3] jepsen.util: 3	:invoke	:read	nil
2024-05-27 19:46:34,162{GMT}	INFO	[jepsen worker 3] jepsen.util: 3	:ok	:read	[0 1 2 3 7 8 9 10 11 12 13 14 15 16 17 18 19 20 21 22 23 24 25 26 27 28 29 31 34 35 36 37 38 39 40 41 42 43 44 45 46 47 48 49 50 51 53 56 57 58 59 61]
2024-05-27 19:46:34,344{GMT}	INFO	[jepsen worker 3] jepsen.util: 3	:invoke	:read	nil
2024-05-27 19:46:34,346{GMT}	INFO	[jepsen worker 3] jepsen.util: 3	:ok	:read	[0 1 2 3 7 8 9 10 11 12 13 14 15 16 17 18 19 20 21 22 23 24 25 26 27 28 29 31 34 35 36 37 38 39 40 41 42 43 44 45 46 47 48 49 50 51 53 56 57 58 59 61]
2024-05-27 19:46:34,433{GMT}	INFO	[jepsen worker 3] jepsen.util: 3	:invoke	:read	nil
2024-05-27 19:46:34,438{GMT}	INFO	[jepsen worker 3] jepsen.util: 3	:ok	:read	[0 1 2 3 7 8 9 10 11 12 13 14 15 16 17 18 19 20 21 22 23 24 25 26 27 28 29 31 34 35 36 37 38 39 40 41 42 43 44 45 46 47 48 49 50 51 53 56 57 58 59 61]
2024-05-27 19:46:34,458{GMT}	INFO	[jepsen worker 3] jepsen.util: 3	:invoke	:broadcast	62
2024-05-27 19:46:34,461{GMT}	INFO	[jepsen worker 3] jepsen.util: 3	:ok	:broadcast	62
2024-05-27 19:46:34,516{GMT}	INFO	[jepsen worker 3] jepsen.util: 3	:invoke	:broadcast	63
2024-05-27 19:46:34,518{GMT}	INFO	[jepsen worker 3] jepsen.util: 3	:ok	:broadcast	63
2024-05-27 19:46:34,614{GMT}	INFO	[jepsen worker 3] jepsen.util: 3	:invoke	:read	nil
2024-05-27 19:46:34,617{GMT}	INFO	[jepsen worker 3] jepsen.util: 3	:ok	:read	[0 1 2 3 7 8 9 10 11 12 13 14 15 16 17 18 19 20 21 22 23 24 25 26 27 28 29 31 34 35 36 37 38 39 40 41 42 43 44 45 46 47 48 49 50 51 53 56 57 58 59 61 62 63]
2024-05-27 19:46:34,653{GMT}	INFO	[jepsen worker 3] jepsen.util: 3	:invoke	:broadcast	64
2024-05-27 19:46:34,660{GMT}	INFO	[jepsen worker 3] jepsen.util: 3	:ok	:broadcast	64
2024-05-27 19:46:34,835{GMT}	INFO	[jepsen worker 3] jepsen.util: 3	:invoke	:read	nil
2024-05-27 19:46:34,838{GMT}	INFO	[jepsen worker 3] jepsen.util: 3	:ok	:read	[0 1 2 3 7 8 9 10 11 12 13 14 15 16 17 18 19 20 21 22 23 24 25 26 27 28 29 31 34 35 36 37 38 39 40 41 42 43 44 45 46 47 48 49 50 51 53 56 57 58 59 61 62 63 64]
2024-05-27 19:46:34,882{GMT}	INFO	[jepsen worker 3] jepsen.util: 3	:invoke	:read	nil
2024-05-27 19:46:34,894{GMT}	INFO	[jepsen worker 3] jepsen.util: 3	:ok	:read	[0 1 2 3 7 8 9 10 11 12 13 14 15 16 17 18 19 20 21 22 23 24 25 26 27 28 29 31 34 35 36 37 38 39 40 41 42 43 44 45 46 47 48 49 50 51 53 56 57 58 59 61 62 63 64]
2024-05-27 19:46:35,052{GMT}	INFO	[jepsen worker 3] jepsen.util: 3	:invoke	:broadcast	65
2024-05-27 19:46:35,054{GMT}	INFO	[jepsen worker 3] jepsen.util: 3	:ok	:broadcast	65
2024-05-27 19:46:35,238{GMT}	INFO	[jepsen worker 3] jepsen.util: 3	:invoke	:read	nil
2024-05-27 19:46:35,239{GMT}	INFO	[jepsen worker 3] jepsen.util: 3	:ok	:read	[0 1 2 3 7 8 9 10 11 12 13 14 15 16 17 18 19 20 21 22 23 24 25 26 27 28 29 31 34 35 36 37 38 39 40 41 42 43 44 45 46 47 48 49 50 51 53 56 57 58 59 61 62 63 64 65]
2024-05-27 19:46:35,248{GMT}	INFO	[jepsen worker 3] jepsen.util: 3	:invoke	:broadcast	66
2024-05-27 19:46:35,250{GMT}	INFO	[jepsen worker 3] jepsen.util: 3	:ok	:broadcast	66
2024-05-27 19:46:35,254{GMT}	INFO	[jepsen worker 3] jepsen.util: 3	:invoke	:read	nil
2024-05-27 19:46:35,256{GMT}	INFO	[jepsen worker 3] jepsen.util: 3	:ok	:read	[0 1 2 3 7 8 9 10 11 12 13 14 15 16 17 18 19 20 21 22 23 24 25 26 27 28 29 31 34 35 36 37 38 39 40 41 42 43 44 45 46 47 48 49 50 51 53 56 57 58 59 61 62 63 64 65 66]
2024-05-27 19:46:35,384{GMT}	INFO	[jepsen worker 3] jepsen.util: 3	:invoke	:read	nil
2024-05-27 19:46:35,385{GMT}	INFO	[jepsen worker 3] jepsen.util: 3	:ok	:read	[0 1 2 3 7 8 9 10 11 12 13 14 15 16 17 18 19 20 21 22 23 24 25 26 27 28 29 31 34 35 36 37 38 39 40 41 42 43 44 45 46 47 48 49 50 51 53 56 57 58 59 61 62 63 64 65 66]
2024-05-27 19:46:35,544{GMT}	INFO	[jepsen worker 3] jepsen.util: 3	:invoke	:read	nil
2024-05-27 19:46:35,546{GMT}	INFO	[jepsen worker 3] jepsen.util: 3	:ok	:read	[0 1 2 3 7 8 9 10 11 12 13 14 15 16 17 18 19 20 21 22 23 24 25 26 27 28 29 31 34 35 36 37 38 39 40 41 42 43 44 45 46 47 48 49 50 51 53 56 57 58 59 61 62 63 64 65 66]
2024-05-27 19:46:35,651{GMT}	INFO	[jepsen worker 3] jepsen.util: 3	:invoke	:read	nil
2024-05-27 19:46:35,652{GMT}	INFO	[jepsen worker 3] jepsen.util: 3	:ok	:read	[0 1 2 3 7 8 9 10 11 12 13 14 15 16 17 18 19 20 21 22 23 24 25 26 27 28 29 31 34 35 36 37 38 39 40 41 42 43 44 45 46 47 48 49 50 51 53 56 57 58 59 61 62 63 64 65 66]
2024-05-27 19:46:35,738{GMT}	INFO	[jepsen worker 3] jepsen.util: 3	:invoke	:read	nil
2024-05-27 19:46:35,740{GMT}	INFO	[jepsen worker 3] jepsen.util: 3	:ok	:read	[0 1 2 3 7 8 9 10 11 12 13 14 15 16 17 18 19 20 21 22 23 24 25 26 27 28 29 31 34 35 36 37 38 39 40 41 42 43 44 45 46 47 48 49 50 51 53 56 57 58 59 61 62 63 64 65 66]
2024-05-27 19:46:35,815{GMT}	INFO	[jepsen worker 3] jepsen.util: 3	:invoke	:read	nil
2024-05-27 19:46:35,817{GMT}	INFO	[jepsen worker 3] jepsen.util: 3	:ok	:read	[0 1 2 3 7 8 9 10 11 12 13 14 15 16 17 18 19 20 21 22 23 24 25 26 27 28 29 31 34 35 36 37 38 39 40 41 42 43 44 45 46 47 48 49 50 51 53 56 57 58 59 61 62 63 64 65 66]
2024-05-27 19:46:35,912{GMT}	INFO	[jepsen worker 3] jepsen.util: 3	:invoke	:broadcast	67
2024-05-27 19:46:35,914{GMT}	INFO	[jepsen worker 3] jepsen.util: 3	:ok	:broadcast	67
2024-05-27 19:46:36,097{GMT}	INFO	[jepsen worker 3] jepsen.util: 3	:invoke	:broadcast	68
2024-05-27 19:46:36,099{GMT}	INFO	[jepsen worker 3] jepsen.util: 3	:ok	:broadcast	68
2024-05-27 19:46:36,119{GMT}	INFO	[jepsen worker 3] jepsen.util: 3	:invoke	:read	nil
2024-05-27 19:46:36,122{GMT}	INFO	[jepsen worker 3] jepsen.util: 3	:ok	:read	[0 1 2 3 7 8 9 10 11 12 13 14 15 16 17 18 19 20 21 22 23 24 25 26 27 28 29 31 34 35 36 37 38 39 40 41 42 43 44 45 46 47 48 49 50 51 53 56 57 58 59 61 62 63 64 65 66 67 68]
2024-05-27 19:46:36,183{GMT}	INFO	[jepsen worker 3] jepsen.util: 3	:invoke	:read	nil
2024-05-27 19:46:36,184{GMT}	INFO	[jepsen worker 3] jepsen.util: 3	:ok	:read	[0 1 2 3 7 8 9 10 11 12 13 14 15 16 17 18 19 20 21 22 23 24 25 26 27 28 29 31 34 35 36 37 38 39 40 41 42 43 44 45 46 47 48 49 50 51 53 56 57 58 59 61 62 63 64 65 66 67 68]
2024-05-27 19:46:36,231{GMT}	INFO	[jepsen worker 3] jepsen.util: 3	:invoke	:read	nil
2024-05-27 19:46:36,235{GMT}	INFO	[jepsen worker 3] jepsen.util: 3	:ok	:read	[0 1 2 3 7 8 9 10 11 12 13 14 15 16 17 18 19 20 21 22 23 24 25 26 27 28 29 31 34 35 36 37 38 39 40 41 42 43 44 45 46 47 48 49 50 51 53 56 57 58 59 61 62 63 64 65 66 67 68]
2024-05-27 19:46:36,333{GMT}	INFO	[jepsen worker 3] jepsen.util: 3	:invoke	:read	nil
2024-05-27 19:46:36,334{GMT}	INFO	[jepsen worker 3] jepsen.util: 3	:ok	:read	[0 1 2 3 7 8 9 10 11 12 13 14 15 16 17 18 19 20 21 22 23 24 25 26 27 28 29 31 34 35 36 37 38 39 40 41 42 43 44 45 46 47 48 49 50 51 53 56 57 58 59 61 62 63 64 65 66 67 68]
2024-05-27 19:46:36,502{GMT}	INFO	[jepsen worker 3] jepsen.util: 3	:invoke	:read	nil
2024-05-27 19:46:36,504{GMT}	INFO	[jepsen worker 3] jepsen.util: 3	:ok	:read	[0 1 2 3 7 8 9 10 11 12 13 14 15 16 17 18 19 20 21 22 23 24 25 26 27 28 29 31 34 35 36 37 38 39 40 41 42 43 44 45 46 47 48 49 50 51 53 56 57 58 59 61 62 63 64 65 66 67 68]
2024-05-27 19:46:36,519{GMT}	INFO	[jepsen worker 3] jepsen.util: 3	:invoke	:read	nil
2024-05-27 19:46:36,523{GMT}	INFO	[jepsen worker 3] jepsen.util: 3	:ok	:read	[0 1 2 3 7 8 9 10 11 12 13 14 15 16 17 18 19 20 21 22 23 24 25 26 27 28 29 31 34 35 36 37 38 39 40 41 42 43 44 45 46 47 48 49 50 51 53 56 57 58 59 61 62 63 64 65 66 67 68]
2024-05-27 19:46:36,641{GMT}	INFO	[jepsen worker 3] jepsen.util: 3	:invoke	:broadcast	69
2024-05-27 19:46:36,643{GMT}	INFO	[jepsen worker 3] jepsen.util: 3	:ok	:broadcast	69
2024-05-27 19:46:36,814{GMT}	INFO	[jepsen worker 3] jepsen.util: 3	:invoke	:broadcast	70
2024-05-27 19:46:36,816{GMT}	INFO	[jepsen worker 3] jepsen.util: 3	:ok	:broadcast	70
2024-05-27 19:46:36,900{GMT}	INFO	[jepsen worker 3] jepsen.util: 3	:invoke	:broadcast	71
2024-05-27 19:46:36,902{GMT}	INFO	[jepsen worker 3] jepsen.util: 3	:ok	:broadcast	71
2024-05-27 19:46:36,922{GMT}	INFO	[jepsen worker 3] jepsen.util: 3	:invoke	:broadcast	72
2024-05-27 19:46:36,924{GMT}	INFO	[jepsen worker 3] jepsen.util: 3	:ok	:broadcast	72
2024-05-27 19:46:37,042{GMT}	INFO	[jepsen worker 3] jepsen.util: 3	:invoke	:read	nil
2024-05-27 19:46:37,049{GMT}	INFO	[jepsen worker 3] jepsen.util: 3	:ok	:read	[0 1 2 3 7 8 9 10 11 12 13 14 15 16 17 18 19 20 21 22 23 24 25 26 27 28 29 31 34 35 36 37 38 39 40 41 42 43 44 45 46 47 48 49 50 51 53 56 57 58 59 61 62 63 64 65 66 67 68 69 70 71 72]
2024-05-27 19:46:37,195{GMT}	INFO	[jepsen worker 3] jepsen.util: 3	:invoke	:read	nil
2024-05-27 19:46:37,196{GMT}	INFO	[jepsen worker 3] jepsen.util: 3	:ok	:read	[0 1 2 3 7 8 9 10 11 12 13 14 15 16 17 18 19 20 21 22 23 24 25 26 27 28 29 31 34 35 36 37 38 39 40 41 42 43 44 45 46 47 48 49 50 51 53 56 57 58 59 61 62 63 64 65 66 67 68 69 70 71 72]
2024-05-27 19:46:37,244{GMT}	INFO	[jepsen worker 3] jepsen.util: 3	:invoke	:broadcast	73
2024-05-27 19:46:37,245{GMT}	INFO	[jepsen worker 3] jepsen.util: 3	:ok	:broadcast	73
2024-05-27 19:46:37,257{GMT}	INFO	[jepsen worker 3] jepsen.util: 3	:invoke	:read	nil
2024-05-27 19:46:37,259{GMT}	INFO	[jepsen worker 3] jepsen.util: 3	:ok	:read	[0 1 2 3 7 8 9 10 11 12 13 14 15 16 17 18 19 20 21 22 23 24 25 26 27 28 29 31 34 35 36 37 38 39 40 41 42 43 44 45 46 47 48 49 50 51 53 56 57 58 59 61 62 63 64 65 66 67 68 69 70 71 72 73]
2024-05-27 19:46:37,319{GMT}	INFO	[jepsen worker 3] jepsen.util: 3	:invoke	:broadcast	74
2024-05-27 19:46:37,322{GMT}	INFO	[jepsen worker 3] jepsen.util: 3	:ok	:broadcast	74
2024-05-27 19:46:37,514{GMT}	INFO	[jepsen worker 3] jepsen.util: 3	:invoke	:broadcast	75
2024-05-27 19:46:37,516{GMT}	INFO	[jepsen worker 3] jepsen.util: 3	:ok	:broadcast	75
2024-05-27 19:46:37,679{GMT}	INFO	[jepsen worker 3] jepsen.util: 3	:invoke	:broadcast	76
2024-05-27 19:46:37,688{GMT}	INFO	[jepsen worker 3] jepsen.util: 3	:ok	:broadcast	76
2024-05-27 19:46:37,688{GMT}	INFO	[jepsen worker 3] jepsen.util: 3	:invoke	:broadcast	77
2024-05-27 19:46:37,690{GMT}	INFO	[jepsen worker 3] jepsen.util: 3	:ok	:broadcast	77
2024-05-27 19:46:37,690{GMT}	INFO	[jepsen worker 3] jepsen.util: 3	:invoke	:read	nil
2024-05-27 19:46:37,692{GMT}	INFO	[jepsen worker 3] jepsen.util: 3	:ok	:read	[0 1 2 3 7 8 9 10 11 12 13 14 15 16 17 18 19 20 21 22 23 24 25 26 27 28 29 31 34 35 36 37 38 39 40 41 42 43 44 45 46 47 48 49 50 51 53 56 57 58 59 61 62 63 64 65 66 67 68 69 70 71 72 73 74 75 76 77]
2024-05-27 19:46:37,696{GMT}	INFO	[jepsen worker 2] jepsen.util: 12	:info	:broadcast	52	:net-timeout
2024-05-27 19:46:37,718{GMT}	INFO	[jepsen worker 2] jepsen.util: 17	:invoke	:broadcast	78
2024-05-27 19:46:37,751{GMT}	INFO	[jepsen worker 3] jepsen.util: 3	:invoke	:broadcast	79
2024-05-27 19:46:37,754{GMT}	INFO	[jepsen worker 3] jepsen.util: 3	:ok	:broadcast	79
2024-05-27 19:46:37,948{GMT}	INFO	[jepsen worker 3] jepsen.util: 3	:invoke	:broadcast	80
2024-05-27 19:46:37,951{GMT}	INFO	[jepsen worker 3] jepsen.util: 3	:ok	:broadcast	80
2024-05-27 19:46:38,020{GMT}	INFO	[jepsen worker 3] jepsen.util: 3	:invoke	:broadcast	81
2024-05-27 19:46:38,023{GMT}	INFO	[jepsen worker 3] jepsen.util: 3	:ok	:broadcast	81
2024-05-27 19:46:38,064{GMT}	INFO	[jepsen worker 0] jepsen.util: 10	:info	:broadcast	54	:net-timeout
2024-05-27 19:46:38,165{GMT}	INFO	[jepsen worker 1] jepsen.util: 11	:info	:broadcast	55	:net-timeout
2024-05-27 19:46:38,218{GMT}	INFO	[jepsen worker 0] jepsen.util: 15	:invoke	:read	nil
2024-05-27 19:46:38,370{GMT}	INFO	[jepsen worker 1] jepsen.util: 16	:invoke	:read	nil
2024-05-27 19:46:38,411{GMT}	INFO	[jepsen worker 3] jepsen.util: 3	:invoke	:broadcast	82
2024-05-27 19:46:38,416{GMT}	INFO	[jepsen worker 3] jepsen.util: 3	:ok	:broadcast	82
2024-05-27 19:46:38,476{GMT}	INFO	[jepsen worker 3] jepsen.util: 3	:invoke	:broadcast	83
2024-05-27 19:46:38,483{GMT}	INFO	[jepsen worker 3] jepsen.util: 3	:ok	:broadcast	83
2024-05-27 19:46:38,574{GMT}	INFO	[jepsen worker 3] jepsen.util: 3	:invoke	:read	nil
2024-05-27 19:46:38,576{GMT}	INFO	[jepsen worker 3] jepsen.util: 3	:ok	:read	[0 1 2 3 7 8 9 10 11 12 13 14 15 16 17 18 19 20 21 22 23 24 25 26 27 28 29 31 34 35 36 37 38 39 40 41 42 43 44 45 46 47 48 49 50 51 53 56 57 58 59 61 62 63 64 65 66 67 68 69 70 71 72 73 74 75 76 77 79 80 81 82 83]
2024-05-27 19:46:38,768{GMT}	INFO	[jepsen worker 3] jepsen.util: 3	:invoke	:read	nil
2024-05-27 19:46:38,775{GMT}	INFO	[jepsen worker 3] jepsen.util: 3	:ok	:read	[0 1 2 3 7 8 9 10 11 12 13 14 15 16 17 18 19 20 21 22 23 24 25 26 27 28 29 31 34 35 36 37 38 39 40 41 42 43 44 45 46 47 48 49 50 51 53 56 57 58 59 61 62 63 64 65 66 67 68 69 70 71 72 73 74 75 76 77 79 80 81 82 83]
2024-05-27 19:46:38,765{GMT}	INFO	[jepsen worker 4] jepsen.util: 4	:info	:broadcast	60	:net-timeout
2024-05-27 19:46:38,893{GMT}	INFO	[jepsen worker 4] jepsen.util: 9	:invoke	:read	nil
2024-05-27 19:46:38,926{GMT}	INFO	[jepsen worker 3] jepsen.util: 3	:invoke	:broadcast	84
2024-05-27 19:46:38,930{GMT}	INFO	[jepsen worker 3] jepsen.util: 3	:ok	:broadcast	84
2024-05-27 19:46:39,085{GMT}	INFO	[jepsen worker 3] jepsen.util: 3	:invoke	:read	nil
2024-05-27 19:46:39,087{GMT}	INFO	[jepsen worker 3] jepsen.util: 3	:ok	:read	[0 1 2 3 7 8 9 10 11 12 13 14 15 16 17 18 19 20 21 22 23 24 25 26 27 28 29 31 34 35 36 37 38 39 40 41 42 43 44 45 46 47 48 49 50 51 53 56 57 58 59 61 62 63 64 65 66 67 68 69 70 71 72 73 74 75 76 77 79 80 81 82 83 84]
2024-05-27 19:46:39,240{GMT}	INFO	[jepsen worker 3] jepsen.util: 3	:invoke	:read	nil
2024-05-27 19:46:39,242{GMT}	INFO	[jepsen worker 3] jepsen.util: 3	:ok	:read	[0 1 2 3 7 8 9 10 11 12 13 14 15 16 17 18 19 20 21 22 23 24 25 26 27 28 29 31 34 35 36 37 38 39 40 41 42 43 44 45 46 47 48 49 50 51 53 56 57 58 59 61 62 63 64 65 66 67 68 69 70 71 72 73 74 75 76 77 79 80 81 82 83 84]
2024-05-27 19:46:39,399{GMT}	INFO	[jepsen worker 3] jepsen.util: 3	:invoke	:read	nil
2024-05-27 19:46:39,404{GMT}	INFO	[jepsen worker 3] jepsen.util: 3	:ok	:read	[0 1 2 3 7 8 9 10 11 12 13 14 15 16 17 18 19 20 21 22 23 24 25 26 27 28 29 31 34 35 36 37 38 39 40 41 42 43 44 45 46 47 48 49 50 51 53 56 57 58 59 61 62 63 64 65 66 67 68 69 70 71 72 73 74 75 76 77 79 80 81 82 83 84]
2024-05-27 19:46:39,553{GMT}	INFO	[jepsen worker 3] jepsen.util: 3	:invoke	:read	nil
2024-05-27 19:46:39,555{GMT}	INFO	[jepsen worker 3] jepsen.util: 3	:ok	:read	[0 1 2 3 7 8 9 10 11 12 13 14 15 16 17 18 19 20 21 22 23 24 25 26 27 28 29 31 34 35 36 37 38 39 40 41 42 43 44 45 46 47 48 49 50 51 53 56 57 58 59 61 62 63 64 65 66 67 68 69 70 71 72 73 74 75 76 77 79 80 81 82 83 84]
2024-05-27 19:46:39,556{GMT}	INFO	[jepsen worker 3] jepsen.util: 3	:invoke	:broadcast	85
2024-05-27 19:46:39,559{GMT}	INFO	[jepsen worker 3] jepsen.util: 3	:ok	:broadcast	85
2024-05-27 19:46:39,617{GMT}	INFO	[jepsen worker 3] jepsen.util: 3	:invoke	:read	nil
2024-05-27 19:46:39,619{GMT}	INFO	[jepsen worker 3] jepsen.util: 3	:ok	:read	[0 1 2 3 7 8 9 10 11 12 13 14 15 16 17 18 19 20 21 22 23 24 25 26 27 28 29 31 34 35 36 37 38 39 40 41 42 43 44 45 46 47 48 49 50 51 53 56 57 58 59 61 62 63 64 65 66 67 68 69 70 71 72 73 74 75 76 77 79 80 81 82 83 84 85]
2024-05-27 19:46:39,683{GMT}	INFO	[jepsen worker 3] jepsen.util: 3	:invoke	:broadcast	86
2024-05-27 19:46:39,685{GMT}	INFO	[jepsen worker 3] jepsen.util: 3	:ok	:broadcast	86
2024-05-27 19:46:39,726{GMT}	INFO	[jepsen worker 3] jepsen.util: 3	:invoke	:broadcast	87
2024-05-27 19:46:39,729{GMT}	INFO	[jepsen worker 3] jepsen.util: 3	:ok	:broadcast	87
2024-05-27 19:46:39,817{GMT}	INFO	[jepsen worker 3] jepsen.util: 3	:invoke	:broadcast	88
2024-05-27 19:46:39,819{GMT}	INFO	[jepsen worker 3] jepsen.util: 3	:ok	:broadcast	88
2024-05-27 19:46:39,891{GMT}	INFO	[jepsen worker 3] jepsen.util: 3	:invoke	:read	nil
2024-05-27 19:46:39,894{GMT}	INFO	[jepsen worker 3] jepsen.util: 3	:ok	:read	[0 1 2 3 7 8 9 10 11 12 13 14 15 16 17 18 19 20 21 22 23 24 25 26 27 28 29 31 34 35 36 37 38 39 40 41 42 43 44 45 46 47 48 49 50 51 53 56 57 58 59 61 62 63 64 65 66 67 68 69 70 71 72 73 74 75 76 77 79 80 81 82 83 84 85 86 87 88]
2024-05-27 19:46:40,032{GMT}	INFO	[jepsen worker 3] jepsen.util: 3	:invoke	:read	nil
2024-05-27 19:46:40,035{GMT}	INFO	[jepsen worker 3] jepsen.util: 3	:ok	:read	[0 1 2 3 7 8 9 10 11 12 13 14 15 16 17 18 19 20 21 22 23 24 25 26 27 28 29 31 34 35 36 37 38 39 40 41 42 43 44 45 46 47 48 49 50 51 53 56 57 58 59 61 62 63 64 65 66 67 68 69 70 71 72 73 74 75 76 77 79 80 81 82 83 84 85 86 87 88]
2024-05-27 19:46:40,176{GMT}	INFO	[jepsen worker 3] jepsen.util: 3	:invoke	:read	nil
2024-05-27 19:46:40,181{GMT}	INFO	[jepsen worker 3] jepsen.util: 3	:ok	:read	[0 1 2 3 7 8 9 10 11 12 13 14 15 16 17 18 19 20 21 22 23 24 25 26 27 28 29 31 34 35 36 37 38 39 40 41 42 43 44 45 46 47 48 49 50 51 53 56 57 58 59 61 62 63 64 65 66 67 68 69 70 71 72 73 74 75 76 77 79 80 81 82 83 84 85 86 87 88]
2024-05-27 19:46:40,273{GMT}	INFO	[jepsen worker 3] jepsen.util: 3	:invoke	:read	nil
2024-05-27 19:46:40,281{GMT}	INFO	[jepsen worker 3] jepsen.util: 3	:ok	:read	[0 1 2 3 7 8 9 10 11 12 13 14 15 16 17 18 19 20 21 22 23 24 25 26 27 28 29 31 34 35 36 37 38 39 40 41 42 43 44 45 46 47 48 49 50 51 53 56 57 58 59 61 62 63 64 65 66 67 68 69 70 71 72 73 74 75 76 77 79 80 81 82 83 84 85 86 87 88]
2024-05-27 19:46:40,296{GMT}	INFO	[jepsen worker 3] jepsen.util: 3	:invoke	:read	nil
2024-05-27 19:46:40,298{GMT}	INFO	[jepsen worker 3] jepsen.util: 3	:ok	:read	[0 1 2 3 7 8 9 10 11 12 13 14 15 16 17 18 19 20 21 22 23 24 25 26 27 28 29 31 34 35 36 37 38 39 40 41 42 43 44 45 46 47 48 49 50 51 53 56 57 58 59 61 62 63 64 65 66 67 68 69 70 71 72 73 74 75 76 77 79 80 81 82 83 84 85 86 87 88]
2024-05-27 19:46:40,483{GMT}	INFO	[jepsen worker 3] jepsen.util: 3	:invoke	:read	nil
2024-05-27 19:46:40,486{GMT}	INFO	[jepsen worker 3] jepsen.util: 3	:ok	:read	[0 1 2 3 7 8 9 10 11 12 13 14 15 16 17 18 19 20 21 22 23 24 25 26 27 28 29 31 34 35 36 37 38 39 40 41 42 43 44 45 46 47 48 49 50 51 53 56 57 58 59 61 62 63 64 65 66 67 68 69 70 71 72 73 74 75 76 77 79 80 81 82 83 84 85 86 87 88]
2024-05-27 19:46:40,505{GMT}	INFO	[jepsen worker 3] jepsen.util: 3	:invoke	:broadcast	89
2024-05-27 19:46:40,507{GMT}	INFO	[jepsen worker 3] jepsen.util: 3	:ok	:broadcast	89
2024-05-27 19:46:40,561{GMT}	INFO	[jepsen worker 3] jepsen.util: 3	:invoke	:broadcast	90
2024-05-27 19:46:40,562{GMT}	INFO	[jepsen worker 3] jepsen.util: 3	:ok	:broadcast	90
2024-05-27 19:46:40,721{GMT}	INFO	[jepsen worker 3] jepsen.util: 3	:invoke	:read	nil
2024-05-27 19:46:40,722{GMT}	INFO	[jepsen worker 3] jepsen.util: 3	:ok	:read	[0 1 2 3 7 8 9 10 11 12 13 14 15 16 17 18 19 20 21 22 23 24 25 26 27 28 29 31 34 35 36 37 38 39 40 41 42 43 44 45 46 47 48 49 50 51 53 56 57 58 59 61 62 63 64 65 66 67 68 69 70 71 72 73 74 75 76 77 79 80 81 82 83 84 85 86 87 88 89 90]
2024-05-27 19:46:40,891{GMT}	INFO	[jepsen worker 3] jepsen.util: 3	:invoke	:read	nil
2024-05-27 19:46:40,892{GMT}	INFO	[jepsen worker 3] jepsen.util: 3	:ok	:read	[0 1 2 3 7 8 9 10 11 12 13 14 15 16 17 18 19 20 21 22 23 24 25 26 27 28 29 31 34 35 36 37 38 39 40 41 42 43 44 45 46 47 48 49 50 51 53 56 57 58 59 61 62 63 64 65 66 67 68 69 70 71 72 73 74 75 76 77 79 80 81 82 83 84 85 86 87 88 89 90]
2024-05-27 19:46:41,074{GMT}	INFO	[jepsen worker 3] jepsen.util: 3	:invoke	:broadcast	91
2024-05-27 19:46:41,077{GMT}	INFO	[jepsen worker 3] jepsen.util: 3	:ok	:broadcast	91
2024-05-27 19:46:41,149{GMT}	INFO	[jepsen worker 3] jepsen.util: 3	:invoke	:read	nil
2024-05-27 19:46:41,151{GMT}	INFO	[jepsen worker 3] jepsen.util: 3	:ok	:read	[0 1 2 3 7 8 9 10 11 12 13 14 15 16 17 18 19 20 21 22 23 24 25 26 27 28 29 31 34 35 36 37 38 39 40 41 42 43 44 45 46 47 48 49 50 51 53 56 57 58 59 61 62 63 64 65 66 67 68 69 70 71 72 73 74 75 76 77 79 80 81 82 83 84 85 86 87 88 89 90 91]
2024-05-27 19:46:41,321{GMT}	INFO	[jepsen worker 3] jepsen.util: 3	:invoke	:broadcast	92
2024-05-27 19:46:41,323{GMT}	INFO	[jepsen worker 3] jepsen.util: 3	:ok	:broadcast	92
2024-05-27 19:46:41,378{GMT}	INFO	[jepsen worker 3] jepsen.util: 3	:invoke	:broadcast	93
2024-05-27 19:46:41,380{GMT}	INFO	[jepsen worker 3] jepsen.util: 3	:ok	:broadcast	93
2024-05-27 19:46:41,557{GMT}	INFO	[jepsen worker 3] jepsen.util: 3	:invoke	:broadcast	94
2024-05-27 19:46:41,559{GMT}	INFO	[jepsen worker 3] jepsen.util: 3	:ok	:broadcast	94
2024-05-27 19:46:41,701{GMT}	INFO	[jepsen worker 3] jepsen.util: 3	:invoke	:read	nil
2024-05-27 19:46:41,704{GMT}	INFO	[jepsen worker 3] jepsen.util: 3	:ok	:read	[0 1 2 3 7 8 9 10 11 12 13 14 15 16 17 18 19 20 21 22 23 24 25 26 27 28 29 31 34 35 36 37 38 39 40 41 42 43 44 45 46 47 48 49 50 51 53 56 57 58 59 61 62 63 64 65 66 67 68 69 70 71 72 73 74 75 76 77 79 80 81 82 83 84 85 86 87 88 89 90 91 92 93 94]
2024-05-27 19:46:41,834{GMT}	INFO	[jepsen worker 3] jepsen.util: 3	:invoke	:broadcast	95
2024-05-27 19:46:41,836{GMT}	INFO	[jepsen worker 3] jepsen.util: 3	:ok	:broadcast	95
2024-05-27 19:46:41,983{GMT}	INFO	[jepsen worker 3] jepsen.util: 3	:invoke	:broadcast	96
2024-05-27 19:46:41,985{GMT}	INFO	[jepsen worker 3] jepsen.util: 3	:ok	:broadcast	96
2024-05-27 19:46:42,718{GMT}	INFO	[jepsen worker 2] jepsen.util: 17	:info	:broadcast	78	:net-timeout
2024-05-27 19:46:43,219{GMT}	INFO	[jepsen worker 0] jepsen.util: 15	:fail	:read	nil	:net-timeout
2024-05-27 19:46:43,371{GMT}	INFO	[jepsen worker 1] jepsen.util: 16	:fail	:read	nil	:net-timeout
2024-05-27 19:46:43,893{GMT}	INFO	[jepsen worker 4] jepsen.util: 9	:fail	:read	nil	:net-timeout
2024-05-27 19:46:43,897{GMT}	INFO	[jepsen worker 3] jepsen.generator.interpreter: Waiting for recovery...
2024-05-27 19:46:53,900{GMT}	INFO	[jepsen worker 0] jepsen.util: 15	:invoke	:read	nil
2024-05-27 19:46:53,900{GMT}	INFO	[jepsen worker 2] jepsen.util: 22	:invoke	:read	nil
2024-05-27 19:46:53,900{GMT}	INFO	[jepsen worker 3] jepsen.util: 3	:invoke	:read	nil
2024-05-27 19:46:53,900{GMT}	INFO	[jepsen worker 1] jepsen.util: 16	:invoke	:read	nil
2024-05-27 19:46:53,900{GMT}	INFO	[jepsen worker 4] jepsen.util: 9	:invoke	:read	nil
2024-05-27 19:46:53,902{GMT}	INFO	[jepsen worker 3] jepsen.util: 3	:ok	:read	[0 1 2 3 7 8 9 10 11 12 13 14 15 16 17 18 19 20 21 22 23 24 25 26 27 28 29 31 34 35 36 37 38 39 40 41 42 43 44 45 46 47 48 49 50 51 53 56 57 58 59 61 62 63 64 65 66 67 68 69 70 71 72 73 74 75 76 77 79 80 81 82 83 84 85 86 87 88 89 90 91 92 93 94 95 96]
2024-05-27 19:46:58,900{GMT}	INFO	[jepsen worker 0] jepsen.util: 15	:fail	:read	nil	:net-timeout
2024-05-27 19:46:58,902{GMT}	INFO	[jepsen worker 2] jepsen.util: 22	:fail	:read	nil	:net-timeout
2024-05-27 19:46:58,902{GMT}	INFO	[jepsen worker 1] jepsen.util: 16	:fail	:read	nil	:net-timeout
2024-05-27 19:46:58,902{GMT}	INFO	[jepsen worker 4] jepsen.util: 9	:fail	:read	nil	:net-timeout
2024-05-27 19:46:59,060{GMT}	INFO	[jepsen test runner] jepsen.core: Run complete, writing
2024-05-27 19:46:59,396{GMT}	INFO	[jepsen node n0] maelstrom.db: Tearing down n0
2024-05-27 19:46:59,401{GMT}	INFO	[jepsen node n1] maelstrom.db: Tearing down n1
2024-05-27 19:46:59,449{GMT}	INFO	[jepsen node n3] maelstrom.db: Tearing down n3
2024-05-27 19:46:59,450{GMT}	INFO	[jepsen node n4] maelstrom.db: Tearing down n4
2024-05-27 19:46:59,464{GMT}	INFO	[jepsen node n2] maelstrom.db: Tearing down n2
2024-05-27 19:46:59,909{GMT}	INFO	[jepsen node n0] maelstrom.net: Shutting down Maelstrom network
2024-05-27 19:46:59,927{GMT}	WARN	[jepsen test runner] jepsen.core: Test crashed!
clojure.lang.ExceptionInfo: Node n2 crashed with exit status 1. Before crashing, it wrote to STDOUT:

{"src":"n2","dest":"c2","body":{"in_reply_to":1,"type":"init_ok"}}
{"src":"n2","dest":"c8","body":{"in_reply_to":1,"type":"topology_ok"}}
{"src":"n2","dest":"n1","body":{"in_reply_to":0,"type":"second_order_broadcast_ok"}}
{"src":"n2","dest":"n0","body":{"message":1,"type":"second-order-broadcast"}}
{"src":"n2","dest":"n1","body":{"message":1,"type":"second-order-broadcast"}}
{"src":"n2","dest":"n4","body":{"message":1,"type":"second-order-broadcast"}}
{"src":"n2","dest":"n3","body":{"message":1,"type":"second-order-broadcast"}}
{"src":"n2","dest":"n4","body":{"message":1,"type":"second-order-broadcast"}}
{"src":"n2","dest":"c12","body":{"in_reply_to":1,"type":"broadcast_ok"}}

And to STDERR:

2024/05/27 19:46:21 Received {c2 n2 {"type":"init","node_id":"n2","node_ids":["n0","n1","n2","n3","n4"],"msg_id":1}}
2024/05/27 19:46:21 Node n2 initialized
2024/05/27 19:46:21 Sent {"src":"n2","dest":"c2","body":{"in_reply_to":1,"type":"init_ok"}}
2024/05/27 19:46:21 Received {c8 n2 {"type":"topology","topology":{"n0":["n3","n1"],"n1":["n4","n2","n0"],"n2":["n1"],"n3":["n0","n4"],"n4":["n1","n3"]},"msg_id":1}}
2024/05/27 19:46:21 Sent {"src":"n2","dest":"c8","body":{"in_reply_to":1,"type":"topology_ok"}}
2024/05/27 19:46:22 Received {n1 n2 {"message":0,"type":"second-order-broadcast"}}
2024/05/27 19:46:22 Sent {"src":"n2","dest":"n1","body":{"in_reply_to":0,"type":"second_order_broadcast_ok"}}
2024/05/27 19:46:22 Received {c12 n2 {"type":"broadcast","message":1,"msg_id":1}}
2024/05/27 19:46:22 Sent {"src":"n2","dest":"n0","body":{"message":1,"type":"second-order-broadcast"}}
2024/05/27 19:46:22 Sent {"src":"n2","dest":"n1","body":{"message":1,"type":"second-order-broadcast"}}
2024/05/27 19:46:22 Sent {"src":"n2","dest":"n4","body":{"message":1,"type":"second-order-broadcast"}}
2024/05/27 19:46:22 Sent {"src":"n2","dest":"n3","body":{"message":1,"type":"second-order-broadcast"}}
2024/05/27 19:46:22 Sent {"src":"n2","dest":"n4","body":{"message":1,"type":"second-order-broadcast"}}
2024/05/27 19:46:22 Sent {"src":"n2","dest":"c12","body":{"in_reply_to":1,"type":"broadcast_ok"}}
2024/05/27 19:46:22 Received {n0 n2 {"in_reply_to":0,"type":"second_order_broadcast_ok"}}
2024/05/27 19:46:22 No handler for {"id":41,"src":"n0","dest":"n2","body":{"in_reply_to":0,"type":"second_order_broadcast_ok"}}

Full STDERR logs are available in /workspaces/Broadcast-System/broadcast-system/maelstrom/store/broadcast/20240527T194619.372Z/node-logs/n2.log
	at slingshot.support$stack_trace.invoke(support.clj:201)
	at maelstrom.process$stop_node_BANG_.invokeStatic(process.clj:239)
	at maelstrom.process$stop_node_BANG_.invoke(process.clj:217)
	at maelstrom.db$db$reify__16142.teardown_BANG_(db.clj:75)
	at jepsen.db$fn__8744$G__8725__8748.invoke(db.clj:12)
	at jepsen.db$fn__8744$G__8724__8753.invoke(db.clj:12)
	at clojure.core$partial$fn__5908.invoke(core.clj:2642)
	at jepsen.control$on_nodes$fn__8599.invoke(control.clj:314)
	at clojure.lang.AFn.applyToHelper(AFn.java:154)
	at clojure.lang.AFn.applyTo(AFn.java:144)
	at clojure.core$apply.invokeStatic(core.clj:667)
	at clojure.core$with_bindings_STAR_.invokeStatic(core.clj:1990)
	at clojure.core$with_bindings_STAR_.doInvoke(core.clj:1990)
	at clojure.lang.RestFn.applyTo(RestFn.java:142)
	at clojure.core$apply.invokeStatic(core.clj:671)
	at clojure.core$bound_fn_STAR_$fn__5818.doInvoke(core.clj:2020)
	at clojure.lang.RestFn.invoke(RestFn.java:408)
	at dom_top.core$real_pmap_helper$build_thread__211$fn__212.invoke(core.clj:163)
	at clojure.lang.AFn.applyToHelper(AFn.java:152)
	at clojure.lang.AFn.applyTo(AFn.java:144)
	at clojure.core$apply.invokeStatic(core.clj:667)
	at clojure.core$with_bindings_STAR_.invokeStatic(core.clj:1990)
	at clojure.core$with_bindings_STAR_.doInvoke(core.clj:1990)
	at clojure.lang.RestFn.invoke(RestFn.java:425)
	at clojure.lang.AFn.applyToHelper(AFn.java:156)
	at clojure.lang.RestFn.applyTo(RestFn.java:132)
	at clojure.core$apply.invokeStatic(core.clj:671)
	at clojure.core$bound_fn_STAR_$fn__5818.doInvoke(core.clj:2020)
	at clojure.lang.RestFn.invoke(RestFn.java:397)
	at clojure.lang.AFn.run(AFn.java:22)
	at java.base/java.lang.Thread.run(Thread.java:829)
