2024/05/27 19:11:45 Received {c4 n0 {"type":"init","node_id":"n0","node_ids":["n0","n1","n2","n3","n4"],"msg_id":1}}
2024/05/27 19:11:45 Node n0 initialized
2024/05/27 19:11:45 Sent {"src":"n0","dest":"c4","body":{"in_reply_to":1,"type":"init_ok"}}
2024/05/27 19:11:45 Received {c5 n0 {"type":"topology","topology":{"n0":["n3","n1"],"n1":["n4","n2","n0"],"n2":["n1"],"n3":["n0","n4"],"n4":["n1","n3"]},"msg_id":1}}
2024/05/27 19:11:45 Sent {"src":"n0","dest":"c5","body":{"in_reply_to":1,"type":"topology_ok"}}
2024/05/27 19:11:45 Received {c10 n0 {"type":"broadcast","message":0,"msg_id":1}}
2024/05/27 19:11:45 Sent {"src":"n0","dest":"n4","body":{"type":"broadcast","message":0,"msg_id":1}}
2024/05/27 19:11:45 Sent {"src":"n0","dest":"n1","body":{"type":"broadcast","message":0,"msg_id":1}}
2024/05/27 19:11:45 Sent {"src":"n0","dest":"n2","body":{"type":"broadcast","message":0,"msg_id":1}}
2024/05/27 19:11:45 Sent {"src":"n0","dest":"n3","body":{"type":"broadcast","message":0,"msg_id":1}}
2024/05/27 19:11:45 Sent {"src":"n0","dest":"c10","body":{"in_reply_to":1,"type":"broadcast_ok"}}
2024/05/27 19:11:50 Received {c15 n0 {"type":"read","msg_id":1}}
2024/05/27 19:11:50 Sent {"src":"n0","dest":"c15","body":{"in_reply_to":1,"messages":[0],"msg_id":1,"type":"read_ok"}}
2024/05/27 19:11:55 Received {c15 n0 {"type":"broadcast","message":8,"msg_id":2}}
2024/05/27 19:11:55 Sent {"src":"n0","dest":"n4","body":{"type":"broadcast","message":8,"msg_id":2}}
2024/05/27 19:11:55 Sent {"src":"n0","dest":"n1","body":{"type":"broadcast","message":8,"msg_id":2}}
2024/05/27 19:11:55 Sent {"src":"n0","dest":"n2","body":{"type":"broadcast","message":8,"msg_id":2}}
2024/05/27 19:11:55 Sent {"src":"n0","dest":"n3","body":{"type":"broadcast","message":8,"msg_id":2}}
2024/05/27 19:11:55 Sent {"src":"n0","dest":"c15","body":{"in_reply_to":2,"type":"broadcast_ok"}}
2024/05/27 19:12:00 Received {c23 n0 {"type":"read","msg_id":1}}
2024/05/27 19:12:00 Sent {"src":"n0","dest":"c23","body":{"in_reply_to":1,"messages":[0,8],"msg_id":1,"type":"read_ok"}}
2024/05/27 19:12:16 Received {c23 n0 {"type":"read","msg_id":2}}
2024/05/27 19:12:16 Sent {"src":"n0","dest":"c23","body":{"in_reply_to":2,"messages":[0,8],"msg_id":2,"type":"read_ok"}}
