2024/05/27 19:11:45 Received {c2 n4 {"type":"init","node_id":"n4","node_ids":["n0","n1","n2","n3","n4"],"msg_id":1}}
2024/05/27 19:11:45 Node n4 initialized
2024/05/27 19:11:45 Sent {"src":"n4","dest":"c2","body":{"in_reply_to":1,"type":"init_ok"}}
2024/05/27 19:11:45 Received {c9 n4 {"type":"topology","topology":{"n0":["n3","n1"],"n1":["n4","n2","n0"],"n2":["n1"],"n3":["n0","n4"],"n4":["n1","n3"]},"msg_id":1}}
2024/05/27 19:11:45 Sent {"src":"n4","dest":"c9","body":{"in_reply_to":1,"type":"topology_ok"}}
2024/05/27 19:11:46 Received {c14 n4 {"type":"read","msg_id":1}}
2024/05/27 19:11:46 Sent {"src":"n4","dest":"c14","body":{"in_reply_to":1,"messages":null,"msg_id":1,"type":"read_ok"}}
2024/05/27 19:11:46 Received {c14 n4 {"type":"read","msg_id":2}}
2024/05/27 19:11:46 Sent {"src":"n4","dest":"c14","body":{"in_reply_to":2,"messages":null,"msg_id":2,"type":"read_ok"}}
2024/05/27 19:11:46 Received {c14 n4 {"type":"broadcast","message":4,"msg_id":3}}
2024/05/27 19:11:46 Sent {"src":"n4","dest":"n0","body":{"type":"broadcast","message":4,"msg_id":3}}
2024/05/27 19:11:46 Sent {"src":"n4","dest":"n1","body":{"type":"broadcast","message":4,"msg_id":3}}
2024/05/27 19:11:46 Sent {"src":"n4","dest":"n2","body":{"type":"broadcast","message":4,"msg_id":3}}
2024/05/27 19:11:46 Sent {"src":"n4","dest":"n3","body":{"type":"broadcast","message":4,"msg_id":3}}
2024/05/27 19:11:46 Sent {"src":"n4","dest":"c14","body":{"in_reply_to":3,"type":"broadcast_ok"}}
2024/05/27 19:11:51 Received {c19 n4 {"type":"broadcast","message":7,"msg_id":1}}
2024/05/27 19:11:51 Sent {"src":"n4","dest":"n0","body":{"type":"broadcast","message":7,"msg_id":1}}
2024/05/27 19:11:51 Sent {"src":"n4","dest":"n1","body":{"type":"broadcast","message":7,"msg_id":1}}
2024/05/27 19:11:51 Sent {"src":"n4","dest":"n2","body":{"type":"broadcast","message":7,"msg_id":1}}
2024/05/27 19:11:51 Sent {"src":"n4","dest":"n3","body":{"type":"broadcast","message":7,"msg_id":1}}
2024/05/27 19:11:51 Sent {"src":"n4","dest":"c19","body":{"in_reply_to":1,"type":"broadcast_ok"}}
2024/05/27 19:11:56 Received {c22 n4 {"type":"broadcast","message":11,"msg_id":1}}
2024/05/27 19:11:56 Sent {"src":"n4","dest":"n0","body":{"type":"broadcast","message":11,"msg_id":1}}
2024/05/27 19:11:56 Sent {"src":"n4","dest":"n1","body":{"type":"broadcast","message":11,"msg_id":1}}
2024/05/27 19:11:56 Sent {"src":"n4","dest":"n2","body":{"type":"broadcast","message":11,"msg_id":1}}
2024/05/27 19:11:56 Sent {"src":"n4","dest":"n3","body":{"type":"broadcast","message":11,"msg_id":1}}
2024/05/27 19:11:56 Sent {"src":"n4","dest":"c22","body":{"in_reply_to":1,"type":"broadcast_ok"}}
2024/05/27 19:12:01 Received {c26 n4 {"type":"broadcast","message":13,"msg_id":1}}
2024/05/27 19:12:01 Sent {"src":"n4","dest":"n0","body":{"type":"broadcast","message":13,"msg_id":1}}
2024/05/27 19:12:01 Sent {"src":"n4","dest":"n1","body":{"type":"broadcast","message":13,"msg_id":1}}
2024/05/27 19:12:01 Sent {"src":"n4","dest":"n2","body":{"type":"broadcast","message":13,"msg_id":1}}
2024/05/27 19:12:01 Sent {"src":"n4","dest":"n3","body":{"type":"broadcast","message":13,"msg_id":1}}
2024/05/27 19:12:01 Sent {"src":"n4","dest":"c26","body":{"in_reply_to":1,"type":"broadcast_ok"}}
2024/05/27 19:12:16 Received {c28 n4 {"type":"read","msg_id":1}}
2024/05/27 19:12:16 Sent {"src":"n4","dest":"c28","body":{"in_reply_to":1,"messages":[4,7,11,13],"msg_id":1,"type":"read_ok"}}
