2024/05/27 19:37:16 Received {c3 n0 {"type":"init","node_id":"n0","node_ids":["n0","n1","n2","n3","n4"],"msg_id":1}}
2024/05/27 19:37:16 Node n0 initialized
2024/05/27 19:37:16 Sent {"src":"n0","dest":"c3","body":{"in_reply_to":1,"type":"init_ok"}}
2024/05/27 19:37:16 Received {c5 n0 {"type":"topology","topology":{"n0":["n3","n1"],"n1":["n4","n2","n0"],"n2":["n1"],"n3":["n0","n4"],"n4":["n1","n3"]},"msg_id":1}}
2024/05/27 19:37:16 Sent {"src":"n0","dest":"c5","body":{"in_reply_to":1,"type":"topology_ok"}}
2024/05/27 19:37:16 Received {c10 n0 {"type":"read","msg_id":1}}
2024/05/27 19:37:16 Sent {"src":"n0","dest":"c10","body":{"in_reply_to":1,"messages":null,"msg_id":1,"type":"read_ok"}}
2024/05/27 19:37:17 Received {c10 n0 {"type":"read","msg_id":2}}
2024/05/27 19:37:17 Sent {"src":"n0","dest":"c10","body":{"in_reply_to":2,"messages":null,"msg_id":2,"type":"read_ok"}}
2024/05/27 19:37:17 Received {c10 n0 {"type":"broadcast","message":2,"msg_id":3}}
2024/05/27 19:37:17 Sent {"src":"n0","dest":"c10","body":{"in_reply_to":3,"type":"broadcast_ok"}}
2024/05/27 19:37:17 Received {c10 n0 {"type":"broadcast","message":6,"msg_id":4}}
2024/05/27 19:37:17 Sent {"src":"n0","dest":"c10","body":{"in_reply_to":4,"type":"broadcast_ok"}}
2024/05/27 19:37:18 Received {c10 n0 {"type":"broadcast","message":7,"msg_id":5}}
2024/05/27 19:37:18 Sent {"src":"n0","dest":"c10","body":{"in_reply_to":5,"type":"broadcast_ok"}}
2024/05/27 19:37:18 Received {c10 n0 {"type":"broadcast","message":12,"msg_id":6}}
2024/05/27 19:37:18 Sent {"src":"n0","dest":"c10","body":{"in_reply_to":6,"type":"broadcast_ok"}}
2024/05/27 19:37:19 Received {c10 n0 {"type":"broadcast","message":13,"msg_id":7}}
2024/05/27 19:37:19 Sent {"src":"n0","dest":"c10","body":{"in_reply_to":7,"type":"broadcast_ok"}}
2024/05/27 19:37:19 Received {c10 n0 {"type":"read","msg_id":8}}
2024/05/27 19:37:19 Sent {"src":"n0","dest":"c10","body":{"in_reply_to":8,"messages":[2,6,7,12,13],"msg_id":8,"type":"read_ok"}}
2024/05/27 19:37:19 Received {c10 n0 {"type":"broadcast","message":17,"msg_id":9}}
2024/05/27 19:37:19 Sent {"src":"n0","dest":"c10","body":{"in_reply_to":9,"type":"broadcast_ok"}}
2024/05/27 19:37:20 Received {c10 n0 {"type":"broadcast","message":21,"msg_id":10}}
2024/05/27 19:37:20 Sent {"src":"n0","dest":"c10","body":{"in_reply_to":10,"type":"broadcast_ok"}}
2024/05/27 19:37:20 Received {c10 n0 {"type":"broadcast","message":22,"msg_id":11}}
2024/05/27 19:37:20 Sent {"src":"n0","dest":"c10","body":{"in_reply_to":11,"type":"broadcast_ok"}}
2024/05/27 19:37:20 Received {c10 n0 {"type":"read","msg_id":12}}
2024/05/27 19:37:20 Sent {"src":"n0","dest":"c10","body":{"in_reply_to":12,"messages":[2,6,7,12,13,17,21,22],"msg_id":12,"type":"read_ok"}}
2024/05/27 19:37:20 Received {c10 n0 {"type":"broadcast","message":24,"msg_id":13}}
2024/05/27 19:37:20 Sent {"src":"n0","dest":"c10","body":{"in_reply_to":13,"type":"broadcast_ok"}}
2024/05/27 19:37:21 Received {c10 n0 {"type":"broadcast","message":27,"msg_id":14}}
2024/05/27 19:37:21 Sent {"src":"n0","dest":"c10","body":{"in_reply_to":14,"type":"broadcast_ok"}}
2024/05/27 19:37:21 Received {c10 n0 {"type":"broadcast","message":28,"msg_id":15}}
2024/05/27 19:37:21 Sent {"src":"n0","dest":"c10","body":{"in_reply_to":15,"type":"broadcast_ok"}}
2024/05/27 19:37:21 Received {c10 n0 {"type":"broadcast","message":32,"msg_id":16}}
2024/05/27 19:37:21 Sent {"src":"n0","dest":"c10","body":{"in_reply_to":16,"type":"broadcast_ok"}}
2024/05/27 19:37:22 Received {c10 n0 {"type":"read","msg_id":17}}
2024/05/27 19:37:22 Sent {"src":"n0","dest":"c10","body":{"in_reply_to":17,"messages":[2,6,7,12,13,17,21,22,24,27,28,32],"msg_id":17,"type":"read_ok"}}
2024/05/27 19:37:22 Received {c10 n0 {"type":"read","msg_id":18}}
2024/05/27 19:37:22 Sent {"src":"n0","dest":"c10","body":{"in_reply_to":18,"messages":[2,6,7,12,13,17,21,22,24,27,28,32],"msg_id":18,"type":"read_ok"}}
2024/05/27 19:37:22 Received {c10 n0 {"type":"broadcast","message":35,"msg_id":19}}
2024/05/27 19:37:22 Sent {"src":"n0","dest":"c10","body":{"in_reply_to":19,"type":"broadcast_ok"}}
2024/05/27 19:37:23 Received {c10 n0 {"type":"read","msg_id":20}}
2024/05/27 19:37:23 Sent {"src":"n0","dest":"c10","body":{"in_reply_to":20,"messages":[2,6,7,12,13,17,21,22,24,27,28,32,35],"msg_id":20,"type":"read_ok"}}
2024/05/27 19:37:23 Received {c10 n0 {"type":"read","msg_id":21}}
2024/05/27 19:37:23 Sent {"src":"n0","dest":"c10","body":{"in_reply_to":21,"messages":[2,6,7,12,13,17,21,22,24,27,28,32,35],"msg_id":21,"type":"read_ok"}}
2024/05/27 19:37:24 Received {c10 n0 {"type":"read","msg_id":22}}
2024/05/27 19:37:24 Sent {"src":"n0","dest":"c10","body":{"in_reply_to":22,"messages":[2,6,7,12,13,17,21,22,24,27,28,32,35],"msg_id":22,"type":"read_ok"}}
2024/05/27 19:37:24 Received {c10 n0 {"type":"read","msg_id":23}}
2024/05/27 19:37:24 Sent {"src":"n0","dest":"c10","body":{"in_reply_to":23,"messages":[2,6,7,12,13,17,21,22,24,27,28,32,35],"msg_id":23,"type":"read_ok"}}
2024/05/27 19:37:24 Received {c10 n0 {"type":"read","msg_id":24}}
2024/05/27 19:37:24 Sent {"src":"n0","dest":"c10","body":{"in_reply_to":24,"messages":[2,6,7,12,13,17,21,22,24,27,28,32,35],"msg_id":24,"type":"read_ok"}}
2024/05/27 19:37:24 Received {c10 n0 {"type":"broadcast","message":39,"msg_id":25}}
2024/05/27 19:37:24 Sent {"src":"n0","dest":"c10","body":{"in_reply_to":25,"type":"broadcast_ok"}}
2024/05/27 19:37:25 Received {c10 n0 {"type":"read","msg_id":26}}
2024/05/27 19:37:25 Sent {"src":"n0","dest":"c10","body":{"in_reply_to":26,"messages":[2,6,7,12,13,17,21,22,24,27,28,32,35,39],"msg_id":26,"type":"read_ok"}}
2024/05/27 19:37:25 Received {c10 n0 {"type":"broadcast","message":42,"msg_id":27}}
2024/05/27 19:37:25 Sent {"src":"n0","dest":"c10","body":{"in_reply_to":27,"type":"broadcast_ok"}}
2024/05/27 19:37:25 Received {c10 n0 {"type":"broadcast","message":45,"msg_id":28}}
2024/05/27 19:37:25 Sent {"src":"n0","dest":"c10","body":{"in_reply_to":28,"type":"broadcast_ok"}}
2024/05/27 19:37:25 Received {c10 n0 {"type":"broadcast","message":46,"msg_id":29}}
2024/05/27 19:37:25 Sent {"src":"n0","dest":"c10","body":{"in_reply_to":29,"type":"broadcast_ok"}}
2024/05/27 19:37:26 Received {c10 n0 {"type":"read","msg_id":30}}
2024/05/27 19:37:26 Sent {"src":"n0","dest":"c10","body":{"in_reply_to":30,"messages":[2,6,7,12,13,17,21,22,24,27,28,32,35,39,42,45,46],"msg_id":30,"type":"read_ok"}}
2024/05/27 19:37:26 Received {c10 n0 {"type":"broadcast","message":49,"msg_id":31}}
2024/05/27 19:37:26 Sent {"src":"n0","dest":"c10","body":{"in_reply_to":31,"type":"broadcast_ok"}}
2024/05/27 19:37:27 Received {c10 n0 {"type":"read","msg_id":32}}
2024/05/27 19:37:27 Sent {"src":"n0","dest":"c10","body":{"in_reply_to":32,"messages":[2,6,7,12,13,17,21,22,24,27,28,32,35,39,42,45,46,49],"msg_id":32,"type":"read_ok"}}
2024/05/27 19:37:27 Received {c10 n0 {"type":"broadcast","message":52,"msg_id":33}}
2024/05/27 19:37:27 Sent {"src":"n0","dest":"c10","body":{"in_reply_to":33,"type":"broadcast_ok"}}
2024/05/27 19:37:27 Received {c10 n0 {"type":"broadcast","message":55,"msg_id":34}}
2024/05/27 19:37:27 Sent {"src":"n0","dest":"c10","body":{"in_reply_to":34,"type":"broadcast_ok"}}
2024/05/27 19:37:27 Received {c10 n0 {"type":"broadcast","message":56,"msg_id":35}}
2024/05/27 19:37:27 Sent {"src":"n0","dest":"c10","body":{"in_reply_to":35,"type":"broadcast_ok"}}
2024/05/27 19:37:28 Received {c10 n0 {"type":"broadcast","message":58,"msg_id":36}}
2024/05/27 19:37:28 Sent {"src":"n0","dest":"c10","body":{"in_reply_to":36,"type":"broadcast_ok"}}
2024/05/27 19:37:28 Received {c10 n0 {"type":"broadcast","message":59,"msg_id":37}}
2024/05/27 19:37:28 Sent {"src":"n0","dest":"c10","body":{"in_reply_to":37,"type":"broadcast_ok"}}
2024/05/27 19:37:29 Received {c10 n0 {"type":"broadcast","message":62,"msg_id":38}}
2024/05/27 19:37:29 Sent {"src":"n0","dest":"c10","body":{"in_reply_to":38,"type":"broadcast_ok"}}
2024/05/27 19:37:29 Received {c10 n0 {"type":"broadcast","message":63,"msg_id":39}}
2024/05/27 19:37:29 Sent {"src":"n0","dest":"c10","body":{"in_reply_to":39,"type":"broadcast_ok"}}
2024/05/27 19:37:29 Received {c10 n0 {"type":"read","msg_id":40}}
2024/05/27 19:37:29 Sent {"src":"n0","dest":"c10","body":{"in_reply_to":40,"messages":[2,6,7,12,13,17,21,22,24,27,28,32,35,39,42,45,46,49,52,55,56,58,59,62,63],"msg_id":40,"type":"read_ok"}}
2024/05/27 19:37:29 Received {c10 n0 {"type":"read","msg_id":41}}
2024/05/27 19:37:29 Sent {"src":"n0","dest":"c10","body":{"in_reply_to":41,"messages":[2,6,7,12,13,17,21,22,24,27,28,32,35,39,42,45,46,49,52,55,56,58,59,62,63],"msg_id":41,"type":"read_ok"}}
2024/05/27 19:37:30 Received {c10 n0 {"type":"read","msg_id":42}}
2024/05/27 19:37:30 Sent {"src":"n0","dest":"c10","body":{"in_reply_to":42,"messages":[2,6,7,12,13,17,21,22,24,27,28,32,35,39,42,45,46,49,52,55,56,58,59,62,63],"msg_id":42,"type":"read_ok"}}
2024/05/27 19:37:30 Received {c10 n0 {"type":"broadcast","message":69,"msg_id":43}}
2024/05/27 19:37:30 Sent {"src":"n0","dest":"c10","body":{"in_reply_to":43,"type":"broadcast_ok"}}
2024/05/27 19:37:31 Received {c10 n0 {"type":"broadcast","message":71,"msg_id":44}}
2024/05/27 19:37:31 Sent {"src":"n0","dest":"c10","body":{"in_reply_to":44,"type":"broadcast_ok"}}
2024/05/27 19:37:31 Received {c10 n0 {"type":"read","msg_id":45}}
2024/05/27 19:37:31 Sent {"src":"n0","dest":"c10","body":{"in_reply_to":45,"messages":[2,6,7,12,13,17,21,22,24,27,28,32,35,39,42,45,46,49,52,55,56,58,59,62,63,69,71],"msg_id":45,"type":"read_ok"}}
2024/05/27 19:37:31 Received {c10 n0 {"type":"read","msg_id":46}}
2024/05/27 19:37:31 Sent {"src":"n0","dest":"c10","body":{"in_reply_to":46,"messages":[2,6,7,12,13,17,21,22,24,27,28,32,35,39,42,45,46,49,52,55,56,58,59,62,63,69,71],"msg_id":46,"type":"read_ok"}}
2024/05/27 19:37:31 Received {c10 n0 {"type":"read","msg_id":47}}
2024/05/27 19:37:31 Sent {"src":"n0","dest":"c10","body":{"in_reply_to":47,"messages":[2,6,7,12,13,17,21,22,24,27,28,32,35,39,42,45,46,49,52,55,56,58,59,62,63,69,71],"msg_id":47,"type":"read_ok"}}
2024/05/27 19:37:32 Received {c10 n0 {"type":"read","msg_id":48}}
2024/05/27 19:37:32 Sent {"src":"n0","dest":"c10","body":{"in_reply_to":48,"messages":[2,6,7,12,13,17,21,22,24,27,28,32,35,39,42,45,46,49,52,55,56,58,59,62,63,69,71],"msg_id":48,"type":"read_ok"}}
2024/05/27 19:37:32 Received {c10 n0 {"type":"broadcast","message":76,"msg_id":49}}
2024/05/27 19:37:32 Sent {"src":"n0","dest":"c10","body":{"in_reply_to":49,"type":"broadcast_ok"}}
2024/05/27 19:37:33 Received {c10 n0 {"type":"broadcast","message":81,"msg_id":50}}
2024/05/27 19:37:33 Sent {"src":"n0","dest":"c10","body":{"in_reply_to":50,"type":"broadcast_ok"}}
2024/05/27 19:37:33 Received {c10 n0 {"type":"broadcast","message":82,"msg_id":51}}
2024/05/27 19:37:33 Sent {"src":"n0","dest":"c10","body":{"in_reply_to":51,"type":"broadcast_ok"}}
2024/05/27 19:37:33 Received {c10 n0 {"type":"broadcast","message":84,"msg_id":52}}
2024/05/27 19:37:33 Sent {"src":"n0","dest":"c10","body":{"in_reply_to":52,"type":"broadcast_ok"}}
2024/05/27 19:37:33 Received {c10 n0 {"type":"broadcast","message":85,"msg_id":53}}
2024/05/27 19:37:33 Sent {"src":"n0","dest":"c10","body":{"in_reply_to":53,"type":"broadcast_ok"}}
2024/05/27 19:37:34 Received {c10 n0 {"type":"broadcast","message":87,"msg_id":54}}
2024/05/27 19:37:34 Sent {"src":"n0","dest":"c10","body":{"in_reply_to":54,"type":"broadcast_ok"}}
2024/05/27 19:37:34 Received {c10 n0 {"type":"read","msg_id":55}}
2024/05/27 19:37:34 Sent {"src":"n0","dest":"c10","body":{"in_reply_to":55,"messages":[2,6,7,12,13,17,21,22,24,27,28,32,35,39,42,45,46,49,52,55,56,58,59,62,63,69,71,76,81,82,84,85,87],"msg_id":55,"type":"read_ok"}}
2024/05/27 19:37:35 Received {c10 n0 {"type":"broadcast","message":88,"msg_id":56}}
2024/05/27 19:37:35 Sent {"src":"n0","dest":"c10","body":{"in_reply_to":56,"type":"broadcast_ok"}}
2024/05/27 19:37:35 Received {c10 n0 {"type":"broadcast","message":89,"msg_id":57}}
2024/05/27 19:37:35 Sent {"src":"n0","dest":"c10","body":{"in_reply_to":57,"type":"broadcast_ok"}}
2024/05/27 19:37:35 Received {c10 n0 {"type":"broadcast","message":92,"msg_id":58}}
2024/05/27 19:37:35 Sent {"src":"n0","dest":"c10","body":{"in_reply_to":58,"type":"broadcast_ok"}}
2024/05/27 19:37:36 Received {c10 n0 {"type":"broadcast","message":93,"msg_id":59}}
2024/05/27 19:37:36 Sent {"src":"n0","dest":"c10","body":{"in_reply_to":59,"type":"broadcast_ok"}}
2024/05/27 19:37:36 Received {c10 n0 {"type":"broadcast","message":96,"msg_id":60}}
2024/05/27 19:37:36 Sent {"src":"n0","dest":"c10","body":{"in_reply_to":60,"type":"broadcast_ok"}}
2024/05/27 19:37:36 Received {c10 n0 {"type":"broadcast","message":97,"msg_id":61}}
2024/05/27 19:37:36 Sent {"src":"n0","dest":"c10","body":{"in_reply_to":61,"type":"broadcast_ok"}}
2024/05/27 19:37:46 Received {c10 n0 {"type":"read","msg_id":62}}
2024/05/27 19:37:46 Sent {"src":"n0","dest":"c10","body":{"in_reply_to":62,"messages":[2,6,7,12,13,17,21,22,24,27,28,32,35,39,42,45,46,49,52,55,56,58,59,62,63,69,71,76,81,82,84,85,87,88,89,92,93,96,97],"msg_id":62,"type":"read_ok"}}
