2024/05/27 19:37:16 Received {c1 n1 {"type":"init","node_id":"n1","node_ids":["n0","n1","n2","n3","n4"],"msg_id":1}}
2024/05/27 19:37:16 Node n1 initialized
2024/05/27 19:37:16 Sent {"src":"n1","dest":"c1","body":{"in_reply_to":1,"type":"init_ok"}}
2024/05/27 19:37:16 Received {c6 n1 {"type":"topology","topology":{"n0":["n3","n1"],"n1":["n4","n2","n0"],"n2":["n1"],"n3":["n0","n4"],"n4":["n1","n3"]},"msg_id":1}}
2024/05/27 19:37:16 Sent {"src":"n1","dest":"c6","body":{"in_reply_to":1,"type":"topology_ok"}}
2024/05/27 19:37:17 Received {c11 n1 {"type":"read","msg_id":1}}
2024/05/27 19:37:17 Sent {"src":"n1","dest":"c11","body":{"in_reply_to":1,"messages":null,"msg_id":1,"type":"read_ok"}}
2024/05/27 19:37:17 Received {c11 n1 {"type":"broadcast","message":3,"msg_id":2}}
2024/05/27 19:37:17 Sent {"src":"n1","dest":"c11","body":{"in_reply_to":2,"type":"broadcast_ok"}}
2024/05/27 19:37:18 Received {c11 n1 {"type":"broadcast","message":8,"msg_id":3}}
2024/05/27 19:37:18 Sent {"src":"n1","dest":"c11","body":{"in_reply_to":3,"type":"broadcast_ok"}}
2024/05/27 19:37:19 Received {c11 n1 {"type":"broadcast","message":14,"msg_id":4}}
2024/05/27 19:37:19 Sent {"src":"n1","dest":"c11","body":{"in_reply_to":4,"type":"broadcast_ok"}}
2024/05/27 19:37:19 Received {c11 n1 {"type":"broadcast","message":18,"msg_id":5}}
2024/05/27 19:37:19 Sent {"src":"n1","dest":"c11","body":{"in_reply_to":5,"type":"broadcast_ok"}}
2024/05/27 19:37:20 Received {c11 n1 {"type":"read","msg_id":6}}
2024/05/27 19:37:20 Sent {"src":"n1","dest":"c11","body":{"in_reply_to":6,"messages":[3,8,14,18],"msg_id":6,"type":"read_ok"}}
2024/05/27 19:37:20 Received {c11 n1 {"type":"broadcast","message":25,"msg_id":7}}
2024/05/27 19:37:20 Sent {"src":"n1","dest":"c11","body":{"in_reply_to":7,"type":"broadcast_ok"}}
2024/05/27 19:37:21 Received {c11 n1 {"type":"broadcast","message":29,"msg_id":8}}
2024/05/27 19:37:21 Sent {"src":"n1","dest":"c11","body":{"in_reply_to":8,"type":"broadcast_ok"}}
2024/05/27 19:37:22 Received {c11 n1 {"type":"read","msg_id":9}}
2024/05/27 19:37:22 Sent {"src":"n1","dest":"c11","body":{"in_reply_to":9,"messages":[3,8,14,18,25,29],"msg_id":9,"type":"read_ok"}}
2024/05/27 19:37:22 Received {c11 n1 {"type":"read","msg_id":10}}
2024/05/27 19:37:22 Sent {"src":"n1","dest":"c11","body":{"in_reply_to":10,"messages":[3,8,14,18,25,29],"msg_id":10,"type":"read_ok"}}
2024/05/27 19:37:23 Received {c11 n1 {"type":"broadcast","message":36,"msg_id":11}}
2024/05/27 19:37:23 Sent {"src":"n1","dest":"c11","body":{"in_reply_to":11,"type":"broadcast_ok"}}
2024/05/27 19:37:24 Received {c11 n1 {"type":"broadcast","message":38,"msg_id":12}}
2024/05/27 19:37:24 Sent {"src":"n1","dest":"c11","body":{"in_reply_to":12,"type":"broadcast_ok"}}
2024/05/27 19:37:24 Received {c11 n1 {"type":"broadcast","message":40,"msg_id":13}}
2024/05/27 19:37:24 Sent {"src":"n1","dest":"c11","body":{"in_reply_to":13,"type":"broadcast_ok"}}
2024/05/27 19:37:25 Received {c11 n1 {"type":"broadcast","message":43,"msg_id":14}}
2024/05/27 19:37:25 Sent {"src":"n1","dest":"c11","body":{"in_reply_to":14,"type":"broadcast_ok"}}
2024/05/27 19:37:26 Received {c11 n1 {"type":"read","msg_id":15}}
2024/05/27 19:37:26 Sent {"src":"n1","dest":"c11","body":{"in_reply_to":15,"messages":[3,8,14,18,25,29,36,38,40,43],"msg_id":15,"type":"read_ok"}}
2024/05/27 19:37:26 Received {c11 n1 {"type":"read","msg_id":16}}
2024/05/27 19:37:26 Sent {"src":"n1","dest":"c11","body":{"in_reply_to":16,"messages":[3,8,14,18,25,29,36,38,40,43],"msg_id":16,"type":"read_ok"}}
2024/05/27 19:37:27 Received {c11 n1 {"type":"read","msg_id":17}}
2024/05/27 19:37:27 Sent {"src":"n1","dest":"c11","body":{"in_reply_to":17,"messages":[3,8,14,18,25,29,36,38,40,43],"msg_id":17,"type":"read_ok"}}
2024/05/27 19:37:27 Received {c11 n1 {"type":"read","msg_id":18}}
2024/05/27 19:37:27 Sent {"src":"n1","dest":"c11","body":{"in_reply_to":18,"messages":[3,8,14,18,25,29,36,38,40,43],"msg_id":18,"type":"read_ok"}}
2024/05/27 19:37:28 Received {c11 n1 {"type":"read","msg_id":19}}
2024/05/27 19:37:28 Sent {"src":"n1","dest":"c11","body":{"in_reply_to":19,"messages":[3,8,14,18,25,29,36,38,40,43],"msg_id":19,"type":"read_ok"}}
2024/05/27 19:37:29 Received {c11 n1 {"type":"broadcast","message":64,"msg_id":20}}
2024/05/27 19:37:29 Sent {"src":"n1","dest":"c11","body":{"in_reply_to":20,"type":"broadcast_ok"}}
2024/05/27 19:37:29 Received {c11 n1 {"type":"broadcast","message":67,"msg_id":21}}
2024/05/27 19:37:29 Sent {"src":"n1","dest":"c11","body":{"in_reply_to":21,"type":"broadcast_ok"}}
2024/05/27 19:37:30 Received {c11 n1 {"type":"read","msg_id":22}}
2024/05/27 19:37:30 Sent {"src":"n1","dest":"c11","body":{"in_reply_to":22,"messages":[3,8,14,18,25,29,36,38,40,43,64,67],"msg_id":22,"type":"read_ok"}}
2024/05/27 19:37:31 Received {c11 n1 {"type":"broadcast","message":72,"msg_id":23}}
2024/05/27 19:37:31 Sent {"src":"n1","dest":"c11","body":{"in_reply_to":23,"type":"broadcast_ok"}}
2024/05/27 19:37:31 Received {c11 n1 {"type":"broadcast","message":74,"msg_id":24}}
2024/05/27 19:37:31 Sent {"src":"n1","dest":"c11","body":{"in_reply_to":24,"type":"broadcast_ok"}}
2024/05/27 19:37:32 Received {c11 n1 {"type":"broadcast","message":77,"msg_id":25}}
2024/05/27 19:37:32 Sent {"src":"n1","dest":"c11","body":{"in_reply_to":25,"type":"broadcast_ok"}}
2024/05/27 19:37:33 Received {c11 n1 {"type":"broadcast","message":83,"msg_id":26}}
2024/05/27 19:37:33 Sent {"src":"n1","dest":"c11","body":{"in_reply_to":26,"type":"broadcast_ok"}}
2024/05/27 19:37:34 Received {c11 n1 {"type":"read","msg_id":27}}
2024/05/27 19:37:34 Sent {"src":"n1","dest":"c11","body":{"in_reply_to":27,"messages":[3,8,14,18,25,29,36,38,40,43,64,67,72,74,77,83],"msg_id":27,"type":"read_ok"}}
2024/05/27 19:37:34 Received {c11 n1 {"type":"read","msg_id":28}}
2024/05/27 19:37:34 Sent {"src":"n1","dest":"c11","body":{"in_reply_to":28,"messages":[3,8,14,18,25,29,36,38,40,43,64,67,72,74,77,83],"msg_id":28,"type":"read_ok"}}
2024/05/27 19:37:35 Received {c11 n1 {"type":"broadcast","message":90,"msg_id":29}}
2024/05/27 19:37:35 Sent {"src":"n1","dest":"c11","body":{"in_reply_to":29,"type":"broadcast_ok"}}
2024/05/27 19:37:36 Received {c11 n1 {"type":"broadcast","message":94,"msg_id":30}}
2024/05/27 19:37:36 Sent {"src":"n1","dest":"c11","body":{"in_reply_to":30,"type":"broadcast_ok"}}
2024/05/27 19:37:46 Received {c11 n1 {"type":"read","msg_id":31}}
2024/05/27 19:37:46 Sent {"src":"n1","dest":"c11","body":{"in_reply_to":31,"messages":[3,8,14,18,25,29,36,38,40,43,64,67,72,74,77,83,90,94],"msg_id":31,"type":"read_ok"}}
