2024/05/27 19:37:16 Received {c0 n2 {"type":"init","node_id":"n2","node_ids":["n0","n1","n2","n3","n4"],"msg_id":1}}
2024/05/27 19:37:16 Node n2 initialized
2024/05/27 19:37:16 Sent {"src":"n2","dest":"c0","body":{"in_reply_to":1,"type":"init_ok"}}
2024/05/27 19:37:16 Received {c7 n2 {"type":"topology","topology":{"n0":["n3","n1"],"n1":["n4","n2","n0"],"n2":["n1"],"n3":["n0","n4"],"n4":["n1","n3"]},"msg_id":1}}
2024/05/27 19:37:16 Sent {"src":"n2","dest":"c7","body":{"in_reply_to":1,"type":"topology_ok"}}
2024/05/27 19:37:17 Received {c12 n2 {"type":"broadcast","message":0,"msg_id":1}}
2024/05/27 19:37:17 Sent {"src":"n2","dest":"c12","body":{"in_reply_to":1,"type":"broadcast_ok"}}
2024/05/27 19:37:17 Received {c12 n2 {"type":"broadcast","message":4,"msg_id":2}}
2024/05/27 19:37:17 Sent {"src":"n2","dest":"c12","body":{"in_reply_to":2,"type":"broadcast_ok"}}
2024/05/27 19:37:18 Received {c12 n2 {"type":"broadcast","message":9,"msg_id":3}}
2024/05/27 19:37:18 Sent {"src":"n2","dest":"c12","body":{"in_reply_to":3,"type":"broadcast_ok"}}
2024/05/27 19:37:19 Received {c12 n2 {"type":"broadcast","message":15,"msg_id":4}}
2024/05/27 19:37:19 Sent {"src":"n2","dest":"c12","body":{"in_reply_to":4,"type":"broadcast_ok"}}
2024/05/27 19:37:19 Received {c12 n2 {"type":"broadcast","message":19,"msg_id":5}}
2024/05/27 19:37:19 Sent {"src":"n2","dest":"c12","body":{"in_reply_to":5,"type":"broadcast_ok"}}
2024/05/27 19:37:20 Received {c12 n2 {"type":"read","msg_id":6}}
2024/05/27 19:37:20 Sent {"src":"n2","dest":"c12","body":{"in_reply_to":6,"messages":[0,4,9,15,19],"msg_id":6,"type":"read_ok"}}
2024/05/27 19:37:20 Received {c12 n2 {"type":"read","msg_id":7}}
2024/05/27 19:37:20 Sent {"src":"n2","dest":"c12","body":{"in_reply_to":7,"messages":[0,4,9,15,19],"msg_id":7,"type":"read_ok"}}
2024/05/27 19:37:21 Received {c12 n2 {"type":"broadcast","message":30,"msg_id":8}}
2024/05/27 19:37:21 Sent {"src":"n2","dest":"c12","body":{"in_reply_to":8,"type":"broadcast_ok"}}
2024/05/27 19:37:22 Received {c12 n2 {"type":"read","msg_id":9}}
2024/05/27 19:37:22 Sent {"src":"n2","dest":"c12","body":{"in_reply_to":9,"messages":[0,4,9,15,19,30],"msg_id":9,"type":"read_ok"}}
2024/05/27 19:37:23 Received {c12 n2 {"type":"read","msg_id":10}}
2024/05/27 19:37:23 Sent {"src":"n2","dest":"c12","body":{"in_reply_to":10,"messages":[0,4,9,15,19,30],"msg_id":10,"type":"read_ok"}}
2024/05/27 19:37:23 Received {c12 n2 {"type":"read","msg_id":11}}
2024/05/27 19:37:23 Sent {"src":"n2","dest":"c12","body":{"in_reply_to":11,"messages":[0,4,9,15,19,30],"msg_id":11,"type":"read_ok"}}
2024/05/27 19:37:24 Received {c12 n2 {"type":"read","msg_id":12}}
2024/05/27 19:37:24 Sent {"src":"n2","dest":"c12","body":{"in_reply_to":12,"messages":[0,4,9,15,19,30],"msg_id":12,"type":"read_ok"}}
2024/05/27 19:37:25 Received {c12 n2 {"type":"broadcast","message":41,"msg_id":13}}
2024/05/27 19:37:25 Sent {"src":"n2","dest":"c12","body":{"in_reply_to":13,"type":"broadcast_ok"}}
2024/05/27 19:37:25 Received {c12 n2 {"type":"broadcast","message":44,"msg_id":14}}
2024/05/27 19:37:25 Sent {"src":"n2","dest":"c12","body":{"in_reply_to":14,"type":"broadcast_ok"}}
2024/05/27 19:37:26 Received {c12 n2 {"type":"broadcast","message":47,"msg_id":15}}
2024/05/27 19:37:26 Sent {"src":"n2","dest":"c12","body":{"in_reply_to":15,"type":"broadcast_ok"}}
2024/05/27 19:37:26 Received {c12 n2 {"type":"broadcast","message":50,"msg_id":16}}
2024/05/27 19:37:26 Sent {"src":"n2","dest":"c12","body":{"in_reply_to":16,"type":"broadcast_ok"}}
2024/05/27 19:37:27 Received {c12 n2 {"type":"broadcast","message":53,"msg_id":17}}
2024/05/27 19:37:27 Sent {"src":"n2","dest":"c12","body":{"in_reply_to":17,"type":"broadcast_ok"}}
2024/05/27 19:37:28 Received {c12 n2 {"type":"read","msg_id":18}}
2024/05/27 19:37:28 Sent {"src":"n2","dest":"c12","body":{"in_reply_to":18,"messages":[0,4,9,15,19,30,41,44,47,50,53],"msg_id":18,"type":"read_ok"}}
2024/05/27 19:37:28 Received {c12 n2 {"type":"read","msg_id":19}}
2024/05/27 19:37:28 Sent {"src":"n2","dest":"c12","body":{"in_reply_to":19,"messages":[0,4,9,15,19,30,41,44,47,50,53],"msg_id":19,"type":"read_ok"}}
2024/05/27 19:37:29 Received {c12 n2 {"type":"broadcast","message":65,"msg_id":20}}
2024/05/27 19:37:29 Sent {"src":"n2","dest":"c12","body":{"in_reply_to":20,"type":"broadcast_ok"}}
2024/05/27 19:37:30 Received {c12 n2 {"type":"read","msg_id":21}}
2024/05/27 19:37:30 Sent {"src":"n2","dest":"c12","body":{"in_reply_to":21,"messages":[0,4,9,15,19,30,41,44,47,50,53,65],"msg_id":21,"type":"read_ok"}}
2024/05/27 19:37:30 Received {c12 n2 {"type":"broadcast","message":70,"msg_id":22}}
2024/05/27 19:37:30 Sent {"src":"n2","dest":"c12","body":{"in_reply_to":22,"type":"broadcast_ok"}}
2024/05/27 19:37:31 Received {c12 n2 {"type":"read","msg_id":23}}
2024/05/27 19:37:31 Sent {"src":"n2","dest":"c12","body":{"in_reply_to":23,"messages":[0,4,9,15,19,30,41,44,47,50,53,65,70],"msg_id":23,"type":"read_ok"}}
2024/05/27 19:37:32 Received {c12 n2 {"type":"read","msg_id":24}}
2024/05/27 19:37:32 Sent {"src":"n2","dest":"c12","body":{"in_reply_to":24,"messages":[0,4,9,15,19,30,41,44,47,50,53,65,70],"msg_id":24,"type":"read_ok"}}
2024/05/27 19:37:32 Received {c12 n2 {"type":"broadcast","message":78,"msg_id":25}}
2024/05/27 19:37:32 Sent {"src":"n2","dest":"c12","body":{"in_reply_to":25,"type":"broadcast_ok"}}
2024/05/27 19:37:33 Received {c12 n2 {"type":"read","msg_id":26}}
2024/05/27 19:37:33 Sent {"src":"n2","dest":"c12","body":{"in_reply_to":26,"messages":[0,4,9,15,19,30,41,44,47,50,53,65,70,78],"msg_id":26,"type":"read_ok"}}
2024/05/27 19:37:34 Received {c12 n2 {"type":"read","msg_id":27}}
2024/05/27 19:37:34 Sent {"src":"n2","dest":"c12","body":{"in_reply_to":27,"messages":[0,4,9,15,19,30,41,44,47,50,53,65,70,78],"msg_id":27,"type":"read_ok"}}
2024/05/27 19:37:34 Received {c12 n2 {"type":"read","msg_id":28}}
2024/05/27 19:37:34 Sent {"src":"n2","dest":"c12","body":{"in_reply_to":28,"messages":[0,4,9,15,19,30,41,44,47,50,53,65,70,78],"msg_id":28,"type":"read_ok"}}
2024/05/27 19:37:35 Received {c12 n2 {"type":"broadcast","message":91,"msg_id":29}}
2024/05/27 19:37:35 Sent {"src":"n2","dest":"c12","body":{"in_reply_to":29,"type":"broadcast_ok"}}
2024/05/27 19:37:36 Received {c12 n2 {"type":"read","msg_id":30}}
2024/05/27 19:37:36 Sent {"src":"n2","dest":"c12","body":{"in_reply_to":30,"messages":[0,4,9,15,19,30,41,44,47,50,53,65,70,78,91],"msg_id":30,"type":"read_ok"}}
2024/05/27 19:37:46 Received {c12 n2 {"type":"read","msg_id":31}}
2024/05/27 19:37:46 Sent {"src":"n2","dest":"c12","body":{"in_reply_to":31,"messages":[0,4,9,15,19,30,41,44,47,50,53,65,70,78,91],"msg_id":31,"type":"read_ok"}}
