2024/05/27 19:37:16 Received {c4 n3 {"type":"init","node_id":"n3","node_ids":["n0","n1","n2","n3","n4"],"msg_id":1}}
2024/05/27 19:37:16 Node n3 initialized
2024/05/27 19:37:16 Sent {"src":"n3","dest":"c4","body":{"in_reply_to":1,"type":"init_ok"}}
2024/05/27 19:37:16 Received {c8 n3 {"type":"topology","topology":{"n0":["n3","n1"],"n1":["n4","n2","n0"],"n2":["n1"],"n3":["n0","n4"],"n4":["n1","n3"]},"msg_id":1}}
2024/05/27 19:37:16 Sent {"src":"n3","dest":"c8","body":{"in_reply_to":1,"type":"topology_ok"}}
2024/05/27 19:37:17 Received {c13 n3 {"type":"read","msg_id":1}}
2024/05/27 19:37:17 Sent {"src":"n3","dest":"c13","body":{"in_reply_to":1,"messages":null,"msg_id":1,"type":"read_ok"}}
2024/05/27 19:37:17 Received {c13 n3 {"type":"broadcast","message":5,"msg_id":2}}
2024/05/27 19:37:17 Sent {"src":"n3","dest":"c13","body":{"in_reply_to":2,"type":"broadcast_ok"}}
2024/05/27 19:37:18 Received {c13 n3 {"type":"broadcast","message":10,"msg_id":3}}
2024/05/27 19:37:18 Sent {"src":"n3","dest":"c13","body":{"in_reply_to":3,"type":"broadcast_ok"}}
2024/05/27 19:37:19 Received {c13 n3 {"type":"read","msg_id":4}}
2024/05/27 19:37:19 Sent {"src":"n3","dest":"c13","body":{"in_reply_to":4,"messages":[5,10],"msg_id":4,"type":"read_ok"}}
2024/05/27 19:37:20 Received {c13 n3 {"type":"broadcast","message":20,"msg_id":5}}
2024/05/27 19:37:20 Sent {"src":"n3","dest":"c13","body":{"in_reply_to":5,"type":"broadcast_ok"}}
2024/05/27 19:37:20 Received {c13 n3 {"type":"read","msg_id":6}}
2024/05/27 19:37:20 Sent {"src":"n3","dest":"c13","body":{"in_reply_to":6,"messages":[5,10,20],"msg_id":6,"type":"read_ok"}}
2024/05/27 19:37:21 Received {c13 n3 {"type":"broadcast","message":26,"msg_id":7}}
2024/05/27 19:37:21 Sent {"src":"n3","dest":"c13","body":{"in_reply_to":7,"type":"broadcast_ok"}}
2024/05/27 19:37:21 Received {c13 n3 {"type":"read","msg_id":8}}
2024/05/27 19:37:21 Sent {"src":"n3","dest":"c13","body":{"in_reply_to":8,"messages":[5,10,20,26],"msg_id":8,"type":"read_ok"}}
2024/05/27 19:37:22 Received {c13 n3 {"type":"broadcast","message":33,"msg_id":9}}
2024/05/27 19:37:22 Sent {"src":"n3","dest":"c13","body":{"in_reply_to":9,"type":"broadcast_ok"}}
2024/05/27 19:37:23 Received {c13 n3 {"type":"read","msg_id":10}}
2024/05/27 19:37:23 Sent {"src":"n3","dest":"c13","body":{"in_reply_to":10,"messages":[5,10,20,26,33],"msg_id":10,"type":"read_ok"}}
2024/05/27 19:37:23 Received {c13 n3 {"type":"broadcast","message":37,"msg_id":11}}
2024/05/27 19:37:23 Sent {"src":"n3","dest":"c13","body":{"in_reply_to":11,"type":"broadcast_ok"}}
2024/05/27 19:37:24 Received {c13 n3 {"type":"read","msg_id":12}}
2024/05/27 19:37:24 Sent {"src":"n3","dest":"c13","body":{"in_reply_to":12,"messages":[5,10,20,26,33,37],"msg_id":12,"type":"read_ok"}}
2024/05/27 19:37:25 Received {c13 n3 {"type":"read","msg_id":13}}
2024/05/27 19:37:25 Sent {"src":"n3","dest":"c13","body":{"in_reply_to":13,"messages":[5,10,20,26,33,37],"msg_id":13,"type":"read_ok"}}
2024/05/27 19:37:25 Received {c13 n3 {"type":"read","msg_id":14}}
2024/05/27 19:37:25 Sent {"src":"n3","dest":"c13","body":{"in_reply_to":14,"messages":[5,10,20,26,33,37],"msg_id":14,"type":"read_ok"}}
2024/05/27 19:37:26 Received {c13 n3 {"type":"broadcast","message":48,"msg_id":15}}
2024/05/27 19:37:26 Sent {"src":"n3","dest":"c13","body":{"in_reply_to":15,"type":"broadcast_ok"}}
2024/05/27 19:37:26 Received {c13 n3 {"type":"read","msg_id":16}}
2024/05/27 19:37:26 Sent {"src":"n3","dest":"c13","body":{"in_reply_to":16,"messages":[5,10,20,26,33,37,48],"msg_id":16,"type":"read_ok"}}
2024/05/27 19:37:27 Received {c13 n3 {"type":"broadcast","message":54,"msg_id":17}}
2024/05/27 19:37:27 Sent {"src":"n3","dest":"c13","body":{"in_reply_to":17,"type":"broadcast_ok"}}
2024/05/27 19:37:28 Received {c13 n3 {"type":"broadcast","message":57,"msg_id":18}}
2024/05/27 19:37:28 Sent {"src":"n3","dest":"c13","body":{"in_reply_to":18,"type":"broadcast_ok"}}
2024/05/27 19:37:28 Received {c13 n3 {"type":"broadcast","message":60,"msg_id":19}}
2024/05/27 19:37:28 Sent {"src":"n3","dest":"c13","body":{"in_reply_to":19,"type":"broadcast_ok"}}
2024/05/27 19:37:29 Received {c13 n3 {"type":"read","msg_id":20}}
2024/05/27 19:37:29 Sent {"src":"n3","dest":"c13","body":{"in_reply_to":20,"messages":[5,10,20,26,33,37,48,54,57,60],"msg_id":20,"type":"read_ok"}}
2024/05/27 19:37:30 Received {c13 n3 {"type":"read","msg_id":21}}
2024/05/27 19:37:30 Sent {"src":"n3","dest":"c13","body":{"in_reply_to":21,"messages":[5,10,20,26,33,37,48,54,57,60],"msg_id":21,"type":"read_ok"}}
2024/05/27 19:37:30 Received {c13 n3 {"type":"read","msg_id":22}}
2024/05/27 19:37:30 Sent {"src":"n3","dest":"c13","body":{"in_reply_to":22,"messages":[5,10,20,26,33,37,48,54,57,60],"msg_id":22,"type":"read_ok"}}
2024/05/27 19:37:31 Received {c13 n3 {"type":"broadcast","message":73,"msg_id":23}}
2024/05/27 19:37:31 Sent {"src":"n3","dest":"c13","body":{"in_reply_to":23,"type":"broadcast_ok"}}
2024/05/27 19:37:32 Received {c13 n3 {"type":"read","msg_id":24}}
2024/05/27 19:37:32 Sent {"src":"n3","dest":"c13","body":{"in_reply_to":24,"messages":[5,10,20,26,33,37,48,54,57,60,73],"msg_id":24,"type":"read_ok"}}
2024/05/27 19:37:33 Received {c13 n3 {"type":"broadcast","message":79,"msg_id":25}}
2024/05/27 19:37:33 Sent {"src":"n3","dest":"c13","body":{"in_reply_to":25,"type":"broadcast_ok"}}
2024/05/27 19:37:33 Received {c13 n3 {"type":"read","msg_id":26}}
2024/05/27 19:37:33 Sent {"src":"n3","dest":"c13","body":{"in_reply_to":26,"messages":[5,10,20,26,33,37,48,54,57,60,73,79],"msg_id":26,"type":"read_ok"}}
2024/05/27 19:37:34 Received {c13 n3 {"type":"read","msg_id":27}}
2024/05/27 19:37:34 Sent {"src":"n3","dest":"c13","body":{"in_reply_to":27,"messages":[5,10,20,26,33,37,48,54,57,60,73,79],"msg_id":27,"type":"read_ok"}}
2024/05/27 19:37:35 Received {c13 n3 {"type":"read","msg_id":28}}
2024/05/27 19:37:35 Sent {"src":"n3","dest":"c13","body":{"in_reply_to":28,"messages":[5,10,20,26,33,37,48,54,57,60,73,79],"msg_id":28,"type":"read_ok"}}
2024/05/27 19:37:35 Received {c13 n3 {"type":"read","msg_id":29}}
2024/05/27 19:37:35 Sent {"src":"n3","dest":"c13","body":{"in_reply_to":29,"messages":[5,10,20,26,33,37,48,54,57,60,73,79],"msg_id":29,"type":"read_ok"}}
2024/05/27 19:37:36 Received {c13 n3 {"type":"broadcast","message":95,"msg_id":30}}
2024/05/27 19:37:36 Sent {"src":"n3","dest":"c13","body":{"in_reply_to":30,"type":"broadcast_ok"}}
2024/05/27 19:37:46 Received {c13 n3 {"type":"read","msg_id":31}}
2024/05/27 19:37:46 Sent {"src":"n3","dest":"c13","body":{"in_reply_to":31,"messages":[5,10,20,26,33,37,48,54,57,60,73,79,95],"msg_id":31,"type":"read_ok"}}
