2024/05/27 19:37:16 Received {c2 n4 {"type":"init","node_id":"n4","node_ids":["n0","n1","n2","n3","n4"],"msg_id":1}}
2024/05/27 19:37:16 Node n4 initialized
2024/05/27 19:37:16 Sent {"src":"n4","dest":"c2","body":{"in_reply_to":1,"type":"init_ok"}}
2024/05/27 19:37:16 Received {c9 n4 {"type":"topology","topology":{"n0":["n3","n1"],"n1":["n4","n2","n0"],"n2":["n1"],"n3":["n0","n4"],"n4":["n1","n3"]},"msg_id":1}}
2024/05/27 19:37:16 Sent {"src":"n4","dest":"c9","body":{"in_reply_to":1,"type":"topology_ok"}}
2024/05/27 19:37:17 Received {c14 n4 {"type":"broadcast","message":1,"msg_id":1}}
2024/05/27 19:37:17 Sent {"src":"n4","dest":"c14","body":{"in_reply_to":1,"type":"broadcast_ok"}}
2024/05/27 19:37:17 Received {c14 n4 {"type":"read","msg_id":2}}
2024/05/27 19:37:17 Sent {"src":"n4","dest":"c14","body":{"in_reply_to":2,"messages":[1],"msg_id":2,"type":"read_ok"}}
2024/05/27 19:37:18 Received {c14 n4 {"type":"broadcast","message":11,"msg_id":3}}
2024/05/27 19:37:18 Sent {"src":"n4","dest":"c14","body":{"in_reply_to":3,"type":"broadcast_ok"}}
2024/05/27 19:37:19 Received {c14 n4 {"type":"broadcast","message":16,"msg_id":4}}
2024/05/27 19:37:19 Sent {"src":"n4","dest":"c14","body":{"in_reply_to":4,"type":"broadcast_ok"}}
2024/05/27 19:37:20 Received {c14 n4 {"type":"read","msg_id":5}}
2024/05/27 19:37:20 Sent {"src":"n4","dest":"c14","body":{"in_reply_to":5,"messages":[1,11,16],"msg_id":5,"type":"read_ok"}}
2024/05/27 19:37:20 Received {c14 n4 {"type":"broadcast","message":23,"msg_id":6}}
2024/05/27 19:37:20 Sent {"src":"n4","dest":"c14","body":{"in_reply_to":6,"type":"broadcast_ok"}}
2024/05/27 19:37:21 Received {c14 n4 {"type":"read","msg_id":7}}
2024/05/27 19:37:21 Sent {"src":"n4","dest":"c14","body":{"in_reply_to":7,"messages":[1,11,16,23],"msg_id":7,"type":"read_ok"}}
2024/05/27 19:37:21 Received {c14 n4 {"type":"broadcast","message":31,"msg_id":8}}
2024/05/27 19:37:21 Sent {"src":"n4","dest":"c14","body":{"in_reply_to":8,"type":"broadcast_ok"}}
2024/05/27 19:37:22 Received {c14 n4 {"type":"broadcast","message":34,"msg_id":9}}
2024/05/27 19:37:22 Sent {"src":"n4","dest":"c14","body":{"in_reply_to":9,"type":"broadcast_ok"}}
2024/05/27 19:37:23 Received {c14 n4 {"type":"read","msg_id":10}}
2024/05/27 19:37:23 Sent {"src":"n4","dest":"c14","body":{"in_reply_to":10,"messages":[1,11,16,23,31,34],"msg_id":10,"type":"read_ok"}}
2024/05/27 19:37:23 Received {c14 n4 {"type":"read","msg_id":11}}
2024/05/27 19:37:23 Sent {"src":"n4","dest":"c14","body":{"in_reply_to":11,"messages":[1,11,16,23,31,34],"msg_id":11,"type":"read_ok"}}
2024/05/27 19:37:24 Received {c14 n4 {"type":"read","msg_id":12}}
2024/05/27 19:37:24 Sent {"src":"n4","dest":"c14","body":{"in_reply_to":12,"messages":[1,11,16,23,31,34],"msg_id":12,"type":"read_ok"}}
2024/05/27 19:37:25 Received {c14 n4 {"type":"read","msg_id":13}}
2024/05/27 19:37:25 Sent {"src":"n4","dest":"c14","body":{"in_reply_to":13,"messages":[1,11,16,23,31,34],"msg_id":13,"type":"read_ok"}}
2024/05/27 19:37:25 Received {c14 n4 {"type":"read","msg_id":14}}
2024/05/27 19:37:25 Sent {"src":"n4","dest":"c14","body":{"in_reply_to":14,"messages":[1,11,16,23,31,34],"msg_id":14,"type":"read_ok"}}
2024/05/27 19:37:26 Received {c14 n4 {"type":"read","msg_id":15}}
2024/05/27 19:37:26 Sent {"src":"n4","dest":"c14","body":{"in_reply_to":15,"messages":[1,11,16,23,31,34],"msg_id":15,"type":"read_ok"}}
2024/05/27 19:37:26 Received {c14 n4 {"type":"broadcast","message":51,"msg_id":16}}
2024/05/27 19:37:26 Sent {"src":"n4","dest":"c14","body":{"in_reply_to":16,"type":"broadcast_ok"}}
2024/05/27 19:37:27 Received {c14 n4 {"type":"read","msg_id":17}}
2024/05/27 19:37:27 Sent {"src":"n4","dest":"c14","body":{"in_reply_to":17,"messages":[1,11,16,23,31,34,51],"msg_id":17,"type":"read_ok"}}
2024/05/27 19:37:28 Received {c14 n4 {"type":"read","msg_id":18}}
2024/05/27 19:37:28 Sent {"src":"n4","dest":"c14","body":{"in_reply_to":18,"messages":[1,11,16,23,31,34,51],"msg_id":18,"type":"read_ok"}}
2024/05/27 19:37:28 Received {c14 n4 {"type":"broadcast","message":61,"msg_id":19}}
2024/05/27 19:37:28 Sent {"src":"n4","dest":"c14","body":{"in_reply_to":19,"type":"broadcast_ok"}}
2024/05/27 19:37:29 Received {c14 n4 {"type":"broadcast","message":66,"msg_id":20}}
2024/05/27 19:37:29 Sent {"src":"n4","dest":"c14","body":{"in_reply_to":20,"type":"broadcast_ok"}}
2024/05/27 19:37:30 Received {c14 n4 {"type":"broadcast","message":68,"msg_id":21}}
2024/05/27 19:37:30 Sent {"src":"n4","dest":"c14","body":{"in_reply_to":21,"type":"broadcast_ok"}}
2024/05/27 19:37:30 Received {c14 n4 {"type":"read","msg_id":22}}
2024/05/27 19:37:30 Sent {"src":"n4","dest":"c14","body":{"in_reply_to":22,"messages":[1,11,16,23,31,34,51,61,66,68],"msg_id":22,"type":"read_ok"}}
2024/05/27 19:37:31 Received {c14 n4 {"type":"read","msg_id":23}}
2024/05/27 19:37:31 Sent {"src":"n4","dest":"c14","body":{"in_reply_to":23,"messages":[1,11,16,23,31,34,51,61,66,68],"msg_id":23,"type":"read_ok"}}
2024/05/27 19:37:32 Received {c14 n4 {"type":"broadcast","message":75,"msg_id":24}}
2024/05/27 19:37:32 Sent {"src":"n4","dest":"c14","body":{"in_reply_to":24,"type":"broadcast_ok"}}
2024/05/27 19:37:33 Received {c14 n4 {"type":"broadcast","message":80,"msg_id":25}}
2024/05/27 19:37:33 Sent {"src":"n4","dest":"c14","body":{"in_reply_to":25,"type":"broadcast_ok"}}
2024/05/27 19:37:33 Received {c14 n4 {"type":"read","msg_id":26}}
2024/05/27 19:37:33 Sent {"src":"n4","dest":"c14","body":{"in_reply_to":26,"messages":[1,11,16,23,31,34,51,61,66,68,75,80],"msg_id":26,"type":"read_ok"}}
2024/05/27 19:37:34 Received {c14 n4 {"type":"broadcast","message":86,"msg_id":27}}
2024/05/27 19:37:34 Sent {"src":"n4","dest":"c14","body":{"in_reply_to":27,"type":"broadcast_ok"}}
2024/05/27 19:37:35 Received {c14 n4 {"type":"read","msg_id":28}}
2024/05/27 19:37:35 Sent {"src":"n4","dest":"c14","body":{"in_reply_to":28,"messages":[1,11,16,23,31,34,51,61,66,68,75,80,86],"msg_id":28,"type":"read_ok"}}
2024/05/27 19:37:35 Received {c14 n4 {"type":"read","msg_id":29}}
2024/05/27 19:37:35 Sent {"src":"n4","dest":"c14","body":{"in_reply_to":29,"messages":[1,11,16,23,31,34,51,61,66,68,75,80,86],"msg_id":29,"type":"read_ok"}}
2024/05/27 19:37:36 Received {c14 n4 {"type":"read","msg_id":30}}
2024/05/27 19:37:36 Sent {"src":"n4","dest":"c14","body":{"in_reply_to":30,"messages":[1,11,16,23,31,34,51,61,66,68,75,80,86],"msg_id":30,"type":"read_ok"}}
2024/05/27 19:37:46 Received {c14 n4 {"type":"read","msg_id":31}}
2024/05/27 19:37:46 Sent {"src":"n4","dest":"c14","body":{"in_reply_to":31,"messages":[1,11,16,23,31,34,51,61,66,68,75,80,86],"msg_id":31,"type":"read_ok"}}
